<?xml version="1.0" encoding="UTF-8"?>
<testsuite xmlns:xsi="http://www.w3.org/2001/XMLSchema-instance" xsi:noNamespaceSchemaLocation="https://maven.apache.org/surefire/maven-failsafe-plugin/xsd/failsafe-test-report-3.0.xsd" version="3.0" name="Auth" time="7.486" tests="15" errors="0" skipped="0" failures="0">
  <properties>
    <property name="java.specification.version" value="14"/>
    <property name="sun.jnu.encoding" value="UTF-8"/>
    <property name="java.class.path" value="/Users/jasmine/Documents/alterra-mini-project/target/test-classes:/Users/jasmine/.m2/repository/ch/qos/logback/logback-classic/1.2.3/logback-classic-1.2.3.jar:/Users/jasmine/.m2/repository/ch/qos/logback/logback-core/1.2.3/logback-core-1.2.3.jar:/Users/jasmine/.m2/repository/org/slf4j/slf4j-api/1.7.25/slf4j-api-1.7.25.jar:/Users/jasmine/.m2/repository/net/serenity-bdd/serenity-core/2.4.51/serenity-core-2.4.51.jar:/Users/jasmine/.m2/repository/net/serenity-bdd/serenity-model/2.4.51/serenity-model-2.4.51.jar:/Users/jasmine/.m2/repository/org/apache/commons/commons-text/1.9/commons-text-1.9.jar:/Users/jasmine/.m2/repository/commons-net/commons-net/3.6/commons-net-3.6.jar:/Users/jasmine/.m2/repository/com/google/guava/guava/30.1-jre/guava-30.1-jre.jar:/Users/jasmine/.m2/repository/com/google/guava/failureaccess/1.0.1/failureaccess-1.0.1.jar:/Users/jasmine/.m2/repository/com/google/guava/listenablefuture/9999.0-empty-to-avoid-conflict-with-guava/listenablefuture-9999.0-empty-to-avoid-conflict-with-guava.jar:/Users/jasmine/.m2/repository/com/google/code/findbugs/jsr305/3.0.2/jsr305-3.0.2.jar:/Users/jasmine/.m2/repository/org/checkerframework/checker-qual/3.5.0/checker-qual-3.5.0.jar:/Users/jasmine/.m2/repository/com/google/errorprone/error_prone_annotations/2.3.4/error_prone_annotations-2.3.4.jar:/Users/jasmine/.m2/repository/com/google/j2objc/j2objc-annotations/1.3/j2objc-annotations-1.3.jar:/Users/jasmine/.m2/repository/com/google/inject/guice/5.0.1/guice-5.0.1.jar:/Users/jasmine/.m2/repository/javax/inject/javax.inject/1/javax.inject-1.jar:/Users/jasmine/.m2/repository/aopalliance/aopalliance/1.0/aopalliance-1.0.jar:/Users/jasmine/.m2/repository/org/jsoup/jsoup/1.13.1/jsoup-1.13.1.jar:/Users/jasmine/.m2/repository/com/thoughtworks/xstream/xstream/1.4.17/xstream-1.4.17.jar:/Users/jasmine/.m2/repository/io/github/x-stream/mxparser/1.2.1/mxparser-1.2.1.jar:/Users/jasmine/.m2/repository/xmlpull/xmlpull/1.1.3.1/xmlpull-1.1.3.1.jar:/Users/jasmine/.m2/repository/io/cucumber/cucumber-core/6.10.2/cucumber-core-6.10.2.jar:/Users/jasmine/.m2/repository/io/cucumber/cucumber-gherkin/6.10.2/cucumber-gherkin-6.10.2.jar:/Users/jasmine/.m2/repository/io/cucumber/cucumber-gherkin-messages/6.10.2/cucumber-gherkin-messages-6.10.2.jar:/Users/jasmine/.m2/repository/io/cucumber/messages/14.0.1/messages-14.0.1.jar:/Users/jasmine/.m2/repository/io/cucumber/tag-expressions/3.0.0/tag-expressions-3.0.0.jar:/Users/jasmine/.m2/repository/io/cucumber/cucumber-expressions/10.3.0/cucumber-expressions-10.3.0.jar:/Users/jasmine/.m2/repository/io/cucumber/cucumber-plugin/6.10.2/cucumber-plugin-6.10.2.jar:/Users/jasmine/.m2/repository/io/cucumber/docstring/6.10.2/docstring-6.10.2.jar:/Users/jasmine/.m2/repository/io/cucumber/html-formatter/12.0.0/html-formatter-12.0.0.jar:/Users/jasmine/.m2/repository/io/cucumber/create-meta/3.0.0/create-meta-3.0.0.jar:/Users/jasmine/.m2/repository/com/typesafe/config/1.3.1/config-1.3.1.jar:/Users/jasmine/.m2/repository/org/imgscalr/imgscalr-lib/4.2/imgscalr-lib-4.2.jar:/Users/jasmine/.m2/repository/org/awaitility/awaitility/4.0.3/awaitility-4.0.3.jar:/Users/jasmine/.m2/repository/org/freemarker/freemarker/2.3.29/freemarker-2.3.29.jar:/Users/jasmine/.m2/repository/net/sourceforge/jexcelapi/jxl/2.6.12/jxl-2.6.12.jar:/Users/jasmine/.m2/repository/org/asciidoctor/asciidoctorj/2.5.1/asciidoctorj-2.5.1.jar:/Users/jasmine/.m2/repository/org/asciidoctor/asciidoctorj-api/2.5.1/asciidoctorj-api-2.5.1.jar:/Users/jasmine/.m2/repository/org/jruby/jruby/9.2.17.0/jruby-9.2.17.0.jar:/Users/jasmine/.m2/repository/org/jruby/jruby-core/9.2.17.0/jruby-core-9.2.17.0.jar:/Users/jasmine/.m2/repository/com/github/jnr/jnr-netdb/1.2.0/jnr-netdb-1.2.0.jar:/Users/jasmine/.m2/repository/com/github/jnr/jnr-enxio/0.32.3/jnr-enxio-0.32.3.jar:/Users/jasmine/.m2/repository/com/github/jnr/jnr-unixsocket/0.38.5/jnr-unixsocket-0.38.5.jar:/Users/jasmine/.m2/repository/com/github/jnr/jnr-posix/3.1.4/jnr-posix-3.1.4.jar:/Users/jasmine/.m2/repository/com/github/jnr/jnr-constants/0.10.1/jnr-constants-0.10.1.jar:/Users/jasmine/.m2/repository/com/github/jnr/jffi/1.3.1/jffi-1.3.1.jar:/Users/jasmine/.m2/repository/com/github/jnr/jffi/1.3.1/jffi-1.3.1-native.jar:/Users/jasmine/.m2/repository/org/jruby/joni/joni/2.1.31/joni-2.1.31.jar:/Users/jasmine/.m2/repository/org/jruby/jcodings/jcodings/1.0.46/jcodings-1.0.46.jar:/Users/jasmine/.m2/repository/org/jruby/dirgra/0.3/dirgra-0.3.jar:/Users/jasmine/.m2/repository/com/headius/invokebinder/1.11/invokebinder-1.11.jar:/Users/jasmine/.m2/repository/com/headius/options/1.4/options-1.4.jar:/Users/jasmine/.m2/repository/com/jcraft/jzlib/1.1.3/jzlib-1.1.3.jar:/Users/jasmine/.m2/repository/com/martiansoftware/nailgun-server/0.9.1/nailgun-server-0.9.1.jar:/Users/jasmine/.m2/repository/com/headius/backport9/1.8/backport9-1.8.jar:/Users/jasmine/.m2/repository/javax/annotation/javax.annotation-api/1.3.1/javax.annotation-api-1.3.1.jar:/Users/jasmine/.m2/repository/org/jruby/jruby-stdlib/9.2.17.0/jruby-stdlib-9.2.17.0.jar:/Users/jasmine/.m2/repository/net/bytebuddy/byte-buddy/1.11.1/byte-buddy-1.11.1.jar:/Users/jasmine/.m2/repository/net/bytebuddy/byte-buddy-agent/1.11.1/byte-buddy-agent-1.11.1.jar:/Users/jasmine/.m2/repository/org/objenesis/objenesis/3.1/objenesis-3.1.jar:/Users/jasmine/.m2/repository/net/serenity-bdd/serenity-reports/2.4.51/serenity-reports-2.4.51.jar:/Users/jasmine/.m2/repository/net/serenity-bdd/serenity-stats/2.4.51/serenity-stats-2.4.51.jar:/Users/jasmine/.m2/repository/org/jetbrains/kotlin/kotlin-stdlib/1.5.0/kotlin-stdlib-1.5.0.jar:/Users/jasmine/.m2/repository/org/jetbrains/annotations/13.0/annotations-13.0.jar:/Users/jasmine/.m2/repository/org/jetbrains/kotlin/kotlin-stdlib-common/1.5.0/kotlin-stdlib-common-1.5.0.jar:/Users/jasmine/.m2/repository/net/serenity-bdd/serenity-reports-configuration/2.4.51/serenity-reports-configuration-2.4.51.jar:/Users/jasmine/.m2/repository/com/vladsch/flexmark/flexmark-all/0.34.30/flexmark-all-0.34.30.jar:/Users/jasmine/.m2/repository/com/vladsch/flexmark/flexmark/0.34.30/flexmark-0.34.30.jar:/Users/jasmine/.m2/repository/com/vladsch/flexmark/flexmark-ext-abbreviation/0.34.30/flexmark-ext-abbreviation-0.34.30.jar:/Users/jasmine/.m2/repository/com/vladsch/flexmark/flexmark-ext-admonition/0.34.30/flexmark-ext-admonition-0.34.30.jar:/Users/jasmine/.m2/repository/com/vladsch/flexmark/flexmark-ext-anchorlink/0.34.30/flexmark-ext-anchorlink-0.34.30.jar:/Users/jasmine/.m2/repository/com/vladsch/flexmark/flexmark-ext-aside/0.34.30/flexmark-ext-aside-0.34.30.jar:/Users/jasmine/.m2/repository/com/vladsch/flexmark/flexmark-ext-attributes/0.34.30/flexmark-ext-attributes-0.34.30.jar:/Users/jasmine/.m2/repository/com/vladsch/flexmark/flexmark-ext-autolink/0.34.30/flexmark-ext-autolink-0.34.30.jar:/Users/jasmine/.m2/repository/org/nibor/autolink/autolink/0.6.0/autolink-0.6.0.jar:/Users/jasmine/.m2/repository/com/vladsch/flexmark/flexmark-ext-definition/0.34.30/flexmark-ext-definition-0.34.30.jar:/Users/jasmine/.m2/repository/com/vladsch/flexmark/flexmark-ext-emoji/0.34.30/flexmark-ext-emoji-0.34.30.jar:/Users/jasmine/.m2/repository/com/vladsch/flexmark/flexmark-ext-enumerated-reference/0.34.30/flexmark-ext-enumerated-reference-0.34.30.jar:/Users/jasmine/.m2/repository/com/vladsch/flexmark/flexmark-ext-escaped-character/0.34.30/flexmark-ext-escaped-character-0.34.30.jar:/Users/jasmine/.m2/repository/com/vladsch/flexmark/flexmark-ext-footnotes/0.34.30/flexmark-ext-footnotes-0.34.30.jar:/Users/jasmine/.m2/repository/com/vladsch/flexmark/flexmark-ext-gfm-issues/0.34.30/flexmark-ext-gfm-issues-0.34.30.jar:/Users/jasmine/.m2/repository/com/vladsch/flexmark/flexmark-ext-gfm-strikethrough/0.34.30/flexmark-ext-gfm-strikethrough-0.34.30.jar:/Users/jasmine/.m2/repository/com/vladsch/flexmark/flexmark-ext-gfm-tables/0.34.30/flexmark-ext-gfm-tables-0.34.30.jar:/Users/jasmine/.m2/repository/com/vladsch/flexmark/flexmark-ext-gfm-tasklist/0.34.30/flexmark-ext-gfm-tasklist-0.34.30.jar:/Users/jasmine/.m2/repository/com/vladsch/flexmark/flexmark-ext-gfm-users/0.34.30/flexmark-ext-gfm-users-0.34.30.jar:/Users/jasmine/.m2/repository/com/vladsch/flexmark/flexmark-ext-gitlab/0.34.30/flexmark-ext-gitlab-0.34.30.jar:/Users/jasmine/.m2/repository/com/vladsch/flexmark/flexmark-ext-jekyll-front-matter/0.34.30/flexmark-ext-jekyll-front-matter-0.34.30.jar:/Users/jasmine/.m2/repository/com/vladsch/flexmark/flexmark-ext-jekyll-tag/0.34.30/flexmark-ext-jekyll-tag-0.34.30.jar:/Users/jasmine/.m2/repository/com/vladsch/flexmark/flexmark-ext-media-tags/0.34.30/flexmark-ext-media-tags-0.34.30.jar:/Users/jasmine/.m2/repository/com/vladsch/flexmark/flexmark-test-util/0.34.30/flexmark-test-util-0.34.30.jar:/Users/jasmine/.m2/repository/com/vladsch/flexmark/flexmark-ext-ins/0.34.30/flexmark-ext-ins-0.34.30.jar:/Users/jasmine/.m2/repository/com/vladsch/flexmark/flexmark-ext-xwiki-macros/0.34.30/flexmark-ext-xwiki-macros-0.34.30.jar:/Users/jasmine/.m2/repository/com/vladsch/flexmark/flexmark-ext-superscript/0.34.30/flexmark-ext-superscript-0.34.30.jar:/Users/jasmine/.m2/repository/com/vladsch/flexmark/flexmark-ext-tables/0.34.30/flexmark-ext-tables-0.34.30.jar:/Users/jasmine/.m2/repository/com/vladsch/flexmark/flexmark-ext-toc/0.34.30/flexmark-ext-toc-0.34.30.jar:/Users/jasmine/.m2/repository/com/vladsch/flexmark/flexmark-ext-typographic/0.34.30/flexmark-ext-typographic-0.34.30.jar:/Users/jasmine/.m2/repository/com/vladsch/flexmark/flexmark-ext-wikilink/0.34.30/flexmark-ext-wikilink-0.34.30.jar:/Users/jasmine/.m2/repository/com/vladsch/flexmark/flexmark-ext-yaml-front-matter/0.34.30/flexmark-ext-yaml-front-matter-0.34.30.jar:/Users/jasmine/.m2/repository/com/vladsch/flexmark/flexmark-ext-youtube-embedded/0.34.30/flexmark-ext-youtube-embedded-0.34.30.jar:/Users/jasmine/.m2/repository/com/vladsch/flexmark/flexmark-formatter/0.34.30/flexmark-formatter-0.34.30.jar:/Users/jasmine/.m2/repository/com/vladsch/flexmark/flexmark-html-parser/0.34.30/flexmark-html-parser-0.34.30.jar:/Users/jasmine/.m2/repository/com/vladsch/flexmark/flexmark-jira-converter/0.34.30/flexmark-jira-converter-0.34.30.jar:/Users/jasmine/.m2/repository/com/vladsch/flexmark/flexmark-pdf-converter/0.34.30/flexmark-pdf-converter-0.34.30.jar:/Users/jasmine/.m2/repository/com/openhtmltopdf/openhtmltopdf-core/0.0.1-RC13/openhtmltopdf-core-0.0.1-RC13.jar:/Users/jasmine/.m2/repository/com/openhtmltopdf/openhtmltopdf-pdfbox/0.0.1-RC13/openhtmltopdf-pdfbox-0.0.1-RC13.jar:/Users/jasmine/.m2/repository/org/apache/pdfbox/pdfbox/2.0.8/pdfbox-2.0.8.jar:/Users/jasmine/.m2/repository/org/apache/pdfbox/fontbox/2.0.8/fontbox-2.0.8.jar:/Users/jasmine/.m2/repository/org/apache/pdfbox/xmpbox/2.0.8/xmpbox-2.0.8.jar:/Users/jasmine/.m2/repository/de/rototor/pdfbox/graphics2d/0.12/graphics2d-0.12.jar:/Users/jasmine/.m2/repository/com/openhtmltopdf/openhtmltopdf-rtl-support/0.0.1-RC13/openhtmltopdf-rtl-support-0.0.1-RC13.jar:/Users/jasmine/.m2/repository/com/ibm/icu/icu4j/59.1/icu4j-59.1.jar:/Users/jasmine/.m2/repository/com/openhtmltopdf/openhtmltopdf-jsoup-dom-converter/0.0.1-RC13/openhtmltopdf-jsoup-dom-converter-0.0.1-RC13.jar:/Users/jasmine/.m2/repository/com/vladsch/flexmark/flexmark-profile-pegdown/0.34.30/flexmark-profile-pegdown-0.34.30.jar:/Users/jasmine/.m2/repository/com/vladsch/flexmark/flexmark-util/0.34.30/flexmark-util-0.34.30.jar:/Users/jasmine/.m2/repository/com/vladsch/flexmark/flexmark-youtrack-converter/0.34.30/flexmark-youtrack-converter-0.34.30.jar:/Users/jasmine/.m2/repository/es/nitaur/markdown/txtmark/0.16/txtmark-0.16.jar:/Users/jasmine/.m2/repository/net/serenity-bdd/serenity-report-resources/2.4.51/serenity-report-resources-2.4.51.jar:/Users/jasmine/.m2/repository/com/google/code/gson/gson/2.8.7/gson-2.8.7.jar:/Users/jasmine/.m2/repository/com/fasterxml/jackson/core/jackson-core/2.12.4/jackson-core-2.12.4.jar:/Users/jasmine/.m2/repository/com/fasterxml/jackson/core/jackson-databind/2.12.4/jackson-databind-2.12.4.jar:/Users/jasmine/.m2/repository/com/fasterxml/jackson/core/jackson-annotations/2.12.4/jackson-annotations-2.12.4.jar:/Users/jasmine/.m2/repository/commons-codec/commons-codec/1.15/commons-codec-1.15.jar:/Users/jasmine/.m2/repository/commons-io/commons-io/2.8.0/commons-io-2.8.0.jar:/Users/jasmine/.m2/repository/org/seleniumhq/selenium/selenium-server/3.141.59/selenium-server-3.141.59.jar:/Users/jasmine/.m2/repository/org/seleniumhq/selenium/selenium-opera-driver/3.141.59/selenium-opera-driver-3.141.59.jar:/Users/jasmine/.m2/repository/org/seleniumhq/selenium/selenium-remote-driver/3.141.59/selenium-remote-driver-3.141.59.jar:/Users/jasmine/.m2/repository/org/seleniumhq/selenium/selenium-safari-driver/3.141.59/selenium-safari-driver-3.141.59.jar:/Users/jasmine/.m2/repository/com/beust/jcommander/1.72/jcommander-1.72.jar:/Users/jasmine/.m2/repository/org/apache/commons/commons-exec/1.3/commons-exec-1.3.jar:/Users/jasmine/.m2/repository/net/jcip/jcip-annotations/1.0/jcip-annotations-1.0.jar:/Users/jasmine/.m2/repository/org/seleniumhq/selenium/jetty-repacked/9.4.12.v20180830/jetty-repacked-9.4.12.v20180830.jar:/Users/jasmine/.m2/repository/com/squareup/okhttp3/okhttp/3.11.0/okhttp-3.11.0.jar:/Users/jasmine/.m2/repository/com/squareup/okio/okio/1.14.0/okio-1.14.0.jar:/Users/jasmine/.m2/repository/javax/servlet/javax.servlet-api/3.1.0/javax.servlet-api-3.1.0.jar:/Users/jasmine/.m2/repository/org/yaml/snakeyaml/1.19/snakeyaml-1.19.jar:/Users/jasmine/.m2/repository/org/seleniumhq/selenium/selenium-java/3.141.59/selenium-java-3.141.59.jar:/Users/jasmine/.m2/repository/org/seleniumhq/selenium/selenium-api/3.141.59/selenium-api-3.141.59.jar:/Users/jasmine/.m2/repository/org/seleniumhq/selenium/selenium-support/3.141.59/selenium-support-3.141.59.jar:/Users/jasmine/.m2/repository/org/seleniumhq/selenium/selenium-chrome-driver/3.141.59/selenium-chrome-driver-3.141.59.jar:/Users/jasmine/.m2/repository/org/seleniumhq/selenium/selenium-firefox-driver/3.141.59/selenium-firefox-driver-3.141.59.jar:/Users/jasmine/.m2/repository/org/seleniumhq/selenium/selenium-edge-driver/3.141.59/selenium-edge-driver-3.141.59.jar:/Users/jasmine/.m2/repository/org/seleniumhq/selenium/selenium-ie-driver/3.141.59/selenium-ie-driver-3.141.59.jar:/Users/jasmine/.m2/repository/net/sourceforge/htmlunit/htmlunit/2.47.1/htmlunit-2.47.1.jar:/Users/jasmine/.m2/repository/xalan/xalan/2.7.2/xalan-2.7.2.jar:/Users/jasmine/.m2/repository/xalan/serializer/2.7.2/serializer-2.7.2.jar:/Users/jasmine/.m2/repository/net/sourceforge/htmlunit/htmlunit-core-js/2.47.0/htmlunit-core-js-2.47.0.jar:/Users/jasmine/.m2/repository/net/sourceforge/htmlunit/neko-htmlunit/2.47.1/neko-htmlunit-2.47.1.jar:/Users/jasmine/.m2/repository/xerces/xercesImpl/2.12.0/xercesImpl-2.12.0.jar:/Users/jasmine/.m2/repository/xml-apis/xml-apis/1.4.01/xml-apis-1.4.01.jar:/Users/jasmine/.m2/repository/net/sourceforge/htmlunit/htmlunit-cssparser/1.7.0/htmlunit-cssparser-1.7.0.jar:/Users/jasmine/.m2/repository/org/brotli/dec/0.1.2/dec-0.1.2.jar:/Users/jasmine/.m2/repository/com/shapesecurity/salvation2/3.0.0/salvation2-3.0.0.jar:/Users/jasmine/.m2/repository/org/eclipse/jetty/websocket/websocket-client/9.4.36.v20210114/websocket-client-9.4.36.v20210114.jar:/Users/jasmine/.m2/repository/org/eclipse/jetty/jetty-client/9.4.36.v20210114/jetty-client-9.4.36.v20210114.jar:/Users/jasmine/.m2/repository/org/eclipse/jetty/jetty-http/9.4.36.v20210114/jetty-http-9.4.36.v20210114.jar:/Users/jasmine/.m2/repository/org/eclipse/jetty/jetty-util/9.4.36.v20210114/jetty-util-9.4.36.v20210114.jar:/Users/jasmine/.m2/repository/org/eclipse/jetty/jetty-io/9.4.36.v20210114/jetty-io-9.4.36.v20210114.jar:/Users/jasmine/.m2/repository/org/eclipse/jetty/websocket/websocket-common/9.4.36.v20210114/websocket-common-9.4.36.v20210114.jar:/Users/jasmine/.m2/repository/org/eclipse/jetty/websocket/websocket-api/9.4.36.v20210114/websocket-api-9.4.36.v20210114.jar:/Users/jasmine/.m2/repository/org/projectlombok/lombok/1.18.20/lombok-1.18.20.jar:/Users/jasmine/.m2/repository/org/seleniumhq/selenium/htmlunit-driver/2.47.1/htmlunit-driver-2.47.1.jar:/Users/jasmine/.m2/repository/com/codeborne/phantomjsdriver/1.4.4/phantomjsdriver-1.4.4.jar:/Users/jasmine/.m2/repository/io/appium/java-client/7.5.1/java-client-7.5.1.jar:/Users/jasmine/.m2/repository/commons-validator/commons-validator/1.7/commons-validator-1.7.jar:/Users/jasmine/.m2/repository/commons-digester/commons-digester/2.1/commons-digester-2.1.jar:/Users/jasmine/.m2/repository/org/aspectj/aspectjweaver/1.9.6/aspectjweaver-1.9.6.jar:/Users/jasmine/.m2/repository/net/sf/opencsv/opencsv/2.0/opencsv-2.0.jar:/Users/jasmine/.m2/repository/commons-beanutils/commons-beanutils/1.9.4/commons-beanutils-1.9.4.jar:/Users/jasmine/.m2/repository/org/apache/commons/commons-lang3/3.11/commons-lang3-3.11.jar:/Users/jasmine/.m2/repository/commons-collections/commons-collections/3.2.2/commons-collections-3.2.2.jar:/Users/jasmine/.m2/repository/org/fluentlenium/fluentlenium-core/0.10.2/fluentlenium-core-0.10.2.jar:/Users/jasmine/.m2/repository/io/github/bonigarcia/webdrivermanager/4.4.1/webdrivermanager-4.4.1.jar:/Users/jasmine/.m2/repository/org/apache/httpcomponents/client5/httpclient5/5.0.3/httpclient5-5.0.3.jar:/Users/jasmine/.m2/repository/org/apache/httpcomponents/core5/httpcore5/5.0.2/httpcore5-5.0.2.jar:/Users/jasmine/.m2/repository/org/apache/httpcomponents/core5/httpcore5-h2/5.0.2/httpcore5-h2-5.0.2.jar:/Users/jasmine/.m2/repository/org/rauschig/jarchivelib/1.1.0/jarchivelib-1.1.0.jar:/Users/jasmine/.m2/repository/org/apache/commons/commons-compress/1.20/commons-compress-1.20.jar:/Users/jasmine/.m2/repository/com/jhlabs/filters/2.0.235/filters-2.0.235.jar:/Users/jasmine/.m2/repository/com/paulhammant/ngwebdriver/1.1.5/ngwebdriver-1.1.5.jar:/Users/jasmine/.m2/repository/joda-time/joda-time/2.8.2/joda-time-2.8.2.jar:/Users/jasmine/.m2/repository/com/google/jimfs/jimfs/1.1/jimfs-1.1.jar:/Users/jasmine/.m2/repository/org/mockito/mockito-core/3.3.3/mockito-core-3.3.3.jar:/Users/jasmine/.m2/repository/javax/xml/bind/jaxb-api/2.3.1/jaxb-api-2.3.1.jar:/Users/jasmine/.m2/repository/javax/activation/javax.activation-api/1.2.0/javax.activation-api-1.2.0.jar:/Users/jasmine/.m2/repository/com/sun/xml/bind/jaxb-core/2.3.0.1/jaxb-core-2.3.0.1.jar:/Users/jasmine/.m2/repository/com/sun/xml/bind/jaxb-impl/2.3.3/jaxb-impl-2.3.3.jar:/Users/jasmine/.m2/repository/com/sun/activation/jakarta.activation/1.2.2/jakarta.activation-1.2.2.jar:/Users/jasmine/.m2/repository/javax/activation/activation/1.1.1/activation-1.1.1.jar:/Users/jasmine/.m2/repository/net/serenity-bdd/serenity-junit/2.4.51/serenity-junit-2.4.51.jar:/Users/jasmine/.m2/repository/com/googlecode/json-simple/json-simple/1.1.1/json-simple-1.1.1.jar:/Users/jasmine/.m2/repository/net/serenity-bdd/serenity-rest-assured/2.4.51/serenity-rest-assured-2.4.51.jar:/Users/jasmine/.m2/repository/org/codehaus/groovy/groovy-json/3.0.8/groovy-json-3.0.8.jar:/Users/jasmine/.m2/repository/org/opentest4j/opentest4j/1.2.0/opentest4j-1.2.0.jar:/Users/jasmine/.m2/repository/net/serenity-bdd/serenity-screenplay/2.4.51/serenity-screenplay-2.4.51.jar:/Users/jasmine/.m2/repository/net/serenity-bdd/serenity-screenplay-rest/2.4.51/serenity-screenplay-rest-2.4.51.jar:/Users/jasmine/.m2/repository/net/serenity-bdd/serenity-cucumber6/2.4.51/serenity-cucumber6-2.4.51.jar:/Users/jasmine/.m2/repository/net/serenity-bdd/serenity-screenplay-webdriver/2.4.51/serenity-screenplay-webdriver-2.4.51.jar:/Users/jasmine/.m2/repository/io/cucumber/cucumber-java/6.10.4/cucumber-java-6.10.4.jar:/Users/jasmine/.m2/repository/org/apiguardian/apiguardian-api/1.1.1/apiguardian-api-1.1.1.jar:/Users/jasmine/.m2/repository/io/cucumber/cucumber-junit/6.10.4/cucumber-junit-6.10.4.jar:/Users/jasmine/.m2/repository/io/cucumber/datatable-matchers/3.4.0/datatable-matchers-3.4.0.jar:/Users/jasmine/.m2/repository/io/cucumber/datatable/3.4.0/datatable-3.4.0.jar:/Users/jasmine/.m2/repository/commons-logging/commons-logging/1.2/commons-logging-1.2.jar:/Users/jasmine/.m2/repository/org/apache/commons/commons-csv/1.5/commons-csv-1.5.jar:/Users/jasmine/.m2/repository/com/github/javafaker/javafaker/1.0.2/javafaker-1.0.2.jar:/Users/jasmine/.m2/repository/org/yaml/snakeyaml/1.23/snakeyaml-1.23-android.jar:/Users/jasmine/.m2/repository/com/github/mifmif/generex/1.0.2/generex-1.0.2.jar:/Users/jasmine/.m2/repository/dk/brics/automaton/automaton/1.11-8/automaton-1.11-8.jar:/Users/jasmine/.m2/repository/io/rest-assured/rest-assured/4.3.2/rest-assured-4.3.2.jar:/Users/jasmine/.m2/repository/org/apache/httpcomponents/httpclient/4.5.3/httpclient-4.5.3.jar:/Users/jasmine/.m2/repository/org/apache/httpcomponents/httpcore/4.4.6/httpcore-4.4.6.jar:/Users/jasmine/.m2/repository/org/apache/httpcomponents/httpmime/4.5.3/httpmime-4.5.3.jar:/Users/jasmine/.m2/repository/org/ccil/cowan/tagsoup/tagsoup/1.2.1/tagsoup-1.2.1.jar:/Users/jasmine/.m2/repository/io/rest-assured/json-path/4.3.3/json-path-4.3.3.jar:/Users/jasmine/.m2/repository/io/rest-assured/rest-assured-common/4.3.3/rest-assured-common-4.3.3.jar:/Users/jasmine/.m2/repository/io/rest-assured/xml-path/4.3.3/xml-path-4.3.3.jar:/Users/jasmine/.m2/repository/jakarta/xml/bind/jakarta.xml.bind-api/2.3.3/jakarta.xml.bind-api-2.3.3.jar:/Users/jasmine/.m2/repository/jakarta/activation/jakarta.activation-api/1.2.2/jakarta.activation-api-1.2.2.jar:/Users/jasmine/.m2/repository/org/codehaus/groovy/groovy/3.0.6/groovy-3.0.6.jar:/Users/jasmine/.m2/repository/org/codehaus/groovy/groovy-xml/3.0.6/groovy-xml-3.0.6.jar:/Users/jasmine/.m2/repository/junit/junit/4.13.1/junit-4.13.1.jar:/Users/jasmine/.m2/repository/org/hamcrest/hamcrest-core/1.3/hamcrest-core-1.3.jar:/Users/jasmine/.m2/repository/org/assertj/assertj-core/3.6.2/assertj-core-3.6.2.jar:/Users/jasmine/.m2/repository/org/hamcrest/hamcrest/2.2/hamcrest-2.2.jar:/Users/jasmine/.m2/repository/org/json/json/20210307/json-20210307.jar:"/>
    <property name="java.vm.vendor" value="Oracle Corporation"/>
    <property name="sun.arch.data.model" value="64"/>
    <property name="java.vendor.url" value="https://openjdk.java.net/"/>
    <property name="user.timezone" value="Asia/Jakarta"/>
    <property name="os.name" value="Mac OS X"/>
    <property name="java.vm.specification.version" value="14"/>
    <property name="sun.java.launcher" value="SUN_STANDARD"/>
    <property name="user.country" value="ID"/>
    <property name="sun.boot.library.path" value="/usr/local/Cellar/openjdk/14.0.1/libexec/openjdk.jdk/Contents/Home/lib"/>
    <property name="sun.java.command" value="org.apache.maven.surefire.booter.ForkedBooter /Users/jasmine/Documents/alterra-mini-project/target/surefire 2023-05-09T22-56-05_473-jvmRun1 surefire16482905301063620658tmp surefire_06180991636519209706tmp"/>
    <property name="http.nonProxyHosts" value="local|*.local|169.254/16|*.169.254/16"/>
    <property name="jdk.debug" value="release"/>
    <property name="surefire.test.class.path" value="/Users/jasmine/Documents/alterra-mini-project/target/test-classes:/Users/jasmine/.m2/repository/ch/qos/logback/logback-classic/1.2.3/logback-classic-1.2.3.jar:/Users/jasmine/.m2/repository/ch/qos/logback/logback-core/1.2.3/logback-core-1.2.3.jar:/Users/jasmine/.m2/repository/org/slf4j/slf4j-api/1.7.25/slf4j-api-1.7.25.jar:/Users/jasmine/.m2/repository/net/serenity-bdd/serenity-core/2.4.51/serenity-core-2.4.51.jar:/Users/jasmine/.m2/repository/net/serenity-bdd/serenity-model/2.4.51/serenity-model-2.4.51.jar:/Users/jasmine/.m2/repository/org/apache/commons/commons-text/1.9/commons-text-1.9.jar:/Users/jasmine/.m2/repository/commons-net/commons-net/3.6/commons-net-3.6.jar:/Users/jasmine/.m2/repository/com/google/guava/guava/30.1-jre/guava-30.1-jre.jar:/Users/jasmine/.m2/repository/com/google/guava/failureaccess/1.0.1/failureaccess-1.0.1.jar:/Users/jasmine/.m2/repository/com/google/guava/listenablefuture/9999.0-empty-to-avoid-conflict-with-guava/listenablefuture-9999.0-empty-to-avoid-conflict-with-guava.jar:/Users/jasmine/.m2/repository/com/google/code/findbugs/jsr305/3.0.2/jsr305-3.0.2.jar:/Users/jasmine/.m2/repository/org/checkerframework/checker-qual/3.5.0/checker-qual-3.5.0.jar:/Users/jasmine/.m2/repository/com/google/errorprone/error_prone_annotations/2.3.4/error_prone_annotations-2.3.4.jar:/Users/jasmine/.m2/repository/com/google/j2objc/j2objc-annotations/1.3/j2objc-annotations-1.3.jar:/Users/jasmine/.m2/repository/com/google/inject/guice/5.0.1/guice-5.0.1.jar:/Users/jasmine/.m2/repository/javax/inject/javax.inject/1/javax.inject-1.jar:/Users/jasmine/.m2/repository/aopalliance/aopalliance/1.0/aopalliance-1.0.jar:/Users/jasmine/.m2/repository/org/jsoup/jsoup/1.13.1/jsoup-1.13.1.jar:/Users/jasmine/.m2/repository/com/thoughtworks/xstream/xstream/1.4.17/xstream-1.4.17.jar:/Users/jasmine/.m2/repository/io/github/x-stream/mxparser/1.2.1/mxparser-1.2.1.jar:/Users/jasmine/.m2/repository/xmlpull/xmlpull/1.1.3.1/xmlpull-1.1.3.1.jar:/Users/jasmine/.m2/repository/io/cucumber/cucumber-core/6.10.2/cucumber-core-6.10.2.jar:/Users/jasmine/.m2/repository/io/cucumber/cucumber-gherkin/6.10.2/cucumber-gherkin-6.10.2.jar:/Users/jasmine/.m2/repository/io/cucumber/cucumber-gherkin-messages/6.10.2/cucumber-gherkin-messages-6.10.2.jar:/Users/jasmine/.m2/repository/io/cucumber/messages/14.0.1/messages-14.0.1.jar:/Users/jasmine/.m2/repository/io/cucumber/tag-expressions/3.0.0/tag-expressions-3.0.0.jar:/Users/jasmine/.m2/repository/io/cucumber/cucumber-expressions/10.3.0/cucumber-expressions-10.3.0.jar:/Users/jasmine/.m2/repository/io/cucumber/cucumber-plugin/6.10.2/cucumber-plugin-6.10.2.jar:/Users/jasmine/.m2/repository/io/cucumber/docstring/6.10.2/docstring-6.10.2.jar:/Users/jasmine/.m2/repository/io/cucumber/html-formatter/12.0.0/html-formatter-12.0.0.jar:/Users/jasmine/.m2/repository/io/cucumber/create-meta/3.0.0/create-meta-3.0.0.jar:/Users/jasmine/.m2/repository/com/typesafe/config/1.3.1/config-1.3.1.jar:/Users/jasmine/.m2/repository/org/imgscalr/imgscalr-lib/4.2/imgscalr-lib-4.2.jar:/Users/jasmine/.m2/repository/org/awaitility/awaitility/4.0.3/awaitility-4.0.3.jar:/Users/jasmine/.m2/repository/org/freemarker/freemarker/2.3.29/freemarker-2.3.29.jar:/Users/jasmine/.m2/repository/net/sourceforge/jexcelapi/jxl/2.6.12/jxl-2.6.12.jar:/Users/jasmine/.m2/repository/org/asciidoctor/asciidoctorj/2.5.1/asciidoctorj-2.5.1.jar:/Users/jasmine/.m2/repository/org/asciidoctor/asciidoctorj-api/2.5.1/asciidoctorj-api-2.5.1.jar:/Users/jasmine/.m2/repository/org/jruby/jruby/9.2.17.0/jruby-9.2.17.0.jar:/Users/jasmine/.m2/repository/org/jruby/jruby-core/9.2.17.0/jruby-core-9.2.17.0.jar:/Users/jasmine/.m2/repository/com/github/jnr/jnr-netdb/1.2.0/jnr-netdb-1.2.0.jar:/Users/jasmine/.m2/repository/com/github/jnr/jnr-enxio/0.32.3/jnr-enxio-0.32.3.jar:/Users/jasmine/.m2/repository/com/github/jnr/jnr-unixsocket/0.38.5/jnr-unixsocket-0.38.5.jar:/Users/jasmine/.m2/repository/com/github/jnr/jnr-posix/3.1.4/jnr-posix-3.1.4.jar:/Users/jasmine/.m2/repository/com/github/jnr/jnr-constants/0.10.1/jnr-constants-0.10.1.jar:/Users/jasmine/.m2/repository/com/github/jnr/jffi/1.3.1/jffi-1.3.1.jar:/Users/jasmine/.m2/repository/com/github/jnr/jffi/1.3.1/jffi-1.3.1-native.jar:/Users/jasmine/.m2/repository/org/jruby/joni/joni/2.1.31/joni-2.1.31.jar:/Users/jasmine/.m2/repository/org/jruby/jcodings/jcodings/1.0.46/jcodings-1.0.46.jar:/Users/jasmine/.m2/repository/org/jruby/dirgra/0.3/dirgra-0.3.jar:/Users/jasmine/.m2/repository/com/headius/invokebinder/1.11/invokebinder-1.11.jar:/Users/jasmine/.m2/repository/com/headius/options/1.4/options-1.4.jar:/Users/jasmine/.m2/repository/com/jcraft/jzlib/1.1.3/jzlib-1.1.3.jar:/Users/jasmine/.m2/repository/com/martiansoftware/nailgun-server/0.9.1/nailgun-server-0.9.1.jar:/Users/jasmine/.m2/repository/com/headius/backport9/1.8/backport9-1.8.jar:/Users/jasmine/.m2/repository/javax/annotation/javax.annotation-api/1.3.1/javax.annotation-api-1.3.1.jar:/Users/jasmine/.m2/repository/org/jruby/jruby-stdlib/9.2.17.0/jruby-stdlib-9.2.17.0.jar:/Users/jasmine/.m2/repository/net/bytebuddy/byte-buddy/1.11.1/byte-buddy-1.11.1.jar:/Users/jasmine/.m2/repository/net/bytebuddy/byte-buddy-agent/1.11.1/byte-buddy-agent-1.11.1.jar:/Users/jasmine/.m2/repository/org/objenesis/objenesis/3.1/objenesis-3.1.jar:/Users/jasmine/.m2/repository/net/serenity-bdd/serenity-reports/2.4.51/serenity-reports-2.4.51.jar:/Users/jasmine/.m2/repository/net/serenity-bdd/serenity-stats/2.4.51/serenity-stats-2.4.51.jar:/Users/jasmine/.m2/repository/org/jetbrains/kotlin/kotlin-stdlib/1.5.0/kotlin-stdlib-1.5.0.jar:/Users/jasmine/.m2/repository/org/jetbrains/annotations/13.0/annotations-13.0.jar:/Users/jasmine/.m2/repository/org/jetbrains/kotlin/kotlin-stdlib-common/1.5.0/kotlin-stdlib-common-1.5.0.jar:/Users/jasmine/.m2/repository/net/serenity-bdd/serenity-reports-configuration/2.4.51/serenity-reports-configuration-2.4.51.jar:/Users/jasmine/.m2/repository/com/vladsch/flexmark/flexmark-all/0.34.30/flexmark-all-0.34.30.jar:/Users/jasmine/.m2/repository/com/vladsch/flexmark/flexmark/0.34.30/flexmark-0.34.30.jar:/Users/jasmine/.m2/repository/com/vladsch/flexmark/flexmark-ext-abbreviation/0.34.30/flexmark-ext-abbreviation-0.34.30.jar:/Users/jasmine/.m2/repository/com/vladsch/flexmark/flexmark-ext-admonition/0.34.30/flexmark-ext-admonition-0.34.30.jar:/Users/jasmine/.m2/repository/com/vladsch/flexmark/flexmark-ext-anchorlink/0.34.30/flexmark-ext-anchorlink-0.34.30.jar:/Users/jasmine/.m2/repository/com/vladsch/flexmark/flexmark-ext-aside/0.34.30/flexmark-ext-aside-0.34.30.jar:/Users/jasmine/.m2/repository/com/vladsch/flexmark/flexmark-ext-attributes/0.34.30/flexmark-ext-attributes-0.34.30.jar:/Users/jasmine/.m2/repository/com/vladsch/flexmark/flexmark-ext-autolink/0.34.30/flexmark-ext-autolink-0.34.30.jar:/Users/jasmine/.m2/repository/org/nibor/autolink/autolink/0.6.0/autolink-0.6.0.jar:/Users/jasmine/.m2/repository/com/vladsch/flexmark/flexmark-ext-definition/0.34.30/flexmark-ext-definition-0.34.30.jar:/Users/jasmine/.m2/repository/com/vladsch/flexmark/flexmark-ext-emoji/0.34.30/flexmark-ext-emoji-0.34.30.jar:/Users/jasmine/.m2/repository/com/vladsch/flexmark/flexmark-ext-enumerated-reference/0.34.30/flexmark-ext-enumerated-reference-0.34.30.jar:/Users/jasmine/.m2/repository/com/vladsch/flexmark/flexmark-ext-escaped-character/0.34.30/flexmark-ext-escaped-character-0.34.30.jar:/Users/jasmine/.m2/repository/com/vladsch/flexmark/flexmark-ext-footnotes/0.34.30/flexmark-ext-footnotes-0.34.30.jar:/Users/jasmine/.m2/repository/com/vladsch/flexmark/flexmark-ext-gfm-issues/0.34.30/flexmark-ext-gfm-issues-0.34.30.jar:/Users/jasmine/.m2/repository/com/vladsch/flexmark/flexmark-ext-gfm-strikethrough/0.34.30/flexmark-ext-gfm-strikethrough-0.34.30.jar:/Users/jasmine/.m2/repository/com/vladsch/flexmark/flexmark-ext-gfm-tables/0.34.30/flexmark-ext-gfm-tables-0.34.30.jar:/Users/jasmine/.m2/repository/com/vladsch/flexmark/flexmark-ext-gfm-tasklist/0.34.30/flexmark-ext-gfm-tasklist-0.34.30.jar:/Users/jasmine/.m2/repository/com/vladsch/flexmark/flexmark-ext-gfm-users/0.34.30/flexmark-ext-gfm-users-0.34.30.jar:/Users/jasmine/.m2/repository/com/vladsch/flexmark/flexmark-ext-gitlab/0.34.30/flexmark-ext-gitlab-0.34.30.jar:/Users/jasmine/.m2/repository/com/vladsch/flexmark/flexmark-ext-jekyll-front-matter/0.34.30/flexmark-ext-jekyll-front-matter-0.34.30.jar:/Users/jasmine/.m2/repository/com/vladsch/flexmark/flexmark-ext-jekyll-tag/0.34.30/flexmark-ext-jekyll-tag-0.34.30.jar:/Users/jasmine/.m2/repository/com/vladsch/flexmark/flexmark-ext-media-tags/0.34.30/flexmark-ext-media-tags-0.34.30.jar:/Users/jasmine/.m2/repository/com/vladsch/flexmark/flexmark-test-util/0.34.30/flexmark-test-util-0.34.30.jar:/Users/jasmine/.m2/repository/com/vladsch/flexmark/flexmark-ext-ins/0.34.30/flexmark-ext-ins-0.34.30.jar:/Users/jasmine/.m2/repository/com/vladsch/flexmark/flexmark-ext-xwiki-macros/0.34.30/flexmark-ext-xwiki-macros-0.34.30.jar:/Users/jasmine/.m2/repository/com/vladsch/flexmark/flexmark-ext-superscript/0.34.30/flexmark-ext-superscript-0.34.30.jar:/Users/jasmine/.m2/repository/com/vladsch/flexmark/flexmark-ext-tables/0.34.30/flexmark-ext-tables-0.34.30.jar:/Users/jasmine/.m2/repository/com/vladsch/flexmark/flexmark-ext-toc/0.34.30/flexmark-ext-toc-0.34.30.jar:/Users/jasmine/.m2/repository/com/vladsch/flexmark/flexmark-ext-typographic/0.34.30/flexmark-ext-typographic-0.34.30.jar:/Users/jasmine/.m2/repository/com/vladsch/flexmark/flexmark-ext-wikilink/0.34.30/flexmark-ext-wikilink-0.34.30.jar:/Users/jasmine/.m2/repository/com/vladsch/flexmark/flexmark-ext-yaml-front-matter/0.34.30/flexmark-ext-yaml-front-matter-0.34.30.jar:/Users/jasmine/.m2/repository/com/vladsch/flexmark/flexmark-ext-youtube-embedded/0.34.30/flexmark-ext-youtube-embedded-0.34.30.jar:/Users/jasmine/.m2/repository/com/vladsch/flexmark/flexmark-formatter/0.34.30/flexmark-formatter-0.34.30.jar:/Users/jasmine/.m2/repository/com/vladsch/flexmark/flexmark-html-parser/0.34.30/flexmark-html-parser-0.34.30.jar:/Users/jasmine/.m2/repository/com/vladsch/flexmark/flexmark-jira-converter/0.34.30/flexmark-jira-converter-0.34.30.jar:/Users/jasmine/.m2/repository/com/vladsch/flexmark/flexmark-pdf-converter/0.34.30/flexmark-pdf-converter-0.34.30.jar:/Users/jasmine/.m2/repository/com/openhtmltopdf/openhtmltopdf-core/0.0.1-RC13/openhtmltopdf-core-0.0.1-RC13.jar:/Users/jasmine/.m2/repository/com/openhtmltopdf/openhtmltopdf-pdfbox/0.0.1-RC13/openhtmltopdf-pdfbox-0.0.1-RC13.jar:/Users/jasmine/.m2/repository/org/apache/pdfbox/pdfbox/2.0.8/pdfbox-2.0.8.jar:/Users/jasmine/.m2/repository/org/apache/pdfbox/fontbox/2.0.8/fontbox-2.0.8.jar:/Users/jasmine/.m2/repository/org/apache/pdfbox/xmpbox/2.0.8/xmpbox-2.0.8.jar:/Users/jasmine/.m2/repository/de/rototor/pdfbox/graphics2d/0.12/graphics2d-0.12.jar:/Users/jasmine/.m2/repository/com/openhtmltopdf/openhtmltopdf-rtl-support/0.0.1-RC13/openhtmltopdf-rtl-support-0.0.1-RC13.jar:/Users/jasmine/.m2/repository/com/ibm/icu/icu4j/59.1/icu4j-59.1.jar:/Users/jasmine/.m2/repository/com/openhtmltopdf/openhtmltopdf-jsoup-dom-converter/0.0.1-RC13/openhtmltopdf-jsoup-dom-converter-0.0.1-RC13.jar:/Users/jasmine/.m2/repository/com/vladsch/flexmark/flexmark-profile-pegdown/0.34.30/flexmark-profile-pegdown-0.34.30.jar:/Users/jasmine/.m2/repository/com/vladsch/flexmark/flexmark-util/0.34.30/flexmark-util-0.34.30.jar:/Users/jasmine/.m2/repository/com/vladsch/flexmark/flexmark-youtrack-converter/0.34.30/flexmark-youtrack-converter-0.34.30.jar:/Users/jasmine/.m2/repository/es/nitaur/markdown/txtmark/0.16/txtmark-0.16.jar:/Users/jasmine/.m2/repository/net/serenity-bdd/serenity-report-resources/2.4.51/serenity-report-resources-2.4.51.jar:/Users/jasmine/.m2/repository/com/google/code/gson/gson/2.8.7/gson-2.8.7.jar:/Users/jasmine/.m2/repository/com/fasterxml/jackson/core/jackson-core/2.12.4/jackson-core-2.12.4.jar:/Users/jasmine/.m2/repository/com/fasterxml/jackson/core/jackson-databind/2.12.4/jackson-databind-2.12.4.jar:/Users/jasmine/.m2/repository/com/fasterxml/jackson/core/jackson-annotations/2.12.4/jackson-annotations-2.12.4.jar:/Users/jasmine/.m2/repository/commons-codec/commons-codec/1.15/commons-codec-1.15.jar:/Users/jasmine/.m2/repository/commons-io/commons-io/2.8.0/commons-io-2.8.0.jar:/Users/jasmine/.m2/repository/org/seleniumhq/selenium/selenium-server/3.141.59/selenium-server-3.141.59.jar:/Users/jasmine/.m2/repository/org/seleniumhq/selenium/selenium-opera-driver/3.141.59/selenium-opera-driver-3.141.59.jar:/Users/jasmine/.m2/repository/org/seleniumhq/selenium/selenium-remote-driver/3.141.59/selenium-remote-driver-3.141.59.jar:/Users/jasmine/.m2/repository/org/seleniumhq/selenium/selenium-safari-driver/3.141.59/selenium-safari-driver-3.141.59.jar:/Users/jasmine/.m2/repository/com/beust/jcommander/1.72/jcommander-1.72.jar:/Users/jasmine/.m2/repository/org/apache/commons/commons-exec/1.3/commons-exec-1.3.jar:/Users/jasmine/.m2/repository/net/jcip/jcip-annotations/1.0/jcip-annotations-1.0.jar:/Users/jasmine/.m2/repository/org/seleniumhq/selenium/jetty-repacked/9.4.12.v20180830/jetty-repacked-9.4.12.v20180830.jar:/Users/jasmine/.m2/repository/com/squareup/okhttp3/okhttp/3.11.0/okhttp-3.11.0.jar:/Users/jasmine/.m2/repository/com/squareup/okio/okio/1.14.0/okio-1.14.0.jar:/Users/jasmine/.m2/repository/javax/servlet/javax.servlet-api/3.1.0/javax.servlet-api-3.1.0.jar:/Users/jasmine/.m2/repository/org/yaml/snakeyaml/1.19/snakeyaml-1.19.jar:/Users/jasmine/.m2/repository/org/seleniumhq/selenium/selenium-java/3.141.59/selenium-java-3.141.59.jar:/Users/jasmine/.m2/repository/org/seleniumhq/selenium/selenium-api/3.141.59/selenium-api-3.141.59.jar:/Users/jasmine/.m2/repository/org/seleniumhq/selenium/selenium-support/3.141.59/selenium-support-3.141.59.jar:/Users/jasmine/.m2/repository/org/seleniumhq/selenium/selenium-chrome-driver/3.141.59/selenium-chrome-driver-3.141.59.jar:/Users/jasmine/.m2/repository/org/seleniumhq/selenium/selenium-firefox-driver/3.141.59/selenium-firefox-driver-3.141.59.jar:/Users/jasmine/.m2/repository/org/seleniumhq/selenium/selenium-edge-driver/3.141.59/selenium-edge-driver-3.141.59.jar:/Users/jasmine/.m2/repository/org/seleniumhq/selenium/selenium-ie-driver/3.141.59/selenium-ie-driver-3.141.59.jar:/Users/jasmine/.m2/repository/net/sourceforge/htmlunit/htmlunit/2.47.1/htmlunit-2.47.1.jar:/Users/jasmine/.m2/repository/xalan/xalan/2.7.2/xalan-2.7.2.jar:/Users/jasmine/.m2/repository/xalan/serializer/2.7.2/serializer-2.7.2.jar:/Users/jasmine/.m2/repository/net/sourceforge/htmlunit/htmlunit-core-js/2.47.0/htmlunit-core-js-2.47.0.jar:/Users/jasmine/.m2/repository/net/sourceforge/htmlunit/neko-htmlunit/2.47.1/neko-htmlunit-2.47.1.jar:/Users/jasmine/.m2/repository/xerces/xercesImpl/2.12.0/xercesImpl-2.12.0.jar:/Users/jasmine/.m2/repository/xml-apis/xml-apis/1.4.01/xml-apis-1.4.01.jar:/Users/jasmine/.m2/repository/net/sourceforge/htmlunit/htmlunit-cssparser/1.7.0/htmlunit-cssparser-1.7.0.jar:/Users/jasmine/.m2/repository/org/brotli/dec/0.1.2/dec-0.1.2.jar:/Users/jasmine/.m2/repository/com/shapesecurity/salvation2/3.0.0/salvation2-3.0.0.jar:/Users/jasmine/.m2/repository/org/eclipse/jetty/websocket/websocket-client/9.4.36.v20210114/websocket-client-9.4.36.v20210114.jar:/Users/jasmine/.m2/repository/org/eclipse/jetty/jetty-client/9.4.36.v20210114/jetty-client-9.4.36.v20210114.jar:/Users/jasmine/.m2/repository/org/eclipse/jetty/jetty-http/9.4.36.v20210114/jetty-http-9.4.36.v20210114.jar:/Users/jasmine/.m2/repository/org/eclipse/jetty/jetty-util/9.4.36.v20210114/jetty-util-9.4.36.v20210114.jar:/Users/jasmine/.m2/repository/org/eclipse/jetty/jetty-io/9.4.36.v20210114/jetty-io-9.4.36.v20210114.jar:/Users/jasmine/.m2/repository/org/eclipse/jetty/websocket/websocket-common/9.4.36.v20210114/websocket-common-9.4.36.v20210114.jar:/Users/jasmine/.m2/repository/org/eclipse/jetty/websocket/websocket-api/9.4.36.v20210114/websocket-api-9.4.36.v20210114.jar:/Users/jasmine/.m2/repository/org/projectlombok/lombok/1.18.20/lombok-1.18.20.jar:/Users/jasmine/.m2/repository/org/seleniumhq/selenium/htmlunit-driver/2.47.1/htmlunit-driver-2.47.1.jar:/Users/jasmine/.m2/repository/com/codeborne/phantomjsdriver/1.4.4/phantomjsdriver-1.4.4.jar:/Users/jasmine/.m2/repository/io/appium/java-client/7.5.1/java-client-7.5.1.jar:/Users/jasmine/.m2/repository/commons-validator/commons-validator/1.7/commons-validator-1.7.jar:/Users/jasmine/.m2/repository/commons-digester/commons-digester/2.1/commons-digester-2.1.jar:/Users/jasmine/.m2/repository/org/aspectj/aspectjweaver/1.9.6/aspectjweaver-1.9.6.jar:/Users/jasmine/.m2/repository/net/sf/opencsv/opencsv/2.0/opencsv-2.0.jar:/Users/jasmine/.m2/repository/commons-beanutils/commons-beanutils/1.9.4/commons-beanutils-1.9.4.jar:/Users/jasmine/.m2/repository/org/apache/commons/commons-lang3/3.11/commons-lang3-3.11.jar:/Users/jasmine/.m2/repository/commons-collections/commons-collections/3.2.2/commons-collections-3.2.2.jar:/Users/jasmine/.m2/repository/org/fluentlenium/fluentlenium-core/0.10.2/fluentlenium-core-0.10.2.jar:/Users/jasmine/.m2/repository/io/github/bonigarcia/webdrivermanager/4.4.1/webdrivermanager-4.4.1.jar:/Users/jasmine/.m2/repository/org/apache/httpcomponents/client5/httpclient5/5.0.3/httpclient5-5.0.3.jar:/Users/jasmine/.m2/repository/org/apache/httpcomponents/core5/httpcore5/5.0.2/httpcore5-5.0.2.jar:/Users/jasmine/.m2/repository/org/apache/httpcomponents/core5/httpcore5-h2/5.0.2/httpcore5-h2-5.0.2.jar:/Users/jasmine/.m2/repository/org/rauschig/jarchivelib/1.1.0/jarchivelib-1.1.0.jar:/Users/jasmine/.m2/repository/org/apache/commons/commons-compress/1.20/commons-compress-1.20.jar:/Users/jasmine/.m2/repository/com/jhlabs/filters/2.0.235/filters-2.0.235.jar:/Users/jasmine/.m2/repository/com/paulhammant/ngwebdriver/1.1.5/ngwebdriver-1.1.5.jar:/Users/jasmine/.m2/repository/joda-time/joda-time/2.8.2/joda-time-2.8.2.jar:/Users/jasmine/.m2/repository/com/google/jimfs/jimfs/1.1/jimfs-1.1.jar:/Users/jasmine/.m2/repository/org/mockito/mockito-core/3.3.3/mockito-core-3.3.3.jar:/Users/jasmine/.m2/repository/javax/xml/bind/jaxb-api/2.3.1/jaxb-api-2.3.1.jar:/Users/jasmine/.m2/repository/javax/activation/javax.activation-api/1.2.0/javax.activation-api-1.2.0.jar:/Users/jasmine/.m2/repository/com/sun/xml/bind/jaxb-core/2.3.0.1/jaxb-core-2.3.0.1.jar:/Users/jasmine/.m2/repository/com/sun/xml/bind/jaxb-impl/2.3.3/jaxb-impl-2.3.3.jar:/Users/jasmine/.m2/repository/com/sun/activation/jakarta.activation/1.2.2/jakarta.activation-1.2.2.jar:/Users/jasmine/.m2/repository/javax/activation/activation/1.1.1/activation-1.1.1.jar:/Users/jasmine/.m2/repository/net/serenity-bdd/serenity-junit/2.4.51/serenity-junit-2.4.51.jar:/Users/jasmine/.m2/repository/com/googlecode/json-simple/json-simple/1.1.1/json-simple-1.1.1.jar:/Users/jasmine/.m2/repository/net/serenity-bdd/serenity-rest-assured/2.4.51/serenity-rest-assured-2.4.51.jar:/Users/jasmine/.m2/repository/org/codehaus/groovy/groovy-json/3.0.8/groovy-json-3.0.8.jar:/Users/jasmine/.m2/repository/org/opentest4j/opentest4j/1.2.0/opentest4j-1.2.0.jar:/Users/jasmine/.m2/repository/net/serenity-bdd/serenity-screenplay/2.4.51/serenity-screenplay-2.4.51.jar:/Users/jasmine/.m2/repository/net/serenity-bdd/serenity-screenplay-rest/2.4.51/serenity-screenplay-rest-2.4.51.jar:/Users/jasmine/.m2/repository/net/serenity-bdd/serenity-cucumber6/2.4.51/serenity-cucumber6-2.4.51.jar:/Users/jasmine/.m2/repository/net/serenity-bdd/serenity-screenplay-webdriver/2.4.51/serenity-screenplay-webdriver-2.4.51.jar:/Users/jasmine/.m2/repository/io/cucumber/cucumber-java/6.10.4/cucumber-java-6.10.4.jar:/Users/jasmine/.m2/repository/org/apiguardian/apiguardian-api/1.1.1/apiguardian-api-1.1.1.jar:/Users/jasmine/.m2/repository/io/cucumber/cucumber-junit/6.10.4/cucumber-junit-6.10.4.jar:/Users/jasmine/.m2/repository/io/cucumber/datatable-matchers/3.4.0/datatable-matchers-3.4.0.jar:/Users/jasmine/.m2/repository/io/cucumber/datatable/3.4.0/datatable-3.4.0.jar:/Users/jasmine/.m2/repository/commons-logging/commons-logging/1.2/commons-logging-1.2.jar:/Users/jasmine/.m2/repository/org/apache/commons/commons-csv/1.5/commons-csv-1.5.jar:/Users/jasmine/.m2/repository/com/github/javafaker/javafaker/1.0.2/javafaker-1.0.2.jar:/Users/jasmine/.m2/repository/org/yaml/snakeyaml/1.23/snakeyaml-1.23-android.jar:/Users/jasmine/.m2/repository/com/github/mifmif/generex/1.0.2/generex-1.0.2.jar:/Users/jasmine/.m2/repository/dk/brics/automaton/automaton/1.11-8/automaton-1.11-8.jar:/Users/jasmine/.m2/repository/io/rest-assured/rest-assured/4.3.2/rest-assured-4.3.2.jar:/Users/jasmine/.m2/repository/org/apache/httpcomponents/httpclient/4.5.3/httpclient-4.5.3.jar:/Users/jasmine/.m2/repository/org/apache/httpcomponents/httpcore/4.4.6/httpcore-4.4.6.jar:/Users/jasmine/.m2/repository/org/apache/httpcomponents/httpmime/4.5.3/httpmime-4.5.3.jar:/Users/jasmine/.m2/repository/org/ccil/cowan/tagsoup/tagsoup/1.2.1/tagsoup-1.2.1.jar:/Users/jasmine/.m2/repository/io/rest-assured/json-path/4.3.3/json-path-4.3.3.jar:/Users/jasmine/.m2/repository/io/rest-assured/rest-assured-common/4.3.3/rest-assured-common-4.3.3.jar:/Users/jasmine/.m2/repository/io/rest-assured/xml-path/4.3.3/xml-path-4.3.3.jar:/Users/jasmine/.m2/repository/jakarta/xml/bind/jakarta.xml.bind-api/2.3.3/jakarta.xml.bind-api-2.3.3.jar:/Users/jasmine/.m2/repository/jakarta/activation/jakarta.activation-api/1.2.2/jakarta.activation-api-1.2.2.jar:/Users/jasmine/.m2/repository/org/codehaus/groovy/groovy/3.0.6/groovy-3.0.6.jar:/Users/jasmine/.m2/repository/org/codehaus/groovy/groovy-xml/3.0.6/groovy-xml-3.0.6.jar:/Users/jasmine/.m2/repository/junit/junit/4.13.1/junit-4.13.1.jar:/Users/jasmine/.m2/repository/org/hamcrest/hamcrest-core/1.3/hamcrest-core-1.3.jar:/Users/jasmine/.m2/repository/org/assertj/assertj-core/3.6.2/assertj-core-3.6.2.jar:/Users/jasmine/.m2/repository/org/hamcrest/hamcrest/2.2/hamcrest-2.2.jar:/Users/jasmine/.m2/repository/org/json/json/20210307/json-20210307.jar:"/>
    <property name="sun.cpu.endian" value="little"/>
    <property name="user.home" value="/Users/jasmine"/>
    <property name="user.language" value="en"/>
    <property name="java.specification.vendor" value="Oracle Corporation"/>
    <property name="jdk.module.path" value="/Users/jasmine/Documents/alterra-mini-project/target/mini-project-qa-1.0-SNAPSHOT.jar"/>
    <property name="java.version.date" value="2020-04-14"/>
    <property name="java.home" value="/usr/local/Cellar/openjdk/14.0.1/libexec/openjdk.jdk/Contents/Home"/>
    <property name="file.separator" value="/"/>
    <property name="basedir" value="/Users/jasmine/Documents/alterra-mini-project"/>
    <property name="java.vm.compressedOopsMode" value="Zero based"/>
    <property name="line.separator" value="&#10;"/>
    <property name="java.vm.specification.vendor" value="Oracle Corporation"/>
    <property name="java.specification.name" value="Java Platform API Specification"/>
    <property name="surefire.real.class.path" value="/Users/jasmine/.m2/repository/org/apache/maven/surefire/surefire-booter/3.0.0-M5/surefire-booter-3.0.0-M5.jar:/Users/jasmine/.m2/repository/org/apache/maven/surefire/surefire-api/3.0.0-M5/surefire-api-3.0.0-M5.jar:/Users/jasmine/.m2/repository/org/apache/maven/surefire/surefire-logger-api/3.0.0-M5/surefire-logger-api-3.0.0-M5.jar:/Users/jasmine/.m2/repository/org/apache/maven/surefire/surefire-shared-utils/3.0.0-M4/surefire-shared-utils-3.0.0-M4.jar:/Users/jasmine/.m2/repository/org/apache/maven/surefire/surefire-extensions-spi/3.0.0-M5/surefire-extensions-spi-3.0.0-M5.jar:/Users/jasmine/Documents/alterra-mini-project/target/test-classes:/Users/jasmine/.m2/repository/ch/qos/logback/logback-classic/1.2.3/logback-classic-1.2.3.jar:/Users/jasmine/.m2/repository/ch/qos/logback/logback-core/1.2.3/logback-core-1.2.3.jar:/Users/jasmine/.m2/repository/org/slf4j/slf4j-api/1.7.25/slf4j-api-1.7.25.jar:/Users/jasmine/.m2/repository/net/serenity-bdd/serenity-core/2.4.51/serenity-core-2.4.51.jar:/Users/jasmine/.m2/repository/net/serenity-bdd/serenity-model/2.4.51/serenity-model-2.4.51.jar:/Users/jasmine/.m2/repository/org/apache/commons/commons-text/1.9/commons-text-1.9.jar:/Users/jasmine/.m2/repository/commons-net/commons-net/3.6/commons-net-3.6.jar:/Users/jasmine/.m2/repository/com/google/guava/guava/30.1-jre/guava-30.1-jre.jar:/Users/jasmine/.m2/repository/com/google/guava/failureaccess/1.0.1/failureaccess-1.0.1.jar:/Users/jasmine/.m2/repository/com/google/guava/listenablefuture/9999.0-empty-to-avoid-conflict-with-guava/listenablefuture-9999.0-empty-to-avoid-conflict-with-guava.jar:/Users/jasmine/.m2/repository/com/google/code/findbugs/jsr305/3.0.2/jsr305-3.0.2.jar:/Users/jasmine/.m2/repository/org/checkerframework/checker-qual/3.5.0/checker-qual-3.5.0.jar:/Users/jasmine/.m2/repository/com/google/errorprone/error_prone_annotations/2.3.4/error_prone_annotations-2.3.4.jar:/Users/jasmine/.m2/repository/com/google/j2objc/j2objc-annotations/1.3/j2objc-annotations-1.3.jar:/Users/jasmine/.m2/repository/com/google/inject/guice/5.0.1/guice-5.0.1.jar:/Users/jasmine/.m2/repository/javax/inject/javax.inject/1/javax.inject-1.jar:/Users/jasmine/.m2/repository/aopalliance/aopalliance/1.0/aopalliance-1.0.jar:/Users/jasmine/.m2/repository/org/jsoup/jsoup/1.13.1/jsoup-1.13.1.jar:/Users/jasmine/.m2/repository/com/thoughtworks/xstream/xstream/1.4.17/xstream-1.4.17.jar:/Users/jasmine/.m2/repository/io/github/x-stream/mxparser/1.2.1/mxparser-1.2.1.jar:/Users/jasmine/.m2/repository/xmlpull/xmlpull/1.1.3.1/xmlpull-1.1.3.1.jar:/Users/jasmine/.m2/repository/io/cucumber/cucumber-core/6.10.2/cucumber-core-6.10.2.jar:/Users/jasmine/.m2/repository/io/cucumber/cucumber-gherkin/6.10.2/cucumber-gherkin-6.10.2.jar:/Users/jasmine/.m2/repository/io/cucumber/cucumber-gherkin-messages/6.10.2/cucumber-gherkin-messages-6.10.2.jar:/Users/jasmine/.m2/repository/io/cucumber/messages/14.0.1/messages-14.0.1.jar:/Users/jasmine/.m2/repository/io/cucumber/tag-expressions/3.0.0/tag-expressions-3.0.0.jar:/Users/jasmine/.m2/repository/io/cucumber/cucumber-expressions/10.3.0/cucumber-expressions-10.3.0.jar:/Users/jasmine/.m2/repository/io/cucumber/cucumber-plugin/6.10.2/cucumber-plugin-6.10.2.jar:/Users/jasmine/.m2/repository/io/cucumber/docstring/6.10.2/docstring-6.10.2.jar:/Users/jasmine/.m2/repository/io/cucumber/html-formatter/12.0.0/html-formatter-12.0.0.jar:/Users/jasmine/.m2/repository/io/cucumber/create-meta/3.0.0/create-meta-3.0.0.jar:/Users/jasmine/.m2/repository/com/typesafe/config/1.3.1/config-1.3.1.jar:/Users/jasmine/.m2/repository/org/imgscalr/imgscalr-lib/4.2/imgscalr-lib-4.2.jar:/Users/jasmine/.m2/repository/org/awaitility/awaitility/4.0.3/awaitility-4.0.3.jar:/Users/jasmine/.m2/repository/org/freemarker/freemarker/2.3.29/freemarker-2.3.29.jar:/Users/jasmine/.m2/repository/net/sourceforge/jexcelapi/jxl/2.6.12/jxl-2.6.12.jar:/Users/jasmine/.m2/repository/org/asciidoctor/asciidoctorj/2.5.1/asciidoctorj-2.5.1.jar:/Users/jasmine/.m2/repository/org/asciidoctor/asciidoctorj-api/2.5.1/asciidoctorj-api-2.5.1.jar:/Users/jasmine/.m2/repository/org/jruby/jruby/9.2.17.0/jruby-9.2.17.0.jar:/Users/jasmine/.m2/repository/org/jruby/jruby-core/9.2.17.0/jruby-core-9.2.17.0.jar:/Users/jasmine/.m2/repository/com/github/jnr/jnr-netdb/1.2.0/jnr-netdb-1.2.0.jar:/Users/jasmine/.m2/repository/com/github/jnr/jnr-enxio/0.32.3/jnr-enxio-0.32.3.jar:/Users/jasmine/.m2/repository/com/github/jnr/jnr-unixsocket/0.38.5/jnr-unixsocket-0.38.5.jar:/Users/jasmine/.m2/repository/com/github/jnr/jnr-posix/3.1.4/jnr-posix-3.1.4.jar:/Users/jasmine/.m2/repository/com/github/jnr/jnr-constants/0.10.1/jnr-constants-0.10.1.jar:/Users/jasmine/.m2/repository/com/github/jnr/jffi/1.3.1/jffi-1.3.1.jar:/Users/jasmine/.m2/repository/com/github/jnr/jffi/1.3.1/jffi-1.3.1-native.jar:/Users/jasmine/.m2/repository/org/jruby/joni/joni/2.1.31/joni-2.1.31.jar:/Users/jasmine/.m2/repository/org/jruby/jcodings/jcodings/1.0.46/jcodings-1.0.46.jar:/Users/jasmine/.m2/repository/org/jruby/dirgra/0.3/dirgra-0.3.jar:/Users/jasmine/.m2/repository/com/headius/invokebinder/1.11/invokebinder-1.11.jar:/Users/jasmine/.m2/repository/com/headius/options/1.4/options-1.4.jar:/Users/jasmine/.m2/repository/com/jcraft/jzlib/1.1.3/jzlib-1.1.3.jar:/Users/jasmine/.m2/repository/com/martiansoftware/nailgun-server/0.9.1/nailgun-server-0.9.1.jar:/Users/jasmine/.m2/repository/com/headius/backport9/1.8/backport9-1.8.jar:/Users/jasmine/.m2/repository/javax/annotation/javax.annotation-api/1.3.1/javax.annotation-api-1.3.1.jar:/Users/jasmine/.m2/repository/org/jruby/jruby-stdlib/9.2.17.0/jruby-stdlib-9.2.17.0.jar:/Users/jasmine/.m2/repository/net/bytebuddy/byte-buddy/1.11.1/byte-buddy-1.11.1.jar:/Users/jasmine/.m2/repository/net/bytebuddy/byte-buddy-agent/1.11.1/byte-buddy-agent-1.11.1.jar:/Users/jasmine/.m2/repository/org/objenesis/objenesis/3.1/objenesis-3.1.jar:/Users/jasmine/.m2/repository/net/serenity-bdd/serenity-reports/2.4.51/serenity-reports-2.4.51.jar:/Users/jasmine/.m2/repository/net/serenity-bdd/serenity-stats/2.4.51/serenity-stats-2.4.51.jar:/Users/jasmine/.m2/repository/org/jetbrains/kotlin/kotlin-stdlib/1.5.0/kotlin-stdlib-1.5.0.jar:/Users/jasmine/.m2/repository/org/jetbrains/annotations/13.0/annotations-13.0.jar:/Users/jasmine/.m2/repository/org/jetbrains/kotlin/kotlin-stdlib-common/1.5.0/kotlin-stdlib-common-1.5.0.jar:/Users/jasmine/.m2/repository/net/serenity-bdd/serenity-reports-configuration/2.4.51/serenity-reports-configuration-2.4.51.jar:/Users/jasmine/.m2/repository/com/vladsch/flexmark/flexmark-all/0.34.30/flexmark-all-0.34.30.jar:/Users/jasmine/.m2/repository/com/vladsch/flexmark/flexmark/0.34.30/flexmark-0.34.30.jar:/Users/jasmine/.m2/repository/com/vladsch/flexmark/flexmark-ext-abbreviation/0.34.30/flexmark-ext-abbreviation-0.34.30.jar:/Users/jasmine/.m2/repository/com/vladsch/flexmark/flexmark-ext-admonition/0.34.30/flexmark-ext-admonition-0.34.30.jar:/Users/jasmine/.m2/repository/com/vladsch/flexmark/flexmark-ext-anchorlink/0.34.30/flexmark-ext-anchorlink-0.34.30.jar:/Users/jasmine/.m2/repository/com/vladsch/flexmark/flexmark-ext-aside/0.34.30/flexmark-ext-aside-0.34.30.jar:/Users/jasmine/.m2/repository/com/vladsch/flexmark/flexmark-ext-attributes/0.34.30/flexmark-ext-attributes-0.34.30.jar:/Users/jasmine/.m2/repository/com/vladsch/flexmark/flexmark-ext-autolink/0.34.30/flexmark-ext-autolink-0.34.30.jar:/Users/jasmine/.m2/repository/org/nibor/autolink/autolink/0.6.0/autolink-0.6.0.jar:/Users/jasmine/.m2/repository/com/vladsch/flexmark/flexmark-ext-definition/0.34.30/flexmark-ext-definition-0.34.30.jar:/Users/jasmine/.m2/repository/com/vladsch/flexmark/flexmark-ext-emoji/0.34.30/flexmark-ext-emoji-0.34.30.jar:/Users/jasmine/.m2/repository/com/vladsch/flexmark/flexmark-ext-enumerated-reference/0.34.30/flexmark-ext-enumerated-reference-0.34.30.jar:/Users/jasmine/.m2/repository/com/vladsch/flexmark/flexmark-ext-escaped-character/0.34.30/flexmark-ext-escaped-character-0.34.30.jar:/Users/jasmine/.m2/repository/com/vladsch/flexmark/flexmark-ext-footnotes/0.34.30/flexmark-ext-footnotes-0.34.30.jar:/Users/jasmine/.m2/repository/com/vladsch/flexmark/flexmark-ext-gfm-issues/0.34.30/flexmark-ext-gfm-issues-0.34.30.jar:/Users/jasmine/.m2/repository/com/vladsch/flexmark/flexmark-ext-gfm-strikethrough/0.34.30/flexmark-ext-gfm-strikethrough-0.34.30.jar:/Users/jasmine/.m2/repository/com/vladsch/flexmark/flexmark-ext-gfm-tables/0.34.30/flexmark-ext-gfm-tables-0.34.30.jar:/Users/jasmine/.m2/repository/com/vladsch/flexmark/flexmark-ext-gfm-tasklist/0.34.30/flexmark-ext-gfm-tasklist-0.34.30.jar:/Users/jasmine/.m2/repository/com/vladsch/flexmark/flexmark-ext-gfm-users/0.34.30/flexmark-ext-gfm-users-0.34.30.jar:/Users/jasmine/.m2/repository/com/vladsch/flexmark/flexmark-ext-gitlab/0.34.30/flexmark-ext-gitlab-0.34.30.jar:/Users/jasmine/.m2/repository/com/vladsch/flexmark/flexmark-ext-jekyll-front-matter/0.34.30/flexmark-ext-jekyll-front-matter-0.34.30.jar:/Users/jasmine/.m2/repository/com/vladsch/flexmark/flexmark-ext-jekyll-tag/0.34.30/flexmark-ext-jekyll-tag-0.34.30.jar:/Users/jasmine/.m2/repository/com/vladsch/flexmark/flexmark-ext-media-tags/0.34.30/flexmark-ext-media-tags-0.34.30.jar:/Users/jasmine/.m2/repository/com/vladsch/flexmark/flexmark-test-util/0.34.30/flexmark-test-util-0.34.30.jar:/Users/jasmine/.m2/repository/com/vladsch/flexmark/flexmark-ext-ins/0.34.30/flexmark-ext-ins-0.34.30.jar:/Users/jasmine/.m2/repository/com/vladsch/flexmark/flexmark-ext-xwiki-macros/0.34.30/flexmark-ext-xwiki-macros-0.34.30.jar:/Users/jasmine/.m2/repository/com/vladsch/flexmark/flexmark-ext-superscript/0.34.30/flexmark-ext-superscript-0.34.30.jar:/Users/jasmine/.m2/repository/com/vladsch/flexmark/flexmark-ext-tables/0.34.30/flexmark-ext-tables-0.34.30.jar:/Users/jasmine/.m2/repository/com/vladsch/flexmark/flexmark-ext-toc/0.34.30/flexmark-ext-toc-0.34.30.jar:/Users/jasmine/.m2/repository/com/vladsch/flexmark/flexmark-ext-typographic/0.34.30/flexmark-ext-typographic-0.34.30.jar:/Users/jasmine/.m2/repository/com/vladsch/flexmark/flexmark-ext-wikilink/0.34.30/flexmark-ext-wikilink-0.34.30.jar:/Users/jasmine/.m2/repository/com/vladsch/flexmark/flexmark-ext-yaml-front-matter/0.34.30/flexmark-ext-yaml-front-matter-0.34.30.jar:/Users/jasmine/.m2/repository/com/vladsch/flexmark/flexmark-ext-youtube-embedded/0.34.30/flexmark-ext-youtube-embedded-0.34.30.jar:/Users/jasmine/.m2/repository/com/vladsch/flexmark/flexmark-formatter/0.34.30/flexmark-formatter-0.34.30.jar:/Users/jasmine/.m2/repository/com/vladsch/flexmark/flexmark-html-parser/0.34.30/flexmark-html-parser-0.34.30.jar:/Users/jasmine/.m2/repository/com/vladsch/flexmark/flexmark-jira-converter/0.34.30/flexmark-jira-converter-0.34.30.jar:/Users/jasmine/.m2/repository/com/vladsch/flexmark/flexmark-pdf-converter/0.34.30/flexmark-pdf-converter-0.34.30.jar:/Users/jasmine/.m2/repository/com/openhtmltopdf/openhtmltopdf-core/0.0.1-RC13/openhtmltopdf-core-0.0.1-RC13.jar:/Users/jasmine/.m2/repository/com/openhtmltopdf/openhtmltopdf-pdfbox/0.0.1-RC13/openhtmltopdf-pdfbox-0.0.1-RC13.jar:/Users/jasmine/.m2/repository/org/apache/pdfbox/pdfbox/2.0.8/pdfbox-2.0.8.jar:/Users/jasmine/.m2/repository/org/apache/pdfbox/fontbox/2.0.8/fontbox-2.0.8.jar:/Users/jasmine/.m2/repository/org/apache/pdfbox/xmpbox/2.0.8/xmpbox-2.0.8.jar:/Users/jasmine/.m2/repository/de/rototor/pdfbox/graphics2d/0.12/graphics2d-0.12.jar:/Users/jasmine/.m2/repository/com/openhtmltopdf/openhtmltopdf-rtl-support/0.0.1-RC13/openhtmltopdf-rtl-support-0.0.1-RC13.jar:/Users/jasmine/.m2/repository/com/ibm/icu/icu4j/59.1/icu4j-59.1.jar:/Users/jasmine/.m2/repository/com/openhtmltopdf/openhtmltopdf-jsoup-dom-converter/0.0.1-RC13/openhtmltopdf-jsoup-dom-converter-0.0.1-RC13.jar:/Users/jasmine/.m2/repository/com/vladsch/flexmark/flexmark-profile-pegdown/0.34.30/flexmark-profile-pegdown-0.34.30.jar:/Users/jasmine/.m2/repository/com/vladsch/flexmark/flexmark-util/0.34.30/flexmark-util-0.34.30.jar:/Users/jasmine/.m2/repository/com/vladsch/flexmark/flexmark-youtrack-converter/0.34.30/flexmark-youtrack-converter-0.34.30.jar:/Users/jasmine/.m2/repository/es/nitaur/markdown/txtmark/0.16/txtmark-0.16.jar:/Users/jasmine/.m2/repository/net/serenity-bdd/serenity-report-resources/2.4.51/serenity-report-resources-2.4.51.jar:/Users/jasmine/.m2/repository/com/google/code/gson/gson/2.8.7/gson-2.8.7.jar:/Users/jasmine/.m2/repository/com/fasterxml/jackson/core/jackson-core/2.12.4/jackson-core-2.12.4.jar:/Users/jasmine/.m2/repository/com/fasterxml/jackson/core/jackson-databind/2.12.4/jackson-databind-2.12.4.jar:/Users/jasmine/.m2/repository/com/fasterxml/jackson/core/jackson-annotations/2.12.4/jackson-annotations-2.12.4.jar:/Users/jasmine/.m2/repository/commons-codec/commons-codec/1.15/commons-codec-1.15.jar:/Users/jasmine/.m2/repository/commons-io/commons-io/2.8.0/commons-io-2.8.0.jar:/Users/jasmine/.m2/repository/org/seleniumhq/selenium/selenium-server/3.141.59/selenium-server-3.141.59.jar:/Users/jasmine/.m2/repository/org/seleniumhq/selenium/selenium-opera-driver/3.141.59/selenium-opera-driver-3.141.59.jar:/Users/jasmine/.m2/repository/org/seleniumhq/selenium/selenium-remote-driver/3.141.59/selenium-remote-driver-3.141.59.jar:/Users/jasmine/.m2/repository/org/seleniumhq/selenium/selenium-safari-driver/3.141.59/selenium-safari-driver-3.141.59.jar:/Users/jasmine/.m2/repository/com/beust/jcommander/1.72/jcommander-1.72.jar:/Users/jasmine/.m2/repository/org/apache/commons/commons-exec/1.3/commons-exec-1.3.jar:/Users/jasmine/.m2/repository/net/jcip/jcip-annotations/1.0/jcip-annotations-1.0.jar:/Users/jasmine/.m2/repository/org/seleniumhq/selenium/jetty-repacked/9.4.12.v20180830/jetty-repacked-9.4.12.v20180830.jar:/Users/jasmine/.m2/repository/com/squareup/okhttp3/okhttp/3.11.0/okhttp-3.11.0.jar:/Users/jasmine/.m2/repository/com/squareup/okio/okio/1.14.0/okio-1.14.0.jar:/Users/jasmine/.m2/repository/javax/servlet/javax.servlet-api/3.1.0/javax.servlet-api-3.1.0.jar:/Users/jasmine/.m2/repository/org/yaml/snakeyaml/1.19/snakeyaml-1.19.jar:/Users/jasmine/.m2/repository/org/seleniumhq/selenium/selenium-java/3.141.59/selenium-java-3.141.59.jar:/Users/jasmine/.m2/repository/org/seleniumhq/selenium/selenium-api/3.141.59/selenium-api-3.141.59.jar:/Users/jasmine/.m2/repository/org/seleniumhq/selenium/selenium-support/3.141.59/selenium-support-3.141.59.jar:/Users/jasmine/.m2/repository/org/seleniumhq/selenium/selenium-chrome-driver/3.141.59/selenium-chrome-driver-3.141.59.jar:/Users/jasmine/.m2/repository/org/seleniumhq/selenium/selenium-firefox-driver/3.141.59/selenium-firefox-driver-3.141.59.jar:/Users/jasmine/.m2/repository/org/seleniumhq/selenium/selenium-edge-driver/3.141.59/selenium-edge-driver-3.141.59.jar:/Users/jasmine/.m2/repository/org/seleniumhq/selenium/selenium-ie-driver/3.141.59/selenium-ie-driver-3.141.59.jar:/Users/jasmine/.m2/repository/net/sourceforge/htmlunit/htmlunit/2.47.1/htmlunit-2.47.1.jar:/Users/jasmine/.m2/repository/xalan/xalan/2.7.2/xalan-2.7.2.jar:/Users/jasmine/.m2/repository/xalan/serializer/2.7.2/serializer-2.7.2.jar:/Users/jasmine/.m2/repository/net/sourceforge/htmlunit/htmlunit-core-js/2.47.0/htmlunit-core-js-2.47.0.jar:/Users/jasmine/.m2/repository/net/sourceforge/htmlunit/neko-htmlunit/2.47.1/neko-htmlunit-2.47.1.jar:/Users/jasmine/.m2/repository/xerces/xercesImpl/2.12.0/xercesImpl-2.12.0.jar:/Users/jasmine/.m2/repository/xml-apis/xml-apis/1.4.01/xml-apis-1.4.01.jar:/Users/jasmine/.m2/repository/net/sourceforge/htmlunit/htmlunit-cssparser/1.7.0/htmlunit-cssparser-1.7.0.jar:/Users/jasmine/.m2/repository/org/brotli/dec/0.1.2/dec-0.1.2.jar:/Users/jasmine/.m2/repository/com/shapesecurity/salvation2/3.0.0/salvation2-3.0.0.jar:/Users/jasmine/.m2/repository/org/eclipse/jetty/websocket/websocket-client/9.4.36.v20210114/websocket-client-9.4.36.v20210114.jar:/Users/jasmine/.m2/repository/org/eclipse/jetty/jetty-client/9.4.36.v20210114/jetty-client-9.4.36.v20210114.jar:/Users/jasmine/.m2/repository/org/eclipse/jetty/jetty-http/9.4.36.v20210114/jetty-http-9.4.36.v20210114.jar:/Users/jasmine/.m2/repository/org/eclipse/jetty/jetty-util/9.4.36.v20210114/jetty-util-9.4.36.v20210114.jar:/Users/jasmine/.m2/repository/org/eclipse/jetty/jetty-io/9.4.36.v20210114/jetty-io-9.4.36.v20210114.jar:/Users/jasmine/.m2/repository/org/eclipse/jetty/websocket/websocket-common/9.4.36.v20210114/websocket-common-9.4.36.v20210114.jar:/Users/jasmine/.m2/repository/org/eclipse/jetty/websocket/websocket-api/9.4.36.v20210114/websocket-api-9.4.36.v20210114.jar:/Users/jasmine/.m2/repository/org/projectlombok/lombok/1.18.20/lombok-1.18.20.jar:/Users/jasmine/.m2/repository/org/seleniumhq/selenium/htmlunit-driver/2.47.1/htmlunit-driver-2.47.1.jar:/Users/jasmine/.m2/repository/com/codeborne/phantomjsdriver/1.4.4/phantomjsdriver-1.4.4.jar:/Users/jasmine/.m2/repository/io/appium/java-client/7.5.1/java-client-7.5.1.jar:/Users/jasmine/.m2/repository/commons-validator/commons-validator/1.7/commons-validator-1.7.jar:/Users/jasmine/.m2/repository/commons-digester/commons-digester/2.1/commons-digester-2.1.jar:/Users/jasmine/.m2/repository/org/aspectj/aspectjweaver/1.9.6/aspectjweaver-1.9.6.jar:/Users/jasmine/.m2/repository/net/sf/opencsv/opencsv/2.0/opencsv-2.0.jar:/Users/jasmine/.m2/repository/commons-beanutils/commons-beanutils/1.9.4/commons-beanutils-1.9.4.jar:/Users/jasmine/.m2/repository/org/apache/commons/commons-lang3/3.11/commons-lang3-3.11.jar:/Users/jasmine/.m2/repository/commons-collections/commons-collections/3.2.2/commons-collections-3.2.2.jar:/Users/jasmine/.m2/repository/org/fluentlenium/fluentlenium-core/0.10.2/fluentlenium-core-0.10.2.jar:/Users/jasmine/.m2/repository/io/github/bonigarcia/webdrivermanager/4.4.1/webdrivermanager-4.4.1.jar:/Users/jasmine/.m2/repository/org/apache/httpcomponents/client5/httpclient5/5.0.3/httpclient5-5.0.3.jar:/Users/jasmine/.m2/repository/org/apache/httpcomponents/core5/httpcore5/5.0.2/httpcore5-5.0.2.jar:/Users/jasmine/.m2/repository/org/apache/httpcomponents/core5/httpcore5-h2/5.0.2/httpcore5-h2-5.0.2.jar:/Users/jasmine/.m2/repository/org/rauschig/jarchivelib/1.1.0/jarchivelib-1.1.0.jar:/Users/jasmine/.m2/repository/org/apache/commons/commons-compress/1.20/commons-compress-1.20.jar:/Users/jasmine/.m2/repository/com/jhlabs/filters/2.0.235/filters-2.0.235.jar:/Users/jasmine/.m2/repository/com/paulhammant/ngwebdriver/1.1.5/ngwebdriver-1.1.5.jar:/Users/jasmine/.m2/repository/joda-time/joda-time/2.8.2/joda-time-2.8.2.jar:/Users/jasmine/.m2/repository/com/google/jimfs/jimfs/1.1/jimfs-1.1.jar:/Users/jasmine/.m2/repository/org/mockito/mockito-core/3.3.3/mockito-core-3.3.3.jar:/Users/jasmine/.m2/repository/javax/xml/bind/jaxb-api/2.3.1/jaxb-api-2.3.1.jar:/Users/jasmine/.m2/repository/javax/activation/javax.activation-api/1.2.0/javax.activation-api-1.2.0.jar:/Users/jasmine/.m2/repository/com/sun/xml/bind/jaxb-core/2.3.0.1/jaxb-core-2.3.0.1.jar:/Users/jasmine/.m2/repository/com/sun/xml/bind/jaxb-impl/2.3.3/jaxb-impl-2.3.3.jar:/Users/jasmine/.m2/repository/com/sun/activation/jakarta.activation/1.2.2/jakarta.activation-1.2.2.jar:/Users/jasmine/.m2/repository/javax/activation/activation/1.1.1/activation-1.1.1.jar:/Users/jasmine/.m2/repository/net/serenity-bdd/serenity-junit/2.4.51/serenity-junit-2.4.51.jar:/Users/jasmine/.m2/repository/com/googlecode/json-simple/json-simple/1.1.1/json-simple-1.1.1.jar:/Users/jasmine/.m2/repository/net/serenity-bdd/serenity-rest-assured/2.4.51/serenity-rest-assured-2.4.51.jar:/Users/jasmine/.m2/repository/org/codehaus/groovy/groovy-json/3.0.8/groovy-json-3.0.8.jar:/Users/jasmine/.m2/repository/org/opentest4j/opentest4j/1.2.0/opentest4j-1.2.0.jar:/Users/jasmine/.m2/repository/net/serenity-bdd/serenity-screenplay/2.4.51/serenity-screenplay-2.4.51.jar:/Users/jasmine/.m2/repository/net/serenity-bdd/serenity-screenplay-rest/2.4.51/serenity-screenplay-rest-2.4.51.jar:/Users/jasmine/.m2/repository/net/serenity-bdd/serenity-cucumber6/2.4.51/serenity-cucumber6-2.4.51.jar:/Users/jasmine/.m2/repository/net/serenity-bdd/serenity-screenplay-webdriver/2.4.51/serenity-screenplay-webdriver-2.4.51.jar:/Users/jasmine/.m2/repository/io/cucumber/cucumber-java/6.10.4/cucumber-java-6.10.4.jar:/Users/jasmine/.m2/repository/org/apiguardian/apiguardian-api/1.1.1/apiguardian-api-1.1.1.jar:/Users/jasmine/.m2/repository/io/cucumber/cucumber-junit/6.10.4/cucumber-junit-6.10.4.jar:/Users/jasmine/.m2/repository/io/cucumber/datatable-matchers/3.4.0/datatable-matchers-3.4.0.jar:/Users/jasmine/.m2/repository/io/cucumber/datatable/3.4.0/datatable-3.4.0.jar:/Users/jasmine/.m2/repository/commons-logging/commons-logging/1.2/commons-logging-1.2.jar:/Users/jasmine/.m2/repository/org/apache/commons/commons-csv/1.5/commons-csv-1.5.jar:/Users/jasmine/.m2/repository/com/github/javafaker/javafaker/1.0.2/javafaker-1.0.2.jar:/Users/jasmine/.m2/repository/org/yaml/snakeyaml/1.23/snakeyaml-1.23-android.jar:/Users/jasmine/.m2/repository/com/github/mifmif/generex/1.0.2/generex-1.0.2.jar:/Users/jasmine/.m2/repository/dk/brics/automaton/automaton/1.11-8/automaton-1.11-8.jar:/Users/jasmine/.m2/repository/io/rest-assured/rest-assured/4.3.2/rest-assured-4.3.2.jar:/Users/jasmine/.m2/repository/org/apache/httpcomponents/httpclient/4.5.3/httpclient-4.5.3.jar:/Users/jasmine/.m2/repository/org/apache/httpcomponents/httpcore/4.4.6/httpcore-4.4.6.jar:/Users/jasmine/.m2/repository/org/apache/httpcomponents/httpmime/4.5.3/httpmime-4.5.3.jar:/Users/jasmine/.m2/repository/org/ccil/cowan/tagsoup/tagsoup/1.2.1/tagsoup-1.2.1.jar:/Users/jasmine/.m2/repository/io/rest-assured/json-path/4.3.3/json-path-4.3.3.jar:/Users/jasmine/.m2/repository/io/rest-assured/rest-assured-common/4.3.3/rest-assured-common-4.3.3.jar:/Users/jasmine/.m2/repository/io/rest-assured/xml-path/4.3.3/xml-path-4.3.3.jar:/Users/jasmine/.m2/repository/jakarta/xml/bind/jakarta.xml.bind-api/2.3.3/jakarta.xml.bind-api-2.3.3.jar:/Users/jasmine/.m2/repository/jakarta/activation/jakarta.activation-api/1.2.2/jakarta.activation-api-1.2.2.jar:/Users/jasmine/.m2/repository/org/codehaus/groovy/groovy/3.0.6/groovy-3.0.6.jar:/Users/jasmine/.m2/repository/org/codehaus/groovy/groovy-xml/3.0.6/groovy-xml-3.0.6.jar:/Users/jasmine/.m2/repository/junit/junit/4.13.1/junit-4.13.1.jar:/Users/jasmine/.m2/repository/org/hamcrest/hamcrest-core/1.3/hamcrest-core-1.3.jar:/Users/jasmine/.m2/repository/org/assertj/assertj-core/3.6.2/assertj-core-3.6.2.jar:/Users/jasmine/.m2/repository/org/hamcrest/hamcrest/2.2/hamcrest-2.2.jar:/Users/jasmine/.m2/repository/org/json/json/20210307/json-20210307.jar:/Users/jasmine/.m2/repository/org/apache/maven/surefire/surefire-junit47/3.0.0-M5/surefire-junit47-3.0.0-M5.jar:/Users/jasmine/.m2/repository/org/apache/maven/surefire/common-java5/3.0.0-M5/common-java5-3.0.0-M5.jar:/Users/jasmine/.m2/repository/org/apache/maven/surefire/common-junit3/3.0.0-M5/common-junit3-3.0.0-M5.jar:/Users/jasmine/.m2/repository/org/apache/maven/surefire/common-junit4/3.0.0-M5/common-junit4-3.0.0-M5.jar:/Users/jasmine/.m2/repository/org/apache/maven/surefire/common-junit48/3.0.0-M5/common-junit48-3.0.0-M5.jar:/Users/jasmine/.m2/repository/org/apache/maven/surefire/surefire-grouper/3.0.0-M5/surefire-grouper-3.0.0-M5.jar"/>
    <property name="sun.management.compiler" value="HotSpot 64-Bit Tiered Compilers"/>
    <property name="ftp.nonProxyHosts" value="local|*.local|169.254/16|*.169.254/16"/>
    <property name="java.runtime.version" value="14.0.1+14"/>
    <property name="user.name" value="jasmine"/>
    <property name="path.separator" value=":"/>
    <property name="os.version" value="10.16"/>
    <property name="java.runtime.name" value="OpenJDK Runtime Environment"/>
    <property name="file.encoding" value="UTF-8"/>
    <property name="webdriver.base.url" value=""/>
    <property name="java.vm.name" value="OpenJDK 64-Bit Server VM"/>
    <property name="localRepository" value="/Users/jasmine/.m2/repository"/>
    <property name="java.vendor.url.bug" value="https://bugreport.java.com/bugreport/"/>
    <property name="java.io.tmpdir" value="/var/folders/5t/jwhkptc914l4cztc4t1r28zr0000gq/T/"/>
    <property name="java.version" value="14.0.1"/>
    <property name="user.dir" value="/Users/jasmine/Documents/alterra-mini-project"/>
    <property name="os.arch" value="x86_64"/>
    <property name="java.vm.specification.name" value="Java Virtual Machine Specification"/>
    <property name="java.library.path" value="/Users/jasmine/Library/Java/Extensions:/Library/Java/Extensions:/Network/Library/Java/Extensions:/System/Library/Java/Extensions:/usr/lib/java:."/>
    <property name="java.vm.info" value="mixed mode"/>
    <property name="java.vendor" value="N/A"/>
    <property name="java.vm.version" value="14.0.1+14"/>
    <property name="sun.io.unicode.encoding" value="UnicodeBig"/>
    <property name="socksNonProxyHosts" value="local|*.local|169.254/16|*.169.254/16"/>
    <property name="java.class.version" value="58.0"/>
  </properties>
  <testcase name="Login - Login success with data valid" classname="Auth" time="4.097">
    <system-out><![CDATA[22:56:07.861 [pool-2-thread-1] INFO io.cucumber.core.plugin.SerenityReporter - Running feature from file:///Users/jasmine/Documents/alterra-mini-project/src/test/resources/api/Auth.feature

22:56:07.864 [pool-2-thread-1] WARN io.cucumber.core.plugin.SerenityReporter - Feature from file:///Users/jasmine/Documents/alterra-mini-project/src/test/resources/api/Auth.feature is not under the 'features' directory. Requirements report will not be correctly generated!

22:56:08.030 [pool-2-thread-1] INFO  - 

-------------------------------------------------------------------------------------
     _______. _______ .______       _______ .__   __.  __  .___________.____    ____ 
    /       ||   ____||   _  \     |   ____||  \ |  | |  | |           |\   \  /   / 
   |   (----`|  |__   |  |_)  |    |  |__   |   \|  | |  | `---|  |----` \   \/   /  
    \   \    |   __|  |      /     |   __|  |  . `  | |  |     |  |       \_    _/   
.----)   |   |  |____ |  |\  \----.|  |____ |  |\   | |  |     |  |         |  |     
|_______/    |_______|| _| `._____||_______||__| \__| |__|     |__|         |__|    
                                                                                     
 News and tutorials at http://www.serenity-bdd.info                                  
 Documentation at https://wakaleo.gitbooks.io/the-serenity-book/content/             
 Join the Serenity Community on Gitter: https://gitter.im/serenity-bdd/serenity-core 
 Serenity BDD Support and Training at http://serenity-bdd.info/#/trainingandsupport  
-------------------------------------------------------------------------------------


22:56:08.032 [pool-2-thread-1] DEBUG net.thucydides.core.steps.StepEventBus - Test suite started for story net.thucydides.core.model.Story@cc1f74c4

22:56:08.036 [pool-2-thread-1] INFO  - Test Suite Started: Auth

22:56:08.051 [pool-2-thread-1] INFO io.cucumber.core.plugin.SerenityReporter - Running feature from file:///Users/jasmine/Documents/alterra-mini-project/src/test/resources/api/Categories.feature

22:56:08.052 [pool-2-thread-1] WARN io.cucumber.core.plugin.SerenityReporter - Feature from file:///Users/jasmine/Documents/alterra-mini-project/src/test/resources/api/Categories.feature is not under the 'features' directory. Requirements report will not be correctly generated!

22:56:08.057 [pool-2-thread-1] DEBUG net.thucydides.core.steps.StepEventBus - Test suite started for story net.thucydides.core.model.Story@71855244

22:56:08.058 [pool-2-thread-1] INFO  - Test Suite Started: Categories

22:56:08.058 [pool-2-thread-1] INFO io.cucumber.core.plugin.SerenityReporter - Running feature from file:///Users/jasmine/Documents/alterra-mini-project/src/test/resources/api/EndToEnd.feature

22:56:08.058 [pool-2-thread-1] WARN io.cucumber.core.plugin.SerenityReporter - Feature from file:///Users/jasmine/Documents/alterra-mini-project/src/test/resources/api/EndToEnd.feature is not under the 'features' directory. Requirements report will not be correctly generated!

22:56:08.061 [pool-2-thread-1] DEBUG net.thucydides.core.steps.StepEventBus - Test suite started for story net.thucydides.core.model.Story@2bdcf4ae

22:56:08.061 [pool-2-thread-1] INFO  - Test Suite Started: End To End

22:56:08.061 [pool-2-thread-1] INFO io.cucumber.core.plugin.SerenityReporter - Running feature from file:///Users/jasmine/Documents/alterra-mini-project/src/test/resources/api/Order.feature

22:56:08.061 [pool-2-thread-1] WARN io.cucumber.core.plugin.SerenityReporter - Feature from file:///Users/jasmine/Documents/alterra-mini-project/src/test/resources/api/Order.feature is not under the 'features' directory. Requirements report will not be correctly generated!

22:56:08.073 [pool-2-thread-1] DEBUG net.thucydides.core.steps.StepEventBus - Test suite started for story net.thucydides.core.model.Story@7c08818c

22:56:08.074 [pool-2-thread-1] INFO  - Test Suite Started: Order

22:56:08.074 [pool-2-thread-1] INFO io.cucumber.core.plugin.SerenityReporter - Running feature from file:///Users/jasmine/Documents/alterra-mini-project/src/test/resources/api/Product.feature

22:56:08.074 [pool-2-thread-1] WARN io.cucumber.core.plugin.SerenityReporter - Feature from file:///Users/jasmine/Documents/alterra-mini-project/src/test/resources/api/Product.feature is not under the 'features' directory. Requirements report will not be correctly generated!

22:56:08.082 [pool-2-thread-1] DEBUG net.thucydides.core.steps.StepEventBus - Test suite started for story net.thucydides.core.model.Story@b26263ac

22:56:08.083 [pool-2-thread-1] INFO  - Test Suite Started: Product


Scenario: Login - Login success with data valid &amp#27;[90m# src/test/resources/api/Auth.feature:7&amp#27;[0m
22:56:08.240 [pool-2-thread-1] INFO io.cucumber.core.plugin.SerenityReporter - Running feature from file:///Users/jasmine/Documents/alterra-mini-project/src/test/resources/api/Auth.feature
22:56:08.240 [pool-2-thread-1] WARN io.cucumber.core.plugin.SerenityReporter - Feature from file:///Users/jasmine/Documents/alterra-mini-project/src/test/resources/api/Auth.feature is not under the 'features' directory. Requirements report will not be correctly generated!
22:56:08.318 [pool-2-thread-1] INFO  - 
  _____   ___   ___   _____     ___   _____     _     ___   _____   ___   ___  
 |_   _| | __| / __| |_   _|   / __| |_   _|   /_\   | _ \ |_   _| | __| |   \ 
   | |   | _|  \__ \   | |     \__ \   | |    / _ \  |   /   | |   | _|  | |) |
   |_|   |___| |___/   |_|     |___/   |_|   /_/ \_\ |_|_\   |_|   |___| |___/ 

Login - Login success with data valid(auth;login---login-success-with-data-valid)
--------------------------------------------------------------------------------
22:56:08.822 [pool-2-thread-1] DEBUG net.thucydides.core.steps.StepInterceptor - STARTING STEP: AuthSteps.setAPIUrlLogin - User set api POST request login
22:56:08.824 [pool-2-thread-1] DEBUG net.thucydides.core.steps.StepInterceptor - STEP DONE: User set api POST request login
  &amp#27;[32mGiven &amp#27;[0m&amp#27;[32mUser set api POST request login&amp#27;[0m         &amp#27;[90m# starter.stepdefinitions.AuthSteps.setAPIUrlLogin()&amp#27;[0m
22:56:08.837 [pool-2-thread-1] DEBUG net.thucydides.core.steps.StepInterceptor - STARTING STEP: AuthSteps.userSendRequestBodyLogin - User send request body login
22:56:10.546 [pool-2-thread-1] DEBUG net.thucydides.core.steps.StepInterceptor - STARTING STEP: Login.sendPostLoginRequest - User set api POST request login
22:56:10.546 [pool-2-thread-1] DEBUG net.thucydides.core.steps.StepInterceptor - STEP DONE: User set api POST request login
22:56:11.693 [pool-2-thread-1] DEBUG net.thucydides.core.steps.StepInterceptor - STEP DONE: User send request body login
  &amp#27;[32mWhen &amp#27;[0m&amp#27;[32mUser send request body login&amp#27;[0m             &amp#27;[90m# starter.stepdefinitions.AuthSteps.userSendRequestBodyLogin()&amp#27;[0m
22:56:11.696 [pool-2-thread-1] DEBUG net.thucydides.core.steps.StepInterceptor - STARTING STEP: AuthSteps.userReceiveResponseCode - User receive response code 200
22:56:11.724 [pool-2-thread-1] DEBUG net.thucydides.core.steps.StepInterceptor - STEP DONE: User receive response code 200
  &amp#27;[32mThen &amp#27;[0m&amp#27;[32mUser receive response code 200&amp#27;[0m           &amp#27;[90m# starter.stepdefinitions.AuthSteps.userReceiveResponseCode()&amp#27;[0m
22:56:11.726 [pool-2-thread-1] DEBUG net.thucydides.core.steps.StepInterceptor - STARTING STEP: AuthSteps.userReceiveResponseBodySuccess - User receive response body success
22:56:12.174 [pool-2-thread-1] DEBUG net.thucydides.core.steps.StepInterceptor - STEP DONE: User receive response body success
  &amp#27;[32mAnd &amp#27;[0m&amp#27;[32mUser receive response body success&amp#27;[0m        &amp#27;[90m# starter.stepdefinitions.AuthSteps.userReceiveResponseBodySuccess()&amp#27;[0m
22:56:12.177 [pool-2-thread-1] INFO  - 
  _____   ___   ___   _____     ___     _     ___   ___   ___   ___  
 |_   _| | __| / __| |_   _|   | _ \   /_\   / __| / __| | __| |   \ 
   | |   | _|  \__ \   | |     |  _/  / _ \  \__ \ \__ \ | _|  | |) |
   |_|   |___| |___/   |_|     |_|   /_/ \_\ |___/ |___/ |___| |___/ 

Login - Login success with data valid
----------------------------------------------------------------------
]]></system-out>
  </testcase>
  <testcase name="Login - Login failed username valid but password invalid" classname="Auth" time="0.23">
    <system-out><![CDATA[
Scenario: Login - Login failed username valid but password invalid             &amp#27;[90m# src/test/resources/api/Auth.feature:13&amp#27;[0m
22:56:12.195 [pool-2-thread-1] INFO io.cucumber.core.plugin.SerenityReporter - Running feature from file:///Users/jasmine/Documents/alterra-mini-project/src/test/resources/api/Auth.feature
22:56:12.195 [pool-2-thread-1] WARN io.cucumber.core.plugin.SerenityReporter - Feature from file:///Users/jasmine/Documents/alterra-mini-project/src/test/resources/api/Auth.feature is not under the 'features' directory. Requirements report will not be correctly generated!
22:56:12.197 [pool-2-thread-1] INFO  - 
  _____   ___   ___   _____     ___   _____     _     ___   _____   ___   ___  
 |_   _| | __| / __| |_   _|   / __| |_   _|   /_\   | _ \ |_   _| | __| |   \ 
   | |   | _|  \__ \   | |     \__ \   | |    / _ \  |   /   | |   | _|  | |) |
   |_|   |___| |___/   |_|     |___/   |_|   /_/ \_\ |_|_\   |_|   |___| |___/ 

Login - Login failed username valid but password invalid(auth;login---login-failed-username-valid-but-password-invalid)
--------------------------------------------------------------------------------
22:56:12.215 [pool-2-thread-1] DEBUG net.thucydides.core.steps.StepInterceptor - STARTING STEP: AuthSteps.setAPIUrlLogin - User set api POST request login
22:56:12.215 [pool-2-thread-1] DEBUG net.thucydides.core.steps.StepInterceptor - STEP DONE: User set api POST request login
  &amp#27;[32mGiven &amp#27;[0m&amp#27;[32mUser set api POST request login&amp#27;[0m                                        &amp#27;[90m# starter.stepdefinitions.AuthSteps.setAPIUrlLogin()&amp#27;[0m
22:56:12.217 [pool-2-thread-1] DEBUG net.thucydides.core.steps.StepInterceptor - STARTING STEP: AuthSteps.userSendRequestBodyLoginFailedUsernameValidButPasswordInvalid - User send request body login failed username valid but password invalid
22:56:12.219 [pool-2-thread-1] DEBUG net.thucydides.core.steps.StepInterceptor - STARTING STEP: Login.setRequestBodyFailedScenario2 - User set api POST request login
22:56:12.219 [pool-2-thread-1] DEBUG net.thucydides.core.steps.StepInterceptor - STEP DONE: User set api POST request login
22:56:12.394 [pool-2-thread-1] DEBUG net.thucydides.core.steps.StepInterceptor - STEP DONE: User send request body login failed username valid but password invalid
  &amp#27;[32mWhen &amp#27;[0m&amp#27;[32mUser send request body login failed username valid but password invalid&amp#27;[0m &amp#27;[90m# starter.stepdefinitions.AuthSteps.userSendRequestBodyLoginFailedUsernameValidButPasswordInvalid()&amp#27;[0m
22:56:12.397 [pool-2-thread-1] DEBUG net.thucydides.core.steps.StepInterceptor - STARTING STEP: AuthSteps.userReceiveResponseCodeError - User receive response code 400
22:56:12.398 [pool-2-thread-1] DEBUG net.thucydides.core.steps.StepInterceptor - STEP DONE: User receive response code 400
  &amp#27;[32mThen &amp#27;[0m&amp#27;[32mUser receive response code 400&amp#27;[0m                                          &amp#27;[90m# starter.stepdefinitions.AuthSteps.userReceiveResponseCodeError()&amp#27;[0m
22:56:12.400 [pool-2-thread-1] DEBUG net.thucydides.core.steps.StepInterceptor - STARTING STEP: AuthSteps.userReceiveResponseBodyErrorRecordNotFound - User receive response body error record not found
22:56:12.409 [pool-2-thread-1] DEBUG net.thucydides.core.steps.StepInterceptor - STEP DONE: User receive response body error record not found
  &amp#27;[32mAnd &amp#27;[0m&amp#27;[32mUser receive response body error record not found&amp#27;[0m                        &amp#27;[90m# starter.stepdefinitions.AuthSteps.userReceiveResponseBodyErrorRecordNotFound()&amp#27;[0m
22:56:12.411 [pool-2-thread-1] INFO  - 
  _____   ___   ___   _____     ___     _     ___   ___   ___   ___  
 |_   _| | __| / __| |_   _|   | _ \   /_\   / __| / __| | __| |   \ 
   | |   | _|  \__ \   | |     |  _/  / _ \  \__ \ \__ \ | _|  | |) |
   |_|   |___| |___/   |_|     |_|   /_/ \_\ |___/ |___/ |___| |___/ 

Login - Login failed username valid but password invalid
----------------------------------------------------------------------
]]></system-out>
  </testcase>
  <testcase name="Login - Login failed not registered" classname="Auth" time="0.22">
    <system-out><![CDATA[
Scenario: Login - Login failed not registered         &amp#27;[90m# src/test/resources/api/Auth.feature:19&amp#27;[0m
22:56:12.429 [pool-2-thread-1] INFO io.cucumber.core.plugin.SerenityReporter - Running feature from file:///Users/jasmine/Documents/alterra-mini-project/src/test/resources/api/Auth.feature
22:56:12.429 [pool-2-thread-1] WARN io.cucumber.core.plugin.SerenityReporter - Feature from file:///Users/jasmine/Documents/alterra-mini-project/src/test/resources/api/Auth.feature is not under the 'features' directory. Requirements report will not be correctly generated!
22:56:12.431 [pool-2-thread-1] INFO  - 
  _____   ___   ___   _____     ___   _____     _     ___   _____   ___   ___  
 |_   _| | __| / __| |_   _|   / __| |_   _|   /_\   | _ \ |_   _| | __| |   \ 
   | |   | _|  \__ \   | |     \__ \   | |    / _ \  |   /   | |   | _|  | |) |
   |_|   |___| |___/   |_|     |___/   |_|   /_/ \_\ |_|_\   |_|   |___| |___/ 

Login - Login failed not registered(auth;login---login-failed-not-registered)
--------------------------------------------------------------------------------
22:56:12.446 [pool-2-thread-1] DEBUG net.thucydides.core.steps.StepInterceptor - STARTING STEP: AuthSteps.setAPIUrlLogin - User set api POST request login
22:56:12.447 [pool-2-thread-1] DEBUG net.thucydides.core.steps.StepInterceptor - STEP DONE: User set api POST request login
  &amp#27;[32mGiven &amp#27;[0m&amp#27;[32mUser set api POST request login&amp#27;[0m               &amp#27;[90m# starter.stepdefinitions.AuthSteps.setAPIUrlLogin()&amp#27;[0m
22:56:12.449 [pool-2-thread-1] DEBUG net.thucydides.core.steps.StepInterceptor - STARTING STEP: AuthSteps.userSendRequestBodyLoginNotRegistered - User send request body login not registered
22:56:12.450 [pool-2-thread-1] DEBUG net.thucydides.core.steps.StepInterceptor - STARTING STEP: Login.sendPostLoginRequestNotRegistered - User set api POST request login
22:56:12.450 [pool-2-thread-1] DEBUG net.thucydides.core.steps.StepInterceptor - STEP DONE: User set api POST request login
22:56:12.616 [pool-2-thread-1] DEBUG net.thucydides.core.steps.StepInterceptor - STEP DONE: User send request body login not registered
  &amp#27;[32mWhen &amp#27;[0m&amp#27;[32mUser send request body login not registered&amp#27;[0m    &amp#27;[90m# starter.stepdefinitions.AuthSteps.userSendRequestBodyLoginNotRegistered()&amp#27;[0m
22:56:12.619 [pool-2-thread-1] DEBUG net.thucydides.core.steps.StepInterceptor - STARTING STEP: AuthSteps.userReceiveResponseCodeError - User receive response code 400
22:56:12.619 [pool-2-thread-1] DEBUG net.thucydides.core.steps.StepInterceptor - STEP DONE: User receive response code 400
  &amp#27;[32mThen &amp#27;[0m&amp#27;[32mUser receive response code 400&amp#27;[0m                 &amp#27;[90m# starter.stepdefinitions.AuthSteps.userReceiveResponseCodeError()&amp#27;[0m
22:56:12.622 [pool-2-thread-1] DEBUG net.thucydides.core.steps.StepInterceptor - STARTING STEP: AuthSteps.userReceiveResponseBodyErrorNotRegistered - User receive response body error not registered
22:56:12.629 [pool-2-thread-1] DEBUG net.thucydides.core.steps.StepInterceptor - STEP DONE: User receive response body error not registered
  &amp#27;[32mAnd &amp#27;[0m&amp#27;[32mUser receive response body error not registered&amp#27;[0m &amp#27;[90m# starter.stepdefinitions.AuthSteps.userReceiveResponseBodyErrorNotRegistered()&amp#27;[0m
22:56:12.631 [pool-2-thread-1] INFO  - 
  _____   ___   ___   _____     ___     _     ___   ___   ___   ___  
 |_   _| | __| / __| |_   _|   | _ \   /_\   / __| / __| | __| |   \ 
   | |   | _|  \__ \   | |     |  _/  / _ \  \__ \ \__ \ | _|  | |) |
   |_|   |___| |___/   |_|     |_|   /_/ \_\ |___/ |___/ |___| |___/ 

Login - Login failed not registered
----------------------------------------------------------------------
]]></system-out>
  </testcase>
  <testcase name="Login - Login failed all empty" classname="Auth" time="0.2">
    <system-out><![CDATA[
Scenario: Login - Login failed all empty                 &amp#27;[90m# src/test/resources/api/Auth.feature:25&amp#27;[0m
22:56:12.643 [pool-2-thread-1] INFO io.cucumber.core.plugin.SerenityReporter - Running feature from file:///Users/jasmine/Documents/alterra-mini-project/src/test/resources/api/Auth.feature
22:56:12.643 [pool-2-thread-1] WARN io.cucumber.core.plugin.SerenityReporter - Feature from file:///Users/jasmine/Documents/alterra-mini-project/src/test/resources/api/Auth.feature is not under the 'features' directory. Requirements report will not be correctly generated!
22:56:12.644 [pool-2-thread-1] INFO  - 
  _____   ___   ___   _____     ___   _____     _     ___   _____   ___   ___  
 |_   _| | __| / __| |_   _|   / __| |_   _|   /_\   | _ \ |_   _| | __| |   \ 
   | |   | _|  \__ \   | |     \__ \   | |    / _ \  |   /   | |   | _|  | |) |
   |_|   |___| |___/   |_|     |___/   |_|   /_/ \_\ |_|_\   |_|   |___| |___/ 

Login - Login failed all empty(auth;login---login-failed-all-empty)
--------------------------------------------------------------------------------
22:56:12.657 [pool-2-thread-1] DEBUG net.thucydides.core.steps.StepInterceptor - STARTING STEP: AuthSteps.setAPIUrlLogin - User set api POST request login
22:56:12.658 [pool-2-thread-1] DEBUG net.thucydides.core.steps.StepInterceptor - STEP DONE: User set api POST request login
  &amp#27;[32mGiven &amp#27;[0m&amp#27;[32mUser set api POST request login&amp#27;[0m                  &amp#27;[90m# starter.stepdefinitions.AuthSteps.setAPIUrlLogin()&amp#27;[0m
22:56:12.660 [pool-2-thread-1] DEBUG net.thucydides.core.steps.StepInterceptor - STARTING STEP: AuthSteps.userSendRequestBodyLoginFailedAllEmpty - User send request body login failed all empty
22:56:12.661 [pool-2-thread-1] DEBUG net.thucydides.core.steps.StepInterceptor - STARTING STEP: Login.setRequestBodyLoginFailedAllEmpty - User set api POST request login
22:56:12.661 [pool-2-thread-1] DEBUG net.thucydides.core.steps.StepInterceptor - STEP DONE: User set api POST request login
22:56:12.817 [pool-2-thread-1] DEBUG net.thucydides.core.steps.StepInterceptor - STEP DONE: User send request body login failed all empty
  &amp#27;[32mWhen &amp#27;[0m&amp#27;[32mUser send request body login failed all empty&amp#27;[0m     &amp#27;[90m# starter.stepdefinitions.AuthSteps.userSendRequestBodyLoginFailedAllEmpty()&amp#27;[0m
22:56:12.820 [pool-2-thread-1] DEBUG net.thucydides.core.steps.StepInterceptor - STARTING STEP: AuthSteps.userReceiveResponseCodeError - User receive response code 400
22:56:12.820 [pool-2-thread-1] DEBUG net.thucydides.core.steps.StepInterceptor - STEP DONE: User receive response code 400
  &amp#27;[32mThen &amp#27;[0m&amp#27;[32mUser receive response code 400&amp#27;[0m                    &amp#27;[90m# starter.stepdefinitions.AuthSteps.userReceiveResponseCodeError()&amp#27;[0m
22:56:12.823 [pool-2-thread-1] DEBUG net.thucydides.core.steps.StepInterceptor - STARTING STEP: AuthSteps.userReceiveResponseBodyErrorEmailIsRequired - User receive response body error email is required
22:56:12.830 [pool-2-thread-1] DEBUG net.thucydides.core.steps.StepInterceptor - STEP DONE: User receive response body error email is required
  &amp#27;[32mAnd &amp#27;[0m&amp#27;[32mUser receive response body error email is required&amp#27;[0m &amp#27;[90m# starter.stepdefinitions.AuthSteps.userReceiveResponseBodyErrorEmailIsRequired()&amp#27;[0m
22:56:12.832 [pool-2-thread-1] INFO  - 
  _____   ___   ___   _____     ___     _     ___   ___   ___   ___  
 |_   _| | __| / __| |_   _|   | _ \   /_\   / __| / __| | __| |   \ 
   | |   | _|  \__ \   | |     |  _/  / _ \  \__ \ \__ \ | _|  | |) |
   |_|   |___| |___/   |_|     |_|   /_/ \_\ |___/ |___/ |___| |___/ 

Login - Login failed all empty
----------------------------------------------------------------------
]]></system-out>
  </testcase>
  <testcase name="Login - Login failed email empty" classname="Auth" time="0.196">
    <system-out><![CDATA[
Scenario: Login - Login failed email empty               &amp#27;[90m# src/test/resources/api/Auth.feature:31&amp#27;[0m
22:56:12.842 [pool-2-thread-1] INFO io.cucumber.core.plugin.SerenityReporter - Running feature from file:///Users/jasmine/Documents/alterra-mini-project/src/test/resources/api/Auth.feature
22:56:12.842 [pool-2-thread-1] WARN io.cucumber.core.plugin.SerenityReporter - Feature from file:///Users/jasmine/Documents/alterra-mini-project/src/test/resources/api/Auth.feature is not under the 'features' directory. Requirements report will not be correctly generated!
22:56:12.843 [pool-2-thread-1] INFO  - 
  _____   ___   ___   _____     ___   _____     _     ___   _____   ___   ___  
 |_   _| | __| / __| |_   _|   / __| |_   _|   /_\   | _ \ |_   _| | __| |   \ 
   | |   | _|  \__ \   | |     \__ \   | |    / _ \  |   /   | |   | _|  | |) |
   |_|   |___| |___/   |_|     |___/   |_|   /_/ \_\ |_|_\   |_|   |___| |___/ 

Login - Login failed email empty(auth;login---login-failed-email-empty)
--------------------------------------------------------------------------------
22:56:12.855 [pool-2-thread-1] DEBUG net.thucydides.core.steps.StepInterceptor - STARTING STEP: AuthSteps.setAPIUrlLogin - User set api POST request login
22:56:12.855 [pool-2-thread-1] DEBUG net.thucydides.core.steps.StepInterceptor - STEP DONE: User set api POST request login
  &amp#27;[32mGiven &amp#27;[0m&amp#27;[32mUser set api POST request login&amp#27;[0m                  &amp#27;[90m# starter.stepdefinitions.AuthSteps.setAPIUrlLogin()&amp#27;[0m
22:56:12.857 [pool-2-thread-1] DEBUG net.thucydides.core.steps.StepInterceptor - STARTING STEP: AuthSteps.userSendRequestBodyLoginFailedEmailEmpty - User send request body login failed email empty
22:56:12.859 [pool-2-thread-1] DEBUG net.thucydides.core.steps.StepInterceptor - STARTING STEP: Login.setRequestEmailEmpty - User set api POST request login
22:56:12.859 [pool-2-thread-1] DEBUG net.thucydides.core.steps.StepInterceptor - STEP DONE: User set api POST request login
22:56:13.014 [pool-2-thread-1] DEBUG net.thucydides.core.steps.StepInterceptor - STEP DONE: User send request body login failed email empty
  &amp#27;[32mWhen &amp#27;[0m&amp#27;[32mUser send request body login failed email empty&amp#27;[0m   &amp#27;[90m# starter.stepdefinitions.AuthSteps.userSendRequestBodyLoginFailedEmailEmpty()&amp#27;[0m
22:56:13.016 [pool-2-thread-1] DEBUG net.thucydides.core.steps.StepInterceptor - STARTING STEP: AuthSteps.userReceiveResponseCodeError - User receive response code 400
22:56:13.017 [pool-2-thread-1] DEBUG net.thucydides.core.steps.StepInterceptor - STEP DONE: User receive response code 400
  &amp#27;[32mThen &amp#27;[0m&amp#27;[32mUser receive response code 400&amp#27;[0m                    &amp#27;[90m# starter.stepdefinitions.AuthSteps.userReceiveResponseCodeError()&amp#27;[0m
22:56:13.019 [pool-2-thread-1] DEBUG net.thucydides.core.steps.StepInterceptor - STARTING STEP: AuthSteps.userReceiveResponseBodyErrorEmailIsRequired - User receive response body error email is required
22:56:13.026 [pool-2-thread-1] DEBUG net.thucydides.core.steps.StepInterceptor - STEP DONE: User receive response body error email is required
  &amp#27;[32mAnd &amp#27;[0m&amp#27;[32mUser receive response body error email is required&amp#27;[0m &amp#27;[90m# starter.stepdefinitions.AuthSteps.userReceiveResponseBodyErrorEmailIsRequired()&amp#27;[0m
22:56:13.027 [pool-2-thread-1] INFO  - 
  _____   ___   ___   _____     ___     _     ___   ___   ___   ___  
 |_   _| | __| / __| |_   _|   | _ \   /_\   / __| / __| | __| |   \ 
   | |   | _|  \__ \   | |     |  _/  / _ \  \__ \ \__ \ | _|  | |) |
   |_|   |___| |___/   |_|     |_|   /_/ \_\ |___/ |___/ |___| |___/ 

Login - Login failed email empty
----------------------------------------------------------------------
]]></system-out>
  </testcase>
  <testcase name="Login - Login failed password empty" classname="Auth" time="0.203">
    <system-out><![CDATA[
Scenario: Login - Login failed password empty               &amp#27;[90m# src/test/resources/api/Auth.feature:37&amp#27;[0m
22:56:13.036 [pool-2-thread-1] INFO io.cucumber.core.plugin.SerenityReporter - Running feature from file:///Users/jasmine/Documents/alterra-mini-project/src/test/resources/api/Auth.feature
22:56:13.036 [pool-2-thread-1] WARN io.cucumber.core.plugin.SerenityReporter - Feature from file:///Users/jasmine/Documents/alterra-mini-project/src/test/resources/api/Auth.feature is not under the 'features' directory. Requirements report will not be correctly generated!
22:56:13.037 [pool-2-thread-1] INFO  - 
  _____   ___   ___   _____     ___   _____     _     ___   _____   ___   ___  
 |_   _| | __| / __| |_   _|   / __| |_   _|   /_\   | _ \ |_   _| | __| |   \ 
   | |   | _|  \__ \   | |     \__ \   | |    / _ \  |   /   | |   | _|  | |) |
   |_|   |___| |___/   |_|     |___/   |_|   /_/ \_\ |_|_\   |_|   |___| |___/ 

Login - Login failed password empty(auth;login---login-failed-password-empty)
--------------------------------------------------------------------------------
22:56:13.050 [pool-2-thread-1] DEBUG net.thucydides.core.steps.StepInterceptor - STARTING STEP: AuthSteps.setAPIUrlLogin - User set api POST request login
22:56:13.051 [pool-2-thread-1] DEBUG net.thucydides.core.steps.StepInterceptor - STEP DONE: User set api POST request login
  &amp#27;[32mGiven &amp#27;[0m&amp#27;[32mUser set api POST request login&amp#27;[0m                     &amp#27;[90m# starter.stepdefinitions.AuthSteps.setAPIUrlLogin()&amp#27;[0m
22:56:13.053 [pool-2-thread-1] DEBUG net.thucydides.core.steps.StepInterceptor - STARTING STEP: AuthSteps.userSendRequestBodyLoginFailedPasswordEmpty - User send request body login failed password empty
22:56:13.054 [pool-2-thread-1] DEBUG net.thucydides.core.steps.StepInterceptor - STARTING STEP: Login.setRequestPasswordEmpty - User set api POST request login
22:56:13.054 [pool-2-thread-1] DEBUG net.thucydides.core.steps.StepInterceptor - STEP DONE: User set api POST request login
22:56:13.217 [pool-2-thread-1] DEBUG net.thucydides.core.steps.StepInterceptor - STEP DONE: User send request body login failed password empty
  &amp#27;[32mWhen &amp#27;[0m&amp#27;[32mUser send request body login failed password empty&amp#27;[0m   &amp#27;[90m# starter.stepdefinitions.AuthSteps.userSendRequestBodyLoginFailedPasswordEmpty()&amp#27;[0m
22:56:13.219 [pool-2-thread-1] DEBUG net.thucydides.core.steps.StepInterceptor - STARTING STEP: AuthSteps.userReceiveResponseCodeError - User receive response code 400
22:56:13.220 [pool-2-thread-1] DEBUG net.thucydides.core.steps.StepInterceptor - STEP DONE: User receive response code 400
  &amp#27;[32mThen &amp#27;[0m&amp#27;[32mUser receive response code 400&amp#27;[0m                       &amp#27;[90m# starter.stepdefinitions.AuthSteps.userReceiveResponseCodeError()&amp#27;[0m
22:56:13.221 [pool-2-thread-1] DEBUG net.thucydides.core.steps.StepInterceptor - STARTING STEP: AuthSteps.userReceiveResponseBodyErrorPasswordIsRequired - User receive response body error password is required
22:56:13.229 [pool-2-thread-1] DEBUG net.thucydides.core.steps.StepInterceptor - STEP DONE: User receive response body error password is required
  &amp#27;[32mAnd &amp#27;[0m&amp#27;[32mUser receive response body error password is required&amp#27;[0m &amp#27;[90m# starter.stepdefinitions.AuthSteps.userReceiveResponseBodyErrorPasswordIsRequired()&amp#27;[0m
22:56:13.230 [pool-2-thread-1] INFO  - 
  _____   ___   ___   _____     ___     _     ___   ___   ___   ___  
 |_   _| | __| / __| |_   _|   | _ \   /_\   / __| / __| | __| |   \ 
   | |   | _|  \__ \   | |     |  _/  / _ \  \__ \ \__ \ | _|  | |) |
   |_|   |___| |___/   |_|     |_|   /_/ \_\ |___/ |___/ |___| |___/ 

Login - Login failed password empty
----------------------------------------------------------------------
]]></system-out>
  </testcase>
  <testcase name="Register - Register Success with data valid" classname="Auth" time="0.23">
    <system-out><![CDATA[
Scenario: Register - Register Success with data valid &amp#27;[90m# src/test/resources/api/Auth.feature:43&amp#27;[0m
22:56:13.238 [pool-2-thread-1] INFO io.cucumber.core.plugin.SerenityReporter - Running feature from file:///Users/jasmine/Documents/alterra-mini-project/src/test/resources/api/Auth.feature
22:56:13.238 [pool-2-thread-1] WARN io.cucumber.core.plugin.SerenityReporter - Feature from file:///Users/jasmine/Documents/alterra-mini-project/src/test/resources/api/Auth.feature is not under the 'features' directory. Requirements report will not be correctly generated!
22:56:13.239 [pool-2-thread-1] INFO  - 
  _____   ___   ___   _____     ___   _____     _     ___   _____   ___   ___  
 |_   _| | __| / __| |_   _|   / __| |_   _|   /_\   | _ \ |_   _| | __| |   \ 
   | |   | _|  \__ \   | |     \__ \   | |    / _ \  |   /   | |   | _|  | |) |
   |_|   |___| |___/   |_|     |___/   |_|   /_/ \_\ |_|_\   |_|   |___| |___/ 

Register - Register Success with data valid(auth;register---register-success-with-data-valid)
--------------------------------------------------------------------------------
22:56:13.251 [pool-2-thread-1] DEBUG net.thucydides.core.steps.StepInterceptor - STARTING STEP: AuthSteps.userSetApiPOSTRequestRegister - User set api POST request register
22:56:13.252 [pool-2-thread-1] DEBUG net.thucydides.core.steps.StepInterceptor - STEP DONE: User set api POST request register
  &amp#27;[32mGiven &amp#27;[0m&amp#27;[32mUser set api POST request register&amp#27;[0m            &amp#27;[90m# starter.stepdefinitions.AuthSteps.userSetApiPOSTRequestRegister()&amp#27;[0m
22:56:13.254 [pool-2-thread-1] DEBUG net.thucydides.core.steps.StepInterceptor - STARTING STEP: AuthSteps.userSendRequestBodyRegisterSuccess - User send request body register success
22:56:13.255 [pool-2-thread-1] DEBUG net.thucydides.core.steps.StepInterceptor - STARTING STEP: Register.sendPostRegisterSuccess - User set api POST request register
22:56:13.255 [pool-2-thread-1] DEBUG net.thucydides.core.steps.StepInterceptor - STEP DONE: User set api POST request register
22:56:13.401 [pool-2-thread-1] DEBUG net.thucydides.core.steps.StepInterceptor - STEP DONE: User send request body register success
  &amp#27;[32mWhen &amp#27;[0m&amp#27;[32mUser send request body register success&amp#27;[0m        &amp#27;[90m# starter.stepdefinitions.AuthSteps.userSendRequestBodyRegisterSuccess()&amp#27;[0m
22:56:13.403 [pool-2-thread-1] DEBUG net.thucydides.core.steps.StepInterceptor - STARTING STEP: AuthSteps.userReceiveResponseCode - User receive response code 200
22:56:13.403 [pool-2-thread-1] DEBUG net.thucydides.core.steps.StepInterceptor - STEP DONE: User receive response code 200
  &amp#27;[32mThen &amp#27;[0m&amp#27;[32mUser receive response code 200&amp#27;[0m                 &amp#27;[90m# starter.stepdefinitions.AuthSteps.userReceiveResponseCode()&amp#27;[0m
22:56:13.405 [pool-2-thread-1] DEBUG net.thucydides.core.steps.StepInterceptor - STARTING STEP: AuthSteps.userReceiveResponseBodySuccessRegister - User receive response body success register
22:56:13.459 [pool-2-thread-1] DEBUG net.thucydides.core.steps.StepInterceptor - STEP DONE: User receive response body success register
  &amp#27;[32mAnd &amp#27;[0m&amp#27;[32mUser receive response body success register&amp#27;[0m     &amp#27;[90m# starter.stepdefinitions.AuthSteps.userReceiveResponseBodySuccessRegister()&amp#27;[0m
22:56:13.460 [pool-2-thread-1] INFO  - 
  _____   ___   ___   _____     ___     _     ___   ___   ___   ___  
 |_   _| | __| / __| |_   _|   | _ \   /_\   / __| / __| | __| |   \ 
   | |   | _|  \__ \   | |     |  _/  / _ \  \__ \ \__ \ | _|  | |) |
   |_|   |___| |___/   |_|     |_|   /_/ \_\ |___/ |___/ |___| |___/ 

Register - Register Success with data valid
----------------------------------------------------------------------
]]></system-out>
  </testcase>
  <testcase name="Register - Register failed with all data empty" classname="Auth" time="0.204">
    <system-out><![CDATA[
Scenario: Register - Register failed with all data empty      &amp#27;[90m# src/test/resources/api/Auth.feature:49&amp#27;[0m
22:56:13.468 [pool-2-thread-1] INFO io.cucumber.core.plugin.SerenityReporter - Running feature from file:///Users/jasmine/Documents/alterra-mini-project/src/test/resources/api/Auth.feature
22:56:13.468 [pool-2-thread-1] WARN io.cucumber.core.plugin.SerenityReporter - Feature from file:///Users/jasmine/Documents/alterra-mini-project/src/test/resources/api/Auth.feature is not under the 'features' directory. Requirements report will not be correctly generated!
22:56:13.470 [pool-2-thread-1] INFO  - 
  _____   ___   ___   _____     ___   _____     _     ___   _____   ___   ___  
 |_   _| | __| / __| |_   _|   / __| |_   _|   /_\   | _ \ |_   _| | __| |   \ 
   | |   | _|  \__ \   | |     \__ \   | |    / _ \  |   /   | |   | _|  | |) |
   |_|   |___| |___/   |_|     |___/   |_|   /_/ \_\ |_|_\   |_|   |___| |___/ 

Register - Register failed with all data empty(auth;register---register-failed-with-all-data-empty)
--------------------------------------------------------------------------------
22:56:13.481 [pool-2-thread-1] DEBUG net.thucydides.core.steps.StepInterceptor - STARTING STEP: AuthSteps.userSetApiPOSTRequestRegister - User set api POST request register
22:56:13.481 [pool-2-thread-1] DEBUG net.thucydides.core.steps.StepInterceptor - STEP DONE: User set api POST request register
  &amp#27;[32mGiven &amp#27;[0m&amp#27;[32mUser set api POST request register&amp#27;[0m                    &amp#27;[90m# starter.stepdefinitions.AuthSteps.userSetApiPOSTRequestRegister()&amp#27;[0m
22:56:13.483 [pool-2-thread-1] DEBUG net.thucydides.core.steps.StepInterceptor - STARTING STEP: AuthSteps.userSendRequestBodyRegisterAllEmpty - User send request body register all empty
22:56:13.484 [pool-2-thread-1] DEBUG net.thucydides.core.steps.StepInterceptor - STARTING STEP: Register.sendPostRegisterAllEmpty - User set api POST request register
22:56:13.484 [pool-2-thread-1] DEBUG net.thucydides.core.steps.StepInterceptor - STEP DONE: User set api POST request register
22:56:13.650 [pool-2-thread-1] DEBUG net.thucydides.core.steps.StepInterceptor - STEP DONE: User send request body register all empty
  &amp#27;[32mWhen &amp#27;[0m&amp#27;[32mUser send request body register all empty&amp#27;[0m              &amp#27;[90m# starter.stepdefinitions.AuthSteps.userSendRequestBodyRegisterAllEmpty()&amp#27;[0m
22:56:13.652 [pool-2-thread-1] DEBUG net.thucydides.core.steps.StepInterceptor - STARTING STEP: AuthSteps.userReceiveResponseCodeError - User receive response code 400
22:56:13.654 [pool-2-thread-1] DEBUG net.thucydides.core.steps.StepInterceptor - STEP DONE: User receive response code 400
  &amp#27;[32mThen &amp#27;[0m&amp#27;[32mUser receive response code 400&amp#27;[0m                         &amp#27;[90m# starter.stepdefinitions.AuthSteps.userReceiveResponseCodeError()&amp#27;[0m
22:56:13.656 [pool-2-thread-1] DEBUG net.thucydides.core.steps.StepInterceptor - STARTING STEP: AuthSteps.userReceiveResponseBodyErrorRegisterFormRequired - User receive response body error register form required
22:56:13.663 [pool-2-thread-1] DEBUG net.thucydides.core.steps.StepInterceptor - STEP DONE: User receive response body error register form required
  &amp#27;[32mAnd &amp#27;[0m&amp#27;[32mUser receive response body error register form required&amp#27;[0m &amp#27;[90m# starter.stepdefinitions.AuthSteps.userReceiveResponseBodyErrorRegisterFormRequired()&amp#27;[0m
22:56:13.664 [pool-2-thread-1] INFO  - 
  _____   ___   ___   _____     ___     _     ___   ___   ___   ___  
 |_   _| | __| / __| |_   _|   | _ \   /_\   / __| / __| | __| |   \ 
   | |   | _|  \__ \   | |     |  _/  / _ \  \__ \ \__ \ | _|  | |) |
   |_|   |___| |___/   |_|     |_|   /_/ \_\ |___/ |___/ |___| |___/ 

Register - Register failed with all data empty
----------------------------------------------------------------------
]]></system-out>
  </testcase>
  <testcase name="Register - Register failed with email empty" classname="Auth" time="0.196">
    <system-out><![CDATA[
Scenario: Register - Register failed with email empty         &amp#27;[90m# src/test/resources/api/Auth.feature:55&amp#27;[0m
22:56:13.672 [pool-2-thread-1] INFO io.cucumber.core.plugin.SerenityReporter - Running feature from file:///Users/jasmine/Documents/alterra-mini-project/src/test/resources/api/Auth.feature
22:56:13.672 [pool-2-thread-1] WARN io.cucumber.core.plugin.SerenityReporter - Feature from file:///Users/jasmine/Documents/alterra-mini-project/src/test/resources/api/Auth.feature is not under the 'features' directory. Requirements report will not be correctly generated!
22:56:13.674 [pool-2-thread-1] INFO  - 
  _____   ___   ___   _____     ___   _____     _     ___   _____   ___   ___  
 |_   _| | __| / __| |_   _|   / __| |_   _|   /_\   | _ \ |_   _| | __| |   \ 
   | |   | _|  \__ \   | |     \__ \   | |    / _ \  |   /   | |   | _|  | |) |
   |_|   |___| |___/   |_|     |___/   |_|   /_/ \_\ |_|_\   |_|   |___| |___/ 

Register - Register failed with email empty(auth;register---register-failed-with-email-empty)
--------------------------------------------------------------------------------
22:56:13.690 [pool-2-thread-1] DEBUG net.thucydides.core.steps.StepInterceptor - STARTING STEP: AuthSteps.userSetApiPOSTRequestRegister - User set api POST request register
22:56:13.691 [pool-2-thread-1] DEBUG net.thucydides.core.steps.StepInterceptor - STEP DONE: User set api POST request register
  &amp#27;[32mGiven &amp#27;[0m&amp#27;[32mUser set api POST request register&amp#27;[0m                    &amp#27;[90m# starter.stepdefinitions.AuthSteps.userSetApiPOSTRequestRegister()&amp#27;[0m
22:56:13.692 [pool-2-thread-1] DEBUG net.thucydides.core.steps.StepInterceptor - STARTING STEP: AuthSteps.userSendRequestBodyRegisterEmailEmpty - User send request body register email empty
22:56:13.694 [pool-2-thread-1] DEBUG net.thucydides.core.steps.StepInterceptor - STARTING STEP: Register.sendPostRegisterEmailEmpty - User set api POST request register
22:56:13.694 [pool-2-thread-1] DEBUG net.thucydides.core.steps.StepInterceptor - STEP DONE: User set api POST request register
22:56:13.846 [pool-2-thread-1] DEBUG net.thucydides.core.steps.StepInterceptor - STEP DONE: User send request body register email empty
  &amp#27;[32mWhen &amp#27;[0m&amp#27;[32mUser send request body register email empty&amp#27;[0m            &amp#27;[90m# starter.stepdefinitions.AuthSteps.userSendRequestBodyRegisterEmailEmpty()&amp#27;[0m
22:56:13.849 [pool-2-thread-1] DEBUG net.thucydides.core.steps.StepInterceptor - STARTING STEP: AuthSteps.userReceiveResponseCodeError - User receive response code 400
22:56:13.849 [pool-2-thread-1] DEBUG net.thucydides.core.steps.StepInterceptor - STEP DONE: User receive response code 400
  &amp#27;[32mThen &amp#27;[0m&amp#27;[32mUser receive response code 400&amp#27;[0m                         &amp#27;[90m# starter.stepdefinitions.AuthSteps.userReceiveResponseCodeError()&amp#27;[0m
22:56:13.851 [pool-2-thread-1] DEBUG net.thucydides.core.steps.StepInterceptor - STARTING STEP: AuthSteps.userReceiveResponseBodyErrorRegisterFormRequired - User receive response body error register form required
22:56:13.859 [pool-2-thread-1] DEBUG net.thucydides.core.steps.StepInterceptor - STEP DONE: User receive response body error register form required
  &amp#27;[32mAnd &amp#27;[0m&amp#27;[32mUser receive response body error register form required&amp#27;[0m &amp#27;[90m# starter.stepdefinitions.AuthSteps.userReceiveResponseBodyErrorRegisterFormRequired()&amp#27;[0m
22:56:13.860 [pool-2-thread-1] INFO  - 
  _____   ___   ___   _____     ___     _     ___   ___   ___   ___  
 |_   _| | __| / __| |_   _|   | _ \   /_\   / __| / __| | __| |   \ 
   | |   | _|  \__ \   | |     |  _/  / _ \  \__ \ \__ \ | _|  | |) |
   |_|   |___| |___/   |_|     |_|   /_/ \_\ |___/ |___/ |___| |___/ 

Register - Register failed with email empty
----------------------------------------------------------------------
]]></system-out>
  </testcase>
  <testcase name="Register - Register failed with fullname empty" classname="Auth" time="0.185">
    <system-out><![CDATA[
Scenario: Register - Register failed with fullname empty               &amp#27;[90m# src/test/resources/api/Auth.feature:61&amp#27;[0m
22:56:13.868 [pool-2-thread-1] INFO io.cucumber.core.plugin.SerenityReporter - Running feature from file:///Users/jasmine/Documents/alterra-mini-project/src/test/resources/api/Auth.feature
22:56:13.868 [pool-2-thread-1] WARN io.cucumber.core.plugin.SerenityReporter - Feature from file:///Users/jasmine/Documents/alterra-mini-project/src/test/resources/api/Auth.feature is not under the 'features' directory. Requirements report will not be correctly generated!
22:56:13.869 [pool-2-thread-1] INFO  - 
  _____   ___   ___   _____     ___   _____     _     ___   _____   ___   ___  
 |_   _| | __| / __| |_   _|   / __| |_   _|   /_\   | _ \ |_   _| | __| |   \ 
   | |   | _|  \__ \   | |     \__ \   | |    / _ \  |   /   | |   | _|  | |) |
   |_|   |___| |___/   |_|     |___/   |_|   /_/ \_\ |_|_\   |_|   |___| |___/ 

Register - Register failed with fullname empty(auth;register---register-failed-with-fullname-empty)
--------------------------------------------------------------------------------
22:56:13.879 [pool-2-thread-1] DEBUG net.thucydides.core.steps.StepInterceptor - STARTING STEP: AuthSteps.userSetApiPOSTRequestRegister - User set api POST request register
22:56:13.879 [pool-2-thread-1] DEBUG net.thucydides.core.steps.StepInterceptor - STEP DONE: User set api POST request register
  &amp#27;[32mGiven &amp#27;[0m&amp#27;[32mUser set api POST request register&amp#27;[0m                             &amp#27;[90m# starter.stepdefinitions.AuthSteps.userSetApiPOSTRequestRegister()&amp#27;[0m
22:56:13.881 [pool-2-thread-1] DEBUG net.thucydides.core.steps.StepInterceptor - STARTING STEP: AuthSteps.userSendRequestBodyRegisterFullnameEmpty - User send request body register fullname empty
22:56:13.882 [pool-2-thread-1] DEBUG net.thucydides.core.steps.StepInterceptor - STARTING STEP: Register.sendPostRegisterFullnameEmpty - User set api POST request register
22:56:13.882 [pool-2-thread-1] DEBUG net.thucydides.core.steps.StepInterceptor - STEP DONE: User set api POST request register
22:56:14.030 [pool-2-thread-1] DEBUG net.thucydides.core.steps.StepInterceptor - STEP DONE: User send request body register fullname empty
  &amp#27;[32mWhen &amp#27;[0m&amp#27;[32mUser send request body register fullname empty&amp#27;[0m                  &amp#27;[90m# starter.stepdefinitions.AuthSteps.userSendRequestBodyRegisterFullnameEmpty()&amp#27;[0m
22:56:14.033 [pool-2-thread-1] DEBUG net.thucydides.core.steps.StepInterceptor - STARTING STEP: AuthSteps.userReceiveResponseCodeError - User receive response code 400
22:56:14.033 [pool-2-thread-1] DEBUG net.thucydides.core.steps.StepInterceptor - STEP DONE: User receive response code 400
  &amp#27;[32mThen &amp#27;[0m&amp#27;[32mUser receive response code 400&amp#27;[0m                                  &amp#27;[90m# starter.stepdefinitions.AuthSteps.userReceiveResponseCodeError()&amp#27;[0m
22:56:14.035 [pool-2-thread-1] DEBUG net.thucydides.core.steps.StepInterceptor - STARTING STEP: AuthSteps.userReceiveResponseBodyErrorRegisterFormFullnameRequired - User receive response body error register form fullname required
22:56:14.044 [pool-2-thread-1] DEBUG net.thucydides.core.steps.StepInterceptor - STEP DONE: User receive response body error register form fullname required
  &amp#27;[32mAnd &amp#27;[0m&amp#27;[32mUser receive response body error register form fullname required&amp#27;[0m &amp#27;[90m# starter.stepdefinitions.AuthSteps.userReceiveResponseBodyErrorRegisterFormFullnameRequired()&amp#27;[0m
22:56:14.045 [pool-2-thread-1] INFO  - 
  _____   ___   ___   _____     ___     _     ___   ___   ___   ___  
 |_   _| | __| / __| |_   _|   | _ \   /_\   / __| / __| | __| |   \ 
   | |   | _|  \__ \   | |     |  _/  / _ \  \__ \ \__ \ | _|  | |) |
   |_|   |___| |___/   |_|     |_|   /_/ \_\ |___/ |___/ |___| |___/ 

Register - Register failed with fullname empty
----------------------------------------------------------------------
]]></system-out>
  </testcase>
  <testcase name="Register - Register failed with password empty" classname="Auth" time="0.183">
    <system-out><![CDATA[
Scenario: Register - Register failed with password empty               &amp#27;[90m# src/test/resources/api/Auth.feature:67&amp#27;[0m
22:56:14.055 [pool-2-thread-1] INFO io.cucumber.core.plugin.SerenityReporter - Running feature from file:///Users/jasmine/Documents/alterra-mini-project/src/test/resources/api/Auth.feature
22:56:14.055 [pool-2-thread-1] WARN io.cucumber.core.plugin.SerenityReporter - Feature from file:///Users/jasmine/Documents/alterra-mini-project/src/test/resources/api/Auth.feature is not under the 'features' directory. Requirements report will not be correctly generated!
22:56:14.056 [pool-2-thread-1] INFO  - 
  _____   ___   ___   _____     ___   _____     _     ___   _____   ___   ___  
 |_   _| | __| / __| |_   _|   / __| |_   _|   /_\   | _ \ |_   _| | __| |   \ 
   | |   | _|  \__ \   | |     \__ \   | |    / _ \  |   /   | |   | _|  | |) |
   |_|   |___| |___/   |_|     |___/   |_|   /_/ \_\ |_|_\   |_|   |___| |___/ 

Register - Register failed with password empty(auth;register---register-failed-with-password-empty)
--------------------------------------------------------------------------------
22:56:14.066 [pool-2-thread-1] DEBUG net.thucydides.core.steps.StepInterceptor - STARTING STEP: AuthSteps.userSetApiPOSTRequestRegister - User set api POST request register
22:56:14.066 [pool-2-thread-1] DEBUG net.thucydides.core.steps.StepInterceptor - STEP DONE: User set api POST request register
  &amp#27;[32mGiven &amp#27;[0m&amp#27;[32mUser set api POST request register&amp#27;[0m                             &amp#27;[90m# starter.stepdefinitions.AuthSteps.userSetApiPOSTRequestRegister()&amp#27;[0m
22:56:14.068 [pool-2-thread-1] DEBUG net.thucydides.core.steps.StepInterceptor - STARTING STEP: AuthSteps.userSendRequestBodyRegisterPasswordEmpty - User send request body register password empty
22:56:14.069 [pool-2-thread-1] DEBUG net.thucydides.core.steps.StepInterceptor - STARTING STEP: Register.sendPostRegisterPasswordEmpty - User set api POST request register
22:56:14.069 [pool-2-thread-1] DEBUG net.thucydides.core.steps.StepInterceptor - STEP DONE: User set api POST request register
22:56:14.215 [pool-2-thread-1] DEBUG net.thucydides.core.steps.StepInterceptor - STEP DONE: User send request body register password empty
  &amp#27;[32mWhen &amp#27;[0m&amp#27;[32mUser send request body register password empty&amp#27;[0m                  &amp#27;[90m# starter.stepdefinitions.AuthSteps.userSendRequestBodyRegisterPasswordEmpty()&amp#27;[0m
22:56:14.218 [pool-2-thread-1] DEBUG net.thucydides.core.steps.StepInterceptor - STARTING STEP: AuthSteps.userReceiveResponseCodeError - User receive response code 400
22:56:14.219 [pool-2-thread-1] DEBUG net.thucydides.core.steps.StepInterceptor - STEP DONE: User receive response code 400
  &amp#27;[32mThen &amp#27;[0m&amp#27;[32mUser receive response code 400&amp#27;[0m                                  &amp#27;[90m# starter.stepdefinitions.AuthSteps.userReceiveResponseCodeError()&amp#27;[0m
22:56:14.220 [pool-2-thread-1] DEBUG net.thucydides.core.steps.StepInterceptor - STARTING STEP: AuthSteps.userReceiveResponseBodyErrorRegisterFormPasswordRequired - User receive response body error register form password required
22:56:14.227 [pool-2-thread-1] DEBUG net.thucydides.core.steps.StepInterceptor - STEP DONE: User receive response body error register form password required
  &amp#27;[32mAnd &amp#27;[0m&amp#27;[32mUser receive response body error register form password required&amp#27;[0m &amp#27;[90m# starter.stepdefinitions.AuthSteps.userReceiveResponseBodyErrorRegisterFormPasswordRequired()&amp#27;[0m
22:56:14.228 [pool-2-thread-1] INFO  - 
  _____   ___   ___   _____     ___     _     ___   ___   ___   ___  
 |_   _| | __| / __| |_   _|   | _ \   /_\   / __| / __| | __| |   \ 
   | |   | _|  \__ \   | |     |  _/  / _ \  \__ \ \__ \ | _|  | |) |
   |_|   |___| |___/   |_|     |_|   /_/ \_\ |___/ |___/ |___| |___/ 

Register - Register failed with password empty
----------------------------------------------------------------------
]]></system-out>
  </testcase>
  <testcase name="Register - Register already exist" classname="Auth" time="0.206">
    <system-out><![CDATA[
Scenario: Register - Register already exist                   &amp#27;[90m# src/test/resources/api/Auth.feature:73&amp#27;[0m
22:56:14.236 [pool-2-thread-1] INFO io.cucumber.core.plugin.SerenityReporter - Running feature from file:///Users/jasmine/Documents/alterra-mini-project/src/test/resources/api/Auth.feature
22:56:14.236 [pool-2-thread-1] WARN io.cucumber.core.plugin.SerenityReporter - Feature from file:///Users/jasmine/Documents/alterra-mini-project/src/test/resources/api/Auth.feature is not under the 'features' directory. Requirements report will not be correctly generated!
22:56:14.237 [pool-2-thread-1] INFO  - 
  _____   ___   ___   _____     ___   _____     _     ___   _____   ___   ___  
 |_   _| | __| / __| |_   _|   / __| |_   _|   /_\   | _ \ |_   _| | __| |   \ 
   | |   | _|  \__ \   | |     \__ \   | |    / _ \  |   /   | |   | _|  | |) |
   |_|   |___| |___/   |_|     |___/   |_|   /_/ \_\ |_|_\   |_|   |___| |___/ 

Register - Register already exist(auth;register---register-already-exist)
--------------------------------------------------------------------------------
22:56:14.246 [pool-2-thread-1] DEBUG net.thucydides.core.steps.StepInterceptor - STARTING STEP: AuthSteps.userSetApiPOSTRequestRegister - User set api POST request register
22:56:14.246 [pool-2-thread-1] DEBUG net.thucydides.core.steps.StepInterceptor - STEP DONE: User set api POST request register
  &amp#27;[32mGiven &amp#27;[0m&amp#27;[32mUser set api POST request register&amp#27;[0m                    &amp#27;[90m# starter.stepdefinitions.AuthSteps.userSetApiPOSTRequestRegister()&amp#27;[0m
22:56:14.248 [pool-2-thread-1] DEBUG net.thucydides.core.steps.StepInterceptor - STARTING STEP: AuthSteps.userSendRequestBodyRegisterAlreadyExist - User send request body register already exist
22:56:14.249 [pool-2-thread-1] DEBUG net.thucydides.core.steps.StepInterceptor - STARTING STEP: Register.sendPostRegisterAlreadyExist - User set api POST request register
22:56:14.249 [pool-2-thread-1] DEBUG net.thucydides.core.steps.StepInterceptor - STEP DONE: User set api POST request register
22:56:14.415 [pool-2-thread-1] DEBUG net.thucydides.core.steps.StepInterceptor - STEP DONE: User send request body register already exist
  &amp#27;[32mWhen &amp#27;[0m&amp#27;[32mUser send request body register already exist&amp#27;[0m          &amp#27;[90m# starter.stepdefinitions.AuthSteps.userSendRequestBodyRegisterAlreadyExist()&amp#27;[0m
22:56:14.417 [pool-2-thread-1] DEBUG net.thucydides.core.steps.StepInterceptor - STARTING STEP: AuthSteps.userReceiveResponseCodeError - User receive response code 400
22:56:14.418 [pool-2-thread-1] DEBUG net.thucydides.core.steps.StepInterceptor - STEP DONE: User receive response code 400
  &amp#27;[32mThen &amp#27;[0m&amp#27;[32mUser receive response code 400&amp#27;[0m                         &amp#27;[90m# starter.stepdefinitions.AuthSteps.userReceiveResponseCodeError()&amp#27;[0m
22:56:14.419 [pool-2-thread-1] DEBUG net.thucydides.core.steps.StepInterceptor - STARTING STEP: AuthSteps.userReceiveResponseBodyErrorRegisterAlreadyExist - User receive response body error register already exist
22:56:14.432 [pool-2-thread-1] DEBUG net.thucydides.core.steps.StepInterceptor - STEP DONE: User receive response body error register already exist
  &amp#27;[32mAnd &amp#27;[0m&amp#27;[32mUser receive response body error register already exist&amp#27;[0m &amp#27;[90m# starter.stepdefinitions.AuthSteps.userReceiveResponseBodyErrorRegisterAlreadyExist()&amp#27;[0m
22:56:14.434 [pool-2-thread-1] INFO  - 
  _____   ___   ___   _____     ___     _     ___   ___   ___   ___  
 |_   _| | __| / __| |_   _|   | _ \   /_\   / __| / __| | __| |   \ 
   | |   | _|  \__ \   | |     |  _/  / _ \  \__ \ \__ \ | _|  | |) |
   |_|   |___| |___/   |_|     |_|   /_/ \_\ |___/ |___/ |___| |___/ 

Register - Register already exist
----------------------------------------------------------------------
]]></system-out>
  </testcase>
  <testcase name="Get Information - Get Information with token valid" classname="Auth" time="0.44">
    <system-out><![CDATA[
Scenario: Get Information - Get Information with token valid &amp#27;[90m# src/test/resources/api/Auth.feature:79&amp#27;[0m
22:56:14.443 [pool-2-thread-1] INFO io.cucumber.core.plugin.SerenityReporter - Running feature from file:///Users/jasmine/Documents/alterra-mini-project/src/test/resources/api/Auth.feature
22:56:14.443 [pool-2-thread-1] WARN io.cucumber.core.plugin.SerenityReporter - Feature from file:///Users/jasmine/Documents/alterra-mini-project/src/test/resources/api/Auth.feature is not under the 'features' directory. Requirements report will not be correctly generated!
22:56:14.445 [pool-2-thread-1] INFO  - 
  _____   ___   ___   _____     ___   _____     _     ___   _____   ___   ___  
 |_   _| | __| / __| |_   _|   / __| |_   _|   /_\   | _ \ |_   _| | __| |   \ 
   | |   | _|  \__ \   | |     \__ \   | |    / _ \  |   /   | |   | _|  | |) |
   |_|   |___| |___/   |_|     |___/   |_|   /_/ \_\ |_|_\   |_|   |___| |___/ 

Get Information - Get Information with token valid(auth;get-information---get-information-with-token-valid)
--------------------------------------------------------------------------------
22:56:14.456 [pool-2-thread-1] DEBUG net.thucydides.core.steps.StepInterceptor - STARTING STEP: AuthSteps.userSetApiGetRequestGetInformationUser - User set api POST request login
22:56:14.457 [pool-2-thread-1] DEBUG net.thucydides.core.steps.StepInterceptor - STEP DONE: User set api POST request login
22:56:14.457 [pool-2-thread-1] DEBUG net.thucydides.core.steps.StepInterceptor - STARTING STEP: AuthSteps.userSetApiGetRequestGetInformationUser - User send request body login
22:56:14.459 [pool-2-thread-1] DEBUG net.thucydides.core.steps.StepInterceptor - STARTING STEP: Login.sendPostLoginRequest - User set api POST request login
22:56:14.459 [pool-2-thread-1] DEBUG net.thucydides.core.steps.StepInterceptor - STEP DONE: User set api POST request login
22:56:14.626 [pool-2-thread-1] DEBUG net.thucydides.core.steps.StepInterceptor - STEP DONE: User send request body login
22:56:14.627 [pool-2-thread-1] DEBUG net.thucydides.core.steps.StepInterceptor - STARTING STEP: AuthSteps.userSetApiGetRequestGetInformationUser - User set api Get request Get Information user
22:56:14.627 [pool-2-thread-1] DEBUG net.thucydides.core.steps.StepInterceptor - STEP DONE: User set api Get request Get Information user
  &amp#27;[32mGiven &amp#27;[0m&amp#27;[32mUser set api Get request Get Information user&amp#27;[0m        &amp#27;[90m# starter.stepdefinitions.AuthSteps.userSetApiGetRequestGetInformationUser()&amp#27;[0m
22:56:14.629 [pool-2-thread-1] DEBUG net.thucydides.core.steps.StepInterceptor - STARTING STEP: AuthSteps.userSendRequestUrlGetInformation - User receive response body success
22:56:14.640 [pool-2-thread-1] DEBUG net.thucydides.core.steps.StepInterceptor - STEP DONE: User receive response body success
22:56:14.641 [pool-2-thread-1] DEBUG net.thucydides.core.steps.StepInterceptor - STARTING STEP: AuthSteps.userSendRequestUrlGetInformation - User send request url get information
22:56:14.642 [pool-2-thread-1] DEBUG net.thucydides.core.steps.StepInterceptor - STARTING STEP: GetInformation.sendRequestGetInfo - User set api Get request Get Information user
22:56:14.643 [pool-2-thread-1] DEBUG net.thucydides.core.steps.StepInterceptor - STEP DONE: User set api Get request Get Information user
22:56:14.826 [pool-2-thread-1] DEBUG net.thucydides.core.steps.StepInterceptor - STEP DONE: User send request url get information
  &amp#27;[32mWhen &amp#27;[0m&amp#27;[32mUser send request url get information&amp#27;[0m                 &amp#27;[90m# starter.stepdefinitions.AuthSteps.userSendRequestUrlGetInformation()&amp#27;[0m
22:56:14.828 [pool-2-thread-1] DEBUG net.thucydides.core.steps.StepInterceptor - STARTING STEP: AuthSteps.userReceiveResponseCode - User receive response code 200
22:56:14.829 [pool-2-thread-1] DEBUG net.thucydides.core.steps.StepInterceptor - STEP DONE: User receive response code 200
  &amp#27;[32mThen &amp#27;[0m&amp#27;[32mUser receive response code 200&amp#27;[0m                        &amp#27;[90m# starter.stepdefinitions.AuthSteps.userReceiveResponseCode()&amp#27;[0m
22:56:14.830 [pool-2-thread-1] DEBUG net.thucydides.core.steps.StepInterceptor - STARTING STEP: AuthSteps.userReceiveResponseBodySuccessGetInformation - User receive response body success get information
22:56:14.873 [pool-2-thread-1] DEBUG net.thucydides.core.steps.StepInterceptor - STEP DONE: User receive response body success get information
  &amp#27;[32mAnd &amp#27;[0m&amp#27;[32mUser receive response body success get information&amp#27;[0m     &amp#27;[90m# starter.stepdefinitions.AuthSteps.userReceiveResponseBodySuccessGetInformation()&amp#27;[0m
22:56:14.874 [pool-2-thread-1] INFO  - 
  _____   ___   ___   _____     ___     _     ___   ___   ___   ___  
 |_   _| | __| / __| |_   _|   | _ \   /_\   / __| / __| | __| |   \ 
   | |   | _|  \__ \   | |     |  _/  / _ \  \__ \ \__ \ | _|  | |) |
   |_|   |___| |___/   |_|     |_|   /_/ \_\ |___/ |___/ |___| |___/ 

Get Information - Get Information with token valid
----------------------------------------------------------------------
]]></system-out>
  </testcase>
  <testcase name="Get Information - Get Information with token empty" classname="Auth" time="0.344">
    <system-out><![CDATA[
Scenario: Get Information - Get Information with token empty        &amp#27;[90m# src/test/resources/api/Auth.feature:85&amp#27;[0m
22:56:14.882 [pool-2-thread-1] INFO io.cucumber.core.plugin.SerenityReporter - Running feature from file:///Users/jasmine/Documents/alterra-mini-project/src/test/resources/api/Auth.feature
22:56:14.883 [pool-2-thread-1] WARN io.cucumber.core.plugin.SerenityReporter - Feature from file:///Users/jasmine/Documents/alterra-mini-project/src/test/resources/api/Auth.feature is not under the 'features' directory. Requirements report will not be correctly generated!
22:56:14.884 [pool-2-thread-1] INFO  - 
  _____   ___   ___   _____     ___   _____     _     ___   _____   ___   ___  
 |_   _| | __| / __| |_   _|   / __| |_   _|   /_\   | _ \ |_   _| | __| |   \ 
   | |   | _|  \__ \   | |     \__ \   | |    / _ \  |   /   | |   | _|  | |) |
   |_|   |___| |___/   |_|     |___/   |_|   /_/ \_\ |_|_\   |_|   |___| |___/ 

Get Information - Get Information with token empty(auth;get-information---get-information-with-token-empty)
--------------------------------------------------------------------------------
22:56:14.893 [pool-2-thread-1] DEBUG net.thucydides.core.steps.StepInterceptor - STARTING STEP: AuthSteps.userSetApiGetRequestGetInformationUser - User set api POST request login
22:56:14.893 [pool-2-thread-1] DEBUG net.thucydides.core.steps.StepInterceptor - STEP DONE: User set api POST request login
22:56:14.893 [pool-2-thread-1] DEBUG net.thucydides.core.steps.StepInterceptor - STARTING STEP: AuthSteps.userSetApiGetRequestGetInformationUser - User send request body login
22:56:14.895 [pool-2-thread-1] DEBUG net.thucydides.core.steps.StepInterceptor - STARTING STEP: Login.sendPostLoginRequest - User set api POST request login
22:56:14.895 [pool-2-thread-1] DEBUG net.thucydides.core.steps.StepInterceptor - STEP DONE: User set api POST request login
22:56:15.046 [pool-2-thread-1] DEBUG net.thucydides.core.steps.StepInterceptor - STEP DONE: User send request body login
22:56:15.047 [pool-2-thread-1] DEBUG net.thucydides.core.steps.StepInterceptor - STARTING STEP: AuthSteps.userSetApiGetRequestGetInformationUser - User set api Get request Get Information user
22:56:15.047 [pool-2-thread-1] DEBUG net.thucydides.core.steps.StepInterceptor - STEP DONE: User set api Get request Get Information user
  &amp#27;[32mGiven &amp#27;[0m&amp#27;[32mUser set api Get request Get Information user&amp#27;[0m               &amp#27;[90m# starter.stepdefinitions.AuthSteps.userSetApiGetRequestGetInformationUser()&amp#27;[0m
22:56:15.048 [pool-2-thread-1] DEBUG net.thucydides.core.steps.StepInterceptor - STARTING STEP: AuthSteps.userSendRequestUrlGetInformationTokenEmpty - User send request url get information token empty
22:56:15.050 [pool-2-thread-1] DEBUG net.thucydides.core.steps.StepInterceptor - STARTING STEP: GetInformation.sendRequestGetInfoEmpty - User set api Get request Get Information user
22:56:15.050 [pool-2-thread-1] DEBUG net.thucydides.core.steps.StepInterceptor - STEP DONE: User set api Get request Get Information user
22:56:15.205 [pool-2-thread-1] DEBUG net.thucydides.core.steps.StepInterceptor - STEP DONE: User send request url get information token empty
  &amp#27;[32mWhen &amp#27;[0m&amp#27;[32mUser send request url get information token empty&amp#27;[0m            &amp#27;[90m# starter.stepdefinitions.AuthSteps.userSendRequestUrlGetInformationTokenEmpty()&amp#27;[0m
22:56:15.208 [pool-2-thread-1] DEBUG net.thucydides.core.steps.StepInterceptor - STARTING STEP: AuthSteps.userReceiveResponseCode401 - User receive response code 401
22:56:15.209 [pool-2-thread-1] DEBUG net.thucydides.core.steps.StepInterceptor - STEP DONE: User receive response code 401
  &amp#27;[32mThen &amp#27;[0m&amp#27;[32mUser receive response code 401&amp#27;[0m                               &amp#27;[90m# starter.stepdefinitions.AuthSteps.userReceiveResponseCode401()&amp#27;[0m
22:56:15.210 [pool-2-thread-1] DEBUG net.thucydides.core.steps.StepInterceptor - STARTING STEP: AuthSteps.userReceiveResponseBodyFailedGetInformationTokenEmpty - User receive response body failed get information token empty
22:56:15.217 [pool-2-thread-1] DEBUG net.thucydides.core.steps.StepInterceptor - STEP DONE: User receive response body failed get information token empty
  &amp#27;[32mAnd &amp#27;[0m&amp#27;[32mUser receive response body failed get information token empty&amp#27;[0m &amp#27;[90m# starter.stepdefinitions.AuthSteps.userReceiveResponseBodyFailedGetInformationTokenEmpty()&amp#27;[0m
22:56:15.218 [pool-2-thread-1] INFO  - 
  _____   ___   ___   _____     ___     _     ___   ___   ___   ___  
 |_   _| | __| / __| |_   _|   | _ \   /_\   / __| / __| | __| |   \ 
   | |   | _|  \__ \   | |     |  _/  / _ \  \__ \ \__ \ | _|  | |) |
   |_|   |___| |___/   |_|     |_|   /_/ \_\ |___/ |___/ |___| |___/ 

Get Information - Get Information with token empty
----------------------------------------------------------------------
]]></system-out>
  </testcase>
  <testcase name="Get Information - Get Information with token invalid" classname="Auth" time="0.352">
    <system-out><![CDATA[
Scenario: Get Information - Get Information with token invalid         &amp#27;[90m# src/test/resources/api/Auth.feature:91&amp#27;[0m
22:56:15.226 [pool-2-thread-1] INFO io.cucumber.core.plugin.SerenityReporter - Running feature from file:///Users/jasmine/Documents/alterra-mini-project/src/test/resources/api/Auth.feature
22:56:15.226 [pool-2-thread-1] WARN io.cucumber.core.plugin.SerenityReporter - Feature from file:///Users/jasmine/Documents/alterra-mini-project/src/test/resources/api/Auth.feature is not under the 'features' directory. Requirements report will not be correctly generated!
22:56:15.227 [pool-2-thread-1] INFO  - 
  _____   ___   ___   _____     ___   _____     _     ___   _____   ___   ___  
 |_   _| | __| / __| |_   _|   / __| |_   _|   /_\   | _ \ |_   _| | __| |   \ 
   | |   | _|  \__ \   | |     \__ \   | |    / _ \  |   /   | |   | _|  | |) |
   |_|   |___| |___/   |_|     |___/   |_|   /_/ \_\ |_|_\   |_|   |___| |___/ 

Get Information - Get Information with token invalid(auth;get-information---get-information-with-token-invalid)
--------------------------------------------------------------------------------
22:56:15.237 [pool-2-thread-1] DEBUG net.thucydides.core.steps.StepInterceptor - STARTING STEP: AuthSteps.userSetApiGetRequestGetInformationUser - User set api POST request login
22:56:15.237 [pool-2-thread-1] DEBUG net.thucydides.core.steps.StepInterceptor - STEP DONE: User set api POST request login
22:56:15.237 [pool-2-thread-1] DEBUG net.thucydides.core.steps.StepInterceptor - STARTING STEP: AuthSteps.userSetApiGetRequestGetInformationUser - User send request body login
22:56:15.238 [pool-2-thread-1] DEBUG net.thucydides.core.steps.StepInterceptor - STARTING STEP: Login.sendPostLoginRequest - User set api POST request login
22:56:15.238 [pool-2-thread-1] DEBUG net.thucydides.core.steps.StepInterceptor - STEP DONE: User set api POST request login
22:56:15.409 [pool-2-thread-1] DEBUG net.thucydides.core.steps.StepInterceptor - STEP DONE: User send request body login
22:56:15.409 [pool-2-thread-1] DEBUG net.thucydides.core.steps.StepInterceptor - STARTING STEP: AuthSteps.userSetApiGetRequestGetInformationUser - User set api Get request Get Information user
22:56:15.409 [pool-2-thread-1] DEBUG net.thucydides.core.steps.StepInterceptor - STEP DONE: User set api Get request Get Information user
  &amp#27;[32mGiven &amp#27;[0m&amp#27;[32mUser set api Get request Get Information user&amp#27;[0m                  &amp#27;[90m# starter.stepdefinitions.AuthSteps.userSetApiGetRequestGetInformationUser()&amp#27;[0m
22:56:15.411 [pool-2-thread-1] DEBUG net.thucydides.core.steps.StepInterceptor - STARTING STEP: AuthSteps.userSendRequestUrlGetInformationTokenInvalid - User send request url get information token invalid
22:56:15.412 [pool-2-thread-1] DEBUG net.thucydides.core.steps.StepInterceptor - STARTING STEP: GetInformation.sendRequestGetInfoTokenInvalid - User set api Get request Get Information user
22:56:15.412 [pool-2-thread-1] DEBUG net.thucydides.core.steps.StepInterceptor - STEP DONE: User set api Get request Get Information user
22:56:15.557 [pool-2-thread-1] DEBUG net.thucydides.core.steps.StepInterceptor - STEP DONE: User send request url get information token invalid
  &amp#27;[32mWhen &amp#27;[0m&amp#27;[32mUser send request url get information token invalid&amp#27;[0m             &amp#27;[90m# starter.stepdefinitions.AuthSteps.userSendRequestUrlGetInformationTokenInvalid()&amp#27;[0m
22:56:15.559 [pool-2-thread-1] DEBUG net.thucydides.core.steps.StepInterceptor - STARTING STEP: AuthSteps.userReceiveResponseCode401 - User receive response code 401
22:56:15.560 [pool-2-thread-1] DEBUG net.thucydides.core.steps.StepInterceptor - STEP DONE: User receive response code 401
  &amp#27;[32mThen &amp#27;[0m&amp#27;[32mUser receive response code 401&amp#27;[0m                                  &amp#27;[90m# starter.stepdefinitions.AuthSteps.userReceiveResponseCode401()&amp#27;[0m
22:56:15.561 [pool-2-thread-1] DEBUG net.thucydides.core.steps.StepInterceptor - STARTING STEP: AuthSteps.userReceiveResponseBodySuccessGetInformationTokenInvalid - User receive response body success get information token invalid
22:56:15.569 [pool-2-thread-1] DEBUG net.thucydides.core.steps.StepInterceptor - STEP DONE: User receive response body success get information token invalid
  &amp#27;[32mAnd &amp#27;[0m&amp#27;[32mUser receive response body success get information token invalid&amp#27;[0m &amp#27;[90m# starter.stepdefinitions.AuthSteps.userReceiveResponseBodySuccessGetInformationTokenInvalid()&amp#27;[0m
22:56:15.571 [pool-2-thread-1] INFO  - 
  _____   ___   ___   _____     ___     _     ___   ___   ___   ___  
 |_   _| | __| / __| |_   _|   | _ \   /_\   / __| / __| | __| |   \ 
   | |   | _|  \__ \   | |     |  _/  / _ \  \__ \ \__ \ | _|  | |) |
   |_|   |___| |___/   |_|     |_|   /_/ \_\ |___/ |___/ |___| |___/ 

Get Information - Get Information with token invalid
----------------------------------------------------------------------
]]></system-out>
  </testcase>
</testsuite>