<?xml version="1.0" encoding="UTF-8"?>
<testsuite xmlns:xsi="http://www.w3.org/2001/XMLSchema-instance" xsi:noNamespaceSchemaLocation="https://maven.apache.org/surefire/maven-failsafe-plugin/xsd/failsafe-test-report-3.0.xsd" version="3.0" name="Product" time="6.559" tests="25" errors="0" skipped="0" failures="0">
  <properties>
    <property name="java.specification.version" value="14"/>
    <property name="sun.jnu.encoding" value="UTF-8"/>
    <property name="java.class.path" value="/Users/jasmine/Documents/alterra-mini-project/target/test-classes:/Users/jasmine/.m2/repository/ch/qos/logback/logback-classic/1.2.3/logback-classic-1.2.3.jar:/Users/jasmine/.m2/repository/ch/qos/logback/logback-core/1.2.3/logback-core-1.2.3.jar:/Users/jasmine/.m2/repository/org/slf4j/slf4j-api/1.7.25/slf4j-api-1.7.25.jar:/Users/jasmine/.m2/repository/net/serenity-bdd/serenity-core/2.4.51/serenity-core-2.4.51.jar:/Users/jasmine/.m2/repository/net/serenity-bdd/serenity-model/2.4.51/serenity-model-2.4.51.jar:/Users/jasmine/.m2/repository/org/apache/commons/commons-text/1.9/commons-text-1.9.jar:/Users/jasmine/.m2/repository/commons-net/commons-net/3.6/commons-net-3.6.jar:/Users/jasmine/.m2/repository/com/google/guava/guava/30.1-jre/guava-30.1-jre.jar:/Users/jasmine/.m2/repository/com/google/guava/failureaccess/1.0.1/failureaccess-1.0.1.jar:/Users/jasmine/.m2/repository/com/google/guava/listenablefuture/9999.0-empty-to-avoid-conflict-with-guava/listenablefuture-9999.0-empty-to-avoid-conflict-with-guava.jar:/Users/jasmine/.m2/repository/com/google/code/findbugs/jsr305/3.0.2/jsr305-3.0.2.jar:/Users/jasmine/.m2/repository/org/checkerframework/checker-qual/3.5.0/checker-qual-3.5.0.jar:/Users/jasmine/.m2/repository/com/google/errorprone/error_prone_annotations/2.3.4/error_prone_annotations-2.3.4.jar:/Users/jasmine/.m2/repository/com/google/j2objc/j2objc-annotations/1.3/j2objc-annotations-1.3.jar:/Users/jasmine/.m2/repository/com/google/inject/guice/5.0.1/guice-5.0.1.jar:/Users/jasmine/.m2/repository/javax/inject/javax.inject/1/javax.inject-1.jar:/Users/jasmine/.m2/repository/aopalliance/aopalliance/1.0/aopalliance-1.0.jar:/Users/jasmine/.m2/repository/org/jsoup/jsoup/1.13.1/jsoup-1.13.1.jar:/Users/jasmine/.m2/repository/com/thoughtworks/xstream/xstream/1.4.17/xstream-1.4.17.jar:/Users/jasmine/.m2/repository/io/github/x-stream/mxparser/1.2.1/mxparser-1.2.1.jar:/Users/jasmine/.m2/repository/xmlpull/xmlpull/1.1.3.1/xmlpull-1.1.3.1.jar:/Users/jasmine/.m2/repository/io/cucumber/cucumber-core/6.10.2/cucumber-core-6.10.2.jar:/Users/jasmine/.m2/repository/io/cucumber/cucumber-gherkin/6.10.2/cucumber-gherkin-6.10.2.jar:/Users/jasmine/.m2/repository/io/cucumber/cucumber-gherkin-messages/6.10.2/cucumber-gherkin-messages-6.10.2.jar:/Users/jasmine/.m2/repository/io/cucumber/messages/14.0.1/messages-14.0.1.jar:/Users/jasmine/.m2/repository/io/cucumber/tag-expressions/3.0.0/tag-expressions-3.0.0.jar:/Users/jasmine/.m2/repository/io/cucumber/cucumber-expressions/10.3.0/cucumber-expressions-10.3.0.jar:/Users/jasmine/.m2/repository/io/cucumber/cucumber-plugin/6.10.2/cucumber-plugin-6.10.2.jar:/Users/jasmine/.m2/repository/io/cucumber/docstring/6.10.2/docstring-6.10.2.jar:/Users/jasmine/.m2/repository/io/cucumber/html-formatter/12.0.0/html-formatter-12.0.0.jar:/Users/jasmine/.m2/repository/io/cucumber/create-meta/3.0.0/create-meta-3.0.0.jar:/Users/jasmine/.m2/repository/com/typesafe/config/1.3.1/config-1.3.1.jar:/Users/jasmine/.m2/repository/org/imgscalr/imgscalr-lib/4.2/imgscalr-lib-4.2.jar:/Users/jasmine/.m2/repository/org/awaitility/awaitility/4.0.3/awaitility-4.0.3.jar:/Users/jasmine/.m2/repository/org/freemarker/freemarker/2.3.29/freemarker-2.3.29.jar:/Users/jasmine/.m2/repository/net/sourceforge/jexcelapi/jxl/2.6.12/jxl-2.6.12.jar:/Users/jasmine/.m2/repository/org/asciidoctor/asciidoctorj/2.5.1/asciidoctorj-2.5.1.jar:/Users/jasmine/.m2/repository/org/asciidoctor/asciidoctorj-api/2.5.1/asciidoctorj-api-2.5.1.jar:/Users/jasmine/.m2/repository/org/jruby/jruby/9.2.17.0/jruby-9.2.17.0.jar:/Users/jasmine/.m2/repository/org/jruby/jruby-core/9.2.17.0/jruby-core-9.2.17.0.jar:/Users/jasmine/.m2/repository/com/github/jnr/jnr-netdb/1.2.0/jnr-netdb-1.2.0.jar:/Users/jasmine/.m2/repository/com/github/jnr/jnr-enxio/0.32.3/jnr-enxio-0.32.3.jar:/Users/jasmine/.m2/repository/com/github/jnr/jnr-unixsocket/0.38.5/jnr-unixsocket-0.38.5.jar:/Users/jasmine/.m2/repository/com/github/jnr/jnr-posix/3.1.4/jnr-posix-3.1.4.jar:/Users/jasmine/.m2/repository/com/github/jnr/jnr-constants/0.10.1/jnr-constants-0.10.1.jar:/Users/jasmine/.m2/repository/com/github/jnr/jffi/1.3.1/jffi-1.3.1.jar:/Users/jasmine/.m2/repository/com/github/jnr/jffi/1.3.1/jffi-1.3.1-native.jar:/Users/jasmine/.m2/repository/org/jruby/joni/joni/2.1.31/joni-2.1.31.jar:/Users/jasmine/.m2/repository/org/jruby/jcodings/jcodings/1.0.46/jcodings-1.0.46.jar:/Users/jasmine/.m2/repository/org/jruby/dirgra/0.3/dirgra-0.3.jar:/Users/jasmine/.m2/repository/com/headius/invokebinder/1.11/invokebinder-1.11.jar:/Users/jasmine/.m2/repository/com/headius/options/1.4/options-1.4.jar:/Users/jasmine/.m2/repository/com/jcraft/jzlib/1.1.3/jzlib-1.1.3.jar:/Users/jasmine/.m2/repository/com/martiansoftware/nailgun-server/0.9.1/nailgun-server-0.9.1.jar:/Users/jasmine/.m2/repository/com/headius/backport9/1.8/backport9-1.8.jar:/Users/jasmine/.m2/repository/javax/annotation/javax.annotation-api/1.3.1/javax.annotation-api-1.3.1.jar:/Users/jasmine/.m2/repository/org/jruby/jruby-stdlib/9.2.17.0/jruby-stdlib-9.2.17.0.jar:/Users/jasmine/.m2/repository/net/bytebuddy/byte-buddy/1.11.1/byte-buddy-1.11.1.jar:/Users/jasmine/.m2/repository/net/bytebuddy/byte-buddy-agent/1.11.1/byte-buddy-agent-1.11.1.jar:/Users/jasmine/.m2/repository/org/objenesis/objenesis/3.1/objenesis-3.1.jar:/Users/jasmine/.m2/repository/net/serenity-bdd/serenity-reports/2.4.51/serenity-reports-2.4.51.jar:/Users/jasmine/.m2/repository/net/serenity-bdd/serenity-stats/2.4.51/serenity-stats-2.4.51.jar:/Users/jasmine/.m2/repository/org/jetbrains/kotlin/kotlin-stdlib/1.5.0/kotlin-stdlib-1.5.0.jar:/Users/jasmine/.m2/repository/org/jetbrains/annotations/13.0/annotations-13.0.jar:/Users/jasmine/.m2/repository/org/jetbrains/kotlin/kotlin-stdlib-common/1.5.0/kotlin-stdlib-common-1.5.0.jar:/Users/jasmine/.m2/repository/net/serenity-bdd/serenity-reports-configuration/2.4.51/serenity-reports-configuration-2.4.51.jar:/Users/jasmine/.m2/repository/com/vladsch/flexmark/flexmark-all/0.34.30/flexmark-all-0.34.30.jar:/Users/jasmine/.m2/repository/com/vladsch/flexmark/flexmark/0.34.30/flexmark-0.34.30.jar:/Users/jasmine/.m2/repository/com/vladsch/flexmark/flexmark-ext-abbreviation/0.34.30/flexmark-ext-abbreviation-0.34.30.jar:/Users/jasmine/.m2/repository/com/vladsch/flexmark/flexmark-ext-admonition/0.34.30/flexmark-ext-admonition-0.34.30.jar:/Users/jasmine/.m2/repository/com/vladsch/flexmark/flexmark-ext-anchorlink/0.34.30/flexmark-ext-anchorlink-0.34.30.jar:/Users/jasmine/.m2/repository/com/vladsch/flexmark/flexmark-ext-aside/0.34.30/flexmark-ext-aside-0.34.30.jar:/Users/jasmine/.m2/repository/com/vladsch/flexmark/flexmark-ext-attributes/0.34.30/flexmark-ext-attributes-0.34.30.jar:/Users/jasmine/.m2/repository/com/vladsch/flexmark/flexmark-ext-autolink/0.34.30/flexmark-ext-autolink-0.34.30.jar:/Users/jasmine/.m2/repository/org/nibor/autolink/autolink/0.6.0/autolink-0.6.0.jar:/Users/jasmine/.m2/repository/com/vladsch/flexmark/flexmark-ext-definition/0.34.30/flexmark-ext-definition-0.34.30.jar:/Users/jasmine/.m2/repository/com/vladsch/flexmark/flexmark-ext-emoji/0.34.30/flexmark-ext-emoji-0.34.30.jar:/Users/jasmine/.m2/repository/com/vladsch/flexmark/flexmark-ext-enumerated-reference/0.34.30/flexmark-ext-enumerated-reference-0.34.30.jar:/Users/jasmine/.m2/repository/com/vladsch/flexmark/flexmark-ext-escaped-character/0.34.30/flexmark-ext-escaped-character-0.34.30.jar:/Users/jasmine/.m2/repository/com/vladsch/flexmark/flexmark-ext-footnotes/0.34.30/flexmark-ext-footnotes-0.34.30.jar:/Users/jasmine/.m2/repository/com/vladsch/flexmark/flexmark-ext-gfm-issues/0.34.30/flexmark-ext-gfm-issues-0.34.30.jar:/Users/jasmine/.m2/repository/com/vladsch/flexmark/flexmark-ext-gfm-strikethrough/0.34.30/flexmark-ext-gfm-strikethrough-0.34.30.jar:/Users/jasmine/.m2/repository/com/vladsch/flexmark/flexmark-ext-gfm-tables/0.34.30/flexmark-ext-gfm-tables-0.34.30.jar:/Users/jasmine/.m2/repository/com/vladsch/flexmark/flexmark-ext-gfm-tasklist/0.34.30/flexmark-ext-gfm-tasklist-0.34.30.jar:/Users/jasmine/.m2/repository/com/vladsch/flexmark/flexmark-ext-gfm-users/0.34.30/flexmark-ext-gfm-users-0.34.30.jar:/Users/jasmine/.m2/repository/com/vladsch/flexmark/flexmark-ext-gitlab/0.34.30/flexmark-ext-gitlab-0.34.30.jar:/Users/jasmine/.m2/repository/com/vladsch/flexmark/flexmark-ext-jekyll-front-matter/0.34.30/flexmark-ext-jekyll-front-matter-0.34.30.jar:/Users/jasmine/.m2/repository/com/vladsch/flexmark/flexmark-ext-jekyll-tag/0.34.30/flexmark-ext-jekyll-tag-0.34.30.jar:/Users/jasmine/.m2/repository/com/vladsch/flexmark/flexmark-ext-media-tags/0.34.30/flexmark-ext-media-tags-0.34.30.jar:/Users/jasmine/.m2/repository/com/vladsch/flexmark/flexmark-test-util/0.34.30/flexmark-test-util-0.34.30.jar:/Users/jasmine/.m2/repository/com/vladsch/flexmark/flexmark-ext-ins/0.34.30/flexmark-ext-ins-0.34.30.jar:/Users/jasmine/.m2/repository/com/vladsch/flexmark/flexmark-ext-xwiki-macros/0.34.30/flexmark-ext-xwiki-macros-0.34.30.jar:/Users/jasmine/.m2/repository/com/vladsch/flexmark/flexmark-ext-superscript/0.34.30/flexmark-ext-superscript-0.34.30.jar:/Users/jasmine/.m2/repository/com/vladsch/flexmark/flexmark-ext-tables/0.34.30/flexmark-ext-tables-0.34.30.jar:/Users/jasmine/.m2/repository/com/vladsch/flexmark/flexmark-ext-toc/0.34.30/flexmark-ext-toc-0.34.30.jar:/Users/jasmine/.m2/repository/com/vladsch/flexmark/flexmark-ext-typographic/0.34.30/flexmark-ext-typographic-0.34.30.jar:/Users/jasmine/.m2/repository/com/vladsch/flexmark/flexmark-ext-wikilink/0.34.30/flexmark-ext-wikilink-0.34.30.jar:/Users/jasmine/.m2/repository/com/vladsch/flexmark/flexmark-ext-yaml-front-matter/0.34.30/flexmark-ext-yaml-front-matter-0.34.30.jar:/Users/jasmine/.m2/repository/com/vladsch/flexmark/flexmark-ext-youtube-embedded/0.34.30/flexmark-ext-youtube-embedded-0.34.30.jar:/Users/jasmine/.m2/repository/com/vladsch/flexmark/flexmark-formatter/0.34.30/flexmark-formatter-0.34.30.jar:/Users/jasmine/.m2/repository/com/vladsch/flexmark/flexmark-html-parser/0.34.30/flexmark-html-parser-0.34.30.jar:/Users/jasmine/.m2/repository/com/vladsch/flexmark/flexmark-jira-converter/0.34.30/flexmark-jira-converter-0.34.30.jar:/Users/jasmine/.m2/repository/com/vladsch/flexmark/flexmark-pdf-converter/0.34.30/flexmark-pdf-converter-0.34.30.jar:/Users/jasmine/.m2/repository/com/openhtmltopdf/openhtmltopdf-core/0.0.1-RC13/openhtmltopdf-core-0.0.1-RC13.jar:/Users/jasmine/.m2/repository/com/openhtmltopdf/openhtmltopdf-pdfbox/0.0.1-RC13/openhtmltopdf-pdfbox-0.0.1-RC13.jar:/Users/jasmine/.m2/repository/org/apache/pdfbox/pdfbox/2.0.8/pdfbox-2.0.8.jar:/Users/jasmine/.m2/repository/org/apache/pdfbox/fontbox/2.0.8/fontbox-2.0.8.jar:/Users/jasmine/.m2/repository/org/apache/pdfbox/xmpbox/2.0.8/xmpbox-2.0.8.jar:/Users/jasmine/.m2/repository/de/rototor/pdfbox/graphics2d/0.12/graphics2d-0.12.jar:/Users/jasmine/.m2/repository/com/openhtmltopdf/openhtmltopdf-rtl-support/0.0.1-RC13/openhtmltopdf-rtl-support-0.0.1-RC13.jar:/Users/jasmine/.m2/repository/com/ibm/icu/icu4j/59.1/icu4j-59.1.jar:/Users/jasmine/.m2/repository/com/openhtmltopdf/openhtmltopdf-jsoup-dom-converter/0.0.1-RC13/openhtmltopdf-jsoup-dom-converter-0.0.1-RC13.jar:/Users/jasmine/.m2/repository/com/vladsch/flexmark/flexmark-profile-pegdown/0.34.30/flexmark-profile-pegdown-0.34.30.jar:/Users/jasmine/.m2/repository/com/vladsch/flexmark/flexmark-util/0.34.30/flexmark-util-0.34.30.jar:/Users/jasmine/.m2/repository/com/vladsch/flexmark/flexmark-youtrack-converter/0.34.30/flexmark-youtrack-converter-0.34.30.jar:/Users/jasmine/.m2/repository/es/nitaur/markdown/txtmark/0.16/txtmark-0.16.jar:/Users/jasmine/.m2/repository/net/serenity-bdd/serenity-report-resources/2.4.51/serenity-report-resources-2.4.51.jar:/Users/jasmine/.m2/repository/com/google/code/gson/gson/2.8.7/gson-2.8.7.jar:/Users/jasmine/.m2/repository/com/fasterxml/jackson/core/jackson-core/2.12.4/jackson-core-2.12.4.jar:/Users/jasmine/.m2/repository/com/fasterxml/jackson/core/jackson-databind/2.12.4/jackson-databind-2.12.4.jar:/Users/jasmine/.m2/repository/com/fasterxml/jackson/core/jackson-annotations/2.12.4/jackson-annotations-2.12.4.jar:/Users/jasmine/.m2/repository/commons-codec/commons-codec/1.15/commons-codec-1.15.jar:/Users/jasmine/.m2/repository/commons-io/commons-io/2.8.0/commons-io-2.8.0.jar:/Users/jasmine/.m2/repository/org/seleniumhq/selenium/selenium-server/3.141.59/selenium-server-3.141.59.jar:/Users/jasmine/.m2/repository/org/seleniumhq/selenium/selenium-opera-driver/3.141.59/selenium-opera-driver-3.141.59.jar:/Users/jasmine/.m2/repository/org/seleniumhq/selenium/selenium-remote-driver/3.141.59/selenium-remote-driver-3.141.59.jar:/Users/jasmine/.m2/repository/org/seleniumhq/selenium/selenium-safari-driver/3.141.59/selenium-safari-driver-3.141.59.jar:/Users/jasmine/.m2/repository/com/beust/jcommander/1.72/jcommander-1.72.jar:/Users/jasmine/.m2/repository/org/apache/commons/commons-exec/1.3/commons-exec-1.3.jar:/Users/jasmine/.m2/repository/net/jcip/jcip-annotations/1.0/jcip-annotations-1.0.jar:/Users/jasmine/.m2/repository/org/seleniumhq/selenium/jetty-repacked/9.4.12.v20180830/jetty-repacked-9.4.12.v20180830.jar:/Users/jasmine/.m2/repository/com/squareup/okhttp3/okhttp/3.11.0/okhttp-3.11.0.jar:/Users/jasmine/.m2/repository/com/squareup/okio/okio/1.14.0/okio-1.14.0.jar:/Users/jasmine/.m2/repository/javax/servlet/javax.servlet-api/3.1.0/javax.servlet-api-3.1.0.jar:/Users/jasmine/.m2/repository/org/yaml/snakeyaml/1.19/snakeyaml-1.19.jar:/Users/jasmine/.m2/repository/org/seleniumhq/selenium/selenium-java/3.141.59/selenium-java-3.141.59.jar:/Users/jasmine/.m2/repository/org/seleniumhq/selenium/selenium-api/3.141.59/selenium-api-3.141.59.jar:/Users/jasmine/.m2/repository/org/seleniumhq/selenium/selenium-support/3.141.59/selenium-support-3.141.59.jar:/Users/jasmine/.m2/repository/org/seleniumhq/selenium/selenium-chrome-driver/3.141.59/selenium-chrome-driver-3.141.59.jar:/Users/jasmine/.m2/repository/org/seleniumhq/selenium/selenium-firefox-driver/3.141.59/selenium-firefox-driver-3.141.59.jar:/Users/jasmine/.m2/repository/org/seleniumhq/selenium/selenium-edge-driver/3.141.59/selenium-edge-driver-3.141.59.jar:/Users/jasmine/.m2/repository/org/seleniumhq/selenium/selenium-ie-driver/3.141.59/selenium-ie-driver-3.141.59.jar:/Users/jasmine/.m2/repository/net/sourceforge/htmlunit/htmlunit/2.47.1/htmlunit-2.47.1.jar:/Users/jasmine/.m2/repository/xalan/xalan/2.7.2/xalan-2.7.2.jar:/Users/jasmine/.m2/repository/xalan/serializer/2.7.2/serializer-2.7.2.jar:/Users/jasmine/.m2/repository/net/sourceforge/htmlunit/htmlunit-core-js/2.47.0/htmlunit-core-js-2.47.0.jar:/Users/jasmine/.m2/repository/net/sourceforge/htmlunit/neko-htmlunit/2.47.1/neko-htmlunit-2.47.1.jar:/Users/jasmine/.m2/repository/xerces/xercesImpl/2.12.0/xercesImpl-2.12.0.jar:/Users/jasmine/.m2/repository/xml-apis/xml-apis/1.4.01/xml-apis-1.4.01.jar:/Users/jasmine/.m2/repository/net/sourceforge/htmlunit/htmlunit-cssparser/1.7.0/htmlunit-cssparser-1.7.0.jar:/Users/jasmine/.m2/repository/org/brotli/dec/0.1.2/dec-0.1.2.jar:/Users/jasmine/.m2/repository/com/shapesecurity/salvation2/3.0.0/salvation2-3.0.0.jar:/Users/jasmine/.m2/repository/org/eclipse/jetty/websocket/websocket-client/9.4.36.v20210114/websocket-client-9.4.36.v20210114.jar:/Users/jasmine/.m2/repository/org/eclipse/jetty/jetty-client/9.4.36.v20210114/jetty-client-9.4.36.v20210114.jar:/Users/jasmine/.m2/repository/org/eclipse/jetty/jetty-http/9.4.36.v20210114/jetty-http-9.4.36.v20210114.jar:/Users/jasmine/.m2/repository/org/eclipse/jetty/jetty-util/9.4.36.v20210114/jetty-util-9.4.36.v20210114.jar:/Users/jasmine/.m2/repository/org/eclipse/jetty/jetty-io/9.4.36.v20210114/jetty-io-9.4.36.v20210114.jar:/Users/jasmine/.m2/repository/org/eclipse/jetty/websocket/websocket-common/9.4.36.v20210114/websocket-common-9.4.36.v20210114.jar:/Users/jasmine/.m2/repository/org/eclipse/jetty/websocket/websocket-api/9.4.36.v20210114/websocket-api-9.4.36.v20210114.jar:/Users/jasmine/.m2/repository/org/projectlombok/lombok/1.18.20/lombok-1.18.20.jar:/Users/jasmine/.m2/repository/org/seleniumhq/selenium/htmlunit-driver/2.47.1/htmlunit-driver-2.47.1.jar:/Users/jasmine/.m2/repository/com/codeborne/phantomjsdriver/1.4.4/phantomjsdriver-1.4.4.jar:/Users/jasmine/.m2/repository/io/appium/java-client/7.5.1/java-client-7.5.1.jar:/Users/jasmine/.m2/repository/commons-validator/commons-validator/1.7/commons-validator-1.7.jar:/Users/jasmine/.m2/repository/commons-digester/commons-digester/2.1/commons-digester-2.1.jar:/Users/jasmine/.m2/repository/org/aspectj/aspectjweaver/1.9.6/aspectjweaver-1.9.6.jar:/Users/jasmine/.m2/repository/net/sf/opencsv/opencsv/2.0/opencsv-2.0.jar:/Users/jasmine/.m2/repository/commons-beanutils/commons-beanutils/1.9.4/commons-beanutils-1.9.4.jar:/Users/jasmine/.m2/repository/org/apache/commons/commons-lang3/3.11/commons-lang3-3.11.jar:/Users/jasmine/.m2/repository/commons-collections/commons-collections/3.2.2/commons-collections-3.2.2.jar:/Users/jasmine/.m2/repository/org/fluentlenium/fluentlenium-core/0.10.2/fluentlenium-core-0.10.2.jar:/Users/jasmine/.m2/repository/io/github/bonigarcia/webdrivermanager/4.4.1/webdrivermanager-4.4.1.jar:/Users/jasmine/.m2/repository/org/apache/httpcomponents/client5/httpclient5/5.0.3/httpclient5-5.0.3.jar:/Users/jasmine/.m2/repository/org/apache/httpcomponents/core5/httpcore5/5.0.2/httpcore5-5.0.2.jar:/Users/jasmine/.m2/repository/org/apache/httpcomponents/core5/httpcore5-h2/5.0.2/httpcore5-h2-5.0.2.jar:/Users/jasmine/.m2/repository/org/rauschig/jarchivelib/1.1.0/jarchivelib-1.1.0.jar:/Users/jasmine/.m2/repository/org/apache/commons/commons-compress/1.20/commons-compress-1.20.jar:/Users/jasmine/.m2/repository/com/jhlabs/filters/2.0.235/filters-2.0.235.jar:/Users/jasmine/.m2/repository/com/paulhammant/ngwebdriver/1.1.5/ngwebdriver-1.1.5.jar:/Users/jasmine/.m2/repository/joda-time/joda-time/2.8.2/joda-time-2.8.2.jar:/Users/jasmine/.m2/repository/com/google/jimfs/jimfs/1.1/jimfs-1.1.jar:/Users/jasmine/.m2/repository/org/mockito/mockito-core/3.3.3/mockito-core-3.3.3.jar:/Users/jasmine/.m2/repository/javax/xml/bind/jaxb-api/2.3.1/jaxb-api-2.3.1.jar:/Users/jasmine/.m2/repository/javax/activation/javax.activation-api/1.2.0/javax.activation-api-1.2.0.jar:/Users/jasmine/.m2/repository/com/sun/xml/bind/jaxb-core/2.3.0.1/jaxb-core-2.3.0.1.jar:/Users/jasmine/.m2/repository/com/sun/xml/bind/jaxb-impl/2.3.3/jaxb-impl-2.3.3.jar:/Users/jasmine/.m2/repository/com/sun/activation/jakarta.activation/1.2.2/jakarta.activation-1.2.2.jar:/Users/jasmine/.m2/repository/javax/activation/activation/1.1.1/activation-1.1.1.jar:/Users/jasmine/.m2/repository/net/serenity-bdd/serenity-junit/2.4.51/serenity-junit-2.4.51.jar:/Users/jasmine/.m2/repository/com/googlecode/json-simple/json-simple/1.1.1/json-simple-1.1.1.jar:/Users/jasmine/.m2/repository/net/serenity-bdd/serenity-rest-assured/2.4.51/serenity-rest-assured-2.4.51.jar:/Users/jasmine/.m2/repository/org/codehaus/groovy/groovy-json/3.0.8/groovy-json-3.0.8.jar:/Users/jasmine/.m2/repository/org/opentest4j/opentest4j/1.2.0/opentest4j-1.2.0.jar:/Users/jasmine/.m2/repository/net/serenity-bdd/serenity-screenplay/2.4.51/serenity-screenplay-2.4.51.jar:/Users/jasmine/.m2/repository/net/serenity-bdd/serenity-screenplay-rest/2.4.51/serenity-screenplay-rest-2.4.51.jar:/Users/jasmine/.m2/repository/net/serenity-bdd/serenity-cucumber6/2.4.51/serenity-cucumber6-2.4.51.jar:/Users/jasmine/.m2/repository/net/serenity-bdd/serenity-screenplay-webdriver/2.4.51/serenity-screenplay-webdriver-2.4.51.jar:/Users/jasmine/.m2/repository/io/cucumber/cucumber-java/6.10.4/cucumber-java-6.10.4.jar:/Users/jasmine/.m2/repository/org/apiguardian/apiguardian-api/1.1.1/apiguardian-api-1.1.1.jar:/Users/jasmine/.m2/repository/io/cucumber/cucumber-junit/6.10.4/cucumber-junit-6.10.4.jar:/Users/jasmine/.m2/repository/io/cucumber/datatable-matchers/3.4.0/datatable-matchers-3.4.0.jar:/Users/jasmine/.m2/repository/io/cucumber/datatable/3.4.0/datatable-3.4.0.jar:/Users/jasmine/.m2/repository/commons-logging/commons-logging/1.2/commons-logging-1.2.jar:/Users/jasmine/.m2/repository/org/apache/commons/commons-csv/1.5/commons-csv-1.5.jar:/Users/jasmine/.m2/repository/com/github/javafaker/javafaker/1.0.2/javafaker-1.0.2.jar:/Users/jasmine/.m2/repository/org/yaml/snakeyaml/1.23/snakeyaml-1.23-android.jar:/Users/jasmine/.m2/repository/com/github/mifmif/generex/1.0.2/generex-1.0.2.jar:/Users/jasmine/.m2/repository/dk/brics/automaton/automaton/1.11-8/automaton-1.11-8.jar:/Users/jasmine/.m2/repository/io/rest-assured/rest-assured/4.3.2/rest-assured-4.3.2.jar:/Users/jasmine/.m2/repository/org/apache/httpcomponents/httpclient/4.5.3/httpclient-4.5.3.jar:/Users/jasmine/.m2/repository/org/apache/httpcomponents/httpcore/4.4.6/httpcore-4.4.6.jar:/Users/jasmine/.m2/repository/org/apache/httpcomponents/httpmime/4.5.3/httpmime-4.5.3.jar:/Users/jasmine/.m2/repository/org/ccil/cowan/tagsoup/tagsoup/1.2.1/tagsoup-1.2.1.jar:/Users/jasmine/.m2/repository/io/rest-assured/json-path/4.3.3/json-path-4.3.3.jar:/Users/jasmine/.m2/repository/io/rest-assured/rest-assured-common/4.3.3/rest-assured-common-4.3.3.jar:/Users/jasmine/.m2/repository/io/rest-assured/xml-path/4.3.3/xml-path-4.3.3.jar:/Users/jasmine/.m2/repository/jakarta/xml/bind/jakarta.xml.bind-api/2.3.3/jakarta.xml.bind-api-2.3.3.jar:/Users/jasmine/.m2/repository/jakarta/activation/jakarta.activation-api/1.2.2/jakarta.activation-api-1.2.2.jar:/Users/jasmine/.m2/repository/org/codehaus/groovy/groovy/3.0.6/groovy-3.0.6.jar:/Users/jasmine/.m2/repository/org/codehaus/groovy/groovy-xml/3.0.6/groovy-xml-3.0.6.jar:/Users/jasmine/.m2/repository/junit/junit/4.13.1/junit-4.13.1.jar:/Users/jasmine/.m2/repository/org/hamcrest/hamcrest-core/1.3/hamcrest-core-1.3.jar:/Users/jasmine/.m2/repository/org/assertj/assertj-core/3.6.2/assertj-core-3.6.2.jar:/Users/jasmine/.m2/repository/org/hamcrest/hamcrest/2.2/hamcrest-2.2.jar:/Users/jasmine/.m2/repository/org/json/json/20210307/json-20210307.jar:"/>
    <property name="java.vm.vendor" value="Oracle Corporation"/>
    <property name="sun.arch.data.model" value="64"/>
    <property name="java.vendor.url" value="https://openjdk.java.net/"/>
    <property name="user.timezone" value="Asia/Jakarta"/>
    <property name="os.name" value="Mac OS X"/>
    <property name="java.vm.specification.version" value="14"/>
    <property name="sun.java.launcher" value="SUN_STANDARD"/>
    <property name="user.country" value="ID"/>
    <property name="sun.boot.library.path" value="/usr/local/Cellar/openjdk/14.0.1/libexec/openjdk.jdk/Contents/Home/lib"/>
    <property name="sun.java.command" value="org.apache.maven.surefire.booter.ForkedBooter /Users/jasmine/Documents/alterra-mini-project/target/surefire 2023-05-10T20-32-12_187-jvmRun1 surefire6824271557621672016tmp surefire_08340428107149342152tmp"/>
    <property name="http.nonProxyHosts" value="local|*.local|169.254/16|*.169.254/16"/>
    <property name="jdk.debug" value="release"/>
    <property name="surefire.test.class.path" value="/Users/jasmine/Documents/alterra-mini-project/target/test-classes:/Users/jasmine/.m2/repository/ch/qos/logback/logback-classic/1.2.3/logback-classic-1.2.3.jar:/Users/jasmine/.m2/repository/ch/qos/logback/logback-core/1.2.3/logback-core-1.2.3.jar:/Users/jasmine/.m2/repository/org/slf4j/slf4j-api/1.7.25/slf4j-api-1.7.25.jar:/Users/jasmine/.m2/repository/net/serenity-bdd/serenity-core/2.4.51/serenity-core-2.4.51.jar:/Users/jasmine/.m2/repository/net/serenity-bdd/serenity-model/2.4.51/serenity-model-2.4.51.jar:/Users/jasmine/.m2/repository/org/apache/commons/commons-text/1.9/commons-text-1.9.jar:/Users/jasmine/.m2/repository/commons-net/commons-net/3.6/commons-net-3.6.jar:/Users/jasmine/.m2/repository/com/google/guava/guava/30.1-jre/guava-30.1-jre.jar:/Users/jasmine/.m2/repository/com/google/guava/failureaccess/1.0.1/failureaccess-1.0.1.jar:/Users/jasmine/.m2/repository/com/google/guava/listenablefuture/9999.0-empty-to-avoid-conflict-with-guava/listenablefuture-9999.0-empty-to-avoid-conflict-with-guava.jar:/Users/jasmine/.m2/repository/com/google/code/findbugs/jsr305/3.0.2/jsr305-3.0.2.jar:/Users/jasmine/.m2/repository/org/checkerframework/checker-qual/3.5.0/checker-qual-3.5.0.jar:/Users/jasmine/.m2/repository/com/google/errorprone/error_prone_annotations/2.3.4/error_prone_annotations-2.3.4.jar:/Users/jasmine/.m2/repository/com/google/j2objc/j2objc-annotations/1.3/j2objc-annotations-1.3.jar:/Users/jasmine/.m2/repository/com/google/inject/guice/5.0.1/guice-5.0.1.jar:/Users/jasmine/.m2/repository/javax/inject/javax.inject/1/javax.inject-1.jar:/Users/jasmine/.m2/repository/aopalliance/aopalliance/1.0/aopalliance-1.0.jar:/Users/jasmine/.m2/repository/org/jsoup/jsoup/1.13.1/jsoup-1.13.1.jar:/Users/jasmine/.m2/repository/com/thoughtworks/xstream/xstream/1.4.17/xstream-1.4.17.jar:/Users/jasmine/.m2/repository/io/github/x-stream/mxparser/1.2.1/mxparser-1.2.1.jar:/Users/jasmine/.m2/repository/xmlpull/xmlpull/1.1.3.1/xmlpull-1.1.3.1.jar:/Users/jasmine/.m2/repository/io/cucumber/cucumber-core/6.10.2/cucumber-core-6.10.2.jar:/Users/jasmine/.m2/repository/io/cucumber/cucumber-gherkin/6.10.2/cucumber-gherkin-6.10.2.jar:/Users/jasmine/.m2/repository/io/cucumber/cucumber-gherkin-messages/6.10.2/cucumber-gherkin-messages-6.10.2.jar:/Users/jasmine/.m2/repository/io/cucumber/messages/14.0.1/messages-14.0.1.jar:/Users/jasmine/.m2/repository/io/cucumber/tag-expressions/3.0.0/tag-expressions-3.0.0.jar:/Users/jasmine/.m2/repository/io/cucumber/cucumber-expressions/10.3.0/cucumber-expressions-10.3.0.jar:/Users/jasmine/.m2/repository/io/cucumber/cucumber-plugin/6.10.2/cucumber-plugin-6.10.2.jar:/Users/jasmine/.m2/repository/io/cucumber/docstring/6.10.2/docstring-6.10.2.jar:/Users/jasmine/.m2/repository/io/cucumber/html-formatter/12.0.0/html-formatter-12.0.0.jar:/Users/jasmine/.m2/repository/io/cucumber/create-meta/3.0.0/create-meta-3.0.0.jar:/Users/jasmine/.m2/repository/com/typesafe/config/1.3.1/config-1.3.1.jar:/Users/jasmine/.m2/repository/org/imgscalr/imgscalr-lib/4.2/imgscalr-lib-4.2.jar:/Users/jasmine/.m2/repository/org/awaitility/awaitility/4.0.3/awaitility-4.0.3.jar:/Users/jasmine/.m2/repository/org/freemarker/freemarker/2.3.29/freemarker-2.3.29.jar:/Users/jasmine/.m2/repository/net/sourceforge/jexcelapi/jxl/2.6.12/jxl-2.6.12.jar:/Users/jasmine/.m2/repository/org/asciidoctor/asciidoctorj/2.5.1/asciidoctorj-2.5.1.jar:/Users/jasmine/.m2/repository/org/asciidoctor/asciidoctorj-api/2.5.1/asciidoctorj-api-2.5.1.jar:/Users/jasmine/.m2/repository/org/jruby/jruby/9.2.17.0/jruby-9.2.17.0.jar:/Users/jasmine/.m2/repository/org/jruby/jruby-core/9.2.17.0/jruby-core-9.2.17.0.jar:/Users/jasmine/.m2/repository/com/github/jnr/jnr-netdb/1.2.0/jnr-netdb-1.2.0.jar:/Users/jasmine/.m2/repository/com/github/jnr/jnr-enxio/0.32.3/jnr-enxio-0.32.3.jar:/Users/jasmine/.m2/repository/com/github/jnr/jnr-unixsocket/0.38.5/jnr-unixsocket-0.38.5.jar:/Users/jasmine/.m2/repository/com/github/jnr/jnr-posix/3.1.4/jnr-posix-3.1.4.jar:/Users/jasmine/.m2/repository/com/github/jnr/jnr-constants/0.10.1/jnr-constants-0.10.1.jar:/Users/jasmine/.m2/repository/com/github/jnr/jffi/1.3.1/jffi-1.3.1.jar:/Users/jasmine/.m2/repository/com/github/jnr/jffi/1.3.1/jffi-1.3.1-native.jar:/Users/jasmine/.m2/repository/org/jruby/joni/joni/2.1.31/joni-2.1.31.jar:/Users/jasmine/.m2/repository/org/jruby/jcodings/jcodings/1.0.46/jcodings-1.0.46.jar:/Users/jasmine/.m2/repository/org/jruby/dirgra/0.3/dirgra-0.3.jar:/Users/jasmine/.m2/repository/com/headius/invokebinder/1.11/invokebinder-1.11.jar:/Users/jasmine/.m2/repository/com/headius/options/1.4/options-1.4.jar:/Users/jasmine/.m2/repository/com/jcraft/jzlib/1.1.3/jzlib-1.1.3.jar:/Users/jasmine/.m2/repository/com/martiansoftware/nailgun-server/0.9.1/nailgun-server-0.9.1.jar:/Users/jasmine/.m2/repository/com/headius/backport9/1.8/backport9-1.8.jar:/Users/jasmine/.m2/repository/javax/annotation/javax.annotation-api/1.3.1/javax.annotation-api-1.3.1.jar:/Users/jasmine/.m2/repository/org/jruby/jruby-stdlib/9.2.17.0/jruby-stdlib-9.2.17.0.jar:/Users/jasmine/.m2/repository/net/bytebuddy/byte-buddy/1.11.1/byte-buddy-1.11.1.jar:/Users/jasmine/.m2/repository/net/bytebuddy/byte-buddy-agent/1.11.1/byte-buddy-agent-1.11.1.jar:/Users/jasmine/.m2/repository/org/objenesis/objenesis/3.1/objenesis-3.1.jar:/Users/jasmine/.m2/repository/net/serenity-bdd/serenity-reports/2.4.51/serenity-reports-2.4.51.jar:/Users/jasmine/.m2/repository/net/serenity-bdd/serenity-stats/2.4.51/serenity-stats-2.4.51.jar:/Users/jasmine/.m2/repository/org/jetbrains/kotlin/kotlin-stdlib/1.5.0/kotlin-stdlib-1.5.0.jar:/Users/jasmine/.m2/repository/org/jetbrains/annotations/13.0/annotations-13.0.jar:/Users/jasmine/.m2/repository/org/jetbrains/kotlin/kotlin-stdlib-common/1.5.0/kotlin-stdlib-common-1.5.0.jar:/Users/jasmine/.m2/repository/net/serenity-bdd/serenity-reports-configuration/2.4.51/serenity-reports-configuration-2.4.51.jar:/Users/jasmine/.m2/repository/com/vladsch/flexmark/flexmark-all/0.34.30/flexmark-all-0.34.30.jar:/Users/jasmine/.m2/repository/com/vladsch/flexmark/flexmark/0.34.30/flexmark-0.34.30.jar:/Users/jasmine/.m2/repository/com/vladsch/flexmark/flexmark-ext-abbreviation/0.34.30/flexmark-ext-abbreviation-0.34.30.jar:/Users/jasmine/.m2/repository/com/vladsch/flexmark/flexmark-ext-admonition/0.34.30/flexmark-ext-admonition-0.34.30.jar:/Users/jasmine/.m2/repository/com/vladsch/flexmark/flexmark-ext-anchorlink/0.34.30/flexmark-ext-anchorlink-0.34.30.jar:/Users/jasmine/.m2/repository/com/vladsch/flexmark/flexmark-ext-aside/0.34.30/flexmark-ext-aside-0.34.30.jar:/Users/jasmine/.m2/repository/com/vladsch/flexmark/flexmark-ext-attributes/0.34.30/flexmark-ext-attributes-0.34.30.jar:/Users/jasmine/.m2/repository/com/vladsch/flexmark/flexmark-ext-autolink/0.34.30/flexmark-ext-autolink-0.34.30.jar:/Users/jasmine/.m2/repository/org/nibor/autolink/autolink/0.6.0/autolink-0.6.0.jar:/Users/jasmine/.m2/repository/com/vladsch/flexmark/flexmark-ext-definition/0.34.30/flexmark-ext-definition-0.34.30.jar:/Users/jasmine/.m2/repository/com/vladsch/flexmark/flexmark-ext-emoji/0.34.30/flexmark-ext-emoji-0.34.30.jar:/Users/jasmine/.m2/repository/com/vladsch/flexmark/flexmark-ext-enumerated-reference/0.34.30/flexmark-ext-enumerated-reference-0.34.30.jar:/Users/jasmine/.m2/repository/com/vladsch/flexmark/flexmark-ext-escaped-character/0.34.30/flexmark-ext-escaped-character-0.34.30.jar:/Users/jasmine/.m2/repository/com/vladsch/flexmark/flexmark-ext-footnotes/0.34.30/flexmark-ext-footnotes-0.34.30.jar:/Users/jasmine/.m2/repository/com/vladsch/flexmark/flexmark-ext-gfm-issues/0.34.30/flexmark-ext-gfm-issues-0.34.30.jar:/Users/jasmine/.m2/repository/com/vladsch/flexmark/flexmark-ext-gfm-strikethrough/0.34.30/flexmark-ext-gfm-strikethrough-0.34.30.jar:/Users/jasmine/.m2/repository/com/vladsch/flexmark/flexmark-ext-gfm-tables/0.34.30/flexmark-ext-gfm-tables-0.34.30.jar:/Users/jasmine/.m2/repository/com/vladsch/flexmark/flexmark-ext-gfm-tasklist/0.34.30/flexmark-ext-gfm-tasklist-0.34.30.jar:/Users/jasmine/.m2/repository/com/vladsch/flexmark/flexmark-ext-gfm-users/0.34.30/flexmark-ext-gfm-users-0.34.30.jar:/Users/jasmine/.m2/repository/com/vladsch/flexmark/flexmark-ext-gitlab/0.34.30/flexmark-ext-gitlab-0.34.30.jar:/Users/jasmine/.m2/repository/com/vladsch/flexmark/flexmark-ext-jekyll-front-matter/0.34.30/flexmark-ext-jekyll-front-matter-0.34.30.jar:/Users/jasmine/.m2/repository/com/vladsch/flexmark/flexmark-ext-jekyll-tag/0.34.30/flexmark-ext-jekyll-tag-0.34.30.jar:/Users/jasmine/.m2/repository/com/vladsch/flexmark/flexmark-ext-media-tags/0.34.30/flexmark-ext-media-tags-0.34.30.jar:/Users/jasmine/.m2/repository/com/vladsch/flexmark/flexmark-test-util/0.34.30/flexmark-test-util-0.34.30.jar:/Users/jasmine/.m2/repository/com/vladsch/flexmark/flexmark-ext-ins/0.34.30/flexmark-ext-ins-0.34.30.jar:/Users/jasmine/.m2/repository/com/vladsch/flexmark/flexmark-ext-xwiki-macros/0.34.30/flexmark-ext-xwiki-macros-0.34.30.jar:/Users/jasmine/.m2/repository/com/vladsch/flexmark/flexmark-ext-superscript/0.34.30/flexmark-ext-superscript-0.34.30.jar:/Users/jasmine/.m2/repository/com/vladsch/flexmark/flexmark-ext-tables/0.34.30/flexmark-ext-tables-0.34.30.jar:/Users/jasmine/.m2/repository/com/vladsch/flexmark/flexmark-ext-toc/0.34.30/flexmark-ext-toc-0.34.30.jar:/Users/jasmine/.m2/repository/com/vladsch/flexmark/flexmark-ext-typographic/0.34.30/flexmark-ext-typographic-0.34.30.jar:/Users/jasmine/.m2/repository/com/vladsch/flexmark/flexmark-ext-wikilink/0.34.30/flexmark-ext-wikilink-0.34.30.jar:/Users/jasmine/.m2/repository/com/vladsch/flexmark/flexmark-ext-yaml-front-matter/0.34.30/flexmark-ext-yaml-front-matter-0.34.30.jar:/Users/jasmine/.m2/repository/com/vladsch/flexmark/flexmark-ext-youtube-embedded/0.34.30/flexmark-ext-youtube-embedded-0.34.30.jar:/Users/jasmine/.m2/repository/com/vladsch/flexmark/flexmark-formatter/0.34.30/flexmark-formatter-0.34.30.jar:/Users/jasmine/.m2/repository/com/vladsch/flexmark/flexmark-html-parser/0.34.30/flexmark-html-parser-0.34.30.jar:/Users/jasmine/.m2/repository/com/vladsch/flexmark/flexmark-jira-converter/0.34.30/flexmark-jira-converter-0.34.30.jar:/Users/jasmine/.m2/repository/com/vladsch/flexmark/flexmark-pdf-converter/0.34.30/flexmark-pdf-converter-0.34.30.jar:/Users/jasmine/.m2/repository/com/openhtmltopdf/openhtmltopdf-core/0.0.1-RC13/openhtmltopdf-core-0.0.1-RC13.jar:/Users/jasmine/.m2/repository/com/openhtmltopdf/openhtmltopdf-pdfbox/0.0.1-RC13/openhtmltopdf-pdfbox-0.0.1-RC13.jar:/Users/jasmine/.m2/repository/org/apache/pdfbox/pdfbox/2.0.8/pdfbox-2.0.8.jar:/Users/jasmine/.m2/repository/org/apache/pdfbox/fontbox/2.0.8/fontbox-2.0.8.jar:/Users/jasmine/.m2/repository/org/apache/pdfbox/xmpbox/2.0.8/xmpbox-2.0.8.jar:/Users/jasmine/.m2/repository/de/rototor/pdfbox/graphics2d/0.12/graphics2d-0.12.jar:/Users/jasmine/.m2/repository/com/openhtmltopdf/openhtmltopdf-rtl-support/0.0.1-RC13/openhtmltopdf-rtl-support-0.0.1-RC13.jar:/Users/jasmine/.m2/repository/com/ibm/icu/icu4j/59.1/icu4j-59.1.jar:/Users/jasmine/.m2/repository/com/openhtmltopdf/openhtmltopdf-jsoup-dom-converter/0.0.1-RC13/openhtmltopdf-jsoup-dom-converter-0.0.1-RC13.jar:/Users/jasmine/.m2/repository/com/vladsch/flexmark/flexmark-profile-pegdown/0.34.30/flexmark-profile-pegdown-0.34.30.jar:/Users/jasmine/.m2/repository/com/vladsch/flexmark/flexmark-util/0.34.30/flexmark-util-0.34.30.jar:/Users/jasmine/.m2/repository/com/vladsch/flexmark/flexmark-youtrack-converter/0.34.30/flexmark-youtrack-converter-0.34.30.jar:/Users/jasmine/.m2/repository/es/nitaur/markdown/txtmark/0.16/txtmark-0.16.jar:/Users/jasmine/.m2/repository/net/serenity-bdd/serenity-report-resources/2.4.51/serenity-report-resources-2.4.51.jar:/Users/jasmine/.m2/repository/com/google/code/gson/gson/2.8.7/gson-2.8.7.jar:/Users/jasmine/.m2/repository/com/fasterxml/jackson/core/jackson-core/2.12.4/jackson-core-2.12.4.jar:/Users/jasmine/.m2/repository/com/fasterxml/jackson/core/jackson-databind/2.12.4/jackson-databind-2.12.4.jar:/Users/jasmine/.m2/repository/com/fasterxml/jackson/core/jackson-annotations/2.12.4/jackson-annotations-2.12.4.jar:/Users/jasmine/.m2/repository/commons-codec/commons-codec/1.15/commons-codec-1.15.jar:/Users/jasmine/.m2/repository/commons-io/commons-io/2.8.0/commons-io-2.8.0.jar:/Users/jasmine/.m2/repository/org/seleniumhq/selenium/selenium-server/3.141.59/selenium-server-3.141.59.jar:/Users/jasmine/.m2/repository/org/seleniumhq/selenium/selenium-opera-driver/3.141.59/selenium-opera-driver-3.141.59.jar:/Users/jasmine/.m2/repository/org/seleniumhq/selenium/selenium-remote-driver/3.141.59/selenium-remote-driver-3.141.59.jar:/Users/jasmine/.m2/repository/org/seleniumhq/selenium/selenium-safari-driver/3.141.59/selenium-safari-driver-3.141.59.jar:/Users/jasmine/.m2/repository/com/beust/jcommander/1.72/jcommander-1.72.jar:/Users/jasmine/.m2/repository/org/apache/commons/commons-exec/1.3/commons-exec-1.3.jar:/Users/jasmine/.m2/repository/net/jcip/jcip-annotations/1.0/jcip-annotations-1.0.jar:/Users/jasmine/.m2/repository/org/seleniumhq/selenium/jetty-repacked/9.4.12.v20180830/jetty-repacked-9.4.12.v20180830.jar:/Users/jasmine/.m2/repository/com/squareup/okhttp3/okhttp/3.11.0/okhttp-3.11.0.jar:/Users/jasmine/.m2/repository/com/squareup/okio/okio/1.14.0/okio-1.14.0.jar:/Users/jasmine/.m2/repository/javax/servlet/javax.servlet-api/3.1.0/javax.servlet-api-3.1.0.jar:/Users/jasmine/.m2/repository/org/yaml/snakeyaml/1.19/snakeyaml-1.19.jar:/Users/jasmine/.m2/repository/org/seleniumhq/selenium/selenium-java/3.141.59/selenium-java-3.141.59.jar:/Users/jasmine/.m2/repository/org/seleniumhq/selenium/selenium-api/3.141.59/selenium-api-3.141.59.jar:/Users/jasmine/.m2/repository/org/seleniumhq/selenium/selenium-support/3.141.59/selenium-support-3.141.59.jar:/Users/jasmine/.m2/repository/org/seleniumhq/selenium/selenium-chrome-driver/3.141.59/selenium-chrome-driver-3.141.59.jar:/Users/jasmine/.m2/repository/org/seleniumhq/selenium/selenium-firefox-driver/3.141.59/selenium-firefox-driver-3.141.59.jar:/Users/jasmine/.m2/repository/org/seleniumhq/selenium/selenium-edge-driver/3.141.59/selenium-edge-driver-3.141.59.jar:/Users/jasmine/.m2/repository/org/seleniumhq/selenium/selenium-ie-driver/3.141.59/selenium-ie-driver-3.141.59.jar:/Users/jasmine/.m2/repository/net/sourceforge/htmlunit/htmlunit/2.47.1/htmlunit-2.47.1.jar:/Users/jasmine/.m2/repository/xalan/xalan/2.7.2/xalan-2.7.2.jar:/Users/jasmine/.m2/repository/xalan/serializer/2.7.2/serializer-2.7.2.jar:/Users/jasmine/.m2/repository/net/sourceforge/htmlunit/htmlunit-core-js/2.47.0/htmlunit-core-js-2.47.0.jar:/Users/jasmine/.m2/repository/net/sourceforge/htmlunit/neko-htmlunit/2.47.1/neko-htmlunit-2.47.1.jar:/Users/jasmine/.m2/repository/xerces/xercesImpl/2.12.0/xercesImpl-2.12.0.jar:/Users/jasmine/.m2/repository/xml-apis/xml-apis/1.4.01/xml-apis-1.4.01.jar:/Users/jasmine/.m2/repository/net/sourceforge/htmlunit/htmlunit-cssparser/1.7.0/htmlunit-cssparser-1.7.0.jar:/Users/jasmine/.m2/repository/org/brotli/dec/0.1.2/dec-0.1.2.jar:/Users/jasmine/.m2/repository/com/shapesecurity/salvation2/3.0.0/salvation2-3.0.0.jar:/Users/jasmine/.m2/repository/org/eclipse/jetty/websocket/websocket-client/9.4.36.v20210114/websocket-client-9.4.36.v20210114.jar:/Users/jasmine/.m2/repository/org/eclipse/jetty/jetty-client/9.4.36.v20210114/jetty-client-9.4.36.v20210114.jar:/Users/jasmine/.m2/repository/org/eclipse/jetty/jetty-http/9.4.36.v20210114/jetty-http-9.4.36.v20210114.jar:/Users/jasmine/.m2/repository/org/eclipse/jetty/jetty-util/9.4.36.v20210114/jetty-util-9.4.36.v20210114.jar:/Users/jasmine/.m2/repository/org/eclipse/jetty/jetty-io/9.4.36.v20210114/jetty-io-9.4.36.v20210114.jar:/Users/jasmine/.m2/repository/org/eclipse/jetty/websocket/websocket-common/9.4.36.v20210114/websocket-common-9.4.36.v20210114.jar:/Users/jasmine/.m2/repository/org/eclipse/jetty/websocket/websocket-api/9.4.36.v20210114/websocket-api-9.4.36.v20210114.jar:/Users/jasmine/.m2/repository/org/projectlombok/lombok/1.18.20/lombok-1.18.20.jar:/Users/jasmine/.m2/repository/org/seleniumhq/selenium/htmlunit-driver/2.47.1/htmlunit-driver-2.47.1.jar:/Users/jasmine/.m2/repository/com/codeborne/phantomjsdriver/1.4.4/phantomjsdriver-1.4.4.jar:/Users/jasmine/.m2/repository/io/appium/java-client/7.5.1/java-client-7.5.1.jar:/Users/jasmine/.m2/repository/commons-validator/commons-validator/1.7/commons-validator-1.7.jar:/Users/jasmine/.m2/repository/commons-digester/commons-digester/2.1/commons-digester-2.1.jar:/Users/jasmine/.m2/repository/org/aspectj/aspectjweaver/1.9.6/aspectjweaver-1.9.6.jar:/Users/jasmine/.m2/repository/net/sf/opencsv/opencsv/2.0/opencsv-2.0.jar:/Users/jasmine/.m2/repository/commons-beanutils/commons-beanutils/1.9.4/commons-beanutils-1.9.4.jar:/Users/jasmine/.m2/repository/org/apache/commons/commons-lang3/3.11/commons-lang3-3.11.jar:/Users/jasmine/.m2/repository/commons-collections/commons-collections/3.2.2/commons-collections-3.2.2.jar:/Users/jasmine/.m2/repository/org/fluentlenium/fluentlenium-core/0.10.2/fluentlenium-core-0.10.2.jar:/Users/jasmine/.m2/repository/io/github/bonigarcia/webdrivermanager/4.4.1/webdrivermanager-4.4.1.jar:/Users/jasmine/.m2/repository/org/apache/httpcomponents/client5/httpclient5/5.0.3/httpclient5-5.0.3.jar:/Users/jasmine/.m2/repository/org/apache/httpcomponents/core5/httpcore5/5.0.2/httpcore5-5.0.2.jar:/Users/jasmine/.m2/repository/org/apache/httpcomponents/core5/httpcore5-h2/5.0.2/httpcore5-h2-5.0.2.jar:/Users/jasmine/.m2/repository/org/rauschig/jarchivelib/1.1.0/jarchivelib-1.1.0.jar:/Users/jasmine/.m2/repository/org/apache/commons/commons-compress/1.20/commons-compress-1.20.jar:/Users/jasmine/.m2/repository/com/jhlabs/filters/2.0.235/filters-2.0.235.jar:/Users/jasmine/.m2/repository/com/paulhammant/ngwebdriver/1.1.5/ngwebdriver-1.1.5.jar:/Users/jasmine/.m2/repository/joda-time/joda-time/2.8.2/joda-time-2.8.2.jar:/Users/jasmine/.m2/repository/com/google/jimfs/jimfs/1.1/jimfs-1.1.jar:/Users/jasmine/.m2/repository/org/mockito/mockito-core/3.3.3/mockito-core-3.3.3.jar:/Users/jasmine/.m2/repository/javax/xml/bind/jaxb-api/2.3.1/jaxb-api-2.3.1.jar:/Users/jasmine/.m2/repository/javax/activation/javax.activation-api/1.2.0/javax.activation-api-1.2.0.jar:/Users/jasmine/.m2/repository/com/sun/xml/bind/jaxb-core/2.3.0.1/jaxb-core-2.3.0.1.jar:/Users/jasmine/.m2/repository/com/sun/xml/bind/jaxb-impl/2.3.3/jaxb-impl-2.3.3.jar:/Users/jasmine/.m2/repository/com/sun/activation/jakarta.activation/1.2.2/jakarta.activation-1.2.2.jar:/Users/jasmine/.m2/repository/javax/activation/activation/1.1.1/activation-1.1.1.jar:/Users/jasmine/.m2/repository/net/serenity-bdd/serenity-junit/2.4.51/serenity-junit-2.4.51.jar:/Users/jasmine/.m2/repository/com/googlecode/json-simple/json-simple/1.1.1/json-simple-1.1.1.jar:/Users/jasmine/.m2/repository/net/serenity-bdd/serenity-rest-assured/2.4.51/serenity-rest-assured-2.4.51.jar:/Users/jasmine/.m2/repository/org/codehaus/groovy/groovy-json/3.0.8/groovy-json-3.0.8.jar:/Users/jasmine/.m2/repository/org/opentest4j/opentest4j/1.2.0/opentest4j-1.2.0.jar:/Users/jasmine/.m2/repository/net/serenity-bdd/serenity-screenplay/2.4.51/serenity-screenplay-2.4.51.jar:/Users/jasmine/.m2/repository/net/serenity-bdd/serenity-screenplay-rest/2.4.51/serenity-screenplay-rest-2.4.51.jar:/Users/jasmine/.m2/repository/net/serenity-bdd/serenity-cucumber6/2.4.51/serenity-cucumber6-2.4.51.jar:/Users/jasmine/.m2/repository/net/serenity-bdd/serenity-screenplay-webdriver/2.4.51/serenity-screenplay-webdriver-2.4.51.jar:/Users/jasmine/.m2/repository/io/cucumber/cucumber-java/6.10.4/cucumber-java-6.10.4.jar:/Users/jasmine/.m2/repository/org/apiguardian/apiguardian-api/1.1.1/apiguardian-api-1.1.1.jar:/Users/jasmine/.m2/repository/io/cucumber/cucumber-junit/6.10.4/cucumber-junit-6.10.4.jar:/Users/jasmine/.m2/repository/io/cucumber/datatable-matchers/3.4.0/datatable-matchers-3.4.0.jar:/Users/jasmine/.m2/repository/io/cucumber/datatable/3.4.0/datatable-3.4.0.jar:/Users/jasmine/.m2/repository/commons-logging/commons-logging/1.2/commons-logging-1.2.jar:/Users/jasmine/.m2/repository/org/apache/commons/commons-csv/1.5/commons-csv-1.5.jar:/Users/jasmine/.m2/repository/com/github/javafaker/javafaker/1.0.2/javafaker-1.0.2.jar:/Users/jasmine/.m2/repository/org/yaml/snakeyaml/1.23/snakeyaml-1.23-android.jar:/Users/jasmine/.m2/repository/com/github/mifmif/generex/1.0.2/generex-1.0.2.jar:/Users/jasmine/.m2/repository/dk/brics/automaton/automaton/1.11-8/automaton-1.11-8.jar:/Users/jasmine/.m2/repository/io/rest-assured/rest-assured/4.3.2/rest-assured-4.3.2.jar:/Users/jasmine/.m2/repository/org/apache/httpcomponents/httpclient/4.5.3/httpclient-4.5.3.jar:/Users/jasmine/.m2/repository/org/apache/httpcomponents/httpcore/4.4.6/httpcore-4.4.6.jar:/Users/jasmine/.m2/repository/org/apache/httpcomponents/httpmime/4.5.3/httpmime-4.5.3.jar:/Users/jasmine/.m2/repository/org/ccil/cowan/tagsoup/tagsoup/1.2.1/tagsoup-1.2.1.jar:/Users/jasmine/.m2/repository/io/rest-assured/json-path/4.3.3/json-path-4.3.3.jar:/Users/jasmine/.m2/repository/io/rest-assured/rest-assured-common/4.3.3/rest-assured-common-4.3.3.jar:/Users/jasmine/.m2/repository/io/rest-assured/xml-path/4.3.3/xml-path-4.3.3.jar:/Users/jasmine/.m2/repository/jakarta/xml/bind/jakarta.xml.bind-api/2.3.3/jakarta.xml.bind-api-2.3.3.jar:/Users/jasmine/.m2/repository/jakarta/activation/jakarta.activation-api/1.2.2/jakarta.activation-api-1.2.2.jar:/Users/jasmine/.m2/repository/org/codehaus/groovy/groovy/3.0.6/groovy-3.0.6.jar:/Users/jasmine/.m2/repository/org/codehaus/groovy/groovy-xml/3.0.6/groovy-xml-3.0.6.jar:/Users/jasmine/.m2/repository/junit/junit/4.13.1/junit-4.13.1.jar:/Users/jasmine/.m2/repository/org/hamcrest/hamcrest-core/1.3/hamcrest-core-1.3.jar:/Users/jasmine/.m2/repository/org/assertj/assertj-core/3.6.2/assertj-core-3.6.2.jar:/Users/jasmine/.m2/repository/org/hamcrest/hamcrest/2.2/hamcrest-2.2.jar:/Users/jasmine/.m2/repository/org/json/json/20210307/json-20210307.jar:"/>
    <property name="sun.cpu.endian" value="little"/>
    <property name="user.home" value="/Users/jasmine"/>
    <property name="user.language" value="en"/>
    <property name="java.specification.vendor" value="Oracle Corporation"/>
    <property name="jdk.module.path" value="/Users/jasmine/Documents/alterra-mini-project/target/mini-project-qa-1.0-SNAPSHOT.jar"/>
    <property name="java.version.date" value="2020-04-14"/>
    <property name="java.home" value="/usr/local/Cellar/openjdk/14.0.1/libexec/openjdk.jdk/Contents/Home"/>
    <property name="file.separator" value="/"/>
    <property name="basedir" value="/Users/jasmine/Documents/alterra-mini-project"/>
    <property name="java.vm.compressedOopsMode" value="Zero based"/>
    <property name="line.separator" value="&#10;"/>
    <property name="java.vm.specification.vendor" value="Oracle Corporation"/>
    <property name="java.specification.name" value="Java Platform API Specification"/>
    <property name="surefire.real.class.path" value="/Users/jasmine/.m2/repository/org/apache/maven/surefire/surefire-booter/3.0.0-M5/surefire-booter-3.0.0-M5.jar:/Users/jasmine/.m2/repository/org/apache/maven/surefire/surefire-api/3.0.0-M5/surefire-api-3.0.0-M5.jar:/Users/jasmine/.m2/repository/org/apache/maven/surefire/surefire-logger-api/3.0.0-M5/surefire-logger-api-3.0.0-M5.jar:/Users/jasmine/.m2/repository/org/apache/maven/surefire/surefire-shared-utils/3.0.0-M4/surefire-shared-utils-3.0.0-M4.jar:/Users/jasmine/.m2/repository/org/apache/maven/surefire/surefire-extensions-spi/3.0.0-M5/surefire-extensions-spi-3.0.0-M5.jar:/Users/jasmine/Documents/alterra-mini-project/target/test-classes:/Users/jasmine/.m2/repository/ch/qos/logback/logback-classic/1.2.3/logback-classic-1.2.3.jar:/Users/jasmine/.m2/repository/ch/qos/logback/logback-core/1.2.3/logback-core-1.2.3.jar:/Users/jasmine/.m2/repository/org/slf4j/slf4j-api/1.7.25/slf4j-api-1.7.25.jar:/Users/jasmine/.m2/repository/net/serenity-bdd/serenity-core/2.4.51/serenity-core-2.4.51.jar:/Users/jasmine/.m2/repository/net/serenity-bdd/serenity-model/2.4.51/serenity-model-2.4.51.jar:/Users/jasmine/.m2/repository/org/apache/commons/commons-text/1.9/commons-text-1.9.jar:/Users/jasmine/.m2/repository/commons-net/commons-net/3.6/commons-net-3.6.jar:/Users/jasmine/.m2/repository/com/google/guava/guava/30.1-jre/guava-30.1-jre.jar:/Users/jasmine/.m2/repository/com/google/guava/failureaccess/1.0.1/failureaccess-1.0.1.jar:/Users/jasmine/.m2/repository/com/google/guava/listenablefuture/9999.0-empty-to-avoid-conflict-with-guava/listenablefuture-9999.0-empty-to-avoid-conflict-with-guava.jar:/Users/jasmine/.m2/repository/com/google/code/findbugs/jsr305/3.0.2/jsr305-3.0.2.jar:/Users/jasmine/.m2/repository/org/checkerframework/checker-qual/3.5.0/checker-qual-3.5.0.jar:/Users/jasmine/.m2/repository/com/google/errorprone/error_prone_annotations/2.3.4/error_prone_annotations-2.3.4.jar:/Users/jasmine/.m2/repository/com/google/j2objc/j2objc-annotations/1.3/j2objc-annotations-1.3.jar:/Users/jasmine/.m2/repository/com/google/inject/guice/5.0.1/guice-5.0.1.jar:/Users/jasmine/.m2/repository/javax/inject/javax.inject/1/javax.inject-1.jar:/Users/jasmine/.m2/repository/aopalliance/aopalliance/1.0/aopalliance-1.0.jar:/Users/jasmine/.m2/repository/org/jsoup/jsoup/1.13.1/jsoup-1.13.1.jar:/Users/jasmine/.m2/repository/com/thoughtworks/xstream/xstream/1.4.17/xstream-1.4.17.jar:/Users/jasmine/.m2/repository/io/github/x-stream/mxparser/1.2.1/mxparser-1.2.1.jar:/Users/jasmine/.m2/repository/xmlpull/xmlpull/1.1.3.1/xmlpull-1.1.3.1.jar:/Users/jasmine/.m2/repository/io/cucumber/cucumber-core/6.10.2/cucumber-core-6.10.2.jar:/Users/jasmine/.m2/repository/io/cucumber/cucumber-gherkin/6.10.2/cucumber-gherkin-6.10.2.jar:/Users/jasmine/.m2/repository/io/cucumber/cucumber-gherkin-messages/6.10.2/cucumber-gherkin-messages-6.10.2.jar:/Users/jasmine/.m2/repository/io/cucumber/messages/14.0.1/messages-14.0.1.jar:/Users/jasmine/.m2/repository/io/cucumber/tag-expressions/3.0.0/tag-expressions-3.0.0.jar:/Users/jasmine/.m2/repository/io/cucumber/cucumber-expressions/10.3.0/cucumber-expressions-10.3.0.jar:/Users/jasmine/.m2/repository/io/cucumber/cucumber-plugin/6.10.2/cucumber-plugin-6.10.2.jar:/Users/jasmine/.m2/repository/io/cucumber/docstring/6.10.2/docstring-6.10.2.jar:/Users/jasmine/.m2/repository/io/cucumber/html-formatter/12.0.0/html-formatter-12.0.0.jar:/Users/jasmine/.m2/repository/io/cucumber/create-meta/3.0.0/create-meta-3.0.0.jar:/Users/jasmine/.m2/repository/com/typesafe/config/1.3.1/config-1.3.1.jar:/Users/jasmine/.m2/repository/org/imgscalr/imgscalr-lib/4.2/imgscalr-lib-4.2.jar:/Users/jasmine/.m2/repository/org/awaitility/awaitility/4.0.3/awaitility-4.0.3.jar:/Users/jasmine/.m2/repository/org/freemarker/freemarker/2.3.29/freemarker-2.3.29.jar:/Users/jasmine/.m2/repository/net/sourceforge/jexcelapi/jxl/2.6.12/jxl-2.6.12.jar:/Users/jasmine/.m2/repository/org/asciidoctor/asciidoctorj/2.5.1/asciidoctorj-2.5.1.jar:/Users/jasmine/.m2/repository/org/asciidoctor/asciidoctorj-api/2.5.1/asciidoctorj-api-2.5.1.jar:/Users/jasmine/.m2/repository/org/jruby/jruby/9.2.17.0/jruby-9.2.17.0.jar:/Users/jasmine/.m2/repository/org/jruby/jruby-core/9.2.17.0/jruby-core-9.2.17.0.jar:/Users/jasmine/.m2/repository/com/github/jnr/jnr-netdb/1.2.0/jnr-netdb-1.2.0.jar:/Users/jasmine/.m2/repository/com/github/jnr/jnr-enxio/0.32.3/jnr-enxio-0.32.3.jar:/Users/jasmine/.m2/repository/com/github/jnr/jnr-unixsocket/0.38.5/jnr-unixsocket-0.38.5.jar:/Users/jasmine/.m2/repository/com/github/jnr/jnr-posix/3.1.4/jnr-posix-3.1.4.jar:/Users/jasmine/.m2/repository/com/github/jnr/jnr-constants/0.10.1/jnr-constants-0.10.1.jar:/Users/jasmine/.m2/repository/com/github/jnr/jffi/1.3.1/jffi-1.3.1.jar:/Users/jasmine/.m2/repository/com/github/jnr/jffi/1.3.1/jffi-1.3.1-native.jar:/Users/jasmine/.m2/repository/org/jruby/joni/joni/2.1.31/joni-2.1.31.jar:/Users/jasmine/.m2/repository/org/jruby/jcodings/jcodings/1.0.46/jcodings-1.0.46.jar:/Users/jasmine/.m2/repository/org/jruby/dirgra/0.3/dirgra-0.3.jar:/Users/jasmine/.m2/repository/com/headius/invokebinder/1.11/invokebinder-1.11.jar:/Users/jasmine/.m2/repository/com/headius/options/1.4/options-1.4.jar:/Users/jasmine/.m2/repository/com/jcraft/jzlib/1.1.3/jzlib-1.1.3.jar:/Users/jasmine/.m2/repository/com/martiansoftware/nailgun-server/0.9.1/nailgun-server-0.9.1.jar:/Users/jasmine/.m2/repository/com/headius/backport9/1.8/backport9-1.8.jar:/Users/jasmine/.m2/repository/javax/annotation/javax.annotation-api/1.3.1/javax.annotation-api-1.3.1.jar:/Users/jasmine/.m2/repository/org/jruby/jruby-stdlib/9.2.17.0/jruby-stdlib-9.2.17.0.jar:/Users/jasmine/.m2/repository/net/bytebuddy/byte-buddy/1.11.1/byte-buddy-1.11.1.jar:/Users/jasmine/.m2/repository/net/bytebuddy/byte-buddy-agent/1.11.1/byte-buddy-agent-1.11.1.jar:/Users/jasmine/.m2/repository/org/objenesis/objenesis/3.1/objenesis-3.1.jar:/Users/jasmine/.m2/repository/net/serenity-bdd/serenity-reports/2.4.51/serenity-reports-2.4.51.jar:/Users/jasmine/.m2/repository/net/serenity-bdd/serenity-stats/2.4.51/serenity-stats-2.4.51.jar:/Users/jasmine/.m2/repository/org/jetbrains/kotlin/kotlin-stdlib/1.5.0/kotlin-stdlib-1.5.0.jar:/Users/jasmine/.m2/repository/org/jetbrains/annotations/13.0/annotations-13.0.jar:/Users/jasmine/.m2/repository/org/jetbrains/kotlin/kotlin-stdlib-common/1.5.0/kotlin-stdlib-common-1.5.0.jar:/Users/jasmine/.m2/repository/net/serenity-bdd/serenity-reports-configuration/2.4.51/serenity-reports-configuration-2.4.51.jar:/Users/jasmine/.m2/repository/com/vladsch/flexmark/flexmark-all/0.34.30/flexmark-all-0.34.30.jar:/Users/jasmine/.m2/repository/com/vladsch/flexmark/flexmark/0.34.30/flexmark-0.34.30.jar:/Users/jasmine/.m2/repository/com/vladsch/flexmark/flexmark-ext-abbreviation/0.34.30/flexmark-ext-abbreviation-0.34.30.jar:/Users/jasmine/.m2/repository/com/vladsch/flexmark/flexmark-ext-admonition/0.34.30/flexmark-ext-admonition-0.34.30.jar:/Users/jasmine/.m2/repository/com/vladsch/flexmark/flexmark-ext-anchorlink/0.34.30/flexmark-ext-anchorlink-0.34.30.jar:/Users/jasmine/.m2/repository/com/vladsch/flexmark/flexmark-ext-aside/0.34.30/flexmark-ext-aside-0.34.30.jar:/Users/jasmine/.m2/repository/com/vladsch/flexmark/flexmark-ext-attributes/0.34.30/flexmark-ext-attributes-0.34.30.jar:/Users/jasmine/.m2/repository/com/vladsch/flexmark/flexmark-ext-autolink/0.34.30/flexmark-ext-autolink-0.34.30.jar:/Users/jasmine/.m2/repository/org/nibor/autolink/autolink/0.6.0/autolink-0.6.0.jar:/Users/jasmine/.m2/repository/com/vladsch/flexmark/flexmark-ext-definition/0.34.30/flexmark-ext-definition-0.34.30.jar:/Users/jasmine/.m2/repository/com/vladsch/flexmark/flexmark-ext-emoji/0.34.30/flexmark-ext-emoji-0.34.30.jar:/Users/jasmine/.m2/repository/com/vladsch/flexmark/flexmark-ext-enumerated-reference/0.34.30/flexmark-ext-enumerated-reference-0.34.30.jar:/Users/jasmine/.m2/repository/com/vladsch/flexmark/flexmark-ext-escaped-character/0.34.30/flexmark-ext-escaped-character-0.34.30.jar:/Users/jasmine/.m2/repository/com/vladsch/flexmark/flexmark-ext-footnotes/0.34.30/flexmark-ext-footnotes-0.34.30.jar:/Users/jasmine/.m2/repository/com/vladsch/flexmark/flexmark-ext-gfm-issues/0.34.30/flexmark-ext-gfm-issues-0.34.30.jar:/Users/jasmine/.m2/repository/com/vladsch/flexmark/flexmark-ext-gfm-strikethrough/0.34.30/flexmark-ext-gfm-strikethrough-0.34.30.jar:/Users/jasmine/.m2/repository/com/vladsch/flexmark/flexmark-ext-gfm-tables/0.34.30/flexmark-ext-gfm-tables-0.34.30.jar:/Users/jasmine/.m2/repository/com/vladsch/flexmark/flexmark-ext-gfm-tasklist/0.34.30/flexmark-ext-gfm-tasklist-0.34.30.jar:/Users/jasmine/.m2/repository/com/vladsch/flexmark/flexmark-ext-gfm-users/0.34.30/flexmark-ext-gfm-users-0.34.30.jar:/Users/jasmine/.m2/repository/com/vladsch/flexmark/flexmark-ext-gitlab/0.34.30/flexmark-ext-gitlab-0.34.30.jar:/Users/jasmine/.m2/repository/com/vladsch/flexmark/flexmark-ext-jekyll-front-matter/0.34.30/flexmark-ext-jekyll-front-matter-0.34.30.jar:/Users/jasmine/.m2/repository/com/vladsch/flexmark/flexmark-ext-jekyll-tag/0.34.30/flexmark-ext-jekyll-tag-0.34.30.jar:/Users/jasmine/.m2/repository/com/vladsch/flexmark/flexmark-ext-media-tags/0.34.30/flexmark-ext-media-tags-0.34.30.jar:/Users/jasmine/.m2/repository/com/vladsch/flexmark/flexmark-test-util/0.34.30/flexmark-test-util-0.34.30.jar:/Users/jasmine/.m2/repository/com/vladsch/flexmark/flexmark-ext-ins/0.34.30/flexmark-ext-ins-0.34.30.jar:/Users/jasmine/.m2/repository/com/vladsch/flexmark/flexmark-ext-xwiki-macros/0.34.30/flexmark-ext-xwiki-macros-0.34.30.jar:/Users/jasmine/.m2/repository/com/vladsch/flexmark/flexmark-ext-superscript/0.34.30/flexmark-ext-superscript-0.34.30.jar:/Users/jasmine/.m2/repository/com/vladsch/flexmark/flexmark-ext-tables/0.34.30/flexmark-ext-tables-0.34.30.jar:/Users/jasmine/.m2/repository/com/vladsch/flexmark/flexmark-ext-toc/0.34.30/flexmark-ext-toc-0.34.30.jar:/Users/jasmine/.m2/repository/com/vladsch/flexmark/flexmark-ext-typographic/0.34.30/flexmark-ext-typographic-0.34.30.jar:/Users/jasmine/.m2/repository/com/vladsch/flexmark/flexmark-ext-wikilink/0.34.30/flexmark-ext-wikilink-0.34.30.jar:/Users/jasmine/.m2/repository/com/vladsch/flexmark/flexmark-ext-yaml-front-matter/0.34.30/flexmark-ext-yaml-front-matter-0.34.30.jar:/Users/jasmine/.m2/repository/com/vladsch/flexmark/flexmark-ext-youtube-embedded/0.34.30/flexmark-ext-youtube-embedded-0.34.30.jar:/Users/jasmine/.m2/repository/com/vladsch/flexmark/flexmark-formatter/0.34.30/flexmark-formatter-0.34.30.jar:/Users/jasmine/.m2/repository/com/vladsch/flexmark/flexmark-html-parser/0.34.30/flexmark-html-parser-0.34.30.jar:/Users/jasmine/.m2/repository/com/vladsch/flexmark/flexmark-jira-converter/0.34.30/flexmark-jira-converter-0.34.30.jar:/Users/jasmine/.m2/repository/com/vladsch/flexmark/flexmark-pdf-converter/0.34.30/flexmark-pdf-converter-0.34.30.jar:/Users/jasmine/.m2/repository/com/openhtmltopdf/openhtmltopdf-core/0.0.1-RC13/openhtmltopdf-core-0.0.1-RC13.jar:/Users/jasmine/.m2/repository/com/openhtmltopdf/openhtmltopdf-pdfbox/0.0.1-RC13/openhtmltopdf-pdfbox-0.0.1-RC13.jar:/Users/jasmine/.m2/repository/org/apache/pdfbox/pdfbox/2.0.8/pdfbox-2.0.8.jar:/Users/jasmine/.m2/repository/org/apache/pdfbox/fontbox/2.0.8/fontbox-2.0.8.jar:/Users/jasmine/.m2/repository/org/apache/pdfbox/xmpbox/2.0.8/xmpbox-2.0.8.jar:/Users/jasmine/.m2/repository/de/rototor/pdfbox/graphics2d/0.12/graphics2d-0.12.jar:/Users/jasmine/.m2/repository/com/openhtmltopdf/openhtmltopdf-rtl-support/0.0.1-RC13/openhtmltopdf-rtl-support-0.0.1-RC13.jar:/Users/jasmine/.m2/repository/com/ibm/icu/icu4j/59.1/icu4j-59.1.jar:/Users/jasmine/.m2/repository/com/openhtmltopdf/openhtmltopdf-jsoup-dom-converter/0.0.1-RC13/openhtmltopdf-jsoup-dom-converter-0.0.1-RC13.jar:/Users/jasmine/.m2/repository/com/vladsch/flexmark/flexmark-profile-pegdown/0.34.30/flexmark-profile-pegdown-0.34.30.jar:/Users/jasmine/.m2/repository/com/vladsch/flexmark/flexmark-util/0.34.30/flexmark-util-0.34.30.jar:/Users/jasmine/.m2/repository/com/vladsch/flexmark/flexmark-youtrack-converter/0.34.30/flexmark-youtrack-converter-0.34.30.jar:/Users/jasmine/.m2/repository/es/nitaur/markdown/txtmark/0.16/txtmark-0.16.jar:/Users/jasmine/.m2/repository/net/serenity-bdd/serenity-report-resources/2.4.51/serenity-report-resources-2.4.51.jar:/Users/jasmine/.m2/repository/com/google/code/gson/gson/2.8.7/gson-2.8.7.jar:/Users/jasmine/.m2/repository/com/fasterxml/jackson/core/jackson-core/2.12.4/jackson-core-2.12.4.jar:/Users/jasmine/.m2/repository/com/fasterxml/jackson/core/jackson-databind/2.12.4/jackson-databind-2.12.4.jar:/Users/jasmine/.m2/repository/com/fasterxml/jackson/core/jackson-annotations/2.12.4/jackson-annotations-2.12.4.jar:/Users/jasmine/.m2/repository/commons-codec/commons-codec/1.15/commons-codec-1.15.jar:/Users/jasmine/.m2/repository/commons-io/commons-io/2.8.0/commons-io-2.8.0.jar:/Users/jasmine/.m2/repository/org/seleniumhq/selenium/selenium-server/3.141.59/selenium-server-3.141.59.jar:/Users/jasmine/.m2/repository/org/seleniumhq/selenium/selenium-opera-driver/3.141.59/selenium-opera-driver-3.141.59.jar:/Users/jasmine/.m2/repository/org/seleniumhq/selenium/selenium-remote-driver/3.141.59/selenium-remote-driver-3.141.59.jar:/Users/jasmine/.m2/repository/org/seleniumhq/selenium/selenium-safari-driver/3.141.59/selenium-safari-driver-3.141.59.jar:/Users/jasmine/.m2/repository/com/beust/jcommander/1.72/jcommander-1.72.jar:/Users/jasmine/.m2/repository/org/apache/commons/commons-exec/1.3/commons-exec-1.3.jar:/Users/jasmine/.m2/repository/net/jcip/jcip-annotations/1.0/jcip-annotations-1.0.jar:/Users/jasmine/.m2/repository/org/seleniumhq/selenium/jetty-repacked/9.4.12.v20180830/jetty-repacked-9.4.12.v20180830.jar:/Users/jasmine/.m2/repository/com/squareup/okhttp3/okhttp/3.11.0/okhttp-3.11.0.jar:/Users/jasmine/.m2/repository/com/squareup/okio/okio/1.14.0/okio-1.14.0.jar:/Users/jasmine/.m2/repository/javax/servlet/javax.servlet-api/3.1.0/javax.servlet-api-3.1.0.jar:/Users/jasmine/.m2/repository/org/yaml/snakeyaml/1.19/snakeyaml-1.19.jar:/Users/jasmine/.m2/repository/org/seleniumhq/selenium/selenium-java/3.141.59/selenium-java-3.141.59.jar:/Users/jasmine/.m2/repository/org/seleniumhq/selenium/selenium-api/3.141.59/selenium-api-3.141.59.jar:/Users/jasmine/.m2/repository/org/seleniumhq/selenium/selenium-support/3.141.59/selenium-support-3.141.59.jar:/Users/jasmine/.m2/repository/org/seleniumhq/selenium/selenium-chrome-driver/3.141.59/selenium-chrome-driver-3.141.59.jar:/Users/jasmine/.m2/repository/org/seleniumhq/selenium/selenium-firefox-driver/3.141.59/selenium-firefox-driver-3.141.59.jar:/Users/jasmine/.m2/repository/org/seleniumhq/selenium/selenium-edge-driver/3.141.59/selenium-edge-driver-3.141.59.jar:/Users/jasmine/.m2/repository/org/seleniumhq/selenium/selenium-ie-driver/3.141.59/selenium-ie-driver-3.141.59.jar:/Users/jasmine/.m2/repository/net/sourceforge/htmlunit/htmlunit/2.47.1/htmlunit-2.47.1.jar:/Users/jasmine/.m2/repository/xalan/xalan/2.7.2/xalan-2.7.2.jar:/Users/jasmine/.m2/repository/xalan/serializer/2.7.2/serializer-2.7.2.jar:/Users/jasmine/.m2/repository/net/sourceforge/htmlunit/htmlunit-core-js/2.47.0/htmlunit-core-js-2.47.0.jar:/Users/jasmine/.m2/repository/net/sourceforge/htmlunit/neko-htmlunit/2.47.1/neko-htmlunit-2.47.1.jar:/Users/jasmine/.m2/repository/xerces/xercesImpl/2.12.0/xercesImpl-2.12.0.jar:/Users/jasmine/.m2/repository/xml-apis/xml-apis/1.4.01/xml-apis-1.4.01.jar:/Users/jasmine/.m2/repository/net/sourceforge/htmlunit/htmlunit-cssparser/1.7.0/htmlunit-cssparser-1.7.0.jar:/Users/jasmine/.m2/repository/org/brotli/dec/0.1.2/dec-0.1.2.jar:/Users/jasmine/.m2/repository/com/shapesecurity/salvation2/3.0.0/salvation2-3.0.0.jar:/Users/jasmine/.m2/repository/org/eclipse/jetty/websocket/websocket-client/9.4.36.v20210114/websocket-client-9.4.36.v20210114.jar:/Users/jasmine/.m2/repository/org/eclipse/jetty/jetty-client/9.4.36.v20210114/jetty-client-9.4.36.v20210114.jar:/Users/jasmine/.m2/repository/org/eclipse/jetty/jetty-http/9.4.36.v20210114/jetty-http-9.4.36.v20210114.jar:/Users/jasmine/.m2/repository/org/eclipse/jetty/jetty-util/9.4.36.v20210114/jetty-util-9.4.36.v20210114.jar:/Users/jasmine/.m2/repository/org/eclipse/jetty/jetty-io/9.4.36.v20210114/jetty-io-9.4.36.v20210114.jar:/Users/jasmine/.m2/repository/org/eclipse/jetty/websocket/websocket-common/9.4.36.v20210114/websocket-common-9.4.36.v20210114.jar:/Users/jasmine/.m2/repository/org/eclipse/jetty/websocket/websocket-api/9.4.36.v20210114/websocket-api-9.4.36.v20210114.jar:/Users/jasmine/.m2/repository/org/projectlombok/lombok/1.18.20/lombok-1.18.20.jar:/Users/jasmine/.m2/repository/org/seleniumhq/selenium/htmlunit-driver/2.47.1/htmlunit-driver-2.47.1.jar:/Users/jasmine/.m2/repository/com/codeborne/phantomjsdriver/1.4.4/phantomjsdriver-1.4.4.jar:/Users/jasmine/.m2/repository/io/appium/java-client/7.5.1/java-client-7.5.1.jar:/Users/jasmine/.m2/repository/commons-validator/commons-validator/1.7/commons-validator-1.7.jar:/Users/jasmine/.m2/repository/commons-digester/commons-digester/2.1/commons-digester-2.1.jar:/Users/jasmine/.m2/repository/org/aspectj/aspectjweaver/1.9.6/aspectjweaver-1.9.6.jar:/Users/jasmine/.m2/repository/net/sf/opencsv/opencsv/2.0/opencsv-2.0.jar:/Users/jasmine/.m2/repository/commons-beanutils/commons-beanutils/1.9.4/commons-beanutils-1.9.4.jar:/Users/jasmine/.m2/repository/org/apache/commons/commons-lang3/3.11/commons-lang3-3.11.jar:/Users/jasmine/.m2/repository/commons-collections/commons-collections/3.2.2/commons-collections-3.2.2.jar:/Users/jasmine/.m2/repository/org/fluentlenium/fluentlenium-core/0.10.2/fluentlenium-core-0.10.2.jar:/Users/jasmine/.m2/repository/io/github/bonigarcia/webdrivermanager/4.4.1/webdrivermanager-4.4.1.jar:/Users/jasmine/.m2/repository/org/apache/httpcomponents/client5/httpclient5/5.0.3/httpclient5-5.0.3.jar:/Users/jasmine/.m2/repository/org/apache/httpcomponents/core5/httpcore5/5.0.2/httpcore5-5.0.2.jar:/Users/jasmine/.m2/repository/org/apache/httpcomponents/core5/httpcore5-h2/5.0.2/httpcore5-h2-5.0.2.jar:/Users/jasmine/.m2/repository/org/rauschig/jarchivelib/1.1.0/jarchivelib-1.1.0.jar:/Users/jasmine/.m2/repository/org/apache/commons/commons-compress/1.20/commons-compress-1.20.jar:/Users/jasmine/.m2/repository/com/jhlabs/filters/2.0.235/filters-2.0.235.jar:/Users/jasmine/.m2/repository/com/paulhammant/ngwebdriver/1.1.5/ngwebdriver-1.1.5.jar:/Users/jasmine/.m2/repository/joda-time/joda-time/2.8.2/joda-time-2.8.2.jar:/Users/jasmine/.m2/repository/com/google/jimfs/jimfs/1.1/jimfs-1.1.jar:/Users/jasmine/.m2/repository/org/mockito/mockito-core/3.3.3/mockito-core-3.3.3.jar:/Users/jasmine/.m2/repository/javax/xml/bind/jaxb-api/2.3.1/jaxb-api-2.3.1.jar:/Users/jasmine/.m2/repository/javax/activation/javax.activation-api/1.2.0/javax.activation-api-1.2.0.jar:/Users/jasmine/.m2/repository/com/sun/xml/bind/jaxb-core/2.3.0.1/jaxb-core-2.3.0.1.jar:/Users/jasmine/.m2/repository/com/sun/xml/bind/jaxb-impl/2.3.3/jaxb-impl-2.3.3.jar:/Users/jasmine/.m2/repository/com/sun/activation/jakarta.activation/1.2.2/jakarta.activation-1.2.2.jar:/Users/jasmine/.m2/repository/javax/activation/activation/1.1.1/activation-1.1.1.jar:/Users/jasmine/.m2/repository/net/serenity-bdd/serenity-junit/2.4.51/serenity-junit-2.4.51.jar:/Users/jasmine/.m2/repository/com/googlecode/json-simple/json-simple/1.1.1/json-simple-1.1.1.jar:/Users/jasmine/.m2/repository/net/serenity-bdd/serenity-rest-assured/2.4.51/serenity-rest-assured-2.4.51.jar:/Users/jasmine/.m2/repository/org/codehaus/groovy/groovy-json/3.0.8/groovy-json-3.0.8.jar:/Users/jasmine/.m2/repository/org/opentest4j/opentest4j/1.2.0/opentest4j-1.2.0.jar:/Users/jasmine/.m2/repository/net/serenity-bdd/serenity-screenplay/2.4.51/serenity-screenplay-2.4.51.jar:/Users/jasmine/.m2/repository/net/serenity-bdd/serenity-screenplay-rest/2.4.51/serenity-screenplay-rest-2.4.51.jar:/Users/jasmine/.m2/repository/net/serenity-bdd/serenity-cucumber6/2.4.51/serenity-cucumber6-2.4.51.jar:/Users/jasmine/.m2/repository/net/serenity-bdd/serenity-screenplay-webdriver/2.4.51/serenity-screenplay-webdriver-2.4.51.jar:/Users/jasmine/.m2/repository/io/cucumber/cucumber-java/6.10.4/cucumber-java-6.10.4.jar:/Users/jasmine/.m2/repository/org/apiguardian/apiguardian-api/1.1.1/apiguardian-api-1.1.1.jar:/Users/jasmine/.m2/repository/io/cucumber/cucumber-junit/6.10.4/cucumber-junit-6.10.4.jar:/Users/jasmine/.m2/repository/io/cucumber/datatable-matchers/3.4.0/datatable-matchers-3.4.0.jar:/Users/jasmine/.m2/repository/io/cucumber/datatable/3.4.0/datatable-3.4.0.jar:/Users/jasmine/.m2/repository/commons-logging/commons-logging/1.2/commons-logging-1.2.jar:/Users/jasmine/.m2/repository/org/apache/commons/commons-csv/1.5/commons-csv-1.5.jar:/Users/jasmine/.m2/repository/com/github/javafaker/javafaker/1.0.2/javafaker-1.0.2.jar:/Users/jasmine/.m2/repository/org/yaml/snakeyaml/1.23/snakeyaml-1.23-android.jar:/Users/jasmine/.m2/repository/com/github/mifmif/generex/1.0.2/generex-1.0.2.jar:/Users/jasmine/.m2/repository/dk/brics/automaton/automaton/1.11-8/automaton-1.11-8.jar:/Users/jasmine/.m2/repository/io/rest-assured/rest-assured/4.3.2/rest-assured-4.3.2.jar:/Users/jasmine/.m2/repository/org/apache/httpcomponents/httpclient/4.5.3/httpclient-4.5.3.jar:/Users/jasmine/.m2/repository/org/apache/httpcomponents/httpcore/4.4.6/httpcore-4.4.6.jar:/Users/jasmine/.m2/repository/org/apache/httpcomponents/httpmime/4.5.3/httpmime-4.5.3.jar:/Users/jasmine/.m2/repository/org/ccil/cowan/tagsoup/tagsoup/1.2.1/tagsoup-1.2.1.jar:/Users/jasmine/.m2/repository/io/rest-assured/json-path/4.3.3/json-path-4.3.3.jar:/Users/jasmine/.m2/repository/io/rest-assured/rest-assured-common/4.3.3/rest-assured-common-4.3.3.jar:/Users/jasmine/.m2/repository/io/rest-assured/xml-path/4.3.3/xml-path-4.3.3.jar:/Users/jasmine/.m2/repository/jakarta/xml/bind/jakarta.xml.bind-api/2.3.3/jakarta.xml.bind-api-2.3.3.jar:/Users/jasmine/.m2/repository/jakarta/activation/jakarta.activation-api/1.2.2/jakarta.activation-api-1.2.2.jar:/Users/jasmine/.m2/repository/org/codehaus/groovy/groovy/3.0.6/groovy-3.0.6.jar:/Users/jasmine/.m2/repository/org/codehaus/groovy/groovy-xml/3.0.6/groovy-xml-3.0.6.jar:/Users/jasmine/.m2/repository/junit/junit/4.13.1/junit-4.13.1.jar:/Users/jasmine/.m2/repository/org/hamcrest/hamcrest-core/1.3/hamcrest-core-1.3.jar:/Users/jasmine/.m2/repository/org/assertj/assertj-core/3.6.2/assertj-core-3.6.2.jar:/Users/jasmine/.m2/repository/org/hamcrest/hamcrest/2.2/hamcrest-2.2.jar:/Users/jasmine/.m2/repository/org/json/json/20210307/json-20210307.jar:/Users/jasmine/.m2/repository/org/apache/maven/surefire/surefire-junit47/3.0.0-M5/surefire-junit47-3.0.0-M5.jar:/Users/jasmine/.m2/repository/org/apache/maven/surefire/common-java5/3.0.0-M5/common-java5-3.0.0-M5.jar:/Users/jasmine/.m2/repository/org/apache/maven/surefire/common-junit3/3.0.0-M5/common-junit3-3.0.0-M5.jar:/Users/jasmine/.m2/repository/org/apache/maven/surefire/common-junit4/3.0.0-M5/common-junit4-3.0.0-M5.jar:/Users/jasmine/.m2/repository/org/apache/maven/surefire/common-junit48/3.0.0-M5/common-junit48-3.0.0-M5.jar:/Users/jasmine/.m2/repository/org/apache/maven/surefire/surefire-grouper/3.0.0-M5/surefire-grouper-3.0.0-M5.jar"/>
    <property name="sun.management.compiler" value="HotSpot 64-Bit Tiered Compilers"/>
    <property name="ftp.nonProxyHosts" value="local|*.local|169.254/16|*.169.254/16"/>
    <property name="java.runtime.version" value="14.0.1+14"/>
    <property name="user.name" value="jasmine"/>
    <property name="path.separator" value=":"/>
    <property name="os.version" value="10.16"/>
    <property name="java.runtime.name" value="OpenJDK Runtime Environment"/>
    <property name="file.encoding" value="UTF-8"/>
    <property name="webdriver.base.url" value=""/>
    <property name="java.vm.name" value="OpenJDK 64-Bit Server VM"/>
    <property name="localRepository" value="/Users/jasmine/.m2/repository"/>
    <property name="java.vendor.url.bug" value="https://bugreport.java.com/bugreport/"/>
    <property name="java.io.tmpdir" value="/var/folders/5t/jwhkptc914l4cztc4t1r28zr0000gq/T/"/>
    <property name="java.version" value="14.0.1"/>
    <property name="user.dir" value="/Users/jasmine/Documents/alterra-mini-project"/>
    <property name="os.arch" value="x86_64"/>
    <property name="java.vm.specification.name" value="Java Virtual Machine Specification"/>
    <property name="java.library.path" value="/Users/jasmine/Library/Java/Extensions:/Library/Java/Extensions:/Network/Library/Java/Extensions:/System/Library/Java/Extensions:/usr/lib/java:."/>
    <property name="java.vm.info" value="mixed mode"/>
    <property name="java.vendor" value="N/A"/>
    <property name="java.vm.version" value="14.0.1+14"/>
    <property name="sun.io.unicode.encoding" value="UnicodeBig"/>
    <property name="socksNonProxyHosts" value="local|*.local|169.254/16|*.169.254/16"/>
    <property name="java.class.version" value="58.0"/>
  </properties>
  <testcase name="Get Products - Get Products with url valid" classname="Product" time="0.883">
    <system-out><![CDATA[

60
 Scenarios (
&amp#27;[32m60 passed&amp#27;[0m
)

236
 Steps (
&amp#27;[32m236 passed&amp#27;[0m
)

0m
23.134s





20:32:37.696 [pool-2-thread-1] DEBUG net.thucydides.core.reports.ReportService - Reporting formats: [JSON, HTML]

20:32:37.759 [pool-2-thread-1] DEBUG net.thucydides.core.reports.ReportService - Reporting formats: [JSON, HTML]

20:32:37.773 [pool-2-thread-1] DEBUG net.thucydides.core.reports.ReportService - Generating reports for 60 test outcomes using: net.thucydides.core.reports.json.JSONTestOutcomeReporter@423fec77

20:32:37.774 [pool-2-thread-1] DEBUG net.thucydides.core.reports.ReportService - Processing test outcome Auth:Login - Login success with data valid

20:32:37.774 [pool-2-thread-2] DEBUG net.thucydides.core.reports.ReportService - Processing test outcome Auth:Login - Login failed username valid but password invalid

20:32:37.774 [pool-2-thread-2] INFO net.thucydides.core.reports.ReportService - net.thucydides.core.reports.json.JSONTestOutcomeReporter@423fec77: Generating report for test outcome: Auth:Login - Login failed username valid but password invalid

20:32:37.774 [pool-2-thread-3] DEBUG net.thucydides.core.reports.ReportService - Processing test outcome Auth:Login - Login failed not registered

20:32:37.774 [pool-2-thread-1] INFO net.thucydides.core.reports.ReportService - net.thucydides.core.reports.json.JSONTestOutcomeReporter@423fec77: Generating report for test outcome: Auth:Login - Login success with data valid

20:32:37.774 [pool-2-thread-3] INFO net.thucydides.core.reports.ReportService - net.thucydides.core.reports.json.JSONTestOutcomeReporter@423fec77: Generating report for test outcome: Auth:Login - Login failed not registered

20:32:37.774 [pool-2-thread-4] DEBUG net.thucydides.core.reports.ReportService - Processing test outcome Auth:Login - Login failed all empty

20:32:37.775 [pool-2-thread-4] INFO net.thucydides.core.reports.ReportService - net.thucydides.core.reports.json.JSONTestOutcomeReporter@423fec77: Generating report for test outcome: Auth:Login - Login failed all empty

20:32:37.775 [pool-2-thread-5] DEBUG net.thucydides.core.reports.ReportService - Processing test outcome Auth:Login - Login failed email empty

20:32:37.775 [pool-2-thread-5] INFO net.thucydides.core.reports.ReportService - net.thucydides.core.reports.json.JSONTestOutcomeReporter@423fec77: Generating report for test outcome: Auth:Login - Login failed email empty

20:32:37.775 [pool-2-thread-6] DEBUG net.thucydides.core.reports.ReportService - Processing test outcome Auth:Login - Login failed password empty

20:32:37.775 [pool-2-thread-6] INFO net.thucydides.core.reports.ReportService - net.thucydides.core.reports.json.JSONTestOutcomeReporter@423fec77: Generating report for test outcome: Auth:Login - Login failed password empty

20:32:37.775 [pool-2-thread-7] DEBUG net.thucydides.core.reports.ReportService - Processing test outcome Auth:Register - Register Success with data valid

20:32:37.775 [pool-2-thread-7] INFO net.thucydides.core.reports.ReportService - net.thucydides.core.reports.json.JSONTestOutcomeReporter@423fec77: Generating report for test outcome: Auth:Register - Register Success with data valid

20:32:37.775 [pool-2-thread-8] DEBUG net.thucydides.core.reports.ReportService - Processing test outcome Auth:Register - Register failed with all data empty

20:32:37.775 [pool-2-thread-8] INFO net.thucydides.core.reports.ReportService - net.thucydides.core.reports.json.JSONTestOutcomeReporter@423fec77: Generating report for test outcome: Auth:Register - Register failed with all data empty

20:32:37.775 [pool-2-thread-9] DEBUG net.thucydides.core.reports.ReportService - Processing test outcome Auth:Register - Register failed with email empty

20:32:37.775 [pool-2-thread-9] INFO net.thucydides.core.reports.ReportService - net.thucydides.core.reports.json.JSONTestOutcomeReporter@423fec77: Generating report for test outcome: Auth:Register - Register failed with email empty

20:32:37.775 [pool-2-thread-10] DEBUG net.thucydides.core.reports.ReportService - Processing test outcome Auth:Register - Register failed with fullname empty

20:32:37.775 [pool-2-thread-10] INFO net.thucydides.core.reports.ReportService - net.thucydides.core.reports.json.JSONTestOutcomeReporter@423fec77: Generating report for test outcome: Auth:Register - Register failed with fullname empty

20:32:37.775 [pool-2-thread-11] DEBUG net.thucydides.core.reports.ReportService - Processing test outcome Auth:Register - Register failed with password empty

20:32:37.775 [pool-2-thread-11] INFO net.thucydides.core.reports.ReportService - net.thucydides.core.reports.json.JSONTestOutcomeReporter@423fec77: Generating report for test outcome: Auth:Register - Register failed with password empty

20:32:37.775 [pool-2-thread-12] DEBUG net.thucydides.core.reports.ReportService - Processing test outcome Auth:Register - Register already exist

20:32:37.775 [pool-2-thread-12] INFO net.thucydides.core.reports.ReportService - net.thucydides.core.reports.json.JSONTestOutcomeReporter@423fec77: Generating report for test outcome: Auth:Register - Register already exist

20:32:37.782 [pool-2-thread-9] DEBUG net.thucydides.core.reports.json.JSONTestOutcomeReporter - Generating JSON report for Register - Register failed with email empty to file /Users/jasmine/Documents/alterra-mini-project/target/site/serenity/a5866b8b30f49affc9f71378551d6467118924654b0e140f1d5374af6ec10539.json (using temp file /Users/jasmine/Documents/alterra-mini-project/target/site/serenity/a5866b8b30f49affc9f71378551d6467118924654b0e140f1d5374af6ec10539.json62de1c4f-ec6f-46b3-bb42-7a81eaabf012)

20:32:37.782 [pool-2-thread-7] DEBUG net.thucydides.core.reports.json.JSONTestOutcomeReporter - Generating JSON report for Register - Register Success with data valid to file /Users/jasmine/Documents/alterra-mini-project/target/site/serenity/fbe20b16f1aceb589d9b7c3eece1e21036854a5503062fb905db931d5055a234.json (using temp file /Users/jasmine/Documents/alterra-mini-project/target/site/serenity/fbe20b16f1aceb589d9b7c3eece1e21036854a5503062fb905db931d5055a234.json9cabfa23-44bf-4c88-ad42-fa25c224c112)

20:32:37.782 [pool-2-thread-2] DEBUG net.thucydides.core.reports.json.JSONTestOutcomeReporter - Generating JSON report for Login - Login failed username valid but password invalid to file /Users/jasmine/Documents/alterra-mini-project/target/site/serenity/05278008aff1fe6c6e30d5a5a7d0cb56ca8fb834002063cfa26bd39bfd153dff.json (using temp file /Users/jasmine/Documents/alterra-mini-project/target/site/serenity/05278008aff1fe6c6e30d5a5a7d0cb56ca8fb834002063cfa26bd39bfd153dff.jsonad515f0c-18a1-4690-a1d9-3bbb84a85cbc)

20:32:37.782 [pool-2-thread-3] DEBUG net.thucydides.core.reports.json.JSONTestOutcomeReporter - Generating JSON report for Login - Login failed not registered to file /Users/jasmine/Documents/alterra-mini-project/target/site/serenity/8a467251db9a7761af80e0dc0a27b8fb78566d6a5ece5c1e78dce59b4b3a2dd2.json (using temp file /Users/jasmine/Documents/alterra-mini-project/target/site/serenity/8a467251db9a7761af80e0dc0a27b8fb78566d6a5ece5c1e78dce59b4b3a2dd2.jsonc9ea0832-c544-4fba-8a97-b21e8c43d6b4)

20:32:37.782 [pool-2-thread-6] DEBUG net.thucydides.core.reports.json.JSONTestOutcomeReporter - Generating JSON report for Login - Login failed password empty to file /Users/jasmine/Documents/alterra-mini-project/target/site/serenity/6dfb3779abfdbd814ed4516df4fb51203b7267414107ebc5b58348ec468ec568.json (using temp file /Users/jasmine/Documents/alterra-mini-project/target/site/serenity/6dfb3779abfdbd814ed4516df4fb51203b7267414107ebc5b58348ec468ec568.jsond42bd615-08cc-4a0e-a262-5271948f1969)

20:32:37.782 [pool-2-thread-10] DEBUG net.thucydides.core.reports.json.JSONTestOutcomeReporter - Generating JSON report for Register - Register failed with fullname empty to file /Users/jasmine/Documents/alterra-mini-project/target/site/serenity/4476008f9f73d46ed1723005b55d595bc2a398856868c67ddffbedc1de3833ec.json (using temp file /Users/jasmine/Documents/alterra-mini-project/target/site/serenity/4476008f9f73d46ed1723005b55d595bc2a398856868c67ddffbedc1de3833ec.json925a2900-9190-4614-b09a-5671709ddb15)

20:32:37.782 [pool-2-thread-11] DEBUG net.thucydides.core.reports.json.JSONTestOutcomeReporter - Generating JSON report for Register - Register failed with password empty to file /Users/jasmine/Documents/alterra-mini-project/target/site/serenity/b48c5a4fed95aa22ff1020ebcfd295a98b1f307800ded45f5a228e3e8daa163b.json (using temp file /Users/jasmine/Documents/alterra-mini-project/target/site/serenity/b48c5a4fed95aa22ff1020ebcfd295a98b1f307800ded45f5a228e3e8daa163b.json301a6aef-652a-437a-88eb-75e1ec77136f)

20:32:37.782 [pool-2-thread-4] DEBUG net.thucydides.core.reports.json.JSONTestOutcomeReporter - Generating JSON report for Login - Login failed all empty to file /Users/jasmine/Documents/alterra-mini-project/target/site/serenity/b4b8676d2cb23aef7e991ccd40a69e923324842285a7eb6e0b33604394c60f49.json (using temp file /Users/jasmine/Documents/alterra-mini-project/target/site/serenity/b4b8676d2cb23aef7e991ccd40a69e923324842285a7eb6e0b33604394c60f49.json5c4c880a-2c9d-4850-a974-70f998c77932)

20:32:37.782 [pool-2-thread-5] DEBUG net.thucydides.core.reports.json.JSONTestOutcomeReporter - Generating JSON report for Login - Login failed email empty to file /Users/jasmine/Documents/alterra-mini-project/target/site/serenity/f0887395f233684a29a1b9715231a9175fb5a213335535f7d8950c7cc60433d0.json (using temp file /Users/jasmine/Documents/alterra-mini-project/target/site/serenity/f0887395f233684a29a1b9715231a9175fb5a213335535f7d8950c7cc60433d0.jsond9a97939-2850-4241-903e-9220384508ec)

20:32:37.782 [pool-2-thread-8] DEBUG net.thucydides.core.reports.json.JSONTestOutcomeReporter - Generating JSON report for Register - Register failed with all data empty to file /Users/jasmine/Documents/alterra-mini-project/target/site/serenity/cc54255d4b7bf1b51ba205a0fa8d5350aa28fac151fa94e627ee415b803519e2.json (using temp file /Users/jasmine/Documents/alterra-mini-project/target/site/serenity/cc54255d4b7bf1b51ba205a0fa8d5350aa28fac151fa94e627ee415b803519e2.json172b76da-02a3-49f4-a35b-05ad515e471f)

20:32:37.782 [pool-2-thread-12] DEBUG net.thucydides.core.reports.json.JSONTestOutcomeReporter - Generating JSON report for Register - Register already exist to file /Users/jasmine/Documents/alterra-mini-project/target/site/serenity/376fe095260e2835b60224637d249468bc99e49ec756c2f0767f33a096728fbf.json (using temp file /Users/jasmine/Documents/alterra-mini-project/target/site/serenity/376fe095260e2835b60224637d249468bc99e49ec756c2f0767f33a096728fbf.json57558cc6-3f80-40d6-86ca-8f2c3dd2e348)

20:32:37.782 [pool-2-thread-1] DEBUG net.thucydides.core.reports.json.JSONTestOutcomeReporter - Generating JSON report for Login - Login success with data valid to file /Users/jasmine/Documents/alterra-mini-project/target/site/serenity/565fe17b157bd7f2aed219d7518be7a8b2fd1ebbe8f8111a71c9b8ccc2a9043a.json (using temp file /Users/jasmine/Documents/alterra-mini-project/target/site/serenity/565fe17b157bd7f2aed219d7518be7a8b2fd1ebbe8f8111a71c9b8ccc2a9043a.json6fad169a-a4b3-4a97-87e7-3af444d9c9f1)

20:32:37.820 [pool-2-thread-11] DEBUG net.thucydides.core.reports.ReportService - Processing test outcome Auth:Register - Register failed with password empty done

20:32:37.820 [pool-2-thread-11] DEBUG net.thucydides.core.reports.ReportService - Processing test outcome Auth:Get Information - Get Information with token valid

20:32:37.820 [pool-2-thread-11] INFO net.thucydides.core.reports.ReportService - net.thucydides.core.reports.json.JSONTestOutcomeReporter@423fec77: Generating report for test outcome: Auth:Get Information - Get Information with token valid

20:32:37.821 [pool-2-thread-9] DEBUG net.thucydides.core.reports.ReportService - Processing test outcome Auth:Register - Register failed with email empty done

20:32:37.821 [pool-2-thread-11] DEBUG net.thucydides.core.reports.json.JSONTestOutcomeReporter - Generating JSON report for Get Information - Get Information with token valid to file /Users/jasmine/Documents/alterra-mini-project/target/site/serenity/fa93a6205a4e44dda2dfed14dc2d85400e0f5b4e37736afc601308fc71b1ad20.json (using temp file /Users/jasmine/Documents/alterra-mini-project/target/site/serenity/fa93a6205a4e44dda2dfed14dc2d85400e0f5b4e37736afc601308fc71b1ad20.json487c8569-a874-4f88-92ad-cc411744b352)

20:32:37.821 [pool-2-thread-9] DEBUG net.thucydides.core.reports.ReportService - Processing test outcome Auth:Get Information - Get Information with token empty

20:32:37.821 [pool-2-thread-9] INFO net.thucydides.core.reports.ReportService - net.thucydides.core.reports.json.JSONTestOutcomeReporter@423fec77: Generating report for test outcome: Auth:Get Information - Get Information with token empty

20:32:37.821 [pool-2-thread-9] DEBUG net.thucydides.core.reports.json.JSONTestOutcomeReporter - Generating JSON report for Get Information - Get Information with token empty to file /Users/jasmine/Documents/alterra-mini-project/target/site/serenity/e8755d23dea9882b5a78e9957e8ca83e022cf339cf6c3b80ed81e2bd56ea4530.json (using temp file /Users/jasmine/Documents/alterra-mini-project/target/site/serenity/e8755d23dea9882b5a78e9957e8ca83e022cf339cf6c3b80ed81e2bd56ea4530.jsonb60da9fa-e013-4799-b03e-c586c5958301)

20:32:37.822 [pool-2-thread-6] DEBUG net.thucydides.core.reports.ReportService - Processing test outcome Auth:Login - Login failed password empty done

20:32:37.822 [pool-2-thread-6] DEBUG net.thucydides.core.reports.ReportService - Processing test outcome Auth:Get Information - Get Information with token invalid

20:32:37.822 [pool-2-thread-6] INFO net.thucydides.core.reports.ReportService - net.thucydides.core.reports.json.JSONTestOutcomeReporter@423fec77: Generating report for test outcome: Auth:Get Information - Get Information with token invalid

20:32:37.822 [pool-2-thread-6] DEBUG net.thucydides.core.reports.json.JSONTestOutcomeReporter - Generating JSON report for Get Information - Get Information with token invalid to file /Users/jasmine/Documents/alterra-mini-project/target/site/serenity/d0f940e7010f29ba0690bf4ce383e5c7d21f58025521c2b6fd5fe30702ebc878.json (using temp file /Users/jasmine/Documents/alterra-mini-project/target/site/serenity/d0f940e7010f29ba0690bf4ce383e5c7d21f58025521c2b6fd5fe30702ebc878.jsonc1bac0c2-77ea-4361-b864-ec9b9ef0e432)

20:32:37.823 [pool-2-thread-4] DEBUG net.thucydides.core.reports.ReportService - Processing test outcome Auth:Login - Login failed all empty done

20:32:37.823 [pool-2-thread-4] DEBUG net.thucydides.core.reports.ReportService - Processing test outcome Categories:Add Categories - Add Categories with data valid

20:32:37.823 [pool-2-thread-4] INFO net.thucydides.core.reports.ReportService - net.thucydides.core.reports.json.JSONTestOutcomeReporter@423fec77: Generating report for test outcome: Categories:Add Categories - Add Categories with data valid

20:32:37.823 [pool-2-thread-4] DEBUG net.thucydides.core.reports.json.JSONTestOutcomeReporter - Generating JSON report for Add Categories - Add Categories with data valid to file /Users/jasmine/Documents/alterra-mini-project/target/site/serenity/48fb9cab2eccb24bfb852373edf70ca74b48239c4e31842bcc81f5d77f9fb3b5.json (using temp file /Users/jasmine/Documents/alterra-mini-project/target/site/serenity/48fb9cab2eccb24bfb852373edf70ca74b48239c4e31842bcc81f5d77f9fb3b5.jsonacb5a02c-8dac-4a09-83f6-fd29d3919c68)

20:32:37.824 [pool-2-thread-5] DEBUG net.thucydides.core.reports.ReportService - Processing test outcome Auth:Login - Login failed email empty done

20:32:37.824 [pool-2-thread-10] DEBUG net.thucydides.core.reports.ReportService - Processing test outcome Auth:Register - Register failed with fullname empty done

20:32:37.824 [pool-2-thread-5] DEBUG net.thucydides.core.reports.ReportService - Processing test outcome Categories:Add Categories - Add Categories with name empty

20:32:37.824 [pool-2-thread-5] INFO net.thucydides.core.reports.ReportService - net.thucydides.core.reports.json.JSONTestOutcomeReporter@423fec77: Generating report for test outcome: Categories:Add Categories - Add Categories with name empty

20:32:37.824 [pool-2-thread-10] DEBUG net.thucydides.core.reports.ReportService - Processing test outcome Categories:Add Categories - Add Categories with name input integer

20:32:37.824 [pool-2-thread-10] INFO net.thucydides.core.reports.ReportService - net.thucydides.core.reports.json.JSONTestOutcomeReporter@423fec77: Generating report for test outcome: Categories:Add Categories - Add Categories with name input integer

20:32:37.824 [pool-2-thread-5] DEBUG net.thucydides.core.reports.json.JSONTestOutcomeReporter - Generating JSON report for Add Categories - Add Categories with name empty to file /Users/jasmine/Documents/alterra-mini-project/target/site/serenity/824283c2338b7e9b30d03844644be20b15f62b51471ab9219d1b3b5c8a9d59d7.json (using temp file /Users/jasmine/Documents/alterra-mini-project/target/site/serenity/824283c2338b7e9b30d03844644be20b15f62b51471ab9219d1b3b5c8a9d59d7.json55111f70-556a-46d3-b27f-2b5e1e155601)

20:32:37.824 [pool-2-thread-10] DEBUG net.thucydides.core.reports.json.JSONTestOutcomeReporter - Generating JSON report for Add Categories - Add Categories with name input integer to file /Users/jasmine/Documents/alterra-mini-project/target/site/serenity/5fe469d8b2289af2c9c202e27486a4f20410fa79451554b14ae70bd31f48c436.json (using temp file /Users/jasmine/Documents/alterra-mini-project/target/site/serenity/5fe469d8b2289af2c9c202e27486a4f20410fa79451554b14ae70bd31f48c436.jsonb5c61eb7-b33b-4414-9685-72e735fb4890)

20:32:37.824 [pool-2-thread-7] DEBUG net.thucydides.core.reports.ReportService - Processing test outcome Auth:Register - Register Success with data valid done

20:32:37.824 [pool-2-thread-7] DEBUG net.thucydides.core.reports.ReportService - Processing test outcome Categories:Get Categories - Get Categories with url valid

20:32:37.824 [pool-2-thread-7] INFO net.thucydides.core.reports.ReportService - net.thucydides.core.reports.json.JSONTestOutcomeReporter@423fec77: Generating report for test outcome: Categories:Get Categories - Get Categories with url valid

20:32:37.825 [pool-2-thread-7] DEBUG net.thucydides.core.reports.json.JSONTestOutcomeReporter - Generating JSON report for Get Categories - Get Categories with url valid to file /Users/jasmine/Documents/alterra-mini-project/target/site/serenity/53ccf2da6283e1cea405f5011cc17b86c5014946187c7501d1f8dc3c9a5ea1cb.json (using temp file /Users/jasmine/Documents/alterra-mini-project/target/site/serenity/53ccf2da6283e1cea405f5011cc17b86c5014946187c7501d1f8dc3c9a5ea1cb.json2d92a907-aaf8-4eb1-9d44-f5e978210712)

20:32:37.825 [pool-2-thread-9] DEBUG net.thucydides.core.reports.ReportService - Processing test outcome Auth:Get Information - Get Information with token empty done

20:32:37.825 [pool-2-thread-9] DEBUG net.thucydides.core.reports.ReportService - Processing test outcome Categories:Get Categories - Get Categories with url invalid

20:32:37.825 [pool-2-thread-9] INFO net.thucydides.core.reports.ReportService - net.thucydides.core.reports.json.JSONTestOutcomeReporter@423fec77: Generating report for test outcome: Categories:Get Categories - Get Categories with url invalid

20:32:37.825 [pool-2-thread-11] DEBUG net.thucydides.core.reports.ReportService - Processing test outcome Auth:Get Information - Get Information with token valid done

20:32:37.825 [pool-2-thread-11] DEBUG net.thucydides.core.reports.ReportService - Processing test outcome Categories:Get Categories By id - Get Categories with id found

20:32:37.825 [pool-2-thread-11] INFO net.thucydides.core.reports.ReportService - net.thucydides.core.reports.json.JSONTestOutcomeReporter@423fec77: Generating report for test outcome: Categories:Get Categories By id - Get Categories with id found

20:32:37.825 [pool-2-thread-9] DEBUG net.thucydides.core.reports.json.JSONTestOutcomeReporter - Generating JSON report for Get Categories - Get Categories with url invalid to file /Users/jasmine/Documents/alterra-mini-project/target/site/serenity/408646b1f468e1e40729c8691916dc7d8511d4f37367bdcd99a68547b9a9a92b.json (using temp file /Users/jasmine/Documents/alterra-mini-project/target/site/serenity/408646b1f468e1e40729c8691916dc7d8511d4f37367bdcd99a68547b9a9a92b.jsond151ef44-b202-472b-a7c9-683ba81bea97)

20:32:37.825 [pool-2-thread-3] DEBUG net.thucydides.core.reports.ReportService - Processing test outcome Auth:Login - Login failed not registered done

20:32:37.825 [pool-2-thread-3] DEBUG net.thucydides.core.reports.ReportService - Processing test outcome Categories:Get Categories By id - Get Categories with id not found

20:32:37.825 [pool-2-thread-3] INFO net.thucydides.core.reports.ReportService - net.thucydides.core.reports.json.JSONTestOutcomeReporter@423fec77: Generating report for test outcome: Categories:Get Categories By id - Get Categories with id not found

20:32:37.825 [pool-2-thread-11] DEBUG net.thucydides.core.reports.json.JSONTestOutcomeReporter - Generating JSON report for Get Categories By id - Get Categories with id found to file /Users/jasmine/Documents/alterra-mini-project/target/site/serenity/310eb0eb88b17b5b570c028cf9923c6ed77d32dbd468aa522cd0ba8de78cbbd2.json (using temp file /Users/jasmine/Documents/alterra-mini-project/target/site/serenity/310eb0eb88b17b5b570c028cf9923c6ed77d32dbd468aa522cd0ba8de78cbbd2.jsonde36755c-e573-477d-b439-270af04386f9)

20:32:37.825 [pool-2-thread-1] DEBUG net.thucydides.core.reports.ReportService - Processing test outcome Auth:Login - Login success with data valid done

20:32:37.826 [pool-2-thread-1] DEBUG net.thucydides.core.reports.ReportService - Processing test outcome Categories:Get Categories By id - Get Categories with id input string

20:32:37.826 [pool-2-thread-1] INFO net.thucydides.core.reports.ReportService - net.thucydides.core.reports.json.JSONTestOutcomeReporter@423fec77: Generating report for test outcome: Categories:Get Categories By id - Get Categories with id input string

20:32:37.826 [pool-2-thread-3] DEBUG net.thucydides.core.reports.json.JSONTestOutcomeReporter - Generating JSON report for Get Categories By id - Get Categories with id not found to file /Users/jasmine/Documents/alterra-mini-project/target/site/serenity/f65cc2b0fb83c75b69094cf7253ce37c7b97699323e3befb6495f3ecf2257e76.json (using temp file /Users/jasmine/Documents/alterra-mini-project/target/site/serenity/f65cc2b0fb83c75b69094cf7253ce37c7b97699323e3befb6495f3ecf2257e76.jsone2084e1b-ba48-489a-b6ac-1f932cac24ed)

20:32:37.826 [pool-2-thread-1] DEBUG net.thucydides.core.reports.json.JSONTestOutcomeReporter - Generating JSON report for Get Categories By id - Get Categories with id input string to file /Users/jasmine/Documents/alterra-mini-project/target/site/serenity/a12b2e708575cbf1ab5dd704c839bb262231df828ff420a4538ecf752c42c162.json (using temp file /Users/jasmine/Documents/alterra-mini-project/target/site/serenity/a12b2e708575cbf1ab5dd704c839bb262231df828ff420a4538ecf752c42c162.json8cf25e7d-9d43-4f59-aaba-7e968a94e2cb)

20:32:37.826 [pool-2-thread-2] DEBUG net.thucydides.core.reports.ReportService - Processing test outcome Auth:Login - Login failed username valid but password invalid done

20:32:37.826 [pool-2-thread-8] DEBUG net.thucydides.core.reports.ReportService - Processing test outcome Auth:Register - Register failed with all data empty done

20:32:37.826 [pool-2-thread-8] DEBUG net.thucydides.core.reports.ReportService - Processing test outcome End To End:End to end

20:32:37.826 [pool-2-thread-8] INFO net.thucydides.core.reports.ReportService - net.thucydides.core.reports.json.JSONTestOutcomeReporter@423fec77: Generating report for test outcome: End To End:End to end

20:32:37.826 [pool-2-thread-2] DEBUG net.thucydides.core.reports.ReportService - Processing test outcome Order:Add Order - Add Orders with data valid and token valid

20:32:37.826 [pool-2-thread-2] INFO net.thucydides.core.reports.ReportService - net.thucydides.core.reports.json.JSONTestOutcomeReporter@423fec77: Generating report for test outcome: Order:Add Order - Add Orders with data valid and token valid

20:32:37.826 [pool-2-thread-4] DEBUG net.thucydides.core.reports.ReportService - Processing test outcome Categories:Add Categories - Add Categories with data valid done

20:32:37.826 [pool-2-thread-4] DEBUG net.thucydides.core.reports.ReportService - Processing test outcome Order:Add Order - Add Orders with data valid and token empty

20:32:37.827 [pool-2-thread-4] INFO net.thucydides.core.reports.ReportService - net.thucydides.core.reports.json.JSONTestOutcomeReporter@423fec77: Generating report for test outcome: Order:Add Order - Add Orders with data valid and token empty

20:32:37.827 [pool-2-thread-2] DEBUG net.thucydides.core.reports.json.JSONTestOutcomeReporter - Generating JSON report for Add Order - Add Orders with data valid and token valid to file /Users/jasmine/Documents/alterra-mini-project/target/site/serenity/81f21b6c0002b958af07021882e4804572e3217e0c1969379eab9864b4cbe537.json (using temp file /Users/jasmine/Documents/alterra-mini-project/target/site/serenity/81f21b6c0002b958af07021882e4804572e3217e0c1969379eab9864b4cbe537.jsondcb632c5-e28a-40da-b111-fa5b9a2da175)

20:32:37.827 [pool-2-thread-12] DEBUG net.thucydides.core.reports.ReportService - Processing test outcome Auth:Register - Register already exist done

20:32:37.827 [pool-2-thread-4] DEBUG net.thucydides.core.reports.json.JSONTestOutcomeReporter - Generating JSON report for Add Order - Add Orders with data valid and token empty to file /Users/jasmine/Documents/alterra-mini-project/target/site/serenity/949d1a7145df2e42cb32df5b2b126d0a35b7efbd3fd1313f2b50586ec81d26ab.json (using temp file /Users/jasmine/Documents/alterra-mini-project/target/site/serenity/949d1a7145df2e42cb32df5b2b126d0a35b7efbd3fd1313f2b50586ec81d26ab.json5a390628-43c1-4552-bb06-adfdcb0e7d99)

20:32:37.827 [pool-2-thread-8] DEBUG net.thucydides.core.reports.json.JSONTestOutcomeReporter - Generating JSON report for End to end to file /Users/jasmine/Documents/alterra-mini-project/target/site/serenity/bbcfe369eeabadad6a551d6fb942b65646147029a73ec0bbf38a376756f15991.json (using temp file /Users/jasmine/Documents/alterra-mini-project/target/site/serenity/bbcfe369eeabadad6a551d6fb942b65646147029a73ec0bbf38a376756f15991.json6c265aa6-66bc-480a-a126-9c435ca5f9e4)

20:32:37.827 [pool-2-thread-12] DEBUG net.thucydides.core.reports.ReportService - Processing test outcome Order:Add Order - Add Orders with product id input string

20:32:37.827 [pool-2-thread-12] INFO net.thucydides.core.reports.ReportService - net.thucydides.core.reports.json.JSONTestOutcomeReporter@423fec77: Generating report for test outcome: Order:Add Order - Add Orders with product id input string

20:32:37.827 [pool-2-thread-6] DEBUG net.thucydides.core.reports.ReportService - Processing test outcome Auth:Get Information - Get Information with token invalid done

20:32:37.827 [pool-2-thread-6] DEBUG net.thucydides.core.reports.ReportService - Processing test outcome Order:Add Order - Add Orders with product id input empty

20:32:37.827 [pool-2-thread-6] INFO net.thucydides.core.reports.ReportService - net.thucydides.core.reports.json.JSONTestOutcomeReporter@423fec77: Generating report for test outcome: Order:Add Order - Add Orders with product id input empty

20:32:37.827 [pool-2-thread-12] DEBUG net.thucydides.core.reports.json.JSONTestOutcomeReporter - Generating JSON report for Add Order - Add Orders with product id input string to file /Users/jasmine/Documents/alterra-mini-project/target/site/serenity/f96a708b1c8e4bec6a98db4cd549ec19e1c9678fbdebd31711570e57b6972c55.json (using temp file /Users/jasmine/Documents/alterra-mini-project/target/site/serenity/f96a708b1c8e4bec6a98db4cd549ec19e1c9678fbdebd31711570e57b6972c55.json1e696c11-660c-4620-bcf1-3cca03048635)

20:32:37.827 [pool-2-thread-10] DEBUG net.thucydides.core.reports.ReportService - Processing test outcome Categories:Add Categories - Add Categories with name input integer done

20:32:37.827 [pool-2-thread-10] DEBUG net.thucydides.core.reports.ReportService - Processing test outcome Order:Add Order - Add Orders with quantity input minus

20:32:37.827 [pool-2-thread-10] INFO net.thucydides.core.reports.ReportService - net.thucydides.core.reports.json.JSONTestOutcomeReporter@423fec77: Generating report for test outcome: Order:Add Order - Add Orders with quantity input minus

20:32:37.828 [pool-2-thread-6] DEBUG net.thucydides.core.reports.json.JSONTestOutcomeReporter - Generating JSON report for Add Order - Add Orders with product id input empty to file /Users/jasmine/Documents/alterra-mini-project/target/site/serenity/8df3ef37e73e7de536fa1acf16e9bf1075dee2750b00eecc927ac95eaf85f01c.json (using temp file /Users/jasmine/Documents/alterra-mini-project/target/site/serenity/8df3ef37e73e7de536fa1acf16e9bf1075dee2750b00eecc927ac95eaf85f01c.json2d88f58b-97df-419e-9161-0475663083e4)

20:32:37.828 [pool-2-thread-10] DEBUG net.thucydides.core.reports.json.JSONTestOutcomeReporter - Generating JSON report for Add Order - Add Orders with quantity input minus to file /Users/jasmine/Documents/alterra-mini-project/target/site/serenity/6f8696d9a76cde2360ab24312a3d81407d40e21974470ae8238d3078824c4cbe.json (using temp file /Users/jasmine/Documents/alterra-mini-project/target/site/serenity/6f8696d9a76cde2360ab24312a3d81407d40e21974470ae8238d3078824c4cbe.json5ee618f2-ffbf-42de-96da-49940f3c367a)

20:32:37.828 [pool-2-thread-5] DEBUG net.thucydides.core.reports.ReportService - Processing test outcome Categories:Add Categories - Add Categories with name empty done

20:32:37.828 [pool-2-thread-5] DEBUG net.thucydides.core.reports.ReportService - Processing test outcome Order:Add Order - Add Orders with quantity input empty

20:32:37.828 [pool-2-thread-5] INFO net.thucydides.core.reports.ReportService - net.thucydides.core.reports.json.JSONTestOutcomeReporter@423fec77: Generating report for test outcome: Order:Add Order - Add Orders with quantity input empty

20:32:37.829 [pool-2-thread-9] DEBUG net.thucydides.core.reports.ReportService - Processing test outcome Categories:Get Categories - Get Categories with url invalid done

20:32:37.829 [pool-2-thread-9] DEBUG net.thucydides.core.reports.ReportService - Processing test outcome Order:Get Order - Get Orders with token valid

20:32:37.829 [pool-2-thread-9] INFO net.thucydides.core.reports.ReportService - net.thucydides.core.reports.json.JSONTestOutcomeReporter@423fec77: Generating report for test outcome: Order:Get Order - Get Orders with token valid

20:32:37.829 [pool-2-thread-9] DEBUG net.thucydides.core.reports.json.JSONTestOutcomeReporter - Generating JSON report for Get Order - Get Orders with token valid to file /Users/jasmine/Documents/alterra-mini-project/target/site/serenity/96c422149f707626a69b2bfd9eceb51e32b86dbef0c52bd2244345db5fd2d5bd.json (using temp file /Users/jasmine/Documents/alterra-mini-project/target/site/serenity/96c422149f707626a69b2bfd9eceb51e32b86dbef0c52bd2244345db5fd2d5bd.json9d44af0c-d89c-46f6-85c8-18ae8b9fc058)

20:32:37.830 [pool-2-thread-5] DEBUG net.thucydides.core.reports.json.JSONTestOutcomeReporter - Generating JSON report for Add Order - Add Orders with quantity input empty to file /Users/jasmine/Documents/alterra-mini-project/target/site/serenity/49f4f418f92de0ee5296ef2336a6ce6dd6fbd3004dfee03bbc998ca5b01f3d50.json (using temp file /Users/jasmine/Documents/alterra-mini-project/target/site/serenity/49f4f418f92de0ee5296ef2336a6ce6dd6fbd3004dfee03bbc998ca5b01f3d50.json16add6c1-2035-4483-8f87-1cb4d6ca4638)

20:32:37.831 [pool-2-thread-1] DEBUG net.thucydides.core.reports.ReportService - Processing test outcome Categories:Get Categories By id - Get Categories with id input string done

20:32:37.831 [pool-2-thread-1] DEBUG net.thucydides.core.reports.ReportService - Processing test outcome Order:Get Orders - Get Orders with token invalid

20:32:37.831 [pool-2-thread-1] INFO net.thucydides.core.reports.ReportService - net.thucydides.core.reports.json.JSONTestOutcomeReporter@423fec77: Generating report for test outcome: Order:Get Orders - Get Orders with token invalid

20:32:37.832 [pool-2-thread-1] DEBUG net.thucydides.core.reports.json.JSONTestOutcomeReporter - Generating JSON report for Get Orders - Get Orders with token invalid to file /Users/jasmine/Documents/alterra-mini-project/target/site/serenity/ffc83c1885887a3e911b80194c40208acbabdcd299e43e2736885ecad0ec6b54.json (using temp file /Users/jasmine/Documents/alterra-mini-project/target/site/serenity/ffc83c1885887a3e911b80194c40208acbabdcd299e43e2736885ecad0ec6b54.json405812c4-f679-4415-9227-1f432322b335)

20:32:37.835 [pool-2-thread-3] DEBUG net.thucydides.core.reports.ReportService - Processing test outcome Categories:Get Categories By id - Get Categories with id not found done

20:32:37.835 [pool-2-thread-3] DEBUG net.thucydides.core.reports.ReportService - Processing test outcome Order:Get Orders By Id - Get Orders By Id with id found

20:32:37.835 [pool-2-thread-3] INFO net.thucydides.core.reports.ReportService - net.thucydides.core.reports.json.JSONTestOutcomeReporter@423fec77: Generating report for test outcome: Order:Get Orders By Id - Get Orders By Id with id found

20:32:37.835 [pool-2-thread-4] DEBUG net.thucydides.core.reports.ReportService - Processing test outcome Order:Add Order - Add Orders with data valid and token empty done

20:32:37.835 [pool-2-thread-4] DEBUG net.thucydides.core.reports.ReportService - Processing test outcome Order:Get Orders by Id - Get Orders by Id with token empty

20:32:37.835 [pool-2-thread-4] INFO net.thucydides.core.reports.ReportService - net.thucydides.core.reports.json.JSONTestOutcomeReporter@423fec77: Generating report for test outcome: Order:Get Orders by Id - Get Orders by Id with token empty

20:32:37.835 [pool-2-thread-3] DEBUG net.thucydides.core.reports.json.JSONTestOutcomeReporter - Generating JSON report for Get Orders By Id - Get Orders By Id with id found to file /Users/jasmine/Documents/alterra-mini-project/target/site/serenity/b533a82f6fc5d2ba3f6a529897d343981e72ed29c6ef3877401fe5b695f447c7.json (using temp file /Users/jasmine/Documents/alterra-mini-project/target/site/serenity/b533a82f6fc5d2ba3f6a529897d343981e72ed29c6ef3877401fe5b695f447c7.jsonef0babff-6e3b-4846-83df-2ba582321129)

20:32:37.835 [pool-2-thread-4] DEBUG net.thucydides.core.reports.json.JSONTestOutcomeReporter - Generating JSON report for Get Orders by Id - Get Orders by Id with token empty to file /Users/jasmine/Documents/alterra-mini-project/target/site/serenity/da49731386a8e7add7c71f321e25e16d279ef2a2c2190ba74166e92e929f0f92.json (using temp file /Users/jasmine/Documents/alterra-mini-project/target/site/serenity/da49731386a8e7add7c71f321e25e16d279ef2a2c2190ba74166e92e929f0f92.jsone6eff8e2-479e-46f4-9576-5f68c73c1ebe)

20:32:37.839 [pool-2-thread-1] DEBUG net.thucydides.core.reports.ReportService - Processing test outcome Order:Get Orders - Get Orders with token invalid done

20:32:37.840 [pool-2-thread-1] DEBUG net.thucydides.core.reports.ReportService - Processing test outcome Order:Get Orders by Id - Get Orders by Id with id not found

20:32:37.840 [pool-2-thread-10] DEBUG net.thucydides.core.reports.ReportService - Processing test outcome Order:Add Order - Add Orders with quantity input minus done

20:32:37.840 [pool-2-thread-2] DEBUG net.thucydides.core.reports.ReportService - Processing test outcome Order:Add Order - Add Orders with data valid and token valid done

20:32:37.840 [pool-2-thread-1] INFO net.thucydides.core.reports.ReportService - net.thucydides.core.reports.json.JSONTestOutcomeReporter@423fec77: Generating report for test outcome: Order:Get Orders by Id - Get Orders by Id with id not found

20:32:37.840 [pool-2-thread-6] DEBUG net.thucydides.core.reports.ReportService - Processing test outcome Order:Add Order - Add Orders with product id input empty done

20:32:37.840 [pool-2-thread-10] DEBUG net.thucydides.core.reports.ReportService - Processing test outcome Product:Get Products - Get Products with url valid

20:32:37.840 [pool-2-thread-2] DEBUG net.thucydides.core.reports.ReportService - Processing test outcome Product:Get Products - Get Products with url invalid

20:32:37.840 [pool-2-thread-10] INFO net.thucydides.core.reports.ReportService - net.thucydides.core.reports.json.JSONTestOutcomeReporter@423fec77: Generating report for test outcome: Product:Get Products - Get Products with url valid

20:32:37.840 [pool-2-thread-2] INFO net.thucydides.core.reports.ReportService - net.thucydides.core.reports.json.JSONTestOutcomeReporter@423fec77: Generating report for test outcome: Product:Get Products - Get Products with url invalid

20:32:37.840 [pool-2-thread-10] DEBUG net.thucydides.core.reports.json.JSONTestOutcomeReporter - Generating JSON report for Get Products - Get Products with url valid to file /Users/jasmine/Documents/alterra-mini-project/target/site/serenity/da3400f0f696a7fa1fc3af3c0e253fbec21925d38ec3c2e215b3262b410a5337.json (using temp file /Users/jasmine/Documents/alterra-mini-project/target/site/serenity/da3400f0f696a7fa1fc3af3c0e253fbec21925d38ec3c2e215b3262b410a5337.json37570adf-0e3a-4dce-8e3c-d5ea6b225dae)

20:32:37.840 [pool-2-thread-2] DEBUG net.thucydides.core.reports.json.JSONTestOutcomeReporter - Generating JSON report for Get Products - Get Products with url invalid to file /Users/jasmine/Documents/alterra-mini-project/target/site/serenity/97a0c73d90ca5d6ebc652c1f8726b6136af18e1b1fe398fda1ba5ea334ba3a77.json (using temp file /Users/jasmine/Documents/alterra-mini-project/target/site/serenity/97a0c73d90ca5d6ebc652c1f8726b6136af18e1b1fe398fda1ba5ea334ba3a77.json1ab04a85-a388-4544-bace-b84e874aff36)

20:32:37.840 [pool-2-thread-1] DEBUG net.thucydides.core.reports.json.JSONTestOutcomeReporter - Generating JSON report for Get Orders by Id - Get Orders by Id with id not found to file /Users/jasmine/Documents/alterra-mini-project/target/site/serenity/33a9d93537817d242baa21b76dfc4c9e4108a08b7e2a7b77817a8c3597f99c39.json (using temp file /Users/jasmine/Documents/alterra-mini-project/target/site/serenity/33a9d93537817d242baa21b76dfc4c9e4108a08b7e2a7b77817a8c3597f99c39.json2608510b-dbe1-487d-bf9b-6f36699d4a0c)

20:32:37.841 [pool-2-thread-6] DEBUG net.thucydides.core.reports.ReportService - Processing test outcome Product:Add Products - Add Products with data valid

20:32:37.841 [pool-2-thread-6] INFO net.thucydides.core.reports.ReportService - net.thucydides.core.reports.json.JSONTestOutcomeReporter@423fec77: Generating report for test outcome: Product:Add Products - Add Products with data valid

20:32:37.841 [pool-2-thread-6] DEBUG net.thucydides.core.reports.json.JSONTestOutcomeReporter - Generating JSON report for Add Products - Add Products with data valid to file /Users/jasmine/Documents/alterra-mini-project/target/site/serenity/90d573f0a45cd2c5f54adaf43ec399e2f142e1d50b020d590f161e0887edb116.json (using temp file /Users/jasmine/Documents/alterra-mini-project/target/site/serenity/90d573f0a45cd2c5f54adaf43ec399e2f142e1d50b020d590f161e0887edb116.json848bd6b7-90a3-4e1e-8cf4-4b1a18c58597)

20:32:37.841 [pool-2-thread-12] DEBUG net.thucydides.core.reports.ReportService - Processing test outcome Order:Add Order - Add Orders with product id input string done

20:32:37.841 [pool-2-thread-12] DEBUG net.thucydides.core.reports.ReportService - Processing test outcome Product:Add Products - Add Products name empty

20:32:37.841 [pool-2-thread-12] INFO net.thucydides.core.reports.ReportService - net.thucydides.core.reports.json.JSONTestOutcomeReporter@423fec77: Generating report for test outcome: Product:Add Products - Add Products name empty

20:32:37.841 [pool-2-thread-12] DEBUG net.thucydides.core.reports.json.JSONTestOutcomeReporter - Generating JSON report for Add Products - Add Products name empty to file /Users/jasmine/Documents/alterra-mini-project/target/site/serenity/7f5b533c56d4a03628615220b2e8a56997ae2fd394628d48b5699488f190e753.json (using temp file /Users/jasmine/Documents/alterra-mini-project/target/site/serenity/7f5b533c56d4a03628615220b2e8a56997ae2fd394628d48b5699488f190e753.json5dcc758c-7a20-4299-9314-eea34b9d01ef)

20:32:37.842 [pool-2-thread-9] DEBUG net.thucydides.core.reports.ReportService - Processing test outcome Order:Get Order - Get Orders with token valid done

20:32:37.842 [pool-2-thread-9] DEBUG net.thucydides.core.reports.ReportService - Processing test outcome Product:Add Products - Add Products format name integer

20:32:37.842 [pool-2-thread-9] INFO net.thucydides.core.reports.ReportService - net.thucydides.core.reports.json.JSONTestOutcomeReporter@423fec77: Generating report for test outcome: Product:Add Products - Add Products format name integer

20:32:37.843 [pool-2-thread-5] DEBUG net.thucydides.core.reports.ReportService - Processing test outcome Order:Add Order - Add Orders with quantity input empty done

20:32:37.843 [pool-2-thread-9] DEBUG net.thucydides.core.reports.json.JSONTestOutcomeReporter - Generating JSON report for Add Products - Add Products format name integer to file /Users/jasmine/Documents/alterra-mini-project/target/site/serenity/315a9b447831a2af3844a0acb9afda73f95d7ac50a4ad30e9bdbec923e1bf02b.json (using temp file /Users/jasmine/Documents/alterra-mini-project/target/site/serenity/315a9b447831a2af3844a0acb9afda73f95d7ac50a4ad30e9bdbec923e1bf02b.json46ae7817-e3fe-4587-b784-5e1f53e6653f)

20:32:37.843 [pool-2-thread-5] DEBUG net.thucydides.core.reports.ReportService - Processing test outcome Product:Add Products - Add Products price empty

20:32:37.844 [pool-2-thread-2] DEBUG net.thucydides.core.reports.ReportService - Processing test outcome Product:Get Products - Get Products with url invalid done

20:32:37.844 [pool-2-thread-5] INFO net.thucydides.core.reports.ReportService - net.thucydides.core.reports.json.JSONTestOutcomeReporter@423fec77: Generating report for test outcome: Product:Add Products - Add Products price empty

20:32:37.844 [pool-2-thread-2] DEBUG net.thucydides.core.reports.ReportService - Processing test outcome Product:Add Products - Add Products price input negative

20:32:37.844 [pool-2-thread-2] INFO net.thucydides.core.reports.ReportService - net.thucydides.core.reports.json.JSONTestOutcomeReporter@423fec77: Generating report for test outcome: Product:Add Products - Add Products price input negative

20:32:37.844 [pool-2-thread-5] DEBUG net.thucydides.core.reports.json.JSONTestOutcomeReporter - Generating JSON report for Add Products - Add Products price empty to file /Users/jasmine/Documents/alterra-mini-project/target/site/serenity/24c7547f2f2613fcf5c4ff8ae2482d71f8ce659847d52978c228e9e93c857472.json (using temp file /Users/jasmine/Documents/alterra-mini-project/target/site/serenity/24c7547f2f2613fcf5c4ff8ae2482d71f8ce659847d52978c228e9e93c857472.json5fdca9e5-4de7-4798-a738-c22c9d53f28c)

20:32:37.845 [pool-2-thread-2] DEBUG net.thucydides.core.reports.json.JSONTestOutcomeReporter - Generating JSON report for Add Products - Add Products price input negative to file /Users/jasmine/Documents/alterra-mini-project/target/site/serenity/70f870683c96b4da4ffa13c5dc082cff78cdb1f984506e75fe2d260cdfcf945e.json (using temp file /Users/jasmine/Documents/alterra-mini-project/target/site/serenity/70f870683c96b4da4ffa13c5dc082cff78cdb1f984506e75fe2d260cdfcf945e.json8a85be44-cdaf-4f7d-9efb-c1536e4a3154)

20:32:37.847 [pool-2-thread-9] DEBUG net.thucydides.core.reports.ReportService - Processing test outcome Product:Add Products - Add Products format name integer done

20:32:37.847 [pool-2-thread-9] DEBUG net.thucydides.core.reports.ReportService - Processing test outcome Product:Add Products - Add Products price categories empty

20:32:37.847 [pool-2-thread-9] INFO net.thucydides.core.reports.ReportService - net.thucydides.core.reports.json.JSONTestOutcomeReporter@423fec77: Generating report for test outcome: Product:Add Products - Add Products price categories empty

20:32:37.847 [pool-2-thread-1] DEBUG net.thucydides.core.reports.ReportService - Processing test outcome Order:Get Orders by Id - Get Orders by Id with id not found done

20:32:37.847 [pool-2-thread-1] DEBUG net.thucydides.core.reports.ReportService - Processing test outcome Product:Add Products - Add Products price categories input string

20:32:37.847 [pool-2-thread-1] INFO net.thucydides.core.reports.ReportService - net.thucydides.core.reports.json.JSONTestOutcomeReporter@423fec77: Generating report for test outcome: Product:Add Products - Add Products price categories input string

20:32:37.847 [pool-2-thread-9] DEBUG net.thucydides.core.reports.json.JSONTestOutcomeReporter - Generating JSON report for Add Products - Add Products price categories empty to file /Users/jasmine/Documents/alterra-mini-project/target/site/serenity/01bfcaf7fc10443de08dfdfb7616ccb5023e7874f872d1df6616ec5272319a11.json (using temp file /Users/jasmine/Documents/alterra-mini-project/target/site/serenity/01bfcaf7fc10443de08dfdfb7616ccb5023e7874f872d1df6616ec5272319a11.json9882ffaa-46c7-45ab-89a3-07d0f172b6c0)

20:32:37.847 [pool-2-thread-1] DEBUG net.thucydides.core.reports.json.JSONTestOutcomeReporter - Generating JSON report for Add Products - Add Products price categories input string to file /Users/jasmine/Documents/alterra-mini-project/target/site/serenity/7d90d374db68f41ededbe7c58cdc4fb0d8eaf284a12836342c4dc602c3e4d057.json (using temp file /Users/jasmine/Documents/alterra-mini-project/target/site/serenity/7d90d374db68f41ededbe7c58cdc4fb0d8eaf284a12836342c4dc602c3e4d057.json8c7c25c8-3384-4956-8ff9-f14fd747a052)

20:32:37.848 [pool-2-thread-4] DEBUG net.thucydides.core.reports.ReportService - Processing test outcome Order:Get Orders by Id - Get Orders by Id with token empty done

20:32:37.848 [pool-2-thread-4] DEBUG net.thucydides.core.reports.ReportService - Processing test outcome Product:Get Products By Id - Get Products By Id with id found

20:32:37.848 [pool-2-thread-4] INFO net.thucydides.core.reports.ReportService - net.thucydides.core.reports.json.JSONTestOutcomeReporter@423fec77: Generating report for test outcome: Product:Get Products By Id - Get Products By Id with id found

20:32:37.848 [pool-2-thread-6] DEBUG net.thucydides.core.reports.ReportService - Processing test outcome Product:Add Products - Add Products with data valid done

20:32:37.848 [pool-2-thread-6] DEBUG net.thucydides.core.reports.ReportService - Processing test outcome Product:Get Products By Id - Get Products By Id with id not found

20:32:37.848 [pool-2-thread-6] INFO net.thucydides.core.reports.ReportService - net.thucydides.core.reports.json.JSONTestOutcomeReporter@423fec77: Generating report for test outcome: Product:Get Products By Id - Get Products By Id with id not found

20:32:37.848 [pool-2-thread-4] DEBUG net.thucydides.core.reports.json.JSONTestOutcomeReporter - Generating JSON report for Get Products By Id - Get Products By Id with id found to file /Users/jasmine/Documents/alterra-mini-project/target/site/serenity/dbe12e761966bcc292fcab0fddc6a1e7125473edf928999a8a0ab6db1651fbe9.json (using temp file /Users/jasmine/Documents/alterra-mini-project/target/site/serenity/dbe12e761966bcc292fcab0fddc6a1e7125473edf928999a8a0ab6db1651fbe9.jsonb7c45048-6ab7-4c9d-83f0-510854a0f5c8)

20:32:37.848 [pool-2-thread-6] DEBUG net.thucydides.core.reports.json.JSONTestOutcomeReporter - Generating JSON report for Get Products By Id - Get Products By Id with id not found to file /Users/jasmine/Documents/alterra-mini-project/target/site/serenity/a32b7015e56d678682307812777c5f9ddbc9acf10e398c2fb4ad17496999276e.json (using temp file /Users/jasmine/Documents/alterra-mini-project/target/site/serenity/a32b7015e56d678682307812777c5f9ddbc9acf10e398c2fb4ad17496999276e.jsonbc863838-11ec-46d4-9367-47d5f7e59301)

20:32:37.849 [pool-2-thread-2] DEBUG net.thucydides.core.reports.ReportService - Processing test outcome Product:Add Products - Add Products price input negative done

20:32:37.849 [pool-2-thread-2] DEBUG net.thucydides.core.reports.ReportService - Processing test outcome Product:Delete Products By Id - Delete Products By Id with id found

20:32:37.849 [pool-2-thread-2] INFO net.thucydides.core.reports.ReportService - net.thucydides.core.reports.json.JSONTestOutcomeReporter@423fec77: Generating report for test outcome: Product:Delete Products By Id - Delete Products By Id with id found

20:32:37.849 [pool-2-thread-2] DEBUG net.thucydides.core.reports.json.JSONTestOutcomeReporter - Generating JSON report for Delete Products By Id - Delete Products By Id with id found to file /Users/jasmine/Documents/alterra-mini-project/target/site/serenity/9737de7ce115be4046297091c34c7249279014d141a0e35e9cb69e55ba95aca4.json (using temp file /Users/jasmine/Documents/alterra-mini-project/target/site/serenity/9737de7ce115be4046297091c34c7249279014d141a0e35e9cb69e55ba95aca4.json3ccb0b73-bb87-4e78-ada0-4a95bc9e494f)

20:32:37.850 [pool-2-thread-5] DEBUG net.thucydides.core.reports.ReportService - Processing test outcome Product:Add Products - Add Products price empty done

20:32:37.850 [pool-2-thread-5] DEBUG net.thucydides.core.reports.ReportService - Processing test outcome Product:Delete Products By Id - Delete Products By Id with id limit maximum

20:32:37.850 [pool-2-thread-5] INFO net.thucydides.core.reports.ReportService - net.thucydides.core.reports.json.JSONTestOutcomeReporter@423fec77: Generating report for test outcome: Product:Delete Products By Id - Delete Products By Id with id limit maximum

20:32:37.850 [pool-2-thread-5] DEBUG net.thucydides.core.reports.json.JSONTestOutcomeReporter - Generating JSON report for Delete Products By Id - Delete Products By Id with id limit maximum to file /Users/jasmine/Documents/alterra-mini-project/target/site/serenity/c0867617868d38938b3d8e906d64a7e9851e06e364d8919277ebb490ebb6deb4.json (using temp file /Users/jasmine/Documents/alterra-mini-project/target/site/serenity/c0867617868d38938b3d8e906d64a7e9851e06e364d8919277ebb490ebb6deb4.jsonba894dd7-c364-4f06-846b-86608434ebd5)

20:32:37.851 [pool-2-thread-12] DEBUG net.thucydides.core.reports.ReportService - Processing test outcome Product:Add Products - Add Products name empty done

20:32:37.851 [pool-2-thread-12] DEBUG net.thucydides.core.reports.ReportService - Processing test outcome Product:Add Ratings - Add Ratings with data valid

20:32:37.851 [pool-2-thread-12] INFO net.thucydides.core.reports.ReportService - net.thucydides.core.reports.json.JSONTestOutcomeReporter@423fec77: Generating report for test outcome: Product:Add Ratings - Add Ratings with data valid

20:32:37.851 [pool-2-thread-12] DEBUG net.thucydides.core.reports.json.JSONTestOutcomeReporter - Generating JSON report for Add Ratings - Add Ratings with data valid to file /Users/jasmine/Documents/alterra-mini-project/target/site/serenity/72e661f066d702cd65768d0c2e76017fb8bd5d6b9399ab53a241adfd1e3f8ec0.json (using temp file /Users/jasmine/Documents/alterra-mini-project/target/site/serenity/72e661f066d702cd65768d0c2e76017fb8bd5d6b9399ab53a241adfd1e3f8ec0.json9d62b828-ab42-4287-bda5-d51d601d7ef6)

20:32:37.851 [pool-2-thread-9] DEBUG net.thucydides.core.reports.ReportService - Processing test outcome Product:Add Products - Add Products price categories empty done

20:32:37.851 [pool-2-thread-9] DEBUG net.thucydides.core.reports.ReportService - Processing test outcome Product:Add Ratings - Add Ratings with data id not found

20:32:37.851 [pool-2-thread-9] INFO net.thucydides.core.reports.ReportService - net.thucydides.core.reports.json.JSONTestOutcomeReporter@423fec77: Generating report for test outcome: Product:Add Ratings - Add Ratings with data id not found

20:32:37.851 [pool-2-thread-9] DEBUG net.thucydides.core.reports.json.JSONTestOutcomeReporter - Generating JSON report for Add Ratings - Add Ratings with data id not found to file /Users/jasmine/Documents/alterra-mini-project/target/site/serenity/f2de5acc0fc7a139afb7d73706ce4492856ad3c3651bf8371cf180c11a637743.json (using temp file /Users/jasmine/Documents/alterra-mini-project/target/site/serenity/f2de5acc0fc7a139afb7d73706ce4492856ad3c3651bf8371cf180c11a637743.jsonab06084b-9308-448a-bafc-9858fda0bc96)

20:32:37.852 [pool-2-thread-3] DEBUG net.thucydides.core.reports.ReportService - Processing test outcome Order:Get Orders By Id - Get Orders By Id with id found done

20:32:37.852 [pool-2-thread-3] DEBUG net.thucydides.core.reports.ReportService - Processing test outcome Product:Add Ratings - Add Ratings with token empty

20:32:37.852 [pool-2-thread-3] INFO net.thucydides.core.reports.ReportService - net.thucydides.core.reports.json.JSONTestOutcomeReporter@423fec77: Generating report for test outcome: Product:Add Ratings - Add Ratings with token empty

20:32:37.852 [pool-2-thread-3] DEBUG net.thucydides.core.reports.json.JSONTestOutcomeReporter - Generating JSON report for Add Ratings - Add Ratings with token empty to file /Users/jasmine/Documents/alterra-mini-project/target/site/serenity/b78700db3462e9b71aec5989c63b5e0bbfcfc473bcf2615a703a6fb0d6998c9d.json (using temp file /Users/jasmine/Documents/alterra-mini-project/target/site/serenity/b78700db3462e9b71aec5989c63b5e0bbfcfc473bcf2615a703a6fb0d6998c9d.jsonacfeb033-31fb-4008-a693-ea046dab5e6c)

20:32:37.855 [pool-2-thread-1] DEBUG net.thucydides.core.reports.ReportService - Processing test outcome Product:Add Products - Add Products price categories input string done

20:32:37.855 [pool-2-thread-6] DEBUG net.thucydides.core.reports.ReportService - Processing test outcome Product:Get Products By Id - Get Products By Id with id not found done

20:32:37.855 [pool-2-thread-6] DEBUG net.thucydides.core.reports.ReportService - Processing test outcome Product:Get Ratings By Id - Get Ratings By Id with id not found

20:32:37.855 [pool-2-thread-1] DEBUG net.thucydides.core.reports.ReportService - Processing test outcome Product:Get Ratings By Id - Get Ratings By Id with id found

20:32:37.855 [pool-2-thread-1] INFO net.thucydides.core.reports.ReportService - net.thucydides.core.reports.json.JSONTestOutcomeReporter@423fec77: Generating report for test outcome: Product:Get Ratings By Id - Get Ratings By Id with id found

20:32:37.855 [pool-2-thread-1] DEBUG net.thucydides.core.reports.json.JSONTestOutcomeReporter - Generating JSON report for Get Ratings By Id - Get Ratings By Id with id found to file /Users/jasmine/Documents/alterra-mini-project/target/site/serenity/946aa685c89cc1bf0ffd2eadc1be9e15f7b8e0413ac7741061bcc8e90cdc5d9b.json (using temp file /Users/jasmine/Documents/alterra-mini-project/target/site/serenity/946aa685c89cc1bf0ffd2eadc1be9e15f7b8e0413ac7741061bcc8e90cdc5d9b.jsone07ede94-dfdc-40c2-a4d3-4a9dc7bcd9c0)

20:32:37.856 [pool-2-thread-9] DEBUG net.thucydides.core.reports.ReportService - Processing test outcome Product:Add Ratings - Add Ratings with data id not found done

20:32:37.856 [pool-2-thread-9] DEBUG net.thucydides.core.reports.ReportService - Processing test outcome Product:Get Ratings By Id - Get Ratings By Id with id input string

20:32:37.856 [pool-2-thread-9] INFO net.thucydides.core.reports.ReportService - net.thucydides.core.reports.json.JSONTestOutcomeReporter@423fec77: Generating report for test outcome: Product:Get Ratings By Id - Get Ratings By Id with id input string

20:32:37.856 [pool-2-thread-9] DEBUG net.thucydides.core.reports.json.JSONTestOutcomeReporter - Generating JSON report for Get Ratings By Id - Get Ratings By Id with id input string to file /Users/jasmine/Documents/alterra-mini-project/target/site/serenity/de489adcad7908bdb2dda70546b0f85b04509c918432b2416fce112fb63fa265.json (using temp file /Users/jasmine/Documents/alterra-mini-project/target/site/serenity/de489adcad7908bdb2dda70546b0f85b04509c918432b2416fce112fb63fa265.json789f34d9-e262-4ab7-a26d-3d9a1e857f6c)

20:32:37.856 [pool-2-thread-12] DEBUG net.thucydides.core.reports.ReportService - Processing test outcome Product:Add Ratings - Add Ratings with data valid done

20:32:37.856 [pool-2-thread-12] DEBUG net.thucydides.core.reports.ReportService - Processing test outcome Product:Add Comments - Add Comments with data and token valid

20:32:37.856 [pool-2-thread-12] INFO net.thucydides.core.reports.ReportService - net.thucydides.core.reports.json.JSONTestOutcomeReporter@423fec77: Generating report for test outcome: Product:Add Comments - Add Comments with data and token valid

20:32:37.856 [pool-2-thread-12] DEBUG net.thucydides.core.reports.json.JSONTestOutcomeReporter - Generating JSON report for Add Comments - Add Comments with data and token valid to file /Users/jasmine/Documents/alterra-mini-project/target/site/serenity/f7082d3ba5121c086cbf996aa7f9eb2d624494024c9f36410614f040be57f54c.json (using temp file /Users/jasmine/Documents/alterra-mini-project/target/site/serenity/f7082d3ba5121c086cbf996aa7f9eb2d624494024c9f36410614f040be57f54c.jsonf26de32a-c455-4700-96a9-1de9cb7b659b)

20:32:37.857 [pool-2-thread-2] DEBUG net.thucydides.core.reports.ReportService - Processing test outcome Product:Delete Products By Id - Delete Products By Id with id found done

20:32:37.857 [pool-2-thread-2] DEBUG net.thucydides.core.reports.ReportService - Processing test outcome Product:Add Comments - Add Comments with token empty

20:32:37.857 [pool-2-thread-2] INFO net.thucydides.core.reports.ReportService - net.thucydides.core.reports.json.JSONTestOutcomeReporter@423fec77: Generating report for test outcome: Product:Add Comments - Add Comments with token empty

20:32:37.857 [pool-2-thread-5] DEBUG net.thucydides.core.reports.ReportService - Processing test outcome Product:Delete Products By Id - Delete Products By Id with id limit maximum done

20:32:37.857 [pool-2-thread-5] DEBUG net.thucydides.core.reports.ReportService - Processing test outcome Product:Add Comments - Add Comments with content empty

20:32:37.857 [pool-2-thread-5] INFO net.thucydides.core.reports.ReportService - net.thucydides.core.reports.json.JSONTestOutcomeReporter@423fec77: Generating report for test outcome: Product:Add Comments - Add Comments with content empty

20:32:37.857 [pool-2-thread-2] DEBUG net.thucydides.core.reports.json.JSONTestOutcomeReporter - Generating JSON report for Add Comments - Add Comments with token empty to file /Users/jasmine/Documents/alterra-mini-project/target/site/serenity/1d118ebbb16e31ab9ec8547ff9906d779f68a42932cc957a9a7001d88cf7bb1a.json (using temp file /Users/jasmine/Documents/alterra-mini-project/target/site/serenity/1d118ebbb16e31ab9ec8547ff9906d779f68a42932cc957a9a7001d88cf7bb1a.json985949b1-e244-474f-bd89-29d75ea5106f)

20:32:37.857 [pool-2-thread-5] DEBUG net.thucydides.core.reports.json.JSONTestOutcomeReporter - Generating JSON report for Add Comments - Add Comments with content empty to file /Users/jasmine/Documents/alterra-mini-project/target/site/serenity/abd6d2891f5052dde0eb04c75e379fb3e4757ca146854d3c658d47d9d56c6886.json (using temp file /Users/jasmine/Documents/alterra-mini-project/target/site/serenity/abd6d2891f5052dde0eb04c75e379fb3e4757ca146854d3c658d47d9d56c6886.jsond08bb2c6-64c2-4dd2-8299-df93b3bb385e)

20:32:37.858 [pool-2-thread-3] DEBUG net.thucydides.core.reports.ReportService - Processing test outcome Product:Add Ratings - Add Ratings with token empty done

20:32:37.858 [pool-2-thread-3] DEBUG net.thucydides.core.reports.ReportService - Processing test outcome Product:Add Comments - Add Comments with input string url

20:32:37.858 [pool-2-thread-3] INFO net.thucydides.core.reports.ReportService - net.thucydides.core.reports.json.JSONTestOutcomeReporter@423fec77: Generating report for test outcome: Product:Add Comments - Add Comments with input string url

20:32:37.855 [pool-2-thread-6] INFO net.thucydides.core.reports.ReportService - net.thucydides.core.reports.json.JSONTestOutcomeReporter@423fec77: Generating report for test outcome: Product:Get Ratings By Id - Get Ratings By Id with id not found

20:32:37.859 [pool-2-thread-3] DEBUG net.thucydides.core.reports.json.JSONTestOutcomeReporter - Generating JSON report for Add Comments - Add Comments with input string url to file /Users/jasmine/Documents/alterra-mini-project/target/site/serenity/7079fa5f793c4f69430550b9efcd584ca7ef27dbe190d0ed3c0d9b96c60d9eeb.json (using temp file /Users/jasmine/Documents/alterra-mini-project/target/site/serenity/7079fa5f793c4f69430550b9efcd584ca7ef27dbe190d0ed3c0d9b96c60d9eeb.json31cb2874-e601-4dfe-8729-649c73794360)

20:32:37.859 [pool-2-thread-6] DEBUG net.thucydides.core.reports.json.JSONTestOutcomeReporter - Generating JSON report for Get Ratings By Id - Get Ratings By Id with id not found to file /Users/jasmine/Documents/alterra-mini-project/target/site/serenity/f8e1de27ff8b7d6cb2a74d8318349bb2db71bd320a56a4ed179c781dd0e26a6a.json (using temp file /Users/jasmine/Documents/alterra-mini-project/target/site/serenity/f8e1de27ff8b7d6cb2a74d8318349bb2db71bd320a56a4ed179c781dd0e26a6a.json558d3c91-7608-4910-8838-3de74cc9371b)

20:32:37.861 [pool-2-thread-1] DEBUG net.thucydides.core.reports.ReportService - Processing test outcome Product:Get Ratings By Id - Get Ratings By Id with id found done

20:32:37.861 [pool-2-thread-1] DEBUG net.thucydides.core.reports.ReportService - Processing test outcome Product:Get Comments - Get Comments with url valid

20:32:37.861 [pool-2-thread-1] INFO net.thucydides.core.reports.ReportService - net.thucydides.core.reports.json.JSONTestOutcomeReporter@423fec77: Generating report for test outcome: Product:Get Comments - Get Comments with url valid

20:32:37.861 [pool-2-thread-1] DEBUG net.thucydides.core.reports.json.JSONTestOutcomeReporter - Generating JSON report for Get Comments - Get Comments with url valid to file /Users/jasmine/Documents/alterra-mini-project/target/site/serenity/4cfbd7aaef20b32f8e1b5eac7300518f0ef94b8a30156ce5ba65076e25199532.json (using temp file /Users/jasmine/Documents/alterra-mini-project/target/site/serenity/4cfbd7aaef20b32f8e1b5eac7300518f0ef94b8a30156ce5ba65076e25199532.json418408c9-dc55-489e-a13f-af4d3b49d255)

20:32:37.861 [pool-2-thread-9] DEBUG net.thucydides.core.reports.ReportService - Processing test outcome Product:Get Ratings By Id - Get Ratings By Id with id input string done

20:32:37.861 [pool-2-thread-9] DEBUG net.thucydides.core.reports.ReportService - Processing test outcome Product:Get Comments - Get Comments with url invalid

20:32:37.861 [pool-2-thread-9] INFO net.thucydides.core.reports.ReportService - net.thucydides.core.reports.json.JSONTestOutcomeReporter@423fec77: Generating report for test outcome: Product:Get Comments - Get Comments with url invalid

20:32:37.861 [pool-2-thread-9] DEBUG net.thucydides.core.reports.json.JSONTestOutcomeReporter - Generating JSON report for Get Comments - Get Comments with url invalid to file /Users/jasmine/Documents/alterra-mini-project/target/site/serenity/c7a000c30b7dc5b27c712dd25b8fec9371395baa94ad70232d780fc68cdf21ae.json (using temp file /Users/jasmine/Documents/alterra-mini-project/target/site/serenity/c7a000c30b7dc5b27c712dd25b8fec9371395baa94ad70232d780fc68cdf21ae.json35ba77ca-cc06-4df8-93be-5ecc201d538b)

20:32:37.862 [pool-2-thread-6] DEBUG net.thucydides.core.reports.ReportService - Processing test outcome Product:Get Ratings By Id - Get Ratings By Id with id not found done

20:32:37.862 [pool-2-thread-5] DEBUG net.thucydides.core.reports.ReportService - Processing test outcome Product:Add Comments - Add Comments with content empty done

20:32:37.863 [pool-2-thread-2] DEBUG net.thucydides.core.reports.ReportService - Processing test outcome Product:Add Comments - Add Comments with token empty done

20:32:37.863 [pool-2-thread-12] DEBUG net.thucydides.core.reports.ReportService - Processing test outcome Product:Add Comments - Add Comments with data and token valid done

20:32:37.865 [pool-2-thread-3] DEBUG net.thucydides.core.reports.ReportService - Processing test outcome Product:Add Comments - Add Comments with input string url done

20:32:37.866 [pool-2-thread-9] DEBUG net.thucydides.core.reports.ReportService - Processing test outcome Product:Get Comments - Get Comments with url invalid done

20:32:37.868 [pool-2-thread-1] DEBUG net.thucydides.core.reports.ReportService - Processing test outcome Product:Get Comments - Get Comments with url valid done

20:32:37.928 [pool-2-thread-11] DEBUG net.thucydides.core.reports.ReportService - Processing test outcome Categories:Get Categories By id - Get Categories with id found done

20:32:37.930 [pool-2-thread-7] DEBUG net.thucydides.core.reports.ReportService - Processing test outcome Categories:Get Categories - Get Categories with url valid done

20:32:38.017 [pool-2-thread-10] DEBUG net.thucydides.core.reports.ReportService - Processing test outcome Product:Get Products - Get Products with url valid done

20:32:38.018 [pool-2-thread-4] DEBUG net.thucydides.core.reports.ReportService - Processing test outcome Product:Get Products By Id - Get Products By Id with id found done

20:32:38.028 [pool-2-thread-8] DEBUG net.thucydides.core.reports.ReportService - Processing test outcome End To End:End to end done

20:32:38.028 [pool-2-thread-1] DEBUG net.thucydides.core.reports.ReportService - Shutting down executor service

20:32:38.029 [pool-2-thread-1] DEBUG net.thucydides.core.reports.ReportService - Reports generated in: 256 ms

20:32:38.029 [pool-2-thread-1] DEBUG net.thucydides.core.reports.ReportService - Generating reports for 60 test outcomes using: net.thucydides.core.reports.html.HtmlAcceptanceTestReporter@7f5c230a

20:32:38.029 [pool-3-thread-1] DEBUG net.thucydides.core.reports.ReportService - Processing test outcome Auth:Login - Login success with data valid

20:32:38.029 [pool-3-thread-1] INFO net.thucydides.core.reports.ReportService - net.thucydides.core.reports.html.HtmlAcceptanceTestReporter@7f5c230a: Generating report for test outcome: Auth:Login - Login success with data valid

20:32:38.029 [pool-3-thread-2] DEBUG net.thucydides.core.reports.ReportService - Processing test outcome Auth:Login - Login failed username valid but password invalid

20:32:38.029 [pool-3-thread-2] INFO net.thucydides.core.reports.ReportService - net.thucydides.core.reports.html.HtmlAcceptanceTestReporter@7f5c230a: Generating report for test outcome: Auth:Login - Login failed username valid but password invalid

20:32:38.029 [pool-3-thread-3] DEBUG net.thucydides.core.reports.ReportService - Processing test outcome Auth:Login - Login failed not registered

20:32:38.029 [pool-3-thread-3] INFO net.thucydides.core.reports.ReportService - net.thucydides.core.reports.html.HtmlAcceptanceTestReporter@7f5c230a: Generating report for test outcome: Auth:Login - Login failed not registered

20:32:38.029 [pool-3-thread-4] DEBUG net.thucydides.core.reports.ReportService - Processing test outcome Auth:Login - Login failed all empty

20:32:38.029 [pool-3-thread-4] INFO net.thucydides.core.reports.ReportService - net.thucydides.core.reports.html.HtmlAcceptanceTestReporter@7f5c230a: Generating report for test outcome: Auth:Login - Login failed all empty

20:32:38.029 [pool-3-thread-5] DEBUG net.thucydides.core.reports.ReportService - Processing test outcome Auth:Login - Login failed email empty

20:32:38.030 [pool-3-thread-5] INFO net.thucydides.core.reports.ReportService - net.thucydides.core.reports.html.HtmlAcceptanceTestReporter@7f5c230a: Generating report for test outcome: Auth:Login - Login failed email empty

20:32:38.030 [pool-3-thread-6] DEBUG net.thucydides.core.reports.ReportService - Processing test outcome Auth:Login - Login failed password empty

20:32:38.030 [pool-3-thread-6] INFO net.thucydides.core.reports.ReportService - net.thucydides.core.reports.html.HtmlAcceptanceTestReporter@7f5c230a: Generating report for test outcome: Auth:Login - Login failed password empty

20:32:38.030 [pool-3-thread-7] DEBUG net.thucydides.core.reports.ReportService - Processing test outcome Auth:Register - Register Success with data valid

20:32:38.030 [pool-3-thread-7] INFO net.thucydides.core.reports.ReportService - net.thucydides.core.reports.html.HtmlAcceptanceTestReporter@7f5c230a: Generating report for test outcome: Auth:Register - Register Success with data valid

20:32:38.030 [pool-3-thread-8] DEBUG net.thucydides.core.reports.ReportService - Processing test outcome Auth:Register - Register failed with all data empty

20:32:38.030 [pool-3-thread-8] INFO net.thucydides.core.reports.ReportService - net.thucydides.core.reports.html.HtmlAcceptanceTestReporter@7f5c230a: Generating report for test outcome: Auth:Register - Register failed with all data empty

20:32:38.030 [pool-3-thread-9] DEBUG net.thucydides.core.reports.ReportService - Processing test outcome Auth:Register - Register failed with email empty

20:32:38.030 [pool-3-thread-9] INFO net.thucydides.core.reports.ReportService - net.thucydides.core.reports.html.HtmlAcceptanceTestReporter@7f5c230a: Generating report for test outcome: Auth:Register - Register failed with email empty

20:32:38.030 [pool-3-thread-10] DEBUG net.thucydides.core.reports.ReportService - Processing test outcome Auth:Register - Register failed with fullname empty

20:32:38.030 [pool-3-thread-10] INFO net.thucydides.core.reports.ReportService - net.thucydides.core.reports.html.HtmlAcceptanceTestReporter@7f5c230a: Generating report for test outcome: Auth:Register - Register failed with fullname empty

20:32:38.032 [pool-3-thread-11] DEBUG net.thucydides.core.reports.ReportService - Processing test outcome Auth:Register - Register failed with password empty

20:32:38.032 [pool-3-thread-11] INFO net.thucydides.core.reports.ReportService - net.thucydides.core.reports.html.HtmlAcceptanceTestReporter@7f5c230a: Generating report for test outcome: Auth:Register - Register failed with password empty

20:32:38.032 [pool-3-thread-12] DEBUG net.thucydides.core.reports.ReportService - Processing test outcome Auth:Register - Register already exist

20:32:38.032 [pool-3-thread-12] INFO net.thucydides.core.reports.ReportService - net.thucydides.core.reports.html.HtmlAcceptanceTestReporter@7f5c230a: Generating report for test outcome: Auth:Register - Register already exist

20:32:38.586 [pool-3-thread-3] DEBUG serenity.reporting - Generating report in 8a467251db9a7761af80e0dc0a27b8fb78566d6a5ece5c1e78dce59b4b3a2dd2.html

20:32:38.586 [pool-3-thread-1] DEBUG serenity.reporting - Generating report in 565fe17b157bd7f2aed219d7518be7a8b2fd1ebbe8f8111a71c9b8ccc2a9043a.html

20:32:38.586 [pool-3-thread-2] DEBUG serenity.reporting - Generating report in 05278008aff1fe6c6e30d5a5a7d0cb56ca8fb834002063cfa26bd39bfd153dff.html

20:32:38.586 [pool-3-thread-4] DEBUG serenity.reporting - Generating report in b4b8676d2cb23aef7e991ccd40a69e923324842285a7eb6e0b33604394c60f49.html

20:32:38.586 [pool-3-thread-11] DEBUG serenity.reporting - Generating report in b48c5a4fed95aa22ff1020ebcfd295a98b1f307800ded45f5a228e3e8daa163b.html

20:32:38.586 [pool-3-thread-8] DEBUG serenity.reporting - Generating report in cc54255d4b7bf1b51ba205a0fa8d5350aa28fac151fa94e627ee415b803519e2.html

20:32:38.586 [pool-3-thread-12] DEBUG serenity.reporting - Generating report in 376fe095260e2835b60224637d249468bc99e49ec756c2f0767f33a096728fbf.html

20:32:38.586 [pool-3-thread-10] DEBUG serenity.reporting - Generating report in 4476008f9f73d46ed1723005b55d595bc2a398856868c67ddffbedc1de3833ec.html

20:32:38.586 [pool-3-thread-9] DEBUG serenity.reporting - Generating report in a5866b8b30f49affc9f71378551d6467118924654b0e140f1d5374af6ec10539.html

20:32:38.586 [pool-3-thread-5] DEBUG serenity.reporting - Generating report in f0887395f233684a29a1b9715231a9175fb5a213335535f7d8950c7cc60433d0.html

20:32:38.586 [pool-3-thread-7] DEBUG serenity.reporting - Generating report in fbe20b16f1aceb589d9b7c3eece1e21036854a5503062fb905db931d5055a234.html

20:32:38.586 [pool-3-thread-6] DEBUG serenity.reporting - Generating report in 6dfb3779abfdbd814ed4516df4fb51203b7267414107ebc5b58348ec468ec568.html

20:32:39.023 [pool-3-thread-8] DEBUG serenity.reporting - Generated report cc54255d4b7bf1b51ba205a0fa8d5350aa28fac151fa94e627ee415b803519e2.html in 437 ms

20:32:39.024 [pool-3-thread-11] DEBUG serenity.reporting - Generated report b48c5a4fed95aa22ff1020ebcfd295a98b1f307800ded45f5a228e3e8daa163b.html in 438 ms

20:32:39.024 [pool-3-thread-8] DEBUG net.thucydides.core.reports.ReportService - Processing test outcome Auth:Register - Register failed with all data empty done

20:32:39.024 [pool-3-thread-11] DEBUG net.thucydides.core.reports.ReportService - Processing test outcome Auth:Register - Register failed with password empty done

20:32:39.024 [pool-3-thread-11] DEBUG net.thucydides.core.reports.ReportService - Processing test outcome Auth:Get Information - Get Information with token empty

20:32:39.024 [pool-3-thread-8] DEBUG net.thucydides.core.reports.ReportService - Processing test outcome Auth:Get Information - Get Information with token valid

20:32:39.024 [pool-3-thread-11] INFO net.thucydides.core.reports.ReportService - net.thucydides.core.reports.html.HtmlAcceptanceTestReporter@7f5c230a: Generating report for test outcome: Auth:Get Information - Get Information with token empty

20:32:39.024 [pool-3-thread-1] DEBUG serenity.reporting - Generated report 565fe17b157bd7f2aed219d7518be7a8b2fd1ebbe8f8111a71c9b8ccc2a9043a.html in 438 ms

20:32:39.023 [pool-3-thread-5] DEBUG serenity.reporting - Generated report f0887395f233684a29a1b9715231a9175fb5a213335535f7d8950c7cc60433d0.html in 437 ms

20:32:39.025 [pool-3-thread-1] DEBUG net.thucydides.core.reports.ReportService - Processing test outcome Auth:Login - Login success with data valid done

20:32:39.025 [pool-3-thread-5] DEBUG net.thucydides.core.reports.ReportService - Processing test outcome Auth:Login - Login failed email empty done

20:32:39.025 [pool-3-thread-5] DEBUG net.thucydides.core.reports.ReportService - Processing test outcome Auth:Get Information - Get Information with token invalid

20:32:39.024 [pool-3-thread-3] DEBUG serenity.reporting - Generated report 8a467251db9a7761af80e0dc0a27b8fb78566d6a5ece5c1e78dce59b4b3a2dd2.html in 438 ms

20:32:39.025 [pool-3-thread-5] INFO net.thucydides.core.reports.ReportService - net.thucydides.core.reports.html.HtmlAcceptanceTestReporter@7f5c230a: Generating report for test outcome: Auth:Get Information - Get Information with token invalid

20:32:39.025 [pool-3-thread-1] DEBUG net.thucydides.core.reports.ReportService - Processing test outcome Categories:Add Categories - Add Categories with data valid

20:32:39.025 [pool-3-thread-3] DEBUG net.thucydides.core.reports.ReportService - Processing test outcome Auth:Login - Login failed not registered done

20:32:39.025 [pool-3-thread-1] INFO net.thucydides.core.reports.ReportService - net.thucydides.core.reports.html.HtmlAcceptanceTestReporter@7f5c230a: Generating report for test outcome: Categories:Add Categories - Add Categories with data valid

20:32:39.025 [pool-3-thread-3] DEBUG net.thucydides.core.reports.ReportService - Processing test outcome Categories:Add Categories - Add Categories with name empty

20:32:39.025 [pool-3-thread-3] INFO net.thucydides.core.reports.ReportService - net.thucydides.core.reports.html.HtmlAcceptanceTestReporter@7f5c230a: Generating report for test outcome: Categories:Add Categories - Add Categories with name empty

20:32:39.024 [pool-3-thread-4] DEBUG serenity.reporting - Generated report b4b8676d2cb23aef7e991ccd40a69e923324842285a7eb6e0b33604394c60f49.html in 438 ms

20:32:39.025 [pool-3-thread-4] DEBUG net.thucydides.core.reports.ReportService - Processing test outcome Auth:Login - Login failed all empty done

20:32:39.025 [pool-3-thread-4] DEBUG net.thucydides.core.reports.ReportService - Processing test outcome Categories:Add Categories - Add Categories with name input integer

20:32:39.025 [pool-3-thread-4] INFO net.thucydides.core.reports.ReportService - net.thucydides.core.reports.html.HtmlAcceptanceTestReporter@7f5c230a: Generating report for test outcome: Categories:Add Categories - Add Categories with name input integer

20:32:39.025 [pool-3-thread-12] DEBUG serenity.reporting - Generated report 376fe095260e2835b60224637d249468bc99e49ec756c2f0767f33a096728fbf.html in 439 ms

20:32:39.025 [pool-3-thread-12] DEBUG net.thucydides.core.reports.ReportService - Processing test outcome Auth:Register - Register already exist done

20:32:39.023 [pool-3-thread-6] DEBUG serenity.reporting - Generated report 6dfb3779abfdbd814ed4516df4fb51203b7267414107ebc5b58348ec468ec568.html in 437 ms

20:32:39.025 [pool-3-thread-12] DEBUG net.thucydides.core.reports.ReportService - Processing test outcome Categories:Get Categories - Get Categories with url valid

20:32:39.024 [pool-3-thread-8] INFO net.thucydides.core.reports.ReportService - net.thucydides.core.reports.html.HtmlAcceptanceTestReporter@7f5c230a: Generating report for test outcome: Auth:Get Information - Get Information with token valid

20:32:39.025 [pool-3-thread-2] DEBUG serenity.reporting - Generated report 05278008aff1fe6c6e30d5a5a7d0cb56ca8fb834002063cfa26bd39bfd153dff.html in 439 ms

20:32:39.025 [pool-3-thread-2] DEBUG net.thucydides.core.reports.ReportService - Processing test outcome Auth:Login - Login failed username valid but password invalid done

20:32:39.025 [pool-3-thread-2] DEBUG net.thucydides.core.reports.ReportService - Processing test outcome Categories:Get Categories - Get Categories with url invalid

20:32:39.025 [pool-3-thread-2] INFO net.thucydides.core.reports.ReportService - net.thucydides.core.reports.html.HtmlAcceptanceTestReporter@7f5c230a: Generating report for test outcome: Categories:Get Categories - Get Categories with url invalid

20:32:39.025 [pool-3-thread-6] DEBUG net.thucydides.core.reports.ReportService - Processing test outcome Auth:Login - Login failed password empty done

20:32:39.025 [pool-3-thread-6] DEBUG net.thucydides.core.reports.ReportService - Processing test outcome Categories:Get Categories By id - Get Categories with id found

20:32:39.025 [pool-3-thread-12] INFO net.thucydides.core.reports.ReportService - net.thucydides.core.reports.html.HtmlAcceptanceTestReporter@7f5c230a: Generating report for test outcome: Categories:Get Categories - Get Categories with url valid

20:32:39.025 [pool-3-thread-6] INFO net.thucydides.core.reports.ReportService - net.thucydides.core.reports.html.HtmlAcceptanceTestReporter@7f5c230a: Generating report for test outcome: Categories:Get Categories By id - Get Categories with id found

20:32:39.026 [pool-3-thread-9] DEBUG serenity.reporting - Generated report a5866b8b30f49affc9f71378551d6467118924654b0e140f1d5374af6ec10539.html in 440 ms

20:32:39.026 [pool-3-thread-9] DEBUG net.thucydides.core.reports.ReportService - Processing test outcome Auth:Register - Register failed with email empty done

20:32:39.026 [pool-3-thread-9] DEBUG net.thucydides.core.reports.ReportService - Processing test outcome Categories:Get Categories By id - Get Categories with id not found

20:32:39.026 [pool-3-thread-9] INFO net.thucydides.core.reports.ReportService - net.thucydides.core.reports.html.HtmlAcceptanceTestReporter@7f5c230a: Generating report for test outcome: Categories:Get Categories By id - Get Categories with id not found

20:32:39.026 [pool-3-thread-7] DEBUG serenity.reporting - Generated report fbe20b16f1aceb589d9b7c3eece1e21036854a5503062fb905db931d5055a234.html in 440 ms

20:32:39.026 [pool-3-thread-7] DEBUG net.thucydides.core.reports.ReportService - Processing test outcome Auth:Register - Register Success with data valid done

20:32:39.026 [pool-3-thread-7] DEBUG net.thucydides.core.reports.ReportService - Processing test outcome Categories:Get Categories By id - Get Categories with id input string

20:32:39.026 [pool-3-thread-7] INFO net.thucydides.core.reports.ReportService - net.thucydides.core.reports.html.HtmlAcceptanceTestReporter@7f5c230a: Generating report for test outcome: Categories:Get Categories By id - Get Categories with id input string

20:32:39.026 [pool-3-thread-10] DEBUG serenity.reporting - Generated report 4476008f9f73d46ed1723005b55d595bc2a398856868c67ddffbedc1de3833ec.html in 440 ms

20:32:39.026 [pool-3-thread-10] DEBUG net.thucydides.core.reports.ReportService - Processing test outcome Auth:Register - Register failed with fullname empty done

20:32:39.026 [pool-3-thread-10] DEBUG net.thucydides.core.reports.ReportService - Processing test outcome End To End:End to end

20:32:39.026 [pool-3-thread-10] INFO net.thucydides.core.reports.ReportService - net.thucydides.core.reports.html.HtmlAcceptanceTestReporter@7f5c230a: Generating report for test outcome: End To End:End to end

20:32:39.027 [pool-3-thread-3] DEBUG serenity.reporting - Generating report in 824283c2338b7e9b30d03844644be20b15f62b51471ab9219d1b3b5c8a9d59d7.html

20:32:39.027 [pool-3-thread-2] DEBUG serenity.reporting - Generating report in 408646b1f468e1e40729c8691916dc7d8511d4f37367bdcd99a68547b9a9a92b.html

20:32:39.027 [pool-3-thread-8] DEBUG serenity.reporting - Generating report in fa93a6205a4e44dda2dfed14dc2d85400e0f5b4e37736afc601308fc71b1ad20.html

20:32:39.027 [pool-3-thread-5] DEBUG serenity.reporting - Generating report in d0f940e7010f29ba0690bf4ce383e5c7d21f58025521c2b6fd5fe30702ebc878.html

20:32:39.028 [pool-3-thread-9] DEBUG serenity.reporting - Generating report in f65cc2b0fb83c75b69094cf7253ce37c7b97699323e3befb6495f3ecf2257e76.html

20:32:39.028 [pool-3-thread-11] DEBUG serenity.reporting - Generating report in e8755d23dea9882b5a78e9957e8ca83e022cf339cf6c3b80ed81e2bd56ea4530.html

20:32:39.028 [pool-3-thread-4] DEBUG serenity.reporting - Generating report in 5fe469d8b2289af2c9c202e27486a4f20410fa79451554b14ae70bd31f48c436.html

20:32:39.028 [pool-3-thread-7] DEBUG serenity.reporting - Generating report in a12b2e708575cbf1ab5dd704c839bb262231df828ff420a4538ecf752c42c162.html

20:32:39.028 [pool-3-thread-10] DEBUG serenity.reporting - Generating report in bbcfe369eeabadad6a551d6fb942b65646147029a73ec0bbf38a376756f15991.html

20:32:39.028 [pool-3-thread-12] DEBUG serenity.reporting - Generating report in 53ccf2da6283e1cea405f5011cc17b86c5014946187c7501d1f8dc3c9a5ea1cb.html

20:32:39.028 [pool-3-thread-6] DEBUG serenity.reporting - Generating report in 310eb0eb88b17b5b570c028cf9923c6ed77d32dbd468aa522cd0ba8de78cbbd2.html

20:32:39.028 [pool-3-thread-1] DEBUG serenity.reporting - Generating report in 48fb9cab2eccb24bfb852373edf70ca74b48239c4e31842bcc81f5d77f9fb3b5.html

20:32:39.039 [pool-3-thread-3] DEBUG serenity.reporting - Generated report 824283c2338b7e9b30d03844644be20b15f62b51471ab9219d1b3b5c8a9d59d7.html in 12 ms

20:32:39.039 [pool-3-thread-3] DEBUG net.thucydides.core.reports.ReportService - Processing test outcome Categories:Add Categories - Add Categories with name empty done

20:32:39.039 [pool-3-thread-3] DEBUG net.thucydides.core.reports.ReportService - Processing test outcome Order:Add Order - Add Orders with data valid and token valid

20:32:39.039 [pool-3-thread-3] INFO net.thucydides.core.reports.ReportService - net.thucydides.core.reports.html.HtmlAcceptanceTestReporter@7f5c230a: Generating report for test outcome: Order:Add Order - Add Orders with data valid and token valid

20:32:39.041 [pool-3-thread-3] DEBUG serenity.reporting - Generating report in 81f21b6c0002b958af07021882e4804572e3217e0c1969379eab9864b4cbe537.html

20:32:39.045 [pool-3-thread-8] DEBUG serenity.reporting - Generated report fa93a6205a4e44dda2dfed14dc2d85400e0f5b4e37736afc601308fc71b1ad20.html in 17 ms

20:32:39.045 [pool-3-thread-8] DEBUG net.thucydides.core.reports.ReportService - Processing test outcome Auth:Get Information - Get Information with token valid done

20:32:39.045 [pool-3-thread-8] DEBUG net.thucydides.core.reports.ReportService - Processing test outcome Order:Add Order - Add Orders with data valid and token empty

20:32:39.045 [pool-3-thread-8] INFO net.thucydides.core.reports.ReportService - net.thucydides.core.reports.html.HtmlAcceptanceTestReporter@7f5c230a: Generating report for test outcome: Order:Add Order - Add Orders with data valid and token empty

20:32:39.047 [pool-3-thread-8] DEBUG serenity.reporting - Generating report in 949d1a7145df2e42cb32df5b2b126d0a35b7efbd3fd1313f2b50586ec81d26ab.html

20:32:39.050 [pool-3-thread-4] DEBUG serenity.reporting - Generated report 5fe469d8b2289af2c9c202e27486a4f20410fa79451554b14ae70bd31f48c436.html in 22 ms

20:32:39.050 [pool-3-thread-4] DEBUG net.thucydides.core.reports.ReportService - Processing test outcome Categories:Add Categories - Add Categories with name input integer done

20:32:39.050 [pool-3-thread-4] DEBUG net.thucydides.core.reports.ReportService - Processing test outcome Order:Add Order - Add Orders with product id input string

20:32:39.050 [pool-3-thread-4] INFO net.thucydides.core.reports.ReportService - net.thucydides.core.reports.html.HtmlAcceptanceTestReporter@7f5c230a: Generating report for test outcome: Order:Add Order - Add Orders with product id input string

20:32:39.051 [pool-3-thread-2] DEBUG serenity.reporting - Generated report 408646b1f468e1e40729c8691916dc7d8511d4f37367bdcd99a68547b9a9a92b.html in 24 ms

20:32:39.051 [pool-3-thread-2] DEBUG net.thucydides.core.reports.ReportService - Processing test outcome Categories:Get Categories - Get Categories with url invalid done

20:32:39.051 [pool-3-thread-2] DEBUG net.thucydides.core.reports.ReportService - Processing test outcome Order:Add Order - Add Orders with product id input empty

20:32:39.051 [pool-3-thread-2] INFO net.thucydides.core.reports.ReportService - net.thucydides.core.reports.html.HtmlAcceptanceTestReporter@7f5c230a: Generating report for test outcome: Order:Add Order - Add Orders with product id input empty

20:32:39.052 [pool-3-thread-9] DEBUG serenity.reporting - Generated report f65cc2b0fb83c75b69094cf7253ce37c7b97699323e3befb6495f3ecf2257e76.html in 24 ms

20:32:39.052 [pool-3-thread-1] DEBUG serenity.reporting - Generated report 48fb9cab2eccb24bfb852373edf70ca74b48239c4e31842bcc81f5d77f9fb3b5.html in 24 ms

20:32:39.052 [pool-3-thread-9] DEBUG net.thucydides.core.reports.ReportService - Processing test outcome Categories:Get Categories By id - Get Categories with id not found done

20:32:39.052 [pool-3-thread-1] DEBUG net.thucydides.core.reports.ReportService - Processing test outcome Categories:Add Categories - Add Categories with data valid done

20:32:39.052 [pool-3-thread-1] DEBUG net.thucydides.core.reports.ReportService - Processing test outcome Order:Add Order - Add Orders with quantity input empty

20:32:39.052 [pool-3-thread-9] DEBUG net.thucydides.core.reports.ReportService - Processing test outcome Order:Add Order - Add Orders with quantity input minus

20:32:39.052 [pool-3-thread-1] INFO net.thucydides.core.reports.ReportService - net.thucydides.core.reports.html.HtmlAcceptanceTestReporter@7f5c230a: Generating report for test outcome: Order:Add Order - Add Orders with quantity input empty

20:32:39.052 [pool-3-thread-9] INFO net.thucydides.core.reports.ReportService - net.thucydides.core.reports.html.HtmlAcceptanceTestReporter@7f5c230a: Generating report for test outcome: Order:Add Order - Add Orders with quantity input minus

20:32:39.052 [pool-3-thread-4] DEBUG serenity.reporting - Generating report in f96a708b1c8e4bec6a98db4cd549ec19e1c9678fbdebd31711570e57b6972c55.html

20:32:39.053 [pool-3-thread-2] DEBUG serenity.reporting - Generating report in 8df3ef37e73e7de536fa1acf16e9bf1075dee2750b00eecc927ac95eaf85f01c.html

20:32:39.054 [pool-3-thread-9] DEBUG serenity.reporting - Generating report in 6f8696d9a76cde2360ab24312a3d81407d40e21974470ae8238d3078824c4cbe.html

20:32:39.054 [pool-3-thread-1] DEBUG serenity.reporting - Generating report in 49f4f418f92de0ee5296ef2336a6ce6dd6fbd3004dfee03bbc998ca5b01f3d50.html

20:32:39.056 [pool-3-thread-7] DEBUG serenity.reporting - Generated report a12b2e708575cbf1ab5dd704c839bb262231df828ff420a4538ecf752c42c162.html in 28 ms

20:32:39.056 [pool-3-thread-7] DEBUG net.thucydides.core.reports.ReportService - Processing test outcome Categories:Get Categories By id - Get Categories with id input string done

20:32:39.057 [pool-3-thread-7] DEBUG net.thucydides.core.reports.ReportService - Processing test outcome Order:Get Order - Get Orders with token valid

20:32:39.057 [pool-3-thread-7] INFO net.thucydides.core.reports.ReportService - net.thucydides.core.reports.html.HtmlAcceptanceTestReporter@7f5c230a: Generating report for test outcome: Order:Get Order - Get Orders with token valid

20:32:39.059 [pool-3-thread-7] DEBUG serenity.reporting - Generating report in 96c422149f707626a69b2bfd9eceb51e32b86dbef0c52bd2244345db5fd2d5bd.html

20:32:39.059 [pool-3-thread-5] DEBUG serenity.reporting - Generated report d0f940e7010f29ba0690bf4ce383e5c7d21f58025521c2b6fd5fe30702ebc878.html in 32 ms

20:32:39.059 [pool-3-thread-5] DEBUG net.thucydides.core.reports.ReportService - Processing test outcome Auth:Get Information - Get Information with token invalid done

20:32:39.061 [pool-3-thread-11] DEBUG serenity.reporting - Generated report e8755d23dea9882b5a78e9957e8ca83e022cf339cf6c3b80ed81e2bd56ea4530.html in 33 ms

20:32:39.061 [pool-3-thread-11] DEBUG net.thucydides.core.reports.ReportService - Processing test outcome Auth:Get Information - Get Information with token empty done

20:32:39.061 [pool-3-thread-11] DEBUG net.thucydides.core.reports.ReportService - Processing test outcome Order:Get Orders - Get Orders with token invalid

20:32:39.061 [pool-3-thread-11] INFO net.thucydides.core.reports.ReportService - net.thucydides.core.reports.html.HtmlAcceptanceTestReporter@7f5c230a: Generating report for test outcome: Order:Get Orders - Get Orders with token invalid

20:32:39.063 [pool-3-thread-5] DEBUG net.thucydides.core.reports.ReportService - Processing test outcome Order:Get Orders By Id - Get Orders By Id with id found

20:32:39.063 [pool-3-thread-5] INFO net.thucydides.core.reports.ReportService - net.thucydides.core.reports.html.HtmlAcceptanceTestReporter@7f5c230a: Generating report for test outcome: Order:Get Orders By Id - Get Orders By Id with id found

20:32:39.063 [pool-3-thread-11] DEBUG serenity.reporting - Generating report in ffc83c1885887a3e911b80194c40208acbabdcd299e43e2736885ecad0ec6b54.html

20:32:39.065 [pool-3-thread-5] DEBUG serenity.reporting - Generating report in b533a82f6fc5d2ba3f6a529897d343981e72ed29c6ef3877401fe5b695f447c7.html

20:32:39.066 [pool-3-thread-3] DEBUG serenity.reporting - Generated report 81f21b6c0002b958af07021882e4804572e3217e0c1969379eab9864b4cbe537.html in 25 ms

20:32:39.066 [pool-3-thread-3] DEBUG net.thucydides.core.reports.ReportService - Processing test outcome Order:Add Order - Add Orders with data valid and token valid done

20:32:39.066 [pool-3-thread-3] DEBUG net.thucydides.core.reports.ReportService - Processing test outcome Order:Get Orders by Id - Get Orders by Id with token empty

20:32:39.066 [pool-3-thread-3] INFO net.thucydides.core.reports.ReportService - net.thucydides.core.reports.html.HtmlAcceptanceTestReporter@7f5c230a: Generating report for test outcome: Order:Get Orders by Id - Get Orders by Id with token empty

20:32:39.068 [pool-3-thread-3] DEBUG serenity.reporting - Generating report in da49731386a8e7add7c71f321e25e16d279ef2a2c2190ba74166e92e929f0f92.html

20:32:39.074 [pool-3-thread-4] DEBUG serenity.reporting - Generated report f96a708b1c8e4bec6a98db4cd549ec19e1c9678fbdebd31711570e57b6972c55.html in 22 ms

20:32:39.074 [pool-3-thread-4] DEBUG net.thucydides.core.reports.ReportService - Processing test outcome Order:Add Order - Add Orders with product id input string done

20:32:39.074 [pool-3-thread-4] DEBUG net.thucydides.core.reports.ReportService - Processing test outcome Order:Get Orders by Id - Get Orders by Id with id not found

20:32:39.074 [pool-3-thread-4] INFO net.thucydides.core.reports.ReportService - net.thucydides.core.reports.html.HtmlAcceptanceTestReporter@7f5c230a: Generating report for test outcome: Order:Get Orders by Id - Get Orders by Id with id not found

20:32:39.076 [pool-3-thread-8] DEBUG serenity.reporting - Generated report 949d1a7145df2e42cb32df5b2b126d0a35b7efbd3fd1313f2b50586ec81d26ab.html in 24 ms

20:32:39.076 [pool-3-thread-8] DEBUG net.thucydides.core.reports.ReportService - Processing test outcome Order:Add Order - Add Orders with data valid and token empty done

20:32:39.076 [pool-3-thread-8] DEBUG net.thucydides.core.reports.ReportService - Processing test outcome Product:Get Products - Get Products with url valid

20:32:39.076 [pool-3-thread-8] INFO net.thucydides.core.reports.ReportService - net.thucydides.core.reports.html.HtmlAcceptanceTestReporter@7f5c230a: Generating report for test outcome: Product:Get Products - Get Products with url valid

20:32:39.076 [pool-3-thread-9] DEBUG serenity.reporting - Generated report 6f8696d9a76cde2360ab24312a3d81407d40e21974470ae8238d3078824c4cbe.html in 22 ms

20:32:39.076 [pool-3-thread-9] DEBUG net.thucydides.core.reports.ReportService - Processing test outcome Order:Add Order - Add Orders with quantity input minus done

20:32:39.076 [pool-3-thread-9] DEBUG net.thucydides.core.reports.ReportService - Processing test outcome Product:Get Products - Get Products with url invalid

20:32:39.076 [pool-3-thread-9] INFO net.thucydides.core.reports.ReportService - net.thucydides.core.reports.html.HtmlAcceptanceTestReporter@7f5c230a: Generating report for test outcome: Product:Get Products - Get Products with url invalid

20:32:39.077 [pool-3-thread-4] DEBUG serenity.reporting - Generating report in 33a9d93537817d242baa21b76dfc4c9e4108a08b7e2a7b77817a8c3597f99c39.html

20:32:39.077 [pool-3-thread-8] DEBUG serenity.reporting - Generating report in da3400f0f696a7fa1fc3af3c0e253fbec21925d38ec3c2e215b3262b410a5337.html

20:32:39.078 [pool-3-thread-9] DEBUG serenity.reporting - Generating report in 97a0c73d90ca5d6ebc652c1f8726b6136af18e1b1fe398fda1ba5ea334ba3a77.html

20:32:39.085 [pool-3-thread-11] DEBUG serenity.reporting - Generated report ffc83c1885887a3e911b80194c40208acbabdcd299e43e2736885ecad0ec6b54.html in 22 ms

20:32:39.090 [pool-3-thread-11] DEBUG net.thucydides.core.reports.ReportService - Processing test outcome Order:Get Orders - Get Orders with token invalid done

20:32:39.090 [pool-3-thread-11] DEBUG net.thucydides.core.reports.ReportService - Processing test outcome Product:Add Products - Add Products with data valid

20:32:39.090 [pool-3-thread-11] INFO net.thucydides.core.reports.ReportService - net.thucydides.core.reports.html.HtmlAcceptanceTestReporter@7f5c230a: Generating report for test outcome: Product:Add Products - Add Products with data valid

20:32:39.091 [pool-3-thread-9] DEBUG serenity.reporting - Generated report 97a0c73d90ca5d6ebc652c1f8726b6136af18e1b1fe398fda1ba5ea334ba3a77.html in 13 ms

20:32:39.091 [pool-3-thread-9] DEBUG net.thucydides.core.reports.ReportService - Processing test outcome Product:Get Products - Get Products with url invalid done

20:32:39.091 [pool-3-thread-9] DEBUG net.thucydides.core.reports.ReportService - Processing test outcome Product:Add Products - Add Products name empty

20:32:39.091 [pool-3-thread-9] INFO net.thucydides.core.reports.ReportService - net.thucydides.core.reports.html.HtmlAcceptanceTestReporter@7f5c230a: Generating report for test outcome: Product:Add Products - Add Products name empty

20:32:39.092 [pool-3-thread-7] DEBUG serenity.reporting - Generated report 96c422149f707626a69b2bfd9eceb51e32b86dbef0c52bd2244345db5fd2d5bd.html in 29 ms

20:32:39.092 [pool-3-thread-7] DEBUG net.thucydides.core.reports.ReportService - Processing test outcome Order:Get Order - Get Orders with token valid done

20:32:39.092 [pool-3-thread-7] DEBUG net.thucydides.core.reports.ReportService - Processing test outcome Product:Add Products - Add Products format name integer

20:32:39.092 [pool-3-thread-7] INFO net.thucydides.core.reports.ReportService - net.thucydides.core.reports.html.HtmlAcceptanceTestReporter@7f5c230a: Generating report for test outcome: Product:Add Products - Add Products format name integer

20:32:39.093 [pool-3-thread-7] DEBUG serenity.reporting - Generating report in 315a9b447831a2af3844a0acb9afda73f95d7ac50a4ad30e9bdbec923e1bf02b.html

20:32:39.093 [pool-3-thread-9] DEBUG serenity.reporting - Generating report in 7f5b533c56d4a03628615220b2e8a56997ae2fd394628d48b5699488f190e753.html

20:32:39.093 [pool-3-thread-11] DEBUG serenity.reporting - Generating report in 90d573f0a45cd2c5f54adaf43ec399e2f142e1d50b020d590f161e0887edb116.html

20:32:39.085 [pool-3-thread-2] DEBUG serenity.reporting - Generated report 8df3ef37e73e7de536fa1acf16e9bf1075dee2750b00eecc927ac95eaf85f01c.html in 32 ms

20:32:39.095 [pool-3-thread-2] DEBUG net.thucydides.core.reports.ReportService - Processing test outcome Order:Add Order - Add Orders with product id input empty done

20:32:39.096 [pool-3-thread-2] DEBUG net.thucydides.core.reports.ReportService - Processing test outcome Product:Add Products - Add Products price empty

20:32:39.096 [pool-3-thread-2] INFO net.thucydides.core.reports.ReportService - net.thucydides.core.reports.html.HtmlAcceptanceTestReporter@7f5c230a: Generating report for test outcome: Product:Add Products - Add Products price empty

20:32:39.097 [pool-3-thread-4] DEBUG serenity.reporting - Generated report 33a9d93537817d242baa21b76dfc4c9e4108a08b7e2a7b77817a8c3597f99c39.html in 20 ms

20:32:39.097 [pool-3-thread-4] DEBUG net.thucydides.core.reports.ReportService - Processing test outcome Order:Get Orders by Id - Get Orders by Id with id not found done

20:32:39.097 [pool-3-thread-4] DEBUG net.thucydides.core.reports.ReportService - Processing test outcome Product:Add Products - Add Products price input negative

20:32:39.097 [pool-3-thread-4] INFO net.thucydides.core.reports.ReportService - net.thucydides.core.reports.html.HtmlAcceptanceTestReporter@7f5c230a: Generating report for test outcome: Product:Add Products - Add Products price input negative

20:32:39.098 [pool-3-thread-2] DEBUG serenity.reporting - Generating report in 24c7547f2f2613fcf5c4ff8ae2482d71f8ce659847d52978c228e9e93c857472.html

20:32:39.098 [pool-3-thread-5] DEBUG serenity.reporting - Generated report b533a82f6fc5d2ba3f6a529897d343981e72ed29c6ef3877401fe5b695f447c7.html in 33 ms

20:32:39.098 [pool-3-thread-5] DEBUG net.thucydides.core.reports.ReportService - Processing test outcome Order:Get Orders By Id - Get Orders By Id with id found done

20:32:39.099 [pool-3-thread-5] DEBUG net.thucydides.core.reports.ReportService - Processing test outcome Product:Add Products - Add Products price categories empty

20:32:39.099 [pool-3-thread-5] INFO net.thucydides.core.reports.ReportService - net.thucydides.core.reports.html.HtmlAcceptanceTestReporter@7f5c230a: Generating report for test outcome: Product:Add Products - Add Products price categories empty

20:32:39.099 [pool-3-thread-4] DEBUG serenity.reporting - Generating report in 70f870683c96b4da4ffa13c5dc082cff78cdb1f984506e75fe2d260cdfcf945e.html

20:32:39.100 [pool-3-thread-3] DEBUG serenity.reporting - Generated report da49731386a8e7add7c71f321e25e16d279ef2a2c2190ba74166e92e929f0f92.html in 32 ms

20:32:39.100 [pool-3-thread-3] DEBUG net.thucydides.core.reports.ReportService - Processing test outcome Order:Get Orders by Id - Get Orders by Id with token empty done

20:32:39.100 [pool-3-thread-3] DEBUG net.thucydides.core.reports.ReportService - Processing test outcome Product:Add Products - Add Products price categories input string

20:32:39.100 [pool-3-thread-3] INFO net.thucydides.core.reports.ReportService - net.thucydides.core.reports.html.HtmlAcceptanceTestReporter@7f5c230a: Generating report for test outcome: Product:Add Products - Add Products price categories input string

20:32:39.100 [pool-3-thread-5] DEBUG serenity.reporting - Generating report in 01bfcaf7fc10443de08dfdfb7616ccb5023e7874f872d1df6616ec5272319a11.html

20:32:39.086 [pool-3-thread-1] DEBUG serenity.reporting - Generated report 49f4f418f92de0ee5296ef2336a6ce6dd6fbd3004dfee03bbc998ca5b01f3d50.html in 32 ms

20:32:39.101 [pool-3-thread-1] DEBUG net.thucydides.core.reports.ReportService - Processing test outcome Order:Add Order - Add Orders with quantity input empty done

20:32:39.101 [pool-3-thread-1] DEBUG net.thucydides.core.reports.ReportService - Processing test outcome Product:Get Products By Id - Get Products By Id with id found

20:32:39.101 [pool-3-thread-1] INFO net.thucydides.core.reports.ReportService - net.thucydides.core.reports.html.HtmlAcceptanceTestReporter@7f5c230a: Generating report for test outcome: Product:Get Products By Id - Get Products By Id with id found

20:32:39.102 [pool-3-thread-3] DEBUG serenity.reporting - Generating report in 7d90d374db68f41ededbe7c58cdc4fb0d8eaf284a12836342c4dc602c3e4d057.html

20:32:39.103 [pool-3-thread-1] DEBUG serenity.reporting - Generating report in dbe12e761966bcc292fcab0fddc6a1e7125473edf928999a8a0ab6db1651fbe9.html

20:32:39.106 [pool-3-thread-9] DEBUG serenity.reporting - Generated report 7f5b533c56d4a03628615220b2e8a56997ae2fd394628d48b5699488f190e753.html in 13 ms

20:32:39.107 [pool-3-thread-11] DEBUG serenity.reporting - Generated report 90d573f0a45cd2c5f54adaf43ec399e2f142e1d50b020d590f161e0887edb116.html in 14 ms

20:32:39.107 [pool-3-thread-11] DEBUG net.thucydides.core.reports.ReportService - Processing test outcome Product:Add Products - Add Products with data valid done

20:32:39.107 [pool-3-thread-11] DEBUG net.thucydides.core.reports.ReportService - Processing test outcome Product:Get Products By Id - Get Products By Id with id not found

20:32:39.107 [pool-3-thread-11] INFO net.thucydides.core.reports.ReportService - net.thucydides.core.reports.html.HtmlAcceptanceTestReporter@7f5c230a: Generating report for test outcome: Product:Get Products By Id - Get Products By Id with id not found

20:32:39.110 [pool-3-thread-9] DEBUG net.thucydides.core.reports.ReportService - Processing test outcome Product:Add Products - Add Products name empty done

20:32:39.110 [pool-3-thread-9] DEBUG net.thucydides.core.reports.ReportService - Processing test outcome Product:Delete Products By Id - Delete Products By Id with id found

20:32:39.110 [pool-3-thread-9] INFO net.thucydides.core.reports.ReportService - net.thucydides.core.reports.html.HtmlAcceptanceTestReporter@7f5c230a: Generating report for test outcome: Product:Delete Products By Id - Delete Products By Id with id found

20:32:39.110 [pool-3-thread-7] DEBUG serenity.reporting - Generated report 315a9b447831a2af3844a0acb9afda73f95d7ac50a4ad30e9bdbec923e1bf02b.html in 17 ms

20:32:39.110 [pool-3-thread-7] DEBUG net.thucydides.core.reports.ReportService - Processing test outcome Product:Add Products - Add Products format name integer done

20:32:39.110 [pool-3-thread-7] DEBUG net.thucydides.core.reports.ReportService - Processing test outcome Product:Delete Products By Id - Delete Products By Id with id limit maximum

20:32:39.110 [pool-3-thread-7] INFO net.thucydides.core.reports.ReportService - net.thucydides.core.reports.html.HtmlAcceptanceTestReporter@7f5c230a: Generating report for test outcome: Product:Delete Products By Id - Delete Products By Id with id limit maximum

20:32:39.110 [pool-3-thread-2] DEBUG serenity.reporting - Generated report 24c7547f2f2613fcf5c4ff8ae2482d71f8ce659847d52978c228e9e93c857472.html in 12 ms

20:32:39.110 [pool-3-thread-2] DEBUG net.thucydides.core.reports.ReportService - Processing test outcome Product:Add Products - Add Products price empty done

20:32:39.110 [pool-3-thread-2] DEBUG net.thucydides.core.reports.ReportService - Processing test outcome Product:Add Ratings - Add Ratings with data valid

20:32:39.110 [pool-3-thread-2] INFO net.thucydides.core.reports.ReportService - net.thucydides.core.reports.html.HtmlAcceptanceTestReporter@7f5c230a: Generating report for test outcome: Product:Add Ratings - Add Ratings with data valid

20:32:39.111 [pool-3-thread-9] DEBUG serenity.reporting - Generating report in 9737de7ce115be4046297091c34c7249279014d141a0e35e9cb69e55ba95aca4.html

20:32:39.112 [pool-3-thread-7] DEBUG serenity.reporting - Generating report in c0867617868d38938b3d8e906d64a7e9851e06e364d8919277ebb490ebb6deb4.html

20:32:39.112 [pool-3-thread-2] DEBUG serenity.reporting - Generating report in 72e661f066d702cd65768d0c2e76017fb8bd5d6b9399ab53a241adfd1e3f8ec0.html

20:32:39.114 [pool-3-thread-5] DEBUG serenity.reporting - Generated report 01bfcaf7fc10443de08dfdfb7616ccb5023e7874f872d1df6616ec5272319a11.html in 14 ms

20:32:39.114 [pool-3-thread-5] DEBUG net.thucydides.core.reports.ReportService - Processing test outcome Product:Add Products - Add Products price categories empty done

20:32:39.114 [pool-3-thread-5] DEBUG net.thucydides.core.reports.ReportService - Processing test outcome Product:Add Ratings - Add Ratings with data id not found

20:32:39.114 [pool-3-thread-5] INFO net.thucydides.core.reports.ReportService - net.thucydides.core.reports.html.HtmlAcceptanceTestReporter@7f5c230a: Generating report for test outcome: Product:Add Ratings - Add Ratings with data id not found

20:32:39.116 [pool-3-thread-3] DEBUG serenity.reporting - Generated report 7d90d374db68f41ededbe7c58cdc4fb0d8eaf284a12836342c4dc602c3e4d057.html in 14 ms

20:32:39.116 [pool-3-thread-3] DEBUG net.thucydides.core.reports.ReportService - Processing test outcome Product:Add Products - Add Products price categories input string done

20:32:39.116 [pool-3-thread-3] DEBUG net.thucydides.core.reports.ReportService - Processing test outcome Product:Add Ratings - Add Ratings with token empty

20:32:39.116 [pool-3-thread-3] INFO net.thucydides.core.reports.ReportService - net.thucydides.core.reports.html.HtmlAcceptanceTestReporter@7f5c230a: Generating report for test outcome: Product:Add Ratings - Add Ratings with token empty

20:32:39.116 [pool-3-thread-11] DEBUG serenity.reporting - Generating report in a32b7015e56d678682307812777c5f9ddbc9acf10e398c2fb4ad17496999276e.html

20:32:39.116 [pool-3-thread-5] DEBUG serenity.reporting - Generating report in f2de5acc0fc7a139afb7d73706ce4492856ad3c3651bf8371cf180c11a637743.html

20:32:39.118 [pool-3-thread-3] DEBUG serenity.reporting - Generating report in b78700db3462e9b71aec5989c63b5e0bbfcfc473bcf2615a703a6fb0d6998c9d.html

20:32:39.119 [pool-3-thread-4] DEBUG serenity.reporting - Generated report 70f870683c96b4da4ffa13c5dc082cff78cdb1f984506e75fe2d260cdfcf945e.html in 20 ms

20:32:39.119 [pool-3-thread-4] DEBUG net.thucydides.core.reports.ReportService - Processing test outcome Product:Add Products - Add Products price input negative done

20:32:39.120 [pool-3-thread-4] DEBUG net.thucydides.core.reports.ReportService - Processing test outcome Product:Get Ratings By Id - Get Ratings By Id with id found

20:32:39.120 [pool-3-thread-4] INFO net.thucydides.core.reports.ReportService - net.thucydides.core.reports.html.HtmlAcceptanceTestReporter@7f5c230a: Generating report for test outcome: Product:Get Ratings By Id - Get Ratings By Id with id found

20:32:39.122 [pool-3-thread-4] DEBUG serenity.reporting - Generating report in 946aa685c89cc1bf0ffd2eadc1be9e15f7b8e0413ac7741061bcc8e90cdc5d9b.html

20:32:39.129 [pool-3-thread-9] DEBUG serenity.reporting - Generated report 9737de7ce115be4046297091c34c7249279014d141a0e35e9cb69e55ba95aca4.html in 18 ms

20:32:39.129 [pool-3-thread-9] DEBUG net.thucydides.core.reports.ReportService - Processing test outcome Product:Delete Products By Id - Delete Products By Id with id found done

20:32:39.129 [pool-3-thread-9] DEBUG net.thucydides.core.reports.ReportService - Processing test outcome Product:Get Ratings By Id - Get Ratings By Id with id not found

20:32:39.129 [pool-3-thread-9] INFO net.thucydides.core.reports.ReportService - net.thucydides.core.reports.html.HtmlAcceptanceTestReporter@7f5c230a: Generating report for test outcome: Product:Get Ratings By Id - Get Ratings By Id with id not found

20:32:39.129 [pool-3-thread-7] DEBUG serenity.reporting - Generated report c0867617868d38938b3d8e906d64a7e9851e06e364d8919277ebb490ebb6deb4.html in 17 ms

20:32:39.129 [pool-3-thread-7] DEBUG net.thucydides.core.reports.ReportService - Processing test outcome Product:Delete Products By Id - Delete Products By Id with id limit maximum done

20:32:39.129 [pool-3-thread-7] DEBUG net.thucydides.core.reports.ReportService - Processing test outcome Product:Get Ratings By Id - Get Ratings By Id with id input string

20:32:39.129 [pool-3-thread-7] INFO net.thucydides.core.reports.ReportService - net.thucydides.core.reports.html.HtmlAcceptanceTestReporter@7f5c230a: Generating report for test outcome: Product:Get Ratings By Id - Get Ratings By Id with id input string

20:32:39.131 [pool-3-thread-9] DEBUG serenity.reporting - Generating report in f8e1de27ff8b7d6cb2a74d8318349bb2db71bd320a56a4ed179c781dd0e26a6a.html

20:32:39.135 [pool-3-thread-7] DEBUG serenity.reporting - Generating report in de489adcad7908bdb2dda70546b0f85b04509c918432b2416fce112fb63fa265.html

20:32:39.141 [pool-3-thread-11] DEBUG serenity.reporting - Generated report a32b7015e56d678682307812777c5f9ddbc9acf10e398c2fb4ad17496999276e.html in 23 ms

20:32:39.142 [pool-3-thread-11] DEBUG net.thucydides.core.reports.ReportService - Processing test outcome Product:Get Products By Id - Get Products By Id with id not found done

20:32:39.142 [pool-3-thread-11] DEBUG net.thucydides.core.reports.ReportService - Processing test outcome Product:Add Comments - Add Comments with data and token valid

20:32:39.142 [pool-3-thread-11] INFO net.thucydides.core.reports.ReportService - net.thucydides.core.reports.html.HtmlAcceptanceTestReporter@7f5c230a: Generating report for test outcome: Product:Add Comments - Add Comments with data and token valid

20:32:39.144 [pool-3-thread-11] DEBUG serenity.reporting - Generating report in f7082d3ba5121c086cbf996aa7f9eb2d624494024c9f36410614f040be57f54c.html

20:32:39.146 [pool-3-thread-4] DEBUG serenity.reporting - Generated report 946aa685c89cc1bf0ffd2eadc1be9e15f7b8e0413ac7741061bcc8e90cdc5d9b.html in 24 ms

20:32:39.146 [pool-3-thread-2] DEBUG serenity.reporting - Generated report 72e661f066d702cd65768d0c2e76017fb8bd5d6b9399ab53a241adfd1e3f8ec0.html in 34 ms

20:32:39.146 [pool-3-thread-5] DEBUG serenity.reporting - Generated report f2de5acc0fc7a139afb7d73706ce4492856ad3c3651bf8371cf180c11a637743.html in 30 ms

20:32:39.146 [pool-3-thread-2] DEBUG net.thucydides.core.reports.ReportService - Processing test outcome Product:Add Ratings - Add Ratings with data valid done

20:32:39.146 [pool-3-thread-5] DEBUG net.thucydides.core.reports.ReportService - Processing test outcome Product:Add Ratings - Add Ratings with data id not found done

20:32:39.146 [pool-3-thread-2] DEBUG net.thucydides.core.reports.ReportService - Processing test outcome Product:Add Comments - Add Comments with token empty

20:32:39.146 [pool-3-thread-5] DEBUG net.thucydides.core.reports.ReportService - Processing test outcome Product:Add Comments - Add Comments with content empty

20:32:39.146 [pool-3-thread-2] INFO net.thucydides.core.reports.ReportService - net.thucydides.core.reports.html.HtmlAcceptanceTestReporter@7f5c230a: Generating report for test outcome: Product:Add Comments - Add Comments with token empty

20:32:39.146 [pool-3-thread-4] DEBUG net.thucydides.core.reports.ReportService - Processing test outcome Product:Get Ratings By Id - Get Ratings By Id with id found done

20:32:39.146 [pool-3-thread-4] DEBUG net.thucydides.core.reports.ReportService - Processing test outcome Product:Add Comments - Add Comments with input string url

20:32:39.146 [pool-3-thread-4] INFO net.thucydides.core.reports.ReportService - net.thucydides.core.reports.html.HtmlAcceptanceTestReporter@7f5c230a: Generating report for test outcome: Product:Add Comments - Add Comments with input string url

20:32:39.146 [pool-3-thread-5] INFO net.thucydides.core.reports.ReportService - net.thucydides.core.reports.html.HtmlAcceptanceTestReporter@7f5c230a: Generating report for test outcome: Product:Add Comments - Add Comments with content empty

20:32:39.148 [pool-3-thread-2] DEBUG serenity.reporting - Generating report in 1d118ebbb16e31ab9ec8547ff9906d779f68a42932cc957a9a7001d88cf7bb1a.html

20:32:39.149 [pool-3-thread-5] DEBUG serenity.reporting - Generating report in abd6d2891f5052dde0eb04c75e379fb3e4757ca146854d3c658d47d9d56c6886.html

20:32:39.150 [pool-3-thread-7] DEBUG serenity.reporting - Generated report de489adcad7908bdb2dda70546b0f85b04509c918432b2416fce112fb63fa265.html in 15 ms

20:32:39.150 [pool-3-thread-7] DEBUG net.thucydides.core.reports.ReportService - Processing test outcome Product:Get Ratings By Id - Get Ratings By Id with id input string done

20:32:39.150 [pool-3-thread-7] DEBUG net.thucydides.core.reports.ReportService - Processing test outcome Product:Get Comments - Get Comments with url valid

20:32:39.150 [pool-3-thread-7] INFO net.thucydides.core.reports.ReportService - net.thucydides.core.reports.html.HtmlAcceptanceTestReporter@7f5c230a: Generating report for test outcome: Product:Get Comments - Get Comments with url valid

20:32:39.152 [pool-3-thread-4] DEBUG serenity.reporting - Generating report in 7079fa5f793c4f69430550b9efcd584ca7ef27dbe190d0ed3c0d9b96c60d9eeb.html

20:32:39.152 [pool-3-thread-7] DEBUG serenity.reporting - Generating report in 4cfbd7aaef20b32f8e1b5eac7300518f0ef94b8a30156ce5ba65076e25199532.html

20:32:39.159 [pool-3-thread-3] DEBUG serenity.reporting - Generated report b78700db3462e9b71aec5989c63b5e0bbfcfc473bcf2615a703a6fb0d6998c9d.html in 41 ms

20:32:39.159 [pool-3-thread-3] DEBUG net.thucydides.core.reports.ReportService - Processing test outcome Product:Add Ratings - Add Ratings with token empty done

20:32:39.159 [pool-3-thread-3] DEBUG net.thucydides.core.reports.ReportService - Processing test outcome Product:Get Comments - Get Comments with url invalid

20:32:39.159 [pool-3-thread-3] INFO net.thucydides.core.reports.ReportService - net.thucydides.core.reports.html.HtmlAcceptanceTestReporter@7f5c230a: Generating report for test outcome: Product:Get Comments - Get Comments with url invalid

20:32:39.161 [pool-3-thread-5] DEBUG serenity.reporting - Generated report abd6d2891f5052dde0eb04c75e379fb3e4757ca146854d3c658d47d9d56c6886.html in 12 ms

20:32:39.161 [pool-3-thread-5] DEBUG net.thucydides.core.reports.ReportService - Processing test outcome Product:Add Comments - Add Comments with content empty done

20:32:39.161 [pool-3-thread-3] DEBUG serenity.reporting - Generating report in c7a000c30b7dc5b27c712dd25b8fec9371395baa94ad70232d780fc68cdf21ae.html

20:32:39.162 [pool-3-thread-2] DEBUG serenity.reporting - Generated report 1d118ebbb16e31ab9ec8547ff9906d779f68a42932cc957a9a7001d88cf7bb1a.html in 14 ms

20:32:39.162 [pool-3-thread-2] DEBUG net.thucydides.core.reports.ReportService - Processing test outcome Product:Add Comments - Add Comments with token empty done

20:32:39.164 [pool-3-thread-4] DEBUG serenity.reporting - Generated report 7079fa5f793c4f69430550b9efcd584ca7ef27dbe190d0ed3c0d9b96c60d9eeb.html in 12 ms

20:32:39.164 [pool-3-thread-4] DEBUG net.thucydides.core.reports.ReportService - Processing test outcome Product:Add Comments - Add Comments with input string url done

20:32:39.167 [pool-3-thread-9] DEBUG serenity.reporting - Generated report f8e1de27ff8b7d6cb2a74d8318349bb2db71bd320a56a4ed179c781dd0e26a6a.html in 36 ms

20:32:39.167 [pool-3-thread-9] DEBUG net.thucydides.core.reports.ReportService - Processing test outcome Product:Get Ratings By Id - Get Ratings By Id with id not found done

20:32:39.168 [pool-3-thread-11] DEBUG serenity.reporting - Generated report f7082d3ba5121c086cbf996aa7f9eb2d624494024c9f36410614f040be57f54c.html in 24 ms

20:32:39.168 [pool-3-thread-11] DEBUG net.thucydides.core.reports.ReportService - Processing test outcome Product:Add Comments - Add Comments with data and token valid done

20:32:39.169 [pool-3-thread-7] DEBUG serenity.reporting - Generated report 4cfbd7aaef20b32f8e1b5eac7300518f0ef94b8a30156ce5ba65076e25199532.html in 17 ms

20:32:39.169 [pool-3-thread-7] DEBUG net.thucydides.core.reports.ReportService - Processing test outcome Product:Get Comments - Get Comments with url valid done

20:32:39.171 [pool-3-thread-3] DEBUG serenity.reporting - Generated report c7a000c30b7dc5b27c712dd25b8fec9371395baa94ad70232d780fc68cdf21ae.html in 10 ms

20:32:39.171 [pool-3-thread-3] DEBUG net.thucydides.core.reports.ReportService - Processing test outcome Product:Get Comments - Get Comments with url invalid done

20:32:39.307 [pool-3-thread-6] DEBUG serenity.reporting - Generated report 310eb0eb88b17b5b570c028cf9923c6ed77d32dbd468aa522cd0ba8de78cbbd2.html in 279 ms

20:32:39.307 [pool-3-thread-6] DEBUG net.thucydides.core.reports.ReportService - Processing test outcome Categories:Get Categories By id - Get Categories with id found done

20:32:39.312 [pool-3-thread-12] DEBUG serenity.reporting - Generated report 53ccf2da6283e1cea405f5011cc17b86c5014946187c7501d1f8dc3c9a5ea1cb.html in 284 ms

20:32:39.312 [pool-3-thread-12] DEBUG net.thucydides.core.reports.ReportService - Processing test outcome Categories:Get Categories - Get Categories with url valid done

20:32:39.444 [pool-3-thread-8] DEBUG serenity.reporting - Generated report da3400f0f696a7fa1fc3af3c0e253fbec21925d38ec3c2e215b3262b410a5337.html in 367 ms

20:32:39.444 [pool-3-thread-8] DEBUG net.thucydides.core.reports.ReportService - Processing test outcome Product:Get Products - Get Products with url valid done

20:32:39.445 [pool-3-thread-1] DEBUG serenity.reporting - Generated report dbe12e761966bcc292fcab0fddc6a1e7125473edf928999a8a0ab6db1651fbe9.html in 342 ms

20:32:39.445 [pool-3-thread-1] DEBUG net.thucydides.core.reports.ReportService - Processing test outcome Product:Get Products By Id - Get Products By Id with id found done

20:32:39.463 [pool-3-thread-10] DEBUG serenity.reporting - Generated report bbcfe369eeabadad6a551d6fb942b65646147029a73ec0bbf38a376756f15991.html in 435 ms

20:32:39.463 [pool-3-thread-10] DEBUG net.thucydides.core.reports.ReportService - Processing test outcome End To End:End to end done

20:32:39.463 [pool-2-thread-1] DEBUG net.thucydides.core.reports.ReportService - Shutting down executor service

20:32:39.463 [pool-2-thread-1] DEBUG net.thucydides.core.reports.ReportService - Reports generated in: 1434 ms

20:32:39.642 [pool-2-thread-1] INFO io.cucumber.core.plugin.SerenityReporter - Cleanup test resources for URI file:///Users/jasmine/Documents/alterra-mini-project/src/test/resources/api/Auth.feature

20:32:39.644 [pool-2-thread-1] INFO io.cucumber.core.plugin.SerenityReporter - Cleanup test resources for URI file:///Users/jasmine/Documents/alterra-mini-project/src/test/resources/api/Categories.feature

20:32:39.644 [pool-2-thread-1] INFO io.cucumber.core.plugin.SerenityReporter - Cleanup test resources for URI file:///Users/jasmine/Documents/alterra-mini-project/src/test/resources/api/EndToEnd.feature

20:32:39.645 [pool-2-thread-1] INFO io.cucumber.core.plugin.SerenityReporter - Cleanup test resources for URI file:///Users/jasmine/Documents/alterra-mini-project/src/test/resources/api/Order.feature

20:32:39.646 [pool-2-thread-1] INFO io.cucumber.core.plugin.SerenityReporter - Cleanup test resources for URI file:///Users/jasmine/Documents/alterra-mini-project/src/test/resources/api/Product.feature


Scenario: Get Products - Get Products with url valid               &amp#27;[90m# src/test/resources/api/Product.feature:6&amp#27;[0m
20:32:31.145 [pool-2-thread-1] INFO io.cucumber.core.plugin.SerenityReporter - Running feature from file:///Users/jasmine/Documents/alterra-mini-project/src/test/resources/api/Product.feature
20:32:31.146 [pool-2-thread-1] WARN io.cucumber.core.plugin.SerenityReporter - Feature from file:///Users/jasmine/Documents/alterra-mini-project/src/test/resources/api/Product.feature is not under the 'features' directory. Requirements report will not be correctly generated!
20:32:31.146 [pool-2-thread-1] INFO  - 
  _____   ___   ___   _____     ___   _____     _     ___   _____   ___   ___  
 |_   _| | __| / __| |_   _|   / __| |_   _|   /_\   | _ \ |_   _| | __| |   \ 
   | |   | _|  \__ \   | |     \__ \   | |    / _ \  |   /   | |   | _|  | |) |
   |_|   |___| |___/   |_|     |___/   |_|   /_/ \_\ |_|_\   |_|   |___| |___/ 

Get Products - Get Products with url valid(product;get-products---get-products-with-url-valid)
--------------------------------------------------------------------------------
20:32:31.218 [pool-2-thread-1] DEBUG net.thucydides.core.steps.StepInterceptor - STARTING STEP: ProductsSteps.setAPIUrlGetProducts - User set api get request products alta shop valid
20:32:31.218 [pool-2-thread-1] DEBUG net.thucydides.core.steps.StepInterceptor - STEP DONE: User set api get request products alta shop valid
  &amp#27;[32mGiven &amp#27;[0m&amp#27;[32mUser set api get request products alta shop valid&amp#27;[0m          &amp#27;[90m# starter.stepdefinitions.ProductsSteps.setAPIUrlGetProducts()&amp#27;[0m
20:32:31.221 [pool-2-thread-1] DEBUG net.thucydides.core.steps.StepInterceptor - STARTING STEP: ProductsSteps.userSendGETApiRequestProductsWithUrlValid - User send GET api request products with url valid
20:32:31.222 [pool-2-thread-1] DEBUG net.thucydides.core.steps.StepInterceptor - STARTING STEP: GetProducts.sendRequestUrlProductsvalid - User set api get request products alta shop valid
20:32:31.222 [pool-2-thread-1] DEBUG net.thucydides.core.steps.StepInterceptor - STEP DONE: User set api get request products alta shop valid
20:32:31.724 [pool-2-thread-1] DEBUG net.thucydides.core.steps.StepInterceptor - STEP DONE: User send GET api request products with url valid
  &amp#27;[32mWhen &amp#27;[0m&amp#27;[32mUser send GET api request products with url valid&amp#27;[0m           &amp#27;[90m# starter.stepdefinitions.ProductsSteps.userSendGETApiRequestProductsWithUrlValid()&amp#27;[0m
20:32:31.725 [pool-2-thread-1] DEBUG net.thucydides.core.steps.StepInterceptor - STARTING STEP: ProductsSteps.userReceiveValidGetResponseCodeProductsUrlValid - User receive valid get response code 200 products url valid
20:32:31.726 [pool-2-thread-1] DEBUG net.thucydides.core.steps.StepInterceptor - STEP DONE: User receive valid get response code 200 products url valid
  &amp#27;[32mThen &amp#27;[0m&amp#27;[32mUser receive valid get response code 200 products url valid&amp#27;[0m &amp#27;[90m# starter.stepdefinitions.ProductsSteps.userReceiveValidGetResponseCodeProductsUrlValid()&amp#27;[0m
20:32:31.727 [pool-2-thread-1] DEBUG net.thucydides.core.steps.StepInterceptor - STARTING STEP: ProductsSteps.userReceiveValidGetResponseBodyForProductsUrlValid - User receive valid get response body for products url valid
20:32:32.015 [pool-2-thread-1] DEBUG net.thucydides.core.steps.StepInterceptor - STEP DONE: User receive valid get response body for products url valid
  &amp#27;[32mAnd &amp#27;[0m&amp#27;[32mUser receive valid get response body for products url valid&amp#27;[0m  &amp#27;[90m# starter.stepdefinitions.ProductsSteps.userReceiveValidGetResponseBodyForProductsUrlValid()&amp#27;[0m
20:32:32.016 [pool-2-thread-1] INFO  - 
  _____   ___   ___   _____     ___     _     ___   ___   ___   ___  
 |_   _| | __| / __| |_   _|   | _ \   /_\   / __| / __| | __| |   \ 
   | |   | _|  \__ \   | |     |  _/  / _ \  \__ \ \__ \ | _|  | |) |
   |_|   |___| |___/   |_|     |_|   /_/ \_\ |___/ |___/ |___| |___/ 

Get Products - Get Products with url valid
----------------------------------------------------------------------
]]></system-out>
  </testcase>
  <testcase name="Get Products - Get Products with url invalid" classname="Product" time="0.129">
    <system-out><![CDATA[
Scenario: Get Products - Get Products with url invalid               &amp#27;[90m# src/test/resources/api/Product.feature:12&amp#27;[0m
20:32:32.023 [pool-2-thread-1] INFO io.cucumber.core.plugin.SerenityReporter - Running feature from file:///Users/jasmine/Documents/alterra-mini-project/src/test/resources/api/Product.feature
20:32:32.023 [pool-2-thread-1] WARN io.cucumber.core.plugin.SerenityReporter - Feature from file:///Users/jasmine/Documents/alterra-mini-project/src/test/resources/api/Product.feature is not under the 'features' directory. Requirements report will not be correctly generated!
20:32:32.024 [pool-2-thread-1] INFO  - 
  _____   ___   ___   _____     ___   _____     _     ___   _____   ___   ___  
 |_   _| | __| / __| |_   _|   / __| |_   _|   /_\   | _ \ |_   _| | __| |   \ 
   | |   | _|  \__ \   | |     \__ \   | |    / _ \  |   /   | |   | _|  | |) |
   |_|   |___| |___/   |_|     |___/   |_|   /_/ \_\ |_|_\   |_|   |___| |___/ 

Get Products - Get Products with url invalid(product;get-products---get-products-with-url-invalid)
--------------------------------------------------------------------------------
20:32:32.043 [pool-2-thread-1] DEBUG net.thucydides.core.steps.StepInterceptor - STARTING STEP: ProductsSteps.userSetApiGetRequestProductsAltaShopInvalid - User set api get request products alta shop invalid
20:32:32.043 [pool-2-thread-1] DEBUG net.thucydides.core.steps.StepInterceptor - STEP DONE: User set api get request products alta shop invalid
  &amp#27;[32mGiven &amp#27;[0m&amp#27;[32mUser set api get request products alta shop invalid&amp#27;[0m          &amp#27;[90m# starter.stepdefinitions.ProductsSteps.userSetApiGetRequestProductsAltaShopInvalid()&amp#27;[0m
20:32:32.044 [pool-2-thread-1] DEBUG net.thucydides.core.steps.StepInterceptor - STARTING STEP: ProductsSteps.userSendGETApiRequestProductsWithUrlInvalid - User send GET api request products with url invalid
20:32:32.045 [pool-2-thread-1] DEBUG net.thucydides.core.steps.StepInterceptor - STARTING STEP: GetProducts.sendRequestBodyProductInvalid - User set api get request products alta shop invalid
20:32:32.045 [pool-2-thread-1] DEBUG net.thucydides.core.steps.StepInterceptor - STEP DONE: User set api get request products alta shop invalid
20:32:32.142 [pool-2-thread-1] DEBUG net.thucydides.core.steps.StepInterceptor - STEP DONE: User send GET api request products with url invalid
  &amp#27;[32mWhen &amp#27;[0m&amp#27;[32mUser send GET api request products with url invalid&amp#27;[0m           &amp#27;[90m# starter.stepdefinitions.ProductsSteps.userSendGETApiRequestProductsWithUrlInvalid()&amp#27;[0m
20:32:32.143 [pool-2-thread-1] DEBUG net.thucydides.core.steps.StepInterceptor - STARTING STEP: ProductsSteps.userReceiveValidGetResponseCodeProductsUrlInvalid - User receive valid get response code 404 products url invalid
20:32:32.144 [pool-2-thread-1] DEBUG net.thucydides.core.steps.StepInterceptor - STEP DONE: User receive valid get response code 404 products url invalid
  &amp#27;[32mThen &amp#27;[0m&amp#27;[32mUser receive valid get response code 404 products url invalid&amp#27;[0m &amp#27;[90m# starter.stepdefinitions.ProductsSteps.userReceiveValidGetResponseCodeProductsUrlInvalid()&amp#27;[0m
20:32:32.145 [pool-2-thread-1] INFO  - 
  _____   ___   ___   _____     ___     _     ___   ___   ___   ___  
 |_   _| | __| / __| |_   _|   | _ \   /_\   / __| / __| | __| |   \ 
   | |   | _|  \__ \   | |     |  _/  / _ \  \__ \ \__ \ | _|  | |) |
   |_|   |___| |___/   |_|     |_|   /_/ \_\ |___/ |___/ |___| |___/ 

Get Products - Get Products with url invalid
----------------------------------------------------------------------
]]></system-out>
  </testcase>
  <testcase name="Add Products - Add Products with data valid" classname="Product" time="0.196">
    <system-out><![CDATA[
Scenario: Add Products - Add Products with data valid                   &amp#27;[90m# src/test/resources/api/Product.feature:17&amp#27;[0m
20:32:32.152 [pool-2-thread-1] INFO io.cucumber.core.plugin.SerenityReporter - Running feature from file:///Users/jasmine/Documents/alterra-mini-project/src/test/resources/api/Product.feature
20:32:32.152 [pool-2-thread-1] WARN io.cucumber.core.plugin.SerenityReporter - Feature from file:///Users/jasmine/Documents/alterra-mini-project/src/test/resources/api/Product.feature is not under the 'features' directory. Requirements report will not be correctly generated!
20:32:32.153 [pool-2-thread-1] INFO  - 
  _____   ___   ___   _____     ___   _____     _     ___   _____   ___   ___  
 |_   _| | __| / __| |_   _|   / __| |_   _|   /_\   | _ \ |_   _| | __| |   \ 
   | |   | _|  \__ \   | |     \__ \   | |    / _ \  |   /   | |   | _|  | |) |
   |_|   |___| |___/   |_|     |___/   |_|   /_/ \_\ |_|_\   |_|   |___| |___/ 

Add Products - Add Products with data valid(product;add-products---add-products-with-data-valid)
--------------------------------------------------------------------------------
20:32:32.175 [pool-2-thread-1] DEBUG net.thucydides.core.steps.StepInterceptor - STARTING STEP: ProductsSteps.userSetApiPostRequestAddProductsDataValid - User set api post request add products data valid
20:32:32.175 [pool-2-thread-1] DEBUG net.thucydides.core.steps.StepInterceptor - STEP DONE: User set api post request add products data valid
  &amp#27;[32mGiven &amp#27;[0m&amp#27;[32mUser set api post request add products data valid&amp#27;[0m               &amp#27;[90m# starter.stepdefinitions.ProductsSteps.userSetApiPostRequestAddProductsDataValid()&amp#27;[0m
20:32:32.176 [pool-2-thread-1] DEBUG net.thucydides.core.steps.StepInterceptor - STARTING STEP: ProductsSteps.userSendPostApiRequestAddProductsWithUrlValid - User send post api request add products with url valid
20:32:32.177 [pool-2-thread-1] DEBUG net.thucydides.core.steps.StepInterceptor - STARTING STEP: AddProducts.sendRequestAddProductSuccess - User set api post request add products data valid
20:32:32.177 [pool-2-thread-1] DEBUG net.thucydides.core.steps.StepInterceptor - STEP DONE: User set api post request add products data valid
20:32:32.287 [pool-2-thread-1] DEBUG net.thucydides.core.steps.StepInterceptor - STEP DONE: User send post api request add products with url valid
  &amp#27;[32mWhen &amp#27;[0m&amp#27;[32mUser send post api request add products with url valid&amp#27;[0m           &amp#27;[90m# starter.stepdefinitions.ProductsSteps.userSendPostApiRequestAddProductsWithUrlValid()&amp#27;[0m
20:32:32.289 [pool-2-thread-1] DEBUG net.thucydides.core.steps.StepInterceptor - STARTING STEP: ProductsSteps.userReceiveValidGetResponseCodeAddProductsDataValid - User receive valid get response code 200 add products data valid
20:32:32.289 [pool-2-thread-1] DEBUG net.thucydides.core.steps.StepInterceptor - STEP DONE: User receive valid get response code 200 add products data valid
  &amp#27;[32mThen &amp#27;[0m&amp#27;[32mUser receive valid get response code 200 add products data valid&amp#27;[0m &amp#27;[90m# starter.stepdefinitions.ProductsSteps.userReceiveValidGetResponseCodeAddProductsDataValid()&amp#27;[0m
20:32:32.290 [pool-2-thread-1] DEBUG net.thucydides.core.steps.StepInterceptor - STARTING STEP: ProductsSteps.userReceiveValidGetResponseBodyForAddProductsUrlValid - User receive valid get response body for add products url valid
20:32:32.340 [pool-2-thread-1] DEBUG net.thucydides.core.steps.StepInterceptor - STEP DONE: User receive valid get response body for add products url valid
  &amp#27;[32mAnd &amp#27;[0m&amp#27;[32mUser receive valid get response body for add products url valid&amp#27;[0m   &amp#27;[90m# starter.stepdefinitions.ProductsSteps.userReceiveValidGetResponseBodyForAddProductsUrlValid()&amp#27;[0m
20:32:32.341 [pool-2-thread-1] INFO  - 
  _____   ___   ___   _____     ___     _     ___   ___   ___   ___  
 |_   _| | __| / __| |_   _|   | _ \   /_\   / __| / __| | __| |   \ 
   | |   | _|  \__ \   | |     |  _/  / _ \  \__ \ \__ \ | _|  | |) |
   |_|   |___| |___/   |_|     |_|   /_/ \_\ |___/ |___/ |___| |___/ 

Add Products - Add Products with data valid
----------------------------------------------------------------------
]]></system-out>
  </testcase>
  <testcase name="Add Products - Add Products name empty" classname="Product" time="0.13">
    <system-out><![CDATA[
Scenario: Add Products - Add Products name empty                        &amp#27;[90m# src/test/resources/api/Product.feature:23&amp#27;[0m
20:32:32.348 [pool-2-thread-1] INFO io.cucumber.core.plugin.SerenityReporter - Running feature from file:///Users/jasmine/Documents/alterra-mini-project/src/test/resources/api/Product.feature
20:32:32.348 [pool-2-thread-1] WARN io.cucumber.core.plugin.SerenityReporter - Feature from file:///Users/jasmine/Documents/alterra-mini-project/src/test/resources/api/Product.feature is not under the 'features' directory. Requirements report will not be correctly generated!
20:32:32.349 [pool-2-thread-1] INFO  - 
  _____   ___   ___   _____     ___   _____     _     ___   _____   ___   ___  
 |_   _| | __| / __| |_   _|   / __| |_   _|   /_\   | _ \ |_   _| | __| |   \ 
   | |   | _|  \__ \   | |     \__ \   | |    / _ \  |   /   | |   | _|  | |) |
   |_|   |___| |___/   |_|     |___/   |_|   /_/ \_\ |_|_\   |_|   |___| |___/ 

Add Products - Add Products name empty(product;add-products---add-products-name-empty)
--------------------------------------------------------------------------------
20:32:32.369 [pool-2-thread-1] DEBUG net.thucydides.core.steps.StepInterceptor - STARTING STEP: ProductsSteps.userSetApiPostRequestAddProductsDataValid - User set api post request add products data valid
20:32:32.369 [pool-2-thread-1] DEBUG net.thucydides.core.steps.StepInterceptor - STEP DONE: User set api post request add products data valid
  &amp#27;[32mGiven &amp#27;[0m&amp#27;[32mUser set api post request add products data valid&amp#27;[0m               &amp#27;[90m# starter.stepdefinitions.ProductsSteps.userSetApiPostRequestAddProductsDataValid()&amp#27;[0m
20:32:32.370 [pool-2-thread-1] DEBUG net.thucydides.core.steps.StepInterceptor - STARTING STEP: ProductsSteps.userSendPostApiRequestAddProductsNameEmpty - User send post api request add products name empty
20:32:32.371 [pool-2-thread-1] DEBUG net.thucydides.core.steps.StepInterceptor - STARTING STEP: AddProducts.sendRequestAddProductNameEmpty - User set api post request add products data valid
20:32:32.371 [pool-2-thread-1] DEBUG net.thucydides.core.steps.StepInterceptor - STEP DONE: User set api post request add products data valid
20:32:32.461 [pool-2-thread-1] DEBUG net.thucydides.core.steps.StepInterceptor - STEP DONE: User send post api request add products name empty
  &amp#27;[32mWhen &amp#27;[0m&amp#27;[32mUser send post api request add products name empty&amp#27;[0m               &amp#27;[90m# starter.stepdefinitions.ProductsSteps.userSendPostApiRequestAddProductsNameEmpty()&amp#27;[0m
20:32:32.463 [pool-2-thread-1] DEBUG net.thucydides.core.steps.StepInterceptor - STARTING STEP: ProductsSteps.userReceiveValidGetResponseCodeAddProductsNameEmpty - User receive valid get response code 500 add products name empty
20:32:32.464 [pool-2-thread-1] DEBUG net.thucydides.core.steps.StepInterceptor - STEP DONE: User receive valid get response code 500 add products name empty
  &amp#27;[32mThen &amp#27;[0m&amp#27;[32mUser receive valid get response code 500 add products name empty&amp#27;[0m &amp#27;[90m# starter.stepdefinitions.ProductsSteps.userReceiveValidGetResponseCodeAddProductsNameEmpty()&amp#27;[0m
20:32:32.465 [pool-2-thread-1] DEBUG net.thucydides.core.steps.StepInterceptor - STARTING STEP: ProductsSteps.userReceiveValidGetResponseBodyForAddProductsNameEmpty - User receive valid get response body for add products name empty
20:32:32.470 [pool-2-thread-1] DEBUG net.thucydides.core.steps.StepInterceptor - STEP DONE: User receive valid get response body for add products name empty
  &amp#27;[32mAnd &amp#27;[0m&amp#27;[32mUser receive valid get response body for add products name empty&amp#27;[0m  &amp#27;[90m# starter.stepdefinitions.ProductsSteps.userReceiveValidGetResponseBodyForAddProductsNameEmpty()&amp#27;[0m
20:32:32.470 [pool-2-thread-1] INFO  - 
  _____   ___   ___   _____     ___     _     ___   ___   ___   ___  
 |_   _| | __| / __| |_   _|   | _ \   /_\   / __| / __| | __| |   \ 
   | |   | _|  \__ \   | |     |  _/  / _ \  \__ \ \__ \ | _|  | |) |
   |_|   |___| |___/   |_|     |_|   /_/ \_\ |___/ |___/ |___| |___/ 

Add Products - Add Products name empty
----------------------------------------------------------------------
]]></system-out>
  </testcase>
  <testcase name="Add Products - Add Products format name integer" classname="Product" time="0.153">
    <system-out><![CDATA[
Scenario: Add Products - Add Products format name integer                   &amp#27;[90m# src/test/resources/api/Product.feature:29&amp#27;[0m
20:32:32.477 [pool-2-thread-1] INFO io.cucumber.core.plugin.SerenityReporter - Running feature from file:///Users/jasmine/Documents/alterra-mini-project/src/test/resources/api/Product.feature
20:32:32.477 [pool-2-thread-1] WARN io.cucumber.core.plugin.SerenityReporter - Feature from file:///Users/jasmine/Documents/alterra-mini-project/src/test/resources/api/Product.feature is not under the 'features' directory. Requirements report will not be correctly generated!
20:32:32.478 [pool-2-thread-1] INFO  - 
  _____   ___   ___   _____     ___   _____     _     ___   _____   ___   ___  
 |_   _| | __| / __| |_   _|   / __| |_   _|   /_\   | _ \ |_   _| | __| |   \ 
   | |   | _|  \__ \   | |     \__ \   | |    / _ \  |   /   | |   | _|  | |) |
   |_|   |___| |___/   |_|     |___/   |_|   /_/ \_\ |_|_\   |_|   |___| |___/ 

Add Products - Add Products format name integer(product;add-products---add-products-format-name-integer)
--------------------------------------------------------------------------------
20:32:32.497 [pool-2-thread-1] DEBUG net.thucydides.core.steps.StepInterceptor - STARTING STEP: ProductsSteps.userSetApiPostRequestAddProductsDataValid - User set api post request add products data valid
20:32:32.497 [pool-2-thread-1] DEBUG net.thucydides.core.steps.StepInterceptor - STEP DONE: User set api post request add products data valid
  &amp#27;[32mGiven &amp#27;[0m&amp#27;[32mUser set api post request add products data valid&amp#27;[0m                   &amp#27;[90m# starter.stepdefinitions.ProductsSteps.userSetApiPostRequestAddProductsDataValid()&amp#27;[0m
20:32:32.499 [pool-2-thread-1] DEBUG net.thucydides.core.steps.StepInterceptor - STARTING STEP: ProductsSteps.userSendPostApiRequestAddProductsNameFormatInteger - User send post api request add products name format integer
20:32:32.499 [pool-2-thread-1] DEBUG net.thucydides.core.steps.StepInterceptor - STARTING STEP: AddProducts.sendRequestAddProductNameInteger - User set api post request add products data valid
20:32:32.500 [pool-2-thread-1] DEBUG net.thucydides.core.steps.StepInterceptor - STEP DONE: User set api post request add products data valid
20:32:32.612 [pool-2-thread-1] DEBUG net.thucydides.core.steps.StepInterceptor - STEP DONE: User send post api request add products name format integer
  &amp#27;[32mWhen &amp#27;[0m&amp#27;[32mUser send post api request add products name format integer&amp#27;[0m          &amp#27;[90m# starter.stepdefinitions.ProductsSteps.userSendPostApiRequestAddProductsNameFormatInteger()&amp#27;[0m
20:32:32.614 [pool-2-thread-1] DEBUG net.thucydides.core.steps.StepInterceptor - STARTING STEP: ProductsSteps.userReceiveValidGetResponseCodeAddProductsNameFormatInteger - User receive valid get response code 400 add products invalid format
20:32:32.615 [pool-2-thread-1] DEBUG net.thucydides.core.steps.StepInterceptor - STEP DONE: User receive valid get response code 400 add products invalid format
  &amp#27;[32mThen &amp#27;[0m&amp#27;[32mUser receive valid get response code 400 add products invalid format&amp#27;[0m &amp#27;[90m# starter.stepdefinitions.ProductsSteps.userReceiveValidGetResponseCodeAddProductsNameFormatInteger()&amp#27;[0m
20:32:32.617 [pool-2-thread-1] DEBUG net.thucydides.core.steps.StepInterceptor - STARTING STEP: ProductsSteps.userReceiveValidGetResponseBodyForAddProductsNameFormatInteger - User receive valid get response body for add products invalid format
20:32:32.622 [pool-2-thread-1] DEBUG net.thucydides.core.steps.StepInterceptor - STEP DONE: User receive valid get response body for add products invalid format
  &amp#27;[32mAnd &amp#27;[0m&amp#27;[32mUser receive valid get response body for add products invalid format&amp#27;[0m  &amp#27;[90m# starter.stepdefinitions.ProductsSteps.userReceiveValidGetResponseBodyForAddProductsNameFormatInteger()&amp#27;[0m
20:32:32.623 [pool-2-thread-1] INFO  - 
  _____   ___   ___   _____     ___     _     ___   ___   ___   ___  
 |_   _| | __| / __| |_   _|   | _ \   /_\   / __| / __| | __| |   \ 
   | |   | _|  \__ \   | |     |  _/  / _ \  \__ \ \__ \ | _|  | |) |
   |_|   |___| |___/   |_|     |_|   /_/ \_\ |___/ |___/ |___| |___/ 

Add Products - Add Products format name integer
----------------------------------------------------------------------
]]></system-out>
  </testcase>
  <testcase name="Add Products - Add Products price empty" classname="Product" time="0.136">
    <system-out><![CDATA[
Scenario: Add Products - Add Products price empty                           &amp#27;[90m# src/test/resources/api/Product.feature:35&amp#27;[0m
20:32:32.630 [pool-2-thread-1] INFO io.cucumber.core.plugin.SerenityReporter - Running feature from file:///Users/jasmine/Documents/alterra-mini-project/src/test/resources/api/Product.feature
20:32:32.630 [pool-2-thread-1] WARN io.cucumber.core.plugin.SerenityReporter - Feature from file:///Users/jasmine/Documents/alterra-mini-project/src/test/resources/api/Product.feature is not under the 'features' directory. Requirements report will not be correctly generated!
20:32:32.631 [pool-2-thread-1] INFO  - 
  _____   ___   ___   _____     ___   _____     _     ___   _____   ___   ___  
 |_   _| | __| / __| |_   _|   / __| |_   _|   /_\   | _ \ |_   _| | __| |   \ 
   | |   | _|  \__ \   | |     \__ \   | |    / _ \  |   /   | |   | _|  | |) |
   |_|   |___| |___/   |_|     |___/   |_|   /_/ \_\ |_|_\   |_|   |___| |___/ 

Add Products - Add Products price empty(product;add-products---add-products-price-empty)
--------------------------------------------------------------------------------
20:32:32.649 [pool-2-thread-1] DEBUG net.thucydides.core.steps.StepInterceptor - STARTING STEP: ProductsSteps.userSetApiPostRequestAddProductsDataValid - User set api post request add products data valid
20:32:32.649 [pool-2-thread-1] DEBUG net.thucydides.core.steps.StepInterceptor - STEP DONE: User set api post request add products data valid
  &amp#27;[32mGiven &amp#27;[0m&amp#27;[32mUser set api post request add products data valid&amp#27;[0m                   &amp#27;[90m# starter.stepdefinitions.ProductsSteps.userSetApiPostRequestAddProductsDataValid()&amp#27;[0m
20:32:32.651 [pool-2-thread-1] DEBUG net.thucydides.core.steps.StepInterceptor - STARTING STEP: ProductsSteps.userSendPostApiRequestAddProductsPriceEmpty - User send post api request add products price empty
20:32:32.651 [pool-2-thread-1] DEBUG net.thucydides.core.steps.StepInterceptor - STARTING STEP: AddProducts.sendRequestAddProductPriceEmpty - User set api post request add products data valid
20:32:32.652 [pool-2-thread-1] DEBUG net.thucydides.core.steps.StepInterceptor - STEP DONE: User set api post request add products data valid
20:32:32.752 [pool-2-thread-1] DEBUG net.thucydides.core.steps.StepInterceptor - STEP DONE: User send post api request add products price empty
  &amp#27;[32mWhen &amp#27;[0m&amp#27;[32mUser send post api request add products price empty&amp#27;[0m                  &amp#27;[90m# starter.stepdefinitions.ProductsSteps.userSendPostApiRequestAddProductsPriceEmpty()&amp#27;[0m
20:32:32.753 [pool-2-thread-1] DEBUG net.thucydides.core.steps.StepInterceptor - STARTING STEP: ProductsSteps.userReceiveValidGetResponseCodeAddProductsNameFormatInteger - User receive valid get response code 400 add products invalid format
20:32:32.753 [pool-2-thread-1] DEBUG net.thucydides.core.steps.StepInterceptor - STEP DONE: User receive valid get response code 400 add products invalid format
  &amp#27;[32mThen &amp#27;[0m&amp#27;[32mUser receive valid get response code 400 add products invalid format&amp#27;[0m &amp#27;[90m# starter.stepdefinitions.ProductsSteps.userReceiveValidGetResponseCodeAddProductsNameFormatInteger()&amp#27;[0m
20:32:32.755 [pool-2-thread-1] DEBUG net.thucydides.core.steps.StepInterceptor - STARTING STEP: ProductsSteps.userReceiveValidGetResponseBodyForAddProductsNameFormatInteger - User receive valid get response body for add products invalid format
20:32:32.759 [pool-2-thread-1] DEBUG net.thucydides.core.steps.StepInterceptor - STEP DONE: User receive valid get response body for add products invalid format
  &amp#27;[32mAnd &amp#27;[0m&amp#27;[32mUser receive valid get response body for add products invalid format&amp#27;[0m  &amp#27;[90m# starter.stepdefinitions.ProductsSteps.userReceiveValidGetResponseBodyForAddProductsNameFormatInteger()&amp#27;[0m
20:32:32.760 [pool-2-thread-1] INFO  - 
  _____   ___   ___   _____     ___     _     ___   ___   ___   ___  
 |_   _| | __| / __| |_   _|   | _ \   /_\   / __| / __| | __| |   \ 
   | |   | _|  \__ \   | |     |  _/  / _ \  \__ \ \__ \ | _|  | |) |
   |_|   |___| |___/   |_|     |_|   /_/ \_\ |___/ |___/ |___| |___/ 

Add Products - Add Products price empty
----------------------------------------------------------------------
]]></system-out>
  </testcase>
  <testcase name="Add Products - Add Products price input negative" classname="Product" time="0.14">
    <system-out><![CDATA[
Scenario: Add Products - Add Products price input negative                  &amp#27;[90m# src/test/resources/api/Product.feature:41&amp#27;[0m
20:32:32.767 [pool-2-thread-1] INFO io.cucumber.core.plugin.SerenityReporter - Running feature from file:///Users/jasmine/Documents/alterra-mini-project/src/test/resources/api/Product.feature
20:32:32.767 [pool-2-thread-1] WARN io.cucumber.core.plugin.SerenityReporter - Feature from file:///Users/jasmine/Documents/alterra-mini-project/src/test/resources/api/Product.feature is not under the 'features' directory. Requirements report will not be correctly generated!
20:32:32.768 [pool-2-thread-1] INFO  - 
  _____   ___   ___   _____     ___   _____     _     ___   _____   ___   ___  
 |_   _| | __| / __| |_   _|   / __| |_   _|   /_\   | _ \ |_   _| | __| |   \ 
   | |   | _|  \__ \   | |     \__ \   | |    / _ \  |   /   | |   | _|  | |) |
   |_|   |___| |___/   |_|     |___/   |_|   /_/ \_\ |_|_\   |_|   |___| |___/ 

Add Products - Add Products price input negative(product;add-products---add-products-price-input-negative)
--------------------------------------------------------------------------------
20:32:32.787 [pool-2-thread-1] DEBUG net.thucydides.core.steps.StepInterceptor - STARTING STEP: ProductsSteps.userSetApiPostRequestAddProductsDataValid - User set api post request add products data valid
20:32:32.787 [pool-2-thread-1] DEBUG net.thucydides.core.steps.StepInterceptor - STEP DONE: User set api post request add products data valid
  &amp#27;[32mGiven &amp#27;[0m&amp#27;[32mUser set api post request add products data valid&amp#27;[0m                   &amp#27;[90m# starter.stepdefinitions.ProductsSteps.userSetApiPostRequestAddProductsDataValid()&amp#27;[0m
20:32:32.788 [pool-2-thread-1] DEBUG net.thucydides.core.steps.StepInterceptor - STARTING STEP: ProductsSteps.userSendPostApiRequestAddProductsPriceInputNegative - User send post api request add products price input negative
20:32:32.789 [pool-2-thread-1] DEBUG net.thucydides.core.steps.StepInterceptor - STARTING STEP: AddProducts.sendRequestAddProductInputPriceMinus - User set api post request add products data valid
20:32:32.789 [pool-2-thread-1] DEBUG net.thucydides.core.steps.StepInterceptor - STEP DONE: User set api post request add products data valid
20:32:32.890 [pool-2-thread-1] DEBUG net.thucydides.core.steps.StepInterceptor - STEP DONE: User send post api request add products price input negative
  &amp#27;[32mWhen &amp#27;[0m&amp#27;[32mUser send post api request add products price input negative&amp#27;[0m         &amp#27;[90m# starter.stepdefinitions.ProductsSteps.userSendPostApiRequestAddProductsPriceInputNegative()&amp#27;[0m
20:32:32.892 [pool-2-thread-1] DEBUG net.thucydides.core.steps.StepInterceptor - STARTING STEP: ProductsSteps.userReceiveValidGetResponseCodeAddProductsNameFormatInteger - User receive valid get response code 400 add products invalid format
20:32:32.892 [pool-2-thread-1] DEBUG net.thucydides.core.steps.StepInterceptor - STEP DONE: User receive valid get response code 400 add products invalid format
  &amp#27;[32mThen &amp#27;[0m&amp#27;[32mUser receive valid get response code 400 add products invalid format&amp#27;[0m &amp#27;[90m# starter.stepdefinitions.ProductsSteps.userReceiveValidGetResponseCodeAddProductsNameFormatInteger()&amp#27;[0m
20:32:32.893 [pool-2-thread-1] DEBUG net.thucydides.core.steps.StepInterceptor - STARTING STEP: ProductsSteps.userReceiveValidGetResponseBodyForAddProductsNameFormatInteger - User receive valid get response body for add products invalid format
20:32:32.898 [pool-2-thread-1] DEBUG net.thucydides.core.steps.StepInterceptor - STEP DONE: User receive valid get response body for add products invalid format
  &amp#27;[32mAnd &amp#27;[0m&amp#27;[32mUser receive valid get response body for add products invalid format&amp#27;[0m  &amp#27;[90m# starter.stepdefinitions.ProductsSteps.userReceiveValidGetResponseBodyForAddProductsNameFormatInteger()&amp#27;[0m
20:32:32.899 [pool-2-thread-1] INFO  - 
  _____   ___   ___   _____     ___     _     ___   ___   ___   ___  
 |_   _| | __| / __| |_   _|   | _ \   /_\   / __| / __| | __| |   \ 
   | |   | _|  \__ \   | |     |  _/  / _ \  \__ \ \__ \ | _|  | |) |
   |_|   |___| |___/   |_|     |_|   /_/ \_\ |___/ |___/ |___| |___/ 

Add Products - Add Products price input negative
----------------------------------------------------------------------
]]></system-out>
  </testcase>
  <testcase name="Add Products - Add Products price categories empty" classname="Product" time="0.141">
    <system-out><![CDATA[
Scenario: Add Products - Add Products price categories empty                &amp#27;[90m# src/test/resources/api/Product.feature:47&amp#27;[0m
20:32:32.906 [pool-2-thread-1] INFO io.cucumber.core.plugin.SerenityReporter - Running feature from file:///Users/jasmine/Documents/alterra-mini-project/src/test/resources/api/Product.feature
20:32:32.906 [pool-2-thread-1] WARN io.cucumber.core.plugin.SerenityReporter - Feature from file:///Users/jasmine/Documents/alterra-mini-project/src/test/resources/api/Product.feature is not under the 'features' directory. Requirements report will not be correctly generated!
20:32:32.907 [pool-2-thread-1] INFO  - 
  _____   ___   ___   _____     ___   _____     _     ___   _____   ___   ___  
 |_   _| | __| / __| |_   _|   / __| |_   _|   /_\   | _ \ |_   _| | __| |   \ 
   | |   | _|  \__ \   | |     \__ \   | |    / _ \  |   /   | |   | _|  | |) |
   |_|   |___| |___/   |_|     |___/   |_|   /_/ \_\ |_|_\   |_|   |___| |___/ 

Add Products - Add Products price categories empty(product;add-products---add-products-price-categories-empty)
--------------------------------------------------------------------------------
20:32:32.929 [pool-2-thread-1] DEBUG net.thucydides.core.steps.StepInterceptor - STARTING STEP: ProductsSteps.userSetApiPostRequestAddProductsDataValid - User set api post request add products data valid
20:32:32.929 [pool-2-thread-1] DEBUG net.thucydides.core.steps.StepInterceptor - STEP DONE: User set api post request add products data valid
  &amp#27;[32mGiven &amp#27;[0m&amp#27;[32mUser set api post request add products data valid&amp#27;[0m                   &amp#27;[90m# starter.stepdefinitions.ProductsSteps.userSetApiPostRequestAddProductsDataValid()&amp#27;[0m
20:32:32.931 [pool-2-thread-1] DEBUG net.thucydides.core.steps.StepInterceptor - STARTING STEP: ProductsSteps.userSendPostApiRequestAddProductsCategoriesEmpty - User send post api request add products categories empty
20:32:32.933 [pool-2-thread-1] DEBUG net.thucydides.core.steps.StepInterceptor - STARTING STEP: AddProducts.sendRequestAddProductCategoriesEmpty - User set api post request add products data valid
20:32:32.933 [pool-2-thread-1] DEBUG net.thucydides.core.steps.StepInterceptor - STEP DONE: User set api post request add products data valid
20:32:33.031 [pool-2-thread-1] DEBUG net.thucydides.core.steps.StepInterceptor - STEP DONE: User send post api request add products categories empty
  &amp#27;[32mWhen &amp#27;[0m&amp#27;[32mUser send post api request add products categories empty&amp#27;[0m             &amp#27;[90m# starter.stepdefinitions.ProductsSteps.userSendPostApiRequestAddProductsCategoriesEmpty()&amp#27;[0m
20:32:33.033 [pool-2-thread-1] DEBUG net.thucydides.core.steps.StepInterceptor - STARTING STEP: ProductsSteps.userReceiveValidGetResponseCodeAddProductsNameFormatInteger - User receive valid get response code 400 add products invalid format
20:32:33.034 [pool-2-thread-1] DEBUG net.thucydides.core.steps.StepInterceptor - STEP DONE: User receive valid get response code 400 add products invalid format
  &amp#27;[32mThen &amp#27;[0m&amp#27;[32mUser receive valid get response code 400 add products invalid format&amp#27;[0m &amp#27;[90m# starter.stepdefinitions.ProductsSteps.userReceiveValidGetResponseCodeAddProductsNameFormatInteger()&amp#27;[0m
20:32:33.035 [pool-2-thread-1] DEBUG net.thucydides.core.steps.StepInterceptor - STARTING STEP: ProductsSteps.userReceiveValidGetResponseBodyForAddProductsNameFormatInteger - User receive valid get response body for add products invalid format
20:32:33.040 [pool-2-thread-1] DEBUG net.thucydides.core.steps.StepInterceptor - STEP DONE: User receive valid get response body for add products invalid format
  &amp#27;[32mAnd &amp#27;[0m&amp#27;[32mUser receive valid get response body for add products invalid format&amp#27;[0m  &amp#27;[90m# starter.stepdefinitions.ProductsSteps.userReceiveValidGetResponseBodyForAddProductsNameFormatInteger()&amp#27;[0m
20:32:33.041 [pool-2-thread-1] INFO  - 
  _____   ___   ___   _____     ___     _     ___   ___   ___   ___  
 |_   _| | __| / __| |_   _|   | _ \   /_\   / __| / __| | __| |   \ 
   | |   | _|  \__ \   | |     |  _/  / _ \  \__ \ \__ \ | _|  | |) |
   |_|   |___| |___/   |_|     |_|   /_/ \_\ |___/ |___/ |___| |___/ 

Add Products - Add Products price categories empty
----------------------------------------------------------------------
]]></system-out>
  </testcase>
  <testcase name="Add Products - Add Products price categories input string" classname="Product" time="0.14">
    <system-out><![CDATA[
Scenario: Add Products - Add Products price categories input string         &amp#27;[90m# src/test/resources/api/Product.feature:53&amp#27;[0m
20:32:33.051 [pool-2-thread-1] INFO io.cucumber.core.plugin.SerenityReporter - Running feature from file:///Users/jasmine/Documents/alterra-mini-project/src/test/resources/api/Product.feature
20:32:33.051 [pool-2-thread-1] WARN io.cucumber.core.plugin.SerenityReporter - Feature from file:///Users/jasmine/Documents/alterra-mini-project/src/test/resources/api/Product.feature is not under the 'features' directory. Requirements report will not be correctly generated!
20:32:33.051 [pool-2-thread-1] INFO  - 
  _____   ___   ___   _____     ___   _____     _     ___   _____   ___   ___  
 |_   _| | __| / __| |_   _|   / __| |_   _|   /_\   | _ \ |_   _| | __| |   \ 
   | |   | _|  \__ \   | |     \__ \   | |    / _ \  |   /   | |   | _|  | |) |
   |_|   |___| |___/   |_|     |___/   |_|   /_/ \_\ |_|_\   |_|   |___| |___/ 

Add Products - Add Products price categories input string(product;add-products---add-products-price-categories-input-string)
--------------------------------------------------------------------------------
20:32:33.071 [pool-2-thread-1] DEBUG net.thucydides.core.steps.StepInterceptor - STARTING STEP: ProductsSteps.userSetApiPostRequestAddProductsDataValid - User set api post request add products data valid
20:32:33.071 [pool-2-thread-1] DEBUG net.thucydides.core.steps.StepInterceptor - STEP DONE: User set api post request add products data valid
  &amp#27;[32mGiven &amp#27;[0m&amp#27;[32mUser set api post request add products data valid&amp#27;[0m                   &amp#27;[90m# starter.stepdefinitions.ProductsSteps.userSetApiPostRequestAddProductsDataValid()&amp#27;[0m
20:32:33.073 [pool-2-thread-1] DEBUG net.thucydides.core.steps.StepInterceptor - STARTING STEP: ProductsSteps.userSendPostApiRequestAddProductsCategoriesInputString - User send post api request add products categories input string
20:32:33.074 [pool-2-thread-1] DEBUG net.thucydides.core.steps.StepInterceptor - STARTING STEP: AddProducts.sendRequestAddProductCategoriesInputString - User set api post request add products data valid
20:32:33.074 [pool-2-thread-1] DEBUG net.thucydides.core.steps.StepInterceptor - STEP DONE: User set api post request add products data valid
20:32:33.171 [pool-2-thread-1] DEBUG net.thucydides.core.steps.StepInterceptor - STEP DONE: User send post api request add products categories input string
  &amp#27;[32mWhen &amp#27;[0m&amp#27;[32mUser send post api request add products categories input string&amp#27;[0m      &amp#27;[90m# starter.stepdefinitions.ProductsSteps.userSendPostApiRequestAddProductsCategoriesInputString()&amp#27;[0m
20:32:33.173 [pool-2-thread-1] DEBUG net.thucydides.core.steps.StepInterceptor - STARTING STEP: ProductsSteps.userReceiveValidGetResponseCodeAddProductsNameFormatInteger - User receive valid get response code 400 add products invalid format
20:32:33.173 [pool-2-thread-1] DEBUG net.thucydides.core.steps.StepInterceptor - STEP DONE: User receive valid get response code 400 add products invalid format
  &amp#27;[32mThen &amp#27;[0m&amp#27;[32mUser receive valid get response code 400 add products invalid format&amp#27;[0m &amp#27;[90m# starter.stepdefinitions.ProductsSteps.userReceiveValidGetResponseCodeAddProductsNameFormatInteger()&amp#27;[0m
20:32:33.174 [pool-2-thread-1] DEBUG net.thucydides.core.steps.StepInterceptor - STARTING STEP: ProductsSteps.userReceiveValidGetResponseBodyForAddProductsNameFormatInteger - User receive valid get response body for add products invalid format
20:32:33.179 [pool-2-thread-1] DEBUG net.thucydides.core.steps.StepInterceptor - STEP DONE: User receive valid get response body for add products invalid format
  &amp#27;[32mAnd &amp#27;[0m&amp#27;[32mUser receive valid get response body for add products invalid format&amp#27;[0m  &amp#27;[90m# starter.stepdefinitions.ProductsSteps.userReceiveValidGetResponseBodyForAddProductsNameFormatInteger()&amp#27;[0m
20:32:33.180 [pool-2-thread-1] INFO  - 
  _____   ___   ___   _____     ___     _     ___   ___   ___   ___  
 |_   _| | __| / __| |_   _|   | _ \   /_\   / __| / __| | __| |   \ 
   | |   | _|  \__ \   | |     |  _/  / _ \  \__ \ \__ \ | _|  | |) |
   |_|   |___| |___/   |_|     |_|   /_/ \_\ |___/ |___/ |___| |___/ 

Add Products - Add Products price categories input string
----------------------------------------------------------------------
]]></system-out>
  </testcase>
  <testcase name="Get Products By Id - Get Products By Id with id found" classname="Product" time="1.156">
    <system-out><![CDATA[
Scenario: Get Products By Id - Get Products By Id with id found   &amp#27;[90m# src/test/resources/api/Product.feature:59&amp#27;[0m
20:32:33.188 [pool-2-thread-1] INFO io.cucumber.core.plugin.SerenityReporter - Running feature from file:///Users/jasmine/Documents/alterra-mini-project/src/test/resources/api/Product.feature
20:32:33.188 [pool-2-thread-1] WARN io.cucumber.core.plugin.SerenityReporter - Feature from file:///Users/jasmine/Documents/alterra-mini-project/src/test/resources/api/Product.feature is not under the 'features' directory. Requirements report will not be correctly generated!
20:32:33.188 [pool-2-thread-1] INFO  - 
  _____   ___   ___   _____     ___   _____     _     ___   _____   ___   ___  
 |_   _| | __| / __| |_   _|   / __| |_   _|   /_\   | _ \ |_   _| | __| |   \ 
   | |   | _|  \__ \   | |     \__ \   | |    / _ \  |   /   | |   | _|  | |) |
   |_|   |___| |___/   |_|     |___/   |_|   /_/ \_\ |_|_\   |_|   |___| |___/ 

Get Products By Id - Get Products By Id with id found(product;get-products-by-id---get-products-by-id-with-id-found)
--------------------------------------------------------------------------------
20:32:33.206 [pool-2-thread-1] DEBUG net.thucydides.core.steps.StepInterceptor - STARTING STEP: ProductsSteps.userSetApiGetRequestProductsByIdFound - User set api POST request login
20:32:33.206 [pool-2-thread-1] DEBUG net.thucydides.core.steps.StepInterceptor - STEP DONE: User set api POST request login
20:32:33.207 [pool-2-thread-1] DEBUG net.thucydides.core.steps.StepInterceptor - STARTING STEP: ProductsSteps.userSetApiGetRequestProductsByIdFound - User send request body login
20:32:33.207 [pool-2-thread-1] DEBUG net.thucydides.core.steps.StepInterceptor - STARTING STEP: Login.sendPostLoginRequest - User set api POST request login
20:32:33.207 [pool-2-thread-1] DEBUG net.thucydides.core.steps.StepInterceptor - STEP DONE: User set api POST request login
20:32:33.301 [pool-2-thread-1] DEBUG net.thucydides.core.steps.StepInterceptor - STEP DONE: User send request body login
20:32:33.302 [pool-2-thread-1] DEBUG net.thucydides.core.steps.StepInterceptor - STARTING STEP: ProductsSteps.userSetApiGetRequestProductsByIdFound - User set api post request add products data valid
20:32:33.302 [pool-2-thread-1] DEBUG net.thucydides.core.steps.StepInterceptor - STEP DONE: User set api post request add products data valid
20:32:33.302 [pool-2-thread-1] DEBUG net.thucydides.core.steps.StepInterceptor - STARTING STEP: ProductsSteps.userSetApiGetRequestProductsByIdFound - User send post api request add products with url valid
20:32:33.303 [pool-2-thread-1] DEBUG net.thucydides.core.steps.StepInterceptor - STARTING STEP: AddProducts.sendRequestAddProductSuccess - User set api post request add products data valid
20:32:33.303 [pool-2-thread-1] DEBUG net.thucydides.core.steps.StepInterceptor - STEP DONE: User set api post request add products data valid
20:32:33.402 [pool-2-thread-1] DEBUG net.thucydides.core.steps.StepInterceptor - STEP DONE: User send post api request add products with url valid
20:32:33.402 [pool-2-thread-1] DEBUG net.thucydides.core.steps.StepInterceptor - STARTING STEP: ProductsSteps.userSetApiGetRequestProductsByIdFound - User receive valid get response code 200 add products data valid
20:32:33.403 [pool-2-thread-1] DEBUG net.thucydides.core.steps.StepInterceptor - STEP DONE: User receive valid get response code 200 add products data valid
20:32:33.403 [pool-2-thread-1] DEBUG net.thucydides.core.steps.StepInterceptor - STARTING STEP: ProductsSteps.userSetApiGetRequestProductsByIdFound - User receive valid get response body for add products url valid
20:32:33.449 [pool-2-thread-1] DEBUG net.thucydides.core.steps.StepInterceptor - STEP DONE: User receive valid get response body for add products url valid
20:32:33.450 [pool-2-thread-1] DEBUG net.thucydides.core.steps.StepInterceptor - STARTING STEP: ProductsSteps.userSetApiGetRequestProductsByIdFound - User set api get request products alta shop valid
20:32:33.450 [pool-2-thread-1] DEBUG net.thucydides.core.steps.StepInterceptor - STEP DONE: User set api get request products alta shop valid
20:32:33.450 [pool-2-thread-1] DEBUG net.thucydides.core.steps.StepInterceptor - STARTING STEP: ProductsSteps.userSetApiGetRequestProductsByIdFound - User send GET api request products with url valid
20:32:33.451 [pool-2-thread-1] DEBUG net.thucydides.core.steps.StepInterceptor - STARTING STEP: GetProducts.sendRequestUrlProductsvalid - User set api get request products alta shop valid
20:32:33.451 [pool-2-thread-1] DEBUG net.thucydides.core.steps.StepInterceptor - STEP DONE: User set api get request products alta shop valid
20:32:33.979 [pool-2-thread-1] DEBUG net.thucydides.core.steps.StepInterceptor - STEP DONE: User send GET api request products with url valid
20:32:33.980 [pool-2-thread-1] DEBUG net.thucydides.core.steps.StepInterceptor - STARTING STEP: ProductsSteps.userSetApiGetRequestProductsByIdFound - User receive valid get response body for products url valid
20:32:34.205 [pool-2-thread-1] DEBUG net.thucydides.core.steps.StepInterceptor - STEP DONE: User receive valid get response body for products url valid
20:32:34.206 [pool-2-thread-1] DEBUG net.thucydides.core.steps.StepInterceptor - STARTING STEP: ProductsSteps.userSetApiGetRequestProductsByIdFound - User set api get request products by id found
20:32:34.206 [pool-2-thread-1] DEBUG net.thucydides.core.steps.StepInterceptor - STEP DONE: User set api get request products by id found
  &amp#27;[32mGiven &amp#27;[0m&amp#27;[32mUser set api get request products by id found&amp#27;[0m             &amp#27;[90m# starter.stepdefinitions.ProductsSteps.userSetApiGetRequestProductsByIdFound()&amp#27;[0m
20:32:34.207 [pool-2-thread-1] DEBUG net.thucydides.core.steps.StepInterceptor - STARTING STEP: ProductsSteps.userSendGETApiRequestProductsByIdFound - User send GET api request products by id found
20:32:34.208 [pool-2-thread-1] DEBUG net.thucydides.core.steps.StepInterceptor - STARTING STEP: GetProductsById.sendRequestProductIdFound - User set api get request products by id found
20:32:34.208 [pool-2-thread-1] DEBUG net.thucydides.core.steps.StepInterceptor - STEP DONE: User set api get request products by id found
20:32:34.292 [pool-2-thread-1] DEBUG net.thucydides.core.steps.StepInterceptor - STEP DONE: User send GET api request products by id found
  &amp#27;[32mWhen &amp#27;[0m&amp#27;[32mUser send GET api request products by id found&amp#27;[0m             &amp#27;[90m# starter.stepdefinitions.ProductsSteps.userSendGETApiRequestProductsByIdFound()&amp#27;[0m
20:32:34.293 [pool-2-thread-1] DEBUG net.thucydides.core.steps.StepInterceptor - STARTING STEP: ProductsSteps.userReceiveValidGetResponseCodeProductsIdFound - User receive valid get response code 200 products id found
20:32:34.293 [pool-2-thread-1] DEBUG net.thucydides.core.steps.StepInterceptor - STEP DONE: User receive valid get response code 200 products id found
  &amp#27;[32mThen &amp#27;[0m&amp#27;[32mUser receive valid get response code 200 products id found&amp#27;[0m &amp#27;[90m# starter.stepdefinitions.ProductsSteps.userReceiveValidGetResponseCodeProductsIdFound()&amp#27;[0m
20:32:34.295 [pool-2-thread-1] DEBUG net.thucydides.core.steps.StepInterceptor - STARTING STEP: ProductsSteps.userReceiveValidGetResponseBodyForProductsIdFound - User receive valid get response body for products id found
20:32:34.335 [pool-2-thread-1] DEBUG net.thucydides.core.steps.StepInterceptor - STEP DONE: User receive valid get response body for products id found
  &amp#27;[32mAnd &amp#27;[0m&amp#27;[32mUser receive valid get response body for products id found&amp#27;[0m  &amp#27;[90m# starter.stepdefinitions.ProductsSteps.userReceiveValidGetResponseBodyForProductsIdFound()&amp#27;[0m
20:32:34.336 [pool-2-thread-1] INFO  - 
  _____   ___   ___   _____     ___     _     ___   ___   ___   ___  
 |_   _| | __| / __| |_   _|   | _ \   /_\   / __| / __| | __| |   \ 
   | |   | _|  \__ \   | |     |  _/  / _ \  \__ \ \__ \ | _|  | |) |
   |_|   |___| |___/   |_|     |_|   /_/ \_\ |___/ |___/ |___| |___/ 

Get Products By Id - Get Products By Id with id found
----------------------------------------------------------------------
]]></system-out>
  </testcase>
  <testcase name="Get Products By Id - Get Products By Id with id not found" classname="Product" time="0.133">
    <system-out><![CDATA[
Scenario: Get Products By Id - Get Products By Id with id not found   &amp#27;[90m# src/test/resources/api/Product.feature:65&amp#27;[0m
20:32:34.343 [pool-2-thread-1] INFO io.cucumber.core.plugin.SerenityReporter - Running feature from file:///Users/jasmine/Documents/alterra-mini-project/src/test/resources/api/Product.feature
20:32:34.343 [pool-2-thread-1] WARN io.cucumber.core.plugin.SerenityReporter - Feature from file:///Users/jasmine/Documents/alterra-mini-project/src/test/resources/api/Product.feature is not under the 'features' directory. Requirements report will not be correctly generated!
20:32:34.344 [pool-2-thread-1] INFO  - 
  _____   ___   ___   _____     ___   _____     _     ___   _____   ___   ___  
 |_   _| | __| / __| |_   _|   / __| |_   _|   /_\   | _ \ |_   _| | __| |   \ 
   | |   | _|  \__ \   | |     \__ \   | |    / _ \  |   /   | |   | _|  | |) |
   |_|   |___| |___/   |_|     |___/   |_|   /_/ \_\ |_|_\   |_|   |___| |___/ 

Get Products By Id - Get Products By Id with id not found(product;get-products-by-id---get-products-by-id-with-id-not-found)
--------------------------------------------------------------------------------
20:32:34.363 [pool-2-thread-1] DEBUG net.thucydides.core.steps.StepInterceptor - STARTING STEP: ProductsSteps.userSetApiGetRequestProductsByIdNotFound - User set api get request products by id not found
20:32:34.363 [pool-2-thread-1] DEBUG net.thucydides.core.steps.StepInterceptor - STEP DONE: User set api get request products by id not found
  &amp#27;[32mGiven &amp#27;[0m&amp#27;[32mUser set api get request products by id not found&amp#27;[0m             &amp#27;[90m# starter.stepdefinitions.ProductsSteps.userSetApiGetRequestProductsByIdNotFound()&amp#27;[0m
20:32:34.365 [pool-2-thread-1] DEBUG net.thucydides.core.steps.StepInterceptor - STARTING STEP: ProductsSteps.userSendGETApiRequestProductsByIdNotFound - User send GET api request products by id not found
20:32:34.365 [pool-2-thread-1] DEBUG net.thucydides.core.steps.StepInterceptor - STARTING STEP: GetProductsById.sendRequestBodyGetProdIDNotFound - User set api get request products by id not found
20:32:34.365 [pool-2-thread-1] DEBUG net.thucydides.core.steps.StepInterceptor - STEP DONE: User set api get request products by id not found
20:32:34.461 [pool-2-thread-1] DEBUG net.thucydides.core.steps.StepInterceptor - STEP DONE: User send GET api request products by id not found
  &amp#27;[32mWhen &amp#27;[0m&amp#27;[32mUser send GET api request products by id not found&amp#27;[0m             &amp#27;[90m# starter.stepdefinitions.ProductsSteps.userSendGETApiRequestProductsByIdNotFound()&amp#27;[0m
20:32:34.463 [pool-2-thread-1] DEBUG net.thucydides.core.steps.StepInterceptor - STARTING STEP: ProductsSteps.userReceiveValidGetResponseCodeProductsIdNotFound - User receive valid get response code 404 products id not found
20:32:34.463 [pool-2-thread-1] DEBUG net.thucydides.core.steps.StepInterceptor - STEP DONE: User receive valid get response code 404 products id not found
  &amp#27;[32mThen &amp#27;[0m&amp#27;[32mUser receive valid get response code 404 products id not found&amp#27;[0m &amp#27;[90m# starter.stepdefinitions.ProductsSteps.userReceiveValidGetResponseCodeProductsIdNotFound()&amp#27;[0m
20:32:34.465 [pool-2-thread-1] DEBUG net.thucydides.core.steps.StepInterceptor - STARTING STEP: ProductsSteps.userReceiveValidGetResponseBodyForProductsIdNotFound - User receive valid get response body for products id not found
20:32:34.469 [pool-2-thread-1] DEBUG net.thucydides.core.steps.StepInterceptor - STEP DONE: User receive valid get response body for products id not found
  &amp#27;[32mAnd &amp#27;[0m&amp#27;[32mUser receive valid get response body for products id not found&amp#27;[0m  &amp#27;[90m# starter.stepdefinitions.ProductsSteps.userReceiveValidGetResponseBodyForProductsIdNotFound()&amp#27;[0m
20:32:34.470 [pool-2-thread-1] INFO  - 
  _____   ___   ___   _____     ___     _     ___   ___   ___   ___  
 |_   _| | __| / __| |_   _|   | _ \   /_\   / __| / __| | __| |   \ 
   | |   | _|  \__ \   | |     |  _/  / _ \  \__ \ \__ \ | _|  | |) |
   |_|   |___| |___/   |_|     |_|   /_/ \_\ |___/ |___/ |___| |___/ 

Get Products By Id - Get Products By Id with id not found
----------------------------------------------------------------------
]]></system-out>
  </testcase>
  <testcase name="Delete Products By Id - Delete Products By Id with id found" classname="Product" time="0.29">
    <system-out><![CDATA[
Scenario: Delete Products By Id - Delete Products By Id with id found        &amp#27;[90m# src/test/resources/api/Product.feature:71&amp#27;[0m
20:32:34.477 [pool-2-thread-1] INFO io.cucumber.core.plugin.SerenityReporter - Running feature from file:///Users/jasmine/Documents/alterra-mini-project/src/test/resources/api/Product.feature
20:32:34.477 [pool-2-thread-1] WARN io.cucumber.core.plugin.SerenityReporter - Feature from file:///Users/jasmine/Documents/alterra-mini-project/src/test/resources/api/Product.feature is not under the 'features' directory. Requirements report will not be correctly generated!
20:32:34.477 [pool-2-thread-1] INFO  - 
  _____   ___   ___   _____     ___   _____     _     ___   _____   ___   ___  
 |_   _| | __| / __| |_   _|   / __| |_   _|   /_\   | _ \ |_   _| | __| |   \ 
   | |   | _|  \__ \   | |     \__ \   | |    / _ \  |   /   | |   | _|  | |) |
   |_|   |___| |___/   |_|     |___/   |_|   /_/ \_\ |_|_\   |_|   |___| |___/ 

Delete Products By Id - Delete Products By Id with id found(product;delete-products-by-id---delete-products-by-id-with-id-found)
--------------------------------------------------------------------------------
20:32:34.496 [pool-2-thread-1] DEBUG net.thucydides.core.steps.StepInterceptor - STARTING STEP: ProductsSteps.userSetApiDeleteRequestProductsByIdFound - User set api post request add products data valid
20:32:34.496 [pool-2-thread-1] DEBUG net.thucydides.core.steps.StepInterceptor - STEP DONE: User set api post request add products data valid
20:32:34.496 [pool-2-thread-1] DEBUG net.thucydides.core.steps.StepInterceptor - STARTING STEP: ProductsSteps.userSetApiDeleteRequestProductsByIdFound - User send post api request add products with url valid
20:32:34.497 [pool-2-thread-1] DEBUG net.thucydides.core.steps.StepInterceptor - STARTING STEP: AddProducts.sendRequestAddProductSuccess - User set api post request add products data valid
20:32:34.497 [pool-2-thread-1] DEBUG net.thucydides.core.steps.StepInterceptor - STEP DONE: User set api post request add products data valid
20:32:34.601 [pool-2-thread-1] DEBUG net.thucydides.core.steps.StepInterceptor - STEP DONE: User send post api request add products with url valid
20:32:34.602 [pool-2-thread-1] DEBUG net.thucydides.core.steps.StepInterceptor - STARTING STEP: ProductsSteps.userSetApiDeleteRequestProductsByIdFound - User receive valid get response code 200 add products data valid
20:32:34.602 [pool-2-thread-1] DEBUG net.thucydides.core.steps.StepInterceptor - STEP DONE: User receive valid get response code 200 add products data valid
  &amp#27;[32mGiven &amp#27;[0m&amp#27;[32mUser create valid product before&amp#27;[0m                                     &amp#27;[90m# starter.stepdefinitions.ProductsSteps.userSetApiDeleteRequestProductsByIdFound()&amp#27;[0m
20:32:34.604 [pool-2-thread-1] DEBUG net.thucydides.core.steps.StepInterceptor - STARTING STEP: ProductsSteps.userSendDeleteApiRequestProductsByIdFound - User receive valid get response body for add products url valid
20:32:34.653 [pool-2-thread-1] DEBUG net.thucydides.core.steps.StepInterceptor - STEP DONE: User receive valid get response body for add products url valid
20:32:34.653 [pool-2-thread-1] DEBUG net.thucydides.core.steps.StepInterceptor - STARTING STEP: ProductsSteps.userSendDeleteApiRequestProductsByIdFound - User create valid product before
20:32:34.653 [pool-2-thread-1] DEBUG net.thucydides.core.steps.StepInterceptor - STEP DONE: User create valid product before
20:32:34.654 [pool-2-thread-1] DEBUG net.thucydides.core.steps.StepInterceptor - STARTING STEP: ProductsSteps.userSendDeleteApiRequestProductsByIdFound - User send delete api request products by id found
20:32:34.654 [pool-2-thread-1] DEBUG net.thucydides.core.steps.StepInterceptor - STARTING STEP: DeleteProducts.sendDeleteRequestIdFound - User create valid product before
20:32:34.654 [pool-2-thread-1] DEBUG net.thucydides.core.steps.StepInterceptor - STEP DONE: User create valid product before
20:32:34.749 [pool-2-thread-1] DEBUG net.thucydides.core.steps.StepInterceptor - STEP DONE: User send delete api request products by id found
  &amp#27;[32mWhen &amp#27;[0m&amp#27;[32mUser send delete api request products by id found&amp#27;[0m                     &amp#27;[90m# starter.stepdefinitions.ProductsSteps.userSendDeleteApiRequestProductsByIdFound()&amp#27;[0m
20:32:34.751 [pool-2-thread-1] DEBUG net.thucydides.core.steps.StepInterceptor - STARTING STEP: ProductsSteps.userReceiveApiDeleteValidGetResponseCodeProductsIdFound - User receive api delete valid get response code 200 products id found
20:32:34.751 [pool-2-thread-1] DEBUG net.thucydides.core.steps.StepInterceptor - STEP DONE: User receive api delete valid get response code 200 products id found
  &amp#27;[32mThen &amp#27;[0m&amp#27;[32mUser receive api delete valid get response code 200 products id found&amp#27;[0m &amp#27;[90m# starter.stepdefinitions.ProductsSteps.userReceiveApiDeleteValidGetResponseCodeProductsIdFound()&amp#27;[0m
20:32:34.753 [pool-2-thread-1] DEBUG net.thucydides.core.steps.StepInterceptor - STARTING STEP: ProductsSteps.userReceiveValidApiDeleteGetResponseBodyForProductsIdFound - User receive valid api delete get response body for products id found
20:32:34.759 [pool-2-thread-1] DEBUG net.thucydides.core.steps.StepInterceptor - STEP DONE: User receive valid api delete get response body for products id found
  &amp#27;[32mAnd &amp#27;[0m&amp#27;[32mUser receive valid api delete get response body for products id found&amp#27;[0m  &amp#27;[90m# starter.stepdefinitions.ProductsSteps.userReceiveValidApiDeleteGetResponseBodyForProductsIdFound()&amp#27;[0m
20:32:34.760 [pool-2-thread-1] INFO  - 
  _____   ___   ___   _____     ___     _     ___   ___   ___   ___  
 |_   _| | __| / __| |_   _|   | _ \   /_\   / __| / __| | __| |   \ 
   | |   | _|  \__ \   | |     |  _/  / _ \  \__ \ \__ \ | _|  | |) |
   |_|   |___| |___/   |_|     |_|   /_/ \_\ |___/ |___/ |___| |___/ 

Delete Products By Id - Delete Products By Id with id found
----------------------------------------------------------------------
]]></system-out>
  </testcase>
  <testcase name="Delete Products By Id - Delete Products By Id with id limit maximum" classname="Product" time="0.143">
    <system-out><![CDATA[
Scenario: Delete Products By Id - Delete Products By Id with id limit maximum    &amp#27;[90m# src/test/resources/api/Product.feature:77&amp#27;[0m
20:32:34.767 [pool-2-thread-1] INFO io.cucumber.core.plugin.SerenityReporter - Running feature from file:///Users/jasmine/Documents/alterra-mini-project/src/test/resources/api/Product.feature
20:32:34.767 [pool-2-thread-1] WARN io.cucumber.core.plugin.SerenityReporter - Feature from file:///Users/jasmine/Documents/alterra-mini-project/src/test/resources/api/Product.feature is not under the 'features' directory. Requirements report will not be correctly generated!
20:32:34.768 [pool-2-thread-1] INFO  - 
  _____   ___   ___   _____     ___   _____     _     ___   _____   ___   ___  
 |_   _| | __| / __| |_   _|   / __| |_   _|   /_\   | _ \ |_   _| | __| |   \ 
   | |   | _|  \__ \   | |     \__ \   | |    / _ \  |   /   | |   | _|  | |) |
   |_|   |___| |___/   |_|     |___/   |_|   /_/ \_\ |_|_\   |_|   |___| |___/ 

Delete Products By Id - Delete Products By Id with id limit maximum(product;delete-products-by-id---delete-products-by-id-with-id-limit-maximum)
--------------------------------------------------------------------------------
20:32:34.785 [pool-2-thread-1] DEBUG net.thucydides.core.steps.StepInterceptor - STARTING STEP: ProductsSteps.userSetApiDeleteRequestProductsByIdLimitMax - User set api delete request products by id limit max
20:32:34.786 [pool-2-thread-1] DEBUG net.thucydides.core.steps.StepInterceptor - STEP DONE: User set api delete request products by id limit max
  &amp#27;[32mGiven &amp#27;[0m&amp#27;[32mUser set api delete request products by id limit max&amp#27;[0m                     &amp#27;[90m# starter.stepdefinitions.ProductsSteps.userSetApiDeleteRequestProductsByIdLimitMax()&amp#27;[0m
20:32:34.787 [pool-2-thread-1] DEBUG net.thucydides.core.steps.StepInterceptor - STARTING STEP: ProductsSteps.userSendDeleteApiRequestProductsByIdLimitMax - User send delete api request products by id limit max
20:32:34.788 [pool-2-thread-1] DEBUG net.thucydides.core.steps.StepInterceptor - STARTING STEP: DeleteProducts.sendDeleteRequestIdLimitMax - User set api delete request products by id limit max
20:32:34.788 [pool-2-thread-1] DEBUG net.thucydides.core.steps.StepInterceptor - STEP DONE: User set api delete request products by id limit max
20:32:34.892 [pool-2-thread-1] DEBUG net.thucydides.core.steps.StepInterceptor - STEP DONE: User send delete api request products by id limit max
  &amp#27;[32mWhen &amp#27;[0m&amp#27;[32mUser send delete api request products by id limit max&amp#27;[0m                     &amp#27;[90m# starter.stepdefinitions.ProductsSteps.userSendDeleteApiRequestProductsByIdLimitMax()&amp#27;[0m
20:32:34.893 [pool-2-thread-1] DEBUG net.thucydides.core.steps.StepInterceptor - STARTING STEP: ProductsSteps.userReceiveValidApiDeleteGetResponseCodeProductsIdLimitMax - User receive valid api delete get response code 404 products id limit max
20:32:34.894 [pool-2-thread-1] DEBUG net.thucydides.core.steps.StepInterceptor - STEP DONE: User receive valid api delete get response code 404 products id limit max
  &amp#27;[32mThen &amp#27;[0m&amp#27;[32mUser receive valid api delete get response code 404 products id limit max&amp#27;[0m &amp#27;[90m# starter.stepdefinitions.ProductsSteps.userReceiveValidApiDeleteGetResponseCodeProductsIdLimitMax()&amp#27;[0m
20:32:34.896 [pool-2-thread-1] DEBUG net.thucydides.core.steps.StepInterceptor - STARTING STEP: ProductsSteps.userReceiveValidApiDeleteGetResponseBodyForProductsIdLimitMax - User receive valid api delete get response body for products id limit max
20:32:34.901 [pool-2-thread-1] DEBUG net.thucydides.core.steps.StepInterceptor - STEP DONE: User receive valid api delete get response body for products id limit max
  &amp#27;[32mAnd &amp#27;[0m&amp#27;[32mUser receive valid api delete get response body for products id limit max&amp#27;[0m  &amp#27;[90m# starter.stepdefinitions.ProductsSteps.userReceiveValidApiDeleteGetResponseBodyForProductsIdLimitMax()&amp#27;[0m
20:32:34.902 [pool-2-thread-1] INFO  - 
  _____   ___   ___   _____     ___     _     ___   ___   ___   ___  
 |_   _| | __| / __| |_   _|   | _ \   /_\   / __| / __| | __| |   \ 
   | |   | _|  \__ \   | |     |  _/  / _ \  \__ \ \__ \ | _|  | |) |
   |_|   |___| |___/   |_|     |_|   /_/ \_\ |___/ |___/ |___| |___/ 

Delete Products By Id - Delete Products By Id with id limit maximum
----------------------------------------------------------------------
]]></system-out>
  </testcase>
  <testcase name="Add Ratings - Add Ratings with data valid" classname="Product" time="0.414">
    <system-out><![CDATA[
Scenario: Add Ratings - Add Ratings with data valid                    &amp#27;[90m# src/test/resources/api/Product.feature:83&amp#27;[0m
20:32:34.910 [pool-2-thread-1] INFO io.cucumber.core.plugin.SerenityReporter - Running feature from file:///Users/jasmine/Documents/alterra-mini-project/src/test/resources/api/Product.feature
20:32:34.910 [pool-2-thread-1] WARN io.cucumber.core.plugin.SerenityReporter - Feature from file:///Users/jasmine/Documents/alterra-mini-project/src/test/resources/api/Product.feature is not under the 'features' directory. Requirements report will not be correctly generated!
20:32:34.911 [pool-2-thread-1] INFO  - 
  _____   ___   ___   _____     ___   _____     _     ___   _____   ___   ___  
 |_   _| | __| / __| |_   _|   / __| |_   _|   /_\   | _ \ |_   _| | __| |   \ 
   | |   | _|  \__ \   | |     \__ \   | |    / _ \  |   /   | |   | _|  | |) |
   |_|   |___| |___/   |_|     |___/   |_|   /_/ \_\ |_|_\   |_|   |___| |___/ 

Add Ratings - Add Ratings with data valid(product;add-ratings---add-ratings-with-data-valid)
--------------------------------------------------------------------------------
20:32:34.932 [pool-2-thread-1] DEBUG net.thucydides.core.steps.StepInterceptor - STARTING STEP: ProductsSteps.userSetApiPostRequestAddRatingsUrlValid - User set api POST request login
20:32:34.932 [pool-2-thread-1] DEBUG net.thucydides.core.steps.StepInterceptor - STEP DONE: User set api POST request login
20:32:34.932 [pool-2-thread-1] DEBUG net.thucydides.core.steps.StepInterceptor - STARTING STEP: ProductsSteps.userSetApiPostRequestAddRatingsUrlValid - User send request body login
20:32:34.933 [pool-2-thread-1] DEBUG net.thucydides.core.steps.StepInterceptor - STARTING STEP: Login.sendPostLoginRequest - User set api POST request login
20:32:34.933 [pool-2-thread-1] DEBUG net.thucydides.core.steps.StepInterceptor - STEP DONE: User set api POST request login
20:32:35.031 [pool-2-thread-1] DEBUG net.thucydides.core.steps.StepInterceptor - STEP DONE: User send request body login
20:32:35.032 [pool-2-thread-1] DEBUG net.thucydides.core.steps.StepInterceptor - STARTING STEP: ProductsSteps.userSetApiPostRequestAddRatingsUrlValid - User set api post request add ratings url valid
20:32:35.032 [pool-2-thread-1] DEBUG net.thucydides.core.steps.StepInterceptor - STEP DONE: User set api post request add ratings url valid
  &amp#27;[32mGiven &amp#27;[0m&amp#27;[32mUser set api post request add ratings url valid&amp#27;[0m                &amp#27;[90m# starter.stepdefinitions.ProductsSteps.userSetApiPostRequestAddRatingsUrlValid()&amp#27;[0m
20:32:35.033 [pool-2-thread-1] DEBUG net.thucydides.core.steps.StepInterceptor - STARTING STEP: ProductsSteps.userSendPostApiRequestAddRatingsWithDataValid - User receive response body success
20:32:35.037 [pool-2-thread-1] DEBUG net.thucydides.core.steps.StepInterceptor - STEP DONE: User receive response body success
20:32:35.038 [pool-2-thread-1] DEBUG net.thucydides.core.steps.StepInterceptor - STARTING STEP: ProductsSteps.userSendPostApiRequestAddRatingsWithDataValid - User send post api request add ratings with data valid
20:32:35.039 [pool-2-thread-1] DEBUG net.thucydides.core.steps.StepInterceptor - STARTING STEP: AddRatings.sendRequestBodyAddRatingsValid - User set api post request add ratings url valid
20:32:35.039 [pool-2-thread-1] DEBUG net.thucydides.core.steps.StepInterceptor - STEP DONE: User set api post request add ratings url valid
20:32:35.267 [pool-2-thread-1] DEBUG net.thucydides.core.steps.StepInterceptor - STEP DONE: User send post api request add ratings with data valid
  &amp#27;[32mWhen &amp#27;[0m&amp#27;[32mUser send post api request add ratings with data valid&amp#27;[0m          &amp#27;[90m# starter.stepdefinitions.ProductsSteps.userSendPostApiRequestAddRatingsWithDataValid()&amp#27;[0m
20:32:35.269 [pool-2-thread-1] DEBUG net.thucydides.core.steps.StepInterceptor - STARTING STEP: ProductsSteps.userReceiveValidGetResponseCodeAddRatingsDataValid - User receive valid get response code 200 add ratings data valid
20:32:35.269 [pool-2-thread-1] DEBUG net.thucydides.core.steps.StepInterceptor - STEP DONE: User receive valid get response code 200 add ratings data valid
  &amp#27;[32mThen &amp#27;[0m&amp#27;[32mUser receive valid get response code 200 add ratings data valid&amp#27;[0m &amp#27;[90m# starter.stepdefinitions.ProductsSteps.userReceiveValidGetResponseCodeAddRatingsDataValid()&amp#27;[0m
20:32:35.270 [pool-2-thread-1] DEBUG net.thucydides.core.steps.StepInterceptor - STARTING STEP: ProductsSteps.userReceiveValidGetResponseBodyForAddRatingsUrlValid - User receive valid get response body for add ratings url valid
20:32:35.315 [pool-2-thread-1] DEBUG net.thucydides.core.steps.StepInterceptor - STEP DONE: User receive valid get response body for add ratings url valid
  &amp#27;[32mAnd &amp#27;[0m&amp#27;[32mUser receive valid get response body for add ratings url valid&amp#27;[0m   &amp#27;[90m# starter.stepdefinitions.ProductsSteps.userReceiveValidGetResponseBodyForAddRatingsUrlValid()&amp#27;[0m
20:32:35.316 [pool-2-thread-1] INFO  - 
  _____   ___   ___   _____     ___     _     ___   ___   ___   ___  
 |_   _| | __| / __| |_   _|   | _ \   /_\   / __| / __| | __| |   \ 
   | |   | _|  \__ \   | |     |  _/  / _ \  \__ \ \__ \ | _|  | |) |
   |_|   |___| |___/   |_|     |_|   /_/ \_\ |___/ |___/ |___| |___/ 

Add Ratings - Add Ratings with data valid
----------------------------------------------------------------------
]]></system-out>
  </testcase>
  <testcase name="Add Ratings - Add Ratings with data id not found" classname="Product" time="0.554">
    <system-out><![CDATA[
Scenario: Add Ratings - Add Ratings with data id not found                 &amp#27;[90m# src/test/resources/api/Product.feature:89&amp#27;[0m
20:32:35.324 [pool-2-thread-1] INFO io.cucumber.core.plugin.SerenityReporter - Running feature from file:///Users/jasmine/Documents/alterra-mini-project/src/test/resources/api/Product.feature
20:32:35.324 [pool-2-thread-1] WARN io.cucumber.core.plugin.SerenityReporter - Feature from file:///Users/jasmine/Documents/alterra-mini-project/src/test/resources/api/Product.feature is not under the 'features' directory. Requirements report will not be correctly generated!
20:32:35.325 [pool-2-thread-1] INFO  - 
  _____   ___   ___   _____     ___   _____     _     ___   _____   ___   ___  
 |_   _| | __| / __| |_   _|   / __| |_   _|   /_\   | _ \ |_   _| | __| |   \ 
   | |   | _|  \__ \   | |     \__ \   | |    / _ \  |   /   | |   | _|  | |) |
   |_|   |___| |___/   |_|     |___/   |_|   /_/ \_\ |_|_\   |_|   |___| |___/ 

Add Ratings - Add Ratings with data id not found(product;add-ratings---add-ratings-with-data-id-not-found)
--------------------------------------------------------------------------------
20:32:35.345 [pool-2-thread-1] DEBUG net.thucydides.core.steps.StepInterceptor - STARTING STEP: ProductsSteps.userSetApiPostRequestAddRatingsUrlNotFound - User set api POST request login
20:32:35.345 [pool-2-thread-1] DEBUG net.thucydides.core.steps.StepInterceptor - STEP DONE: User set api POST request login
20:32:35.345 [pool-2-thread-1] DEBUG net.thucydides.core.steps.StepInterceptor - STARTING STEP: ProductsSteps.userSetApiPostRequestAddRatingsUrlNotFound - User send request body login
20:32:35.346 [pool-2-thread-1] DEBUG net.thucydides.core.steps.StepInterceptor - STARTING STEP: Login.sendPostLoginRequest - User set api POST request login
20:32:35.346 [pool-2-thread-1] DEBUG net.thucydides.core.steps.StepInterceptor - STEP DONE: User set api POST request login
20:32:35.740 [pool-2-thread-1] DEBUG net.thucydides.core.steps.StepInterceptor - STEP DONE: User send request body login
20:32:35.740 [pool-2-thread-1] DEBUG net.thucydides.core.steps.StepInterceptor - STARTING STEP: ProductsSteps.userSetApiPostRequestAddRatingsUrlNotFound - User set api post request add ratings url not found
20:32:35.740 [pool-2-thread-1] DEBUG net.thucydides.core.steps.StepInterceptor - STEP DONE: User set api post request add ratings url not found
  &amp#27;[32mGiven &amp#27;[0m&amp#27;[32mUser set api post request add ratings url not found&amp#27;[0m                &amp#27;[90m# starter.stepdefinitions.ProductsSteps.userSetApiPostRequestAddRatingsUrlNotFound()&amp#27;[0m
20:32:35.742 [pool-2-thread-1] DEBUG net.thucydides.core.steps.StepInterceptor - STARTING STEP: ProductsSteps.userSendPostApiRequestAddRatingsWithDataNotFound - User receive response body success
20:32:35.748 [pool-2-thread-1] DEBUG net.thucydides.core.steps.StepInterceptor - STEP DONE: User receive response body success
20:32:35.749 [pool-2-thread-1] DEBUG net.thucydides.core.steps.StepInterceptor - STARTING STEP: ProductsSteps.userSendPostApiRequestAddRatingsWithDataNotFound - User send post api request add ratings with data not found
20:32:35.751 [pool-2-thread-1] DEBUG net.thucydides.core.steps.StepInterceptor - STARTING STEP: AddRatings.sendRequestRatingsNotFound - User set api post request add ratings url not found
20:32:35.751 [pool-2-thread-1] DEBUG net.thucydides.core.steps.StepInterceptor - STEP DONE: User set api post request add ratings url not found
20:32:35.862 [pool-2-thread-1] DEBUG net.thucydides.core.steps.StepInterceptor - STEP DONE: User send post api request add ratings with data not found
  &amp#27;[32mWhen &amp#27;[0m&amp#27;[32mUser send post api request add ratings with data not found&amp#27;[0m          &amp#27;[90m# starter.stepdefinitions.ProductsSteps.userSendPostApiRequestAddRatingsWithDataNotFound()&amp#27;[0m
20:32:35.864 [pool-2-thread-1] DEBUG net.thucydides.core.steps.StepInterceptor - STARTING STEP: ProductsSteps.userReceiveValidGetResponseCodeAddRatingsDataNotFound - User receive valid get response code 500 add ratings data not found
20:32:35.864 [pool-2-thread-1] DEBUG net.thucydides.core.steps.StepInterceptor - STEP DONE: User receive valid get response code 500 add ratings data not found
  &amp#27;[32mThen &amp#27;[0m&amp#27;[32mUser receive valid get response code 500 add ratings data not found&amp#27;[0m &amp#27;[90m# starter.stepdefinitions.ProductsSteps.userReceiveValidGetResponseCodeAddRatingsDataNotFound()&amp#27;[0m
20:32:35.865 [pool-2-thread-1] DEBUG net.thucydides.core.steps.StepInterceptor - STARTING STEP: ProductsSteps.userReceiveValidGetResponseBodyForAddRatingsIdNotFound - User receive valid get response body for add ratings id not found
20:32:35.870 [pool-2-thread-1] DEBUG net.thucydides.core.steps.StepInterceptor - STEP DONE: User receive valid get response body for add ratings id not found
  &amp#27;[32mAnd &amp#27;[0m&amp#27;[32mUser receive valid get response body for add ratings id not found&amp#27;[0m    &amp#27;[90m# starter.stepdefinitions.ProductsSteps.userReceiveValidGetResponseBodyForAddRatingsIdNotFound()&amp#27;[0m
20:32:35.871 [pool-2-thread-1] INFO  - 
  _____   ___   ___   _____     ___     _     ___   ___   ___   ___  
 |_   _| | __| / __| |_   _|   | _ \   /_\   / __| / __| | __| |   \ 
   | |   | _|  \__ \   | |     |  _/  / _ \  \__ \ \__ \ | _|  | |) |
   |_|   |___| |___/   |_|     |_|   /_/ \_\ |___/ |___/ |___| |___/ 

Add Ratings - Add Ratings with data id not found
----------------------------------------------------------------------
]]></system-out>
  </testcase>
  <testcase name="Add Ratings - Add Ratings with token empty" classname="Product" time="0.241">
    <system-out><![CDATA[
Scenario: Add Ratings - Add Ratings with token empty           &amp#27;[90m# src/test/resources/api/Product.feature:95&amp#27;[0m
20:32:35.878 [pool-2-thread-1] INFO io.cucumber.core.plugin.SerenityReporter - Running feature from file:///Users/jasmine/Documents/alterra-mini-project/src/test/resources/api/Product.feature
20:32:35.878 [pool-2-thread-1] WARN io.cucumber.core.plugin.SerenityReporter - Feature from file:///Users/jasmine/Documents/alterra-mini-project/src/test/resources/api/Product.feature is not under the 'features' directory. Requirements report will not be correctly generated!
20:32:35.879 [pool-2-thread-1] INFO  - 
  _____   ___   ___   _____     ___   _____     _     ___   _____   ___   ___  
 |_   _| | __| / __| |_   _|   / __| |_   _|   /_\   | _ \ |_   _| | __| |   \ 
   | |   | _|  \__ \   | |     \__ \   | |    / _ \  |   /   | |   | _|  | |) |
   |_|   |___| |___/   |_|     |___/   |_|   /_/ \_\ |_|_\   |_|   |___| |___/ 

Add Ratings - Add Ratings with token empty(product;add-ratings---add-ratings-with-token-empty)
--------------------------------------------------------------------------------
20:32:35.900 [pool-2-thread-1] DEBUG net.thucydides.core.steps.StepInterceptor - STARTING STEP: ProductsSteps.userSetApiPostRequestAddRatingsUrlValid - User set api POST request login
20:32:35.900 [pool-2-thread-1] DEBUG net.thucydides.core.steps.StepInterceptor - STEP DONE: User set api POST request login
20:32:35.901 [pool-2-thread-1] DEBUG net.thucydides.core.steps.StepInterceptor - STARTING STEP: ProductsSteps.userSetApiPostRequestAddRatingsUrlValid - User send request body login
20:32:35.902 [pool-2-thread-1] DEBUG net.thucydides.core.steps.StepInterceptor - STARTING STEP: Login.sendPostLoginRequest - User set api POST request login
20:32:35.902 [pool-2-thread-1] DEBUG net.thucydides.core.steps.StepInterceptor - STEP DONE: User set api POST request login
20:32:36.001 [pool-2-thread-1] DEBUG net.thucydides.core.steps.StepInterceptor - STEP DONE: User send request body login
20:32:36.002 [pool-2-thread-1] DEBUG net.thucydides.core.steps.StepInterceptor - STARTING STEP: ProductsSteps.userSetApiPostRequestAddRatingsUrlValid - User set api post request add ratings url valid
20:32:36.002 [pool-2-thread-1] DEBUG net.thucydides.core.steps.StepInterceptor - STEP DONE: User set api post request add ratings url valid
  &amp#27;[32mGiven &amp#27;[0m&amp#27;[32mUser set api post request add ratings url valid&amp#27;[0m        &amp#27;[90m# starter.stepdefinitions.ProductsSteps.userSetApiPostRequestAddRatingsUrlValid()&amp#27;[0m
20:32:36.003 [pool-2-thread-1] DEBUG net.thucydides.core.steps.StepInterceptor - STARTING STEP: ProductsSteps.userSendPostApiRequestAddRatingsWithTokenEmpty - User send post api request add ratings with token empty
20:32:36.004 [pool-2-thread-1] DEBUG net.thucydides.core.steps.StepInterceptor - STARTING STEP: AddRatings.sendRequestRatingsTokenEmpty - User set api post request add ratings url valid
20:32:36.004 [pool-2-thread-1] DEBUG net.thucydides.core.steps.StepInterceptor - STEP DONE: User set api post request add ratings url valid
20:32:36.101 [pool-2-thread-1] DEBUG net.thucydides.core.steps.StepInterceptor - STEP DONE: User send post api request add ratings with token empty
  &amp#27;[32mWhen &amp#27;[0m&amp#27;[32mUser send post api request add ratings with token empty&amp#27;[0m &amp#27;[90m# starter.stepdefinitions.ProductsSteps.userSendPostApiRequestAddRatingsWithTokenEmpty()&amp#27;[0m
20:32:36.103 [pool-2-thread-1] DEBUG net.thucydides.core.steps.StepInterceptor - STARTING STEP: ProductsSteps.userReceiveValidGetResponseCodeTokenEmpty - User receive valid get response code 401 token empty
20:32:36.104 [pool-2-thread-1] DEBUG net.thucydides.core.steps.StepInterceptor - STEP DONE: User receive valid get response code 401 token empty
  &amp#27;[32mThen &amp#27;[0m&amp#27;[32mUser receive valid get response code 401 token empty&amp#27;[0m    &amp#27;[90m# starter.stepdefinitions.ProductsSteps.userReceiveValidGetResponseCodeTokenEmpty()&amp#27;[0m
20:32:36.105 [pool-2-thread-1] DEBUG net.thucydides.core.steps.StepInterceptor - STARTING STEP: ProductsSteps.userReceiveValidGetResponseBodyForTokenEmpty - User receive valid get response body for token empty
20:32:36.111 [pool-2-thread-1] DEBUG net.thucydides.core.steps.StepInterceptor - STEP DONE: User receive valid get response body for token empty
  &amp#27;[32mAnd &amp#27;[0m&amp#27;[32mUser receive valid get response body for token empty&amp#27;[0m     &amp#27;[90m# starter.stepdefinitions.ProductsSteps.userReceiveValidGetResponseBodyForTokenEmpty()&amp#27;[0m
20:32:36.112 [pool-2-thread-1] INFO  - 
  _____   ___   ___   _____     ___     _     ___   ___   ___   ___  
 |_   _| | __| / __| |_   _|   | _ \   /_\   / __| / __| | __| |   \ 
   | |   | _|  \__ \   | |     |  _/  / _ \  \__ \ \__ \ | _|  | |) |
   |_|   |___| |___/   |_|     |_|   /_/ \_\ |___/ |___/ |___| |___/ 

Add Ratings - Add Ratings with token empty
----------------------------------------------------------------------
]]></system-out>
  </testcase>
  <testcase name="Get Ratings By Id - Get Ratings By Id with id found" classname="Product" time="0.145">
    <system-out><![CDATA[
Scenario: Get Ratings By Id - Get Ratings By Id with id found &amp#27;[90m# src/test/resources/api/Product.feature:101&amp#27;[0m
20:32:36.120 [pool-2-thread-1] INFO io.cucumber.core.plugin.SerenityReporter - Running feature from file:///Users/jasmine/Documents/alterra-mini-project/src/test/resources/api/Product.feature
20:32:36.120 [pool-2-thread-1] WARN io.cucumber.core.plugin.SerenityReporter - Feature from file:///Users/jasmine/Documents/alterra-mini-project/src/test/resources/api/Product.feature is not under the 'features' directory. Requirements report will not be correctly generated!
20:32:36.121 [pool-2-thread-1] INFO  - 
  _____   ___   ___   _____     ___   _____     _     ___   _____   ___   ___  
 |_   _| | __| / __| |_   _|   / __| |_   _|   /_\   | _ \ |_   _| | __| |   \ 
   | |   | _|  \__ \   | |     \__ \   | |    / _ \  |   /   | |   | _|  | |) |
   |_|   |___| |___/   |_|     |___/   |_|   /_/ \_\ |_|_\   |_|   |___| |___/ 

Get Ratings By Id - Get Ratings By Id with id found(product;get-ratings-by-id---get-ratings-by-id-with-id-found)
--------------------------------------------------------------------------------
20:32:36.142 [pool-2-thread-1] DEBUG net.thucydides.core.steps.StepInterceptor - STARTING STEP: ProductsSteps.userSetApiGetRequestRatingsByIdFound - User set api get request ratings by id found
20:32:36.142 [pool-2-thread-1] DEBUG net.thucydides.core.steps.StepInterceptor - STEP DONE: User set api get request ratings by id found
  &amp#27;[32mGiven &amp#27;[0m&amp#27;[32mUser set api get request ratings by id found&amp#27;[0m          &amp#27;[90m# starter.stepdefinitions.ProductsSteps.userSetApiGetRequestRatingsByIdFound()&amp#27;[0m
20:32:36.144 [pool-2-thread-1] DEBUG net.thucydides.core.steps.StepInterceptor - STARTING STEP: ProductsSteps.userSendGETApiRequestRatingsByIdFound - User send GET api request ratings by id found
20:32:36.145 [pool-2-thread-1] DEBUG net.thucydides.core.steps.StepInterceptor - STARTING STEP: GetRatingsById.sendRequestRatingsIdFound - User set api get request ratings by id found
20:32:36.145 [pool-2-thread-1] DEBUG net.thucydides.core.steps.StepInterceptor - STEP DONE: User set api get request ratings by id found
20:32:36.241 [pool-2-thread-1] DEBUG net.thucydides.core.steps.StepInterceptor - STEP DONE: User send GET api request ratings by id found
  &amp#27;[32mWhen &amp#27;[0m&amp#27;[32mUser send GET api request ratings by id found&amp#27;[0m          &amp#27;[90m# starter.stepdefinitions.ProductsSteps.userSendGETApiRequestRatingsByIdFound()&amp#27;[0m
20:32:36.243 [pool-2-thread-1] DEBUG net.thucydides.core.steps.StepInterceptor - STARTING STEP: ProductsSteps.userReceiveValidGetResponseCodeRatings - User receive valid get response body for ratings
20:32:36.248 [pool-2-thread-1] DEBUG net.thucydides.core.steps.StepInterceptor - STEP DONE: User receive valid get response body for ratings
  &amp#27;[32mThen &amp#27;[0m&amp#27;[32mUser receive valid get response code 200 ratings&amp#27;[0m       &amp#27;[90m# starter.stepdefinitions.ProductsSteps.userReceiveValidGetResponseCodeRatings()&amp#27;[0m
20:32:36.249 [pool-2-thread-1] DEBUG net.thucydides.core.steps.StepInterceptor - STARTING STEP: ProductsSteps.userReceiveValidGetResponseBodyForRatings - User receive valid get response body for ratings
20:32:36.255 [pool-2-thread-1] DEBUG net.thucydides.core.steps.StepInterceptor - STEP DONE: User receive valid get response body for ratings
  &amp#27;[32mAnd &amp#27;[0m&amp#27;[32mUser receive valid get response body for ratings&amp#27;[0m        &amp#27;[90m# starter.stepdefinitions.ProductsSteps.userReceiveValidGetResponseBodyForRatings()&amp#27;[0m
20:32:36.256 [pool-2-thread-1] INFO  - 
  _____   ___   ___   _____     ___     _     ___   ___   ___   ___  
 |_   _| | __| / __| |_   _|   | _ \   /_\   / __| / __| | __| |   \ 
   | |   | _|  \__ \   | |     |  _/  / _ \  \__ \ \__ \ | _|  | |) |
   |_|   |___| |___/   |_|     |_|   /_/ \_\ |___/ |___/ |___| |___/ 

Get Ratings By Id - Get Ratings By Id with id found
----------------------------------------------------------------------
]]></system-out>
  </testcase>
  <testcase name="Get Ratings By Id - Get Ratings By Id with id not found" classname="Product" time="0.149">
    <system-out><![CDATA[
Scenario: Get Ratings By Id - Get Ratings By Id with id not found &amp#27;[90m# src/test/resources/api/Product.feature:107&amp#27;[0m
20:32:36.263 [pool-2-thread-1] INFO io.cucumber.core.plugin.SerenityReporter - Running feature from file:///Users/jasmine/Documents/alterra-mini-project/src/test/resources/api/Product.feature
20:32:36.264 [pool-2-thread-1] WARN io.cucumber.core.plugin.SerenityReporter - Feature from file:///Users/jasmine/Documents/alterra-mini-project/src/test/resources/api/Product.feature is not under the 'features' directory. Requirements report will not be correctly generated!
20:32:36.264 [pool-2-thread-1] INFO  - 
  _____   ___   ___   _____     ___   _____     _     ___   _____   ___   ___  
 |_   _| | __| / __| |_   _|   / __| |_   _|   /_\   | _ \ |_   _| | __| |   \ 
   | |   | _|  \__ \   | |     \__ \   | |    / _ \  |   /   | |   | _|  | |) |
   |_|   |___| |___/   |_|     |___/   |_|   /_/ \_\ |_|_\   |_|   |___| |___/ 

Get Ratings By Id - Get Ratings By Id with id not found(product;get-ratings-by-id---get-ratings-by-id-with-id-not-found)
--------------------------------------------------------------------------------
20:32:36.282 [pool-2-thread-1] DEBUG net.thucydides.core.steps.StepInterceptor - STARTING STEP: ProductsSteps.userSetApiGetRequestRatingsByIdNotFound - User set api get request ratings by id not found
20:32:36.283 [pool-2-thread-1] DEBUG net.thucydides.core.steps.StepInterceptor - STEP DONE: User set api get request ratings by id not found
  &amp#27;[32mGiven &amp#27;[0m&amp#27;[32mUser set api get request ratings by id not found&amp#27;[0m          &amp#27;[90m# starter.stepdefinitions.ProductsSteps.userSetApiGetRequestRatingsByIdNotFound()&amp#27;[0m
20:32:36.284 [pool-2-thread-1] DEBUG net.thucydides.core.steps.StepInterceptor - STARTING STEP: ProductsSteps.userSendGETApiRequestRatingsByIdNotFound - User send GET api request ratings by id not found
20:32:36.285 [pool-2-thread-1] DEBUG net.thucydides.core.steps.StepInterceptor - STARTING STEP: GetRatingsById.sendRequestRatingsIdNotFound - User set api get request ratings by id not found
20:32:36.285 [pool-2-thread-1] DEBUG net.thucydides.core.steps.StepInterceptor - STEP DONE: User set api get request ratings by id not found
20:32:36.392 [pool-2-thread-1] DEBUG net.thucydides.core.steps.StepInterceptor - STEP DONE: User send GET api request ratings by id not found
  &amp#27;[32mWhen &amp#27;[0m&amp#27;[32mUser send GET api request ratings by id not found&amp#27;[0m          &amp#27;[90m# starter.stepdefinitions.ProductsSteps.userSendGETApiRequestRatingsByIdNotFound()&amp#27;[0m
20:32:36.394 [pool-2-thread-1] DEBUG net.thucydides.core.steps.StepInterceptor - STARTING STEP: ProductsSteps.userReceiveValidGetResponseCodeRatings - User receive valid get response body for ratings
20:32:36.399 [pool-2-thread-1] DEBUG net.thucydides.core.steps.StepInterceptor - STEP DONE: User receive valid get response body for ratings
  &amp#27;[32mThen &amp#27;[0m&amp#27;[32mUser receive valid get response code 200 ratings&amp#27;[0m           &amp#27;[90m# starter.stepdefinitions.ProductsSteps.userReceiveValidGetResponseCodeRatings()&amp#27;[0m
20:32:36.400 [pool-2-thread-1] DEBUG net.thucydides.core.steps.StepInterceptor - STARTING STEP: ProductsSteps.userReceiveValidGetResponseBodyForRatings - User receive valid get response body for ratings
20:32:36.405 [pool-2-thread-1] DEBUG net.thucydides.core.steps.StepInterceptor - STEP DONE: User receive valid get response body for ratings
  &amp#27;[32mAnd &amp#27;[0m&amp#27;[32mUser receive valid get response body for ratings&amp#27;[0m            &amp#27;[90m# starter.stepdefinitions.ProductsSteps.userReceiveValidGetResponseBodyForRatings()&amp#27;[0m
20:32:36.406 [pool-2-thread-1] INFO  - 
  _____   ___   ___   _____     ___     _     ___   ___   ___   ___  
 |_   _| | __| / __| |_   _|   | _ \   /_\   / __| / __| | __| |   \ 
   | |   | _|  \__ \   | |     |  _/  / _ \  \__ \ \__ \ | _|  | |) |
   |_|   |___| |___/   |_|     |_|   /_/ \_\ |___/ |___/ |___| |___/ 

Get Ratings By Id - Get Ratings By Id with id not found
----------------------------------------------------------------------
]]></system-out>
  </testcase>
  <testcase name="Get Ratings By Id - Get Ratings By Id with id input string" classname="Product" time="0.125">
    <system-out><![CDATA[
Scenario: Get Ratings By Id - Get Ratings By Id with id input string    &amp#27;[90m# src/test/resources/api/Product.feature:113&amp#27;[0m
20:32:36.413 [pool-2-thread-1] INFO io.cucumber.core.plugin.SerenityReporter - Running feature from file:///Users/jasmine/Documents/alterra-mini-project/src/test/resources/api/Product.feature
20:32:36.413 [pool-2-thread-1] WARN io.cucumber.core.plugin.SerenityReporter - Feature from file:///Users/jasmine/Documents/alterra-mini-project/src/test/resources/api/Product.feature is not under the 'features' directory. Requirements report will not be correctly generated!
20:32:36.413 [pool-2-thread-1] INFO  - 
  _____   ___   ___   _____     ___   _____     _     ___   _____   ___   ___  
 |_   _| | __| / __| |_   _|   / __| |_   _|   /_\   | _ \ |_   _| | __| |   \ 
   | |   | _|  \__ \   | |     \__ \   | |    / _ \  |   /   | |   | _|  | |) |
   |_|   |___| |___/   |_|     |___/   |_|   /_/ \_\ |_|_\   |_|   |___| |___/ 

Get Ratings By Id - Get Ratings By Id with id input string(product;get-ratings-by-id---get-ratings-by-id-with-id-input-string)
--------------------------------------------------------------------------------
20:32:36.434 [pool-2-thread-1] DEBUG net.thucydides.core.steps.StepInterceptor - STARTING STEP: ProductsSteps.userSetApiGetRequestRatingsByIdInputString - User set api get request ratings by id input string
20:32:36.434 [pool-2-thread-1] DEBUG net.thucydides.core.steps.StepInterceptor - STEP DONE: User set api get request ratings by id input string
  &amp#27;[32mGiven &amp#27;[0m&amp#27;[32mUser set api get request ratings by id input string&amp#27;[0m             &amp#27;[90m# starter.stepdefinitions.ProductsSteps.userSetApiGetRequestRatingsByIdInputString()&amp#27;[0m
20:32:36.435 [pool-2-thread-1] DEBUG net.thucydides.core.steps.StepInterceptor - STARTING STEP: ProductsSteps.userSendGETApiRequestRatingsByIdInputString - User send GET api request ratings by id input string
20:32:36.436 [pool-2-thread-1] DEBUG net.thucydides.core.steps.StepInterceptor - STARTING STEP: GetRatingsById.sendRequestRatingsIdStrings - User set api get request ratings by id input string
20:32:36.436 [pool-2-thread-1] DEBUG net.thucydides.core.steps.StepInterceptor - STEP DONE: User set api get request ratings by id input string
20:32:36.518 [pool-2-thread-1] DEBUG net.thucydides.core.steps.StepInterceptor - STEP DONE: User send GET api request ratings by id input string
  &amp#27;[32mWhen &amp#27;[0m&amp#27;[32mUser send GET api request ratings by id input string&amp#27;[0m             &amp#27;[90m# starter.stepdefinitions.ProductsSteps.userSendGETApiRequestRatingsByIdInputString()&amp#27;[0m
20:32:36.520 [pool-2-thread-1] DEBUG net.thucydides.core.steps.StepInterceptor - STARTING STEP: ProductsSteps.userReceiveValidGetResponseCodeRatingsIdInputString - User receive valid get response code 400 ratings id input string
20:32:36.520 [pool-2-thread-1] DEBUG net.thucydides.core.steps.StepInterceptor - STEP DONE: User receive valid get response code 400 ratings id input string
  &amp#27;[32mThen &amp#27;[0m&amp#27;[32mUser receive valid get response code 400 ratings id input string&amp#27;[0m &amp#27;[90m# starter.stepdefinitions.ProductsSteps.userReceiveValidGetResponseCodeRatingsIdInputString()&amp#27;[0m
20:32:36.522 [pool-2-thread-1] DEBUG net.thucydides.core.steps.StepInterceptor - STARTING STEP: ProductsSteps.userReceiveValidGetResponseBodyForRatingsIdInputString - User receive valid get response body for ratings id input string
20:32:36.528 [pool-2-thread-1] DEBUG net.thucydides.core.steps.StepInterceptor - STEP DONE: User receive valid get response body for ratings id input string
  &amp#27;[32mAnd &amp#27;[0m&amp#27;[32mUser receive valid get response body for ratings id input string&amp#27;[0m  &amp#27;[90m# starter.stepdefinitions.ProductsSteps.userReceiveValidGetResponseBodyForRatingsIdInputString()&amp#27;[0m
20:32:36.530 [pool-2-thread-1] INFO  - 
  _____   ___   ___   _____     ___     _     ___   ___   ___   ___  
 |_   _| | __| / __| |_   _|   | _ \   /_\   / __| / __| | __| |   \ 
   | |   | _|  \__ \   | |     |  _/  / _ \  \__ \ \__ \ | _|  | |) |
   |_|   |___| |___/   |_|     |_|   /_/ \_\ |___/ |___/ |___| |___/ 

Get Ratings By Id - Get Ratings By Id with id input string
----------------------------------------------------------------------
]]></system-out>
  </testcase>
  <testcase name="Add Comments - Add Comments with data and token valid" classname="Product" time="0.248">
    <system-out><![CDATA[
Scenario: Add Comments - Add Comments with data and token valid                   &amp#27;[90m# src/test/resources/api/Product.feature:119&amp#27;[0m
20:32:36.538 [pool-2-thread-1] INFO io.cucumber.core.plugin.SerenityReporter - Running feature from file:///Users/jasmine/Documents/alterra-mini-project/src/test/resources/api/Product.feature
20:32:36.538 [pool-2-thread-1] WARN io.cucumber.core.plugin.SerenityReporter - Feature from file:///Users/jasmine/Documents/alterra-mini-project/src/test/resources/api/Product.feature is not under the 'features' directory. Requirements report will not be correctly generated!
20:32:36.539 [pool-2-thread-1] INFO  - 
  _____   ___   ___   _____     ___   _____     _     ___   _____   ___   ___  
 |_   _| | __| / __| |_   _|   / __| |_   _|   /_\   | _ \ |_   _| | __| |   \ 
   | |   | _|  \__ \   | |     \__ \   | |    / _ \  |   /   | |   | _|  | |) |
   |_|   |___| |___/   |_|     |___/   |_|   /_/ \_\ |_|_\   |_|   |___| |___/ 

Add Comments - Add Comments with data and token valid(product;add-comments---add-comments-with-data-and-token-valid)
--------------------------------------------------------------------------------
20:32:36.565 [pool-2-thread-1] DEBUG net.thucydides.core.steps.StepInterceptor - STARTING STEP: ProductsSteps.userSetApiPostRequestAddCommentsDataAndTokenValid - User set api POST request login
20:32:36.565 [pool-2-thread-1] DEBUG net.thucydides.core.steps.StepInterceptor - STEP DONE: User set api POST request login
20:32:36.565 [pool-2-thread-1] DEBUG net.thucydides.core.steps.StepInterceptor - STARTING STEP: ProductsSteps.userSetApiPostRequestAddCommentsDataAndTokenValid - User send request body login
20:32:36.566 [pool-2-thread-1] DEBUG net.thucydides.core.steps.StepInterceptor - STARTING STEP: Login.sendPostLoginRequest - User set api POST request login
20:32:36.566 [pool-2-thread-1] DEBUG net.thucydides.core.steps.StepInterceptor - STEP DONE: User set api POST request login
20:32:36.662 [pool-2-thread-1] DEBUG net.thucydides.core.steps.StepInterceptor - STEP DONE: User send request body login
20:32:36.662 [pool-2-thread-1] DEBUG net.thucydides.core.steps.StepInterceptor - STARTING STEP: ProductsSteps.userSetApiPostRequestAddCommentsDataAndTokenValid - User set api post request add comments data and token valid
20:32:36.662 [pool-2-thread-1] DEBUG net.thucydides.core.steps.StepInterceptor - STEP DONE: User set api post request add comments data and token valid
  &amp#27;[32mGiven &amp#27;[0m&amp#27;[32mUser set api post request add comments data and token valid&amp#27;[0m               &amp#27;[90m# starter.stepdefinitions.ProductsSteps.userSetApiPostRequestAddCommentsDataAndTokenValid()&amp#27;[0m
20:32:36.664 [pool-2-thread-1] DEBUG net.thucydides.core.steps.StepInterceptor - STARTING STEP: ProductsSteps.userSendPostApiRequestAddCommentsWithDataTokenValid - User receive response body success
20:32:36.668 [pool-2-thread-1] DEBUG net.thucydides.core.steps.StepInterceptor - STEP DONE: User receive response body success
20:32:36.669 [pool-2-thread-1] DEBUG net.thucydides.core.steps.StepInterceptor - STARTING STEP: ProductsSteps.userSendPostApiRequestAddCommentsWithDataTokenValid - User send post api request add comments with data token valid
20:32:36.669 [pool-2-thread-1] DEBUG net.thucydides.core.steps.StepInterceptor - STARTING STEP: AddComments.sendRequestBodyAddCommentsValid - User set api post request add comments data and token valid
20:32:36.669 [pool-2-thread-1] DEBUG net.thucydides.core.steps.StepInterceptor - STEP DONE: User set api post request add comments data and token valid
20:32:36.762 [pool-2-thread-1] DEBUG net.thucydides.core.steps.StepInterceptor - STEP DONE: User send post api request add comments with data token valid
  &amp#27;[32mWhen &amp#27;[0m&amp#27;[32mUser send post api request add comments with data token valid&amp#27;[0m              &amp#27;[90m# starter.stepdefinitions.ProductsSteps.userSendPostApiRequestAddCommentsWithDataTokenValid()&amp#27;[0m
20:32:36.764 [pool-2-thread-1] DEBUG net.thucydides.core.steps.StepInterceptor - STARTING STEP: ProductsSteps.userReceiveValidGetResponseCodeAddCommentsDataAndTokenValid - User receive valid get response code 200 add comments data and token valid
20:32:36.764 [pool-2-thread-1] DEBUG net.thucydides.core.steps.StepInterceptor - STEP DONE: User receive valid get response code 200 add comments data and token valid
  &amp#27;[32mThen &amp#27;[0m&amp#27;[32mUser receive valid get response code 200 add comments data and token valid&amp#27;[0m &amp#27;[90m# starter.stepdefinitions.ProductsSteps.userReceiveValidGetResponseCodeAddCommentsDataAndTokenValid()&amp#27;[0m
20:32:36.766 [pool-2-thread-1] DEBUG net.thucydides.core.steps.StepInterceptor - STARTING STEP: ProductsSteps.userReceiveValidGetResponseBodyForAddCommentsDataAndTokenValid - User receive valid get response body for add comments data and token valid
20:32:36.777 [pool-2-thread-1] DEBUG net.thucydides.core.steps.StepInterceptor - STEP DONE: User receive valid get response body for add comments data and token valid
  &amp#27;[32mAnd &amp#27;[0m&amp#27;[32mUser receive valid get response body for add comments data and token valid&amp#27;[0m  &amp#27;[90m# starter.stepdefinitions.ProductsSteps.userReceiveValidGetResponseBodyForAddCommentsDataAndTokenValid()&amp#27;[0m
20:32:36.778 [pool-2-thread-1] INFO  - 
  _____   ___   ___   _____     ___     _     ___   ___   ___   ___  
 |_   _| | __| / __| |_   _|   | _ \   /_\   / __| / __| | __| |   \ 
   | |   | _|  \__ \   | |     |  _/  / _ \  \__ \ \__ \ | _|  | |) |
   |_|   |___| |___/   |_|     |_|   /_/ \_\ |___/ |___/ |___| |___/ 

Add Comments - Add Comments with data and token valid
----------------------------------------------------------------------
]]></system-out>
  </testcase>
  <testcase name="Add Comments - Add Comments with token empty" classname="Product" time="0.139">
    <system-out><![CDATA[
Scenario: Add Comments - Add Comments with token empty       &amp#27;[90m# src/test/resources/api/Product.feature:125&amp#27;[0m
20:32:36.785 [pool-2-thread-1] INFO io.cucumber.core.plugin.SerenityReporter - Running feature from file:///Users/jasmine/Documents/alterra-mini-project/src/test/resources/api/Product.feature
20:32:36.785 [pool-2-thread-1] WARN io.cucumber.core.plugin.SerenityReporter - Feature from file:///Users/jasmine/Documents/alterra-mini-project/src/test/resources/api/Product.feature is not under the 'features' directory. Requirements report will not be correctly generated!
20:32:36.786 [pool-2-thread-1] INFO  - 
  _____   ___   ___   _____     ___   _____     _     ___   _____   ___   ___  
 |_   _| | __| / __| |_   _|   / __| |_   _|   /_\   | _ \ |_   _| | __| |   \ 
   | |   | _|  \__ \   | |     \__ \   | |    / _ \  |   /   | |   | _|  | |) |
   |_|   |___| |___/   |_|     |___/   |_|   /_/ \_\ |_|_\   |_|   |___| |___/ 

Add Comments - Add Comments with token empty(product;add-comments---add-comments-with-token-empty)
--------------------------------------------------------------------------------
20:32:36.805 [pool-2-thread-1] DEBUG net.thucydides.core.steps.StepInterceptor - STARTING STEP: ProductsSteps.userSetApiPostRequestAddCommentsTokenEmpty - User set api post request add comments token empty
20:32:36.805 [pool-2-thread-1] DEBUG net.thucydides.core.steps.StepInterceptor - STEP DONE: User set api post request add comments token empty
  &amp#27;[32mGiven &amp#27;[0m&amp#27;[32mUser set api post request add comments token empty&amp#27;[0m   &amp#27;[90m# starter.stepdefinitions.ProductsSteps.userSetApiPostRequestAddCommentsTokenEmpty()&amp#27;[0m
20:32:36.806 [pool-2-thread-1] DEBUG net.thucydides.core.steps.StepInterceptor - STARTING STEP: ProductsSteps.userSendPostApiRequestAddCommentsTokenEmpty - User send post api request add comments token empty
20:32:36.807 [pool-2-thread-1] DEBUG net.thucydides.core.steps.StepInterceptor - STARTING STEP: AddComments.sendRequestBodyAddCommentsTokenEmpty - User set api post request add comments token empty
20:32:36.807 [pool-2-thread-1] DEBUG net.thucydides.core.steps.StepInterceptor - STEP DONE: User set api post request add comments token empty
20:32:36.902 [pool-2-thread-1] DEBUG net.thucydides.core.steps.StepInterceptor - STEP DONE: User send post api request add comments token empty
  &amp#27;[32mWhen &amp#27;[0m&amp#27;[32mUser send post api request add comments token empty&amp#27;[0m   &amp#27;[90m# starter.stepdefinitions.ProductsSteps.userSendPostApiRequestAddCommentsTokenEmpty()&amp#27;[0m
20:32:36.905 [pool-2-thread-1] DEBUG net.thucydides.core.steps.StepInterceptor - STARTING STEP: ProductsSteps.userReceiveValidGetResponseCodeAddComments - User receive valid get response code 401 add comments
20:32:36.905 [pool-2-thread-1] DEBUG net.thucydides.core.steps.StepInterceptor - STEP DONE: User receive valid get response code 401 add comments
  &amp#27;[32mThen &amp#27;[0m&amp#27;[32mUser receive valid get response code 401 add comments&amp#27;[0m &amp#27;[90m# starter.stepdefinitions.ProductsSteps.userReceiveValidGetResponseCodeAddComments()&amp#27;[0m
20:32:36.907 [pool-2-thread-1] DEBUG net.thucydides.core.steps.StepInterceptor - STARTING STEP: ProductsSteps.userReceiveValidGetResponseBodyErrorTokenEmpty - User receive valid get response body error token empty
20:32:36.917 [pool-2-thread-1] DEBUG net.thucydides.core.steps.StepInterceptor - STEP DONE: User receive valid get response body error token empty
  &amp#27;[32mAnd &amp#27;[0m&amp#27;[32mUser receive valid get response body error token empty&amp#27;[0m &amp#27;[90m# starter.stepdefinitions.ProductsSteps.userReceiveValidGetResponseBodyErrorTokenEmpty()&amp#27;[0m
20:32:36.918 [pool-2-thread-1] INFO  - 
  _____   ___   ___   _____     ___     _     ___   ___   ___   ___  
 |_   _| | __| / __| |_   _|   | _ \   /_\   / __| / __| | __| |   \ 
   | |   | _|  \__ \   | |     |  _/  / _ \  \__ \ \__ \ | _|  | |) |
   |_|   |___| |___/   |_|     |_|   /_/ \_\ |___/ |___/ |___| |___/ 

Add Comments - Add Comments with token empty
----------------------------------------------------------------------
]]></system-out>
  </testcase>
  <testcase name="Add Comments - Add Comments with content empty" classname="Product" time="0.241">
    <system-out><![CDATA[
Scenario: Add Comments - Add Comments with content empty            &amp#27;[90m# src/test/resources/api/Product.feature:131&amp#27;[0m
20:32:36.925 [pool-2-thread-1] INFO io.cucumber.core.plugin.SerenityReporter - Running feature from file:///Users/jasmine/Documents/alterra-mini-project/src/test/resources/api/Product.feature
20:32:36.925 [pool-2-thread-1] WARN io.cucumber.core.plugin.SerenityReporter - Feature from file:///Users/jasmine/Documents/alterra-mini-project/src/test/resources/api/Product.feature is not under the 'features' directory. Requirements report will not be correctly generated!
20:32:36.926 [pool-2-thread-1] INFO  - 
  _____   ___   ___   _____     ___   _____     _     ___   _____   ___   ___  
 |_   _| | __| / __| |_   _|   / __| |_   _|   /_\   | _ \ |_   _| | __| |   \ 
   | |   | _|  \__ \   | |     \__ \   | |    / _ \  |   /   | |   | _|  | |) |
   |_|   |___| |___/   |_|     |___/   |_|   /_/ \_\ |_|_\   |_|   |___| |___/ 

Add Comments - Add Comments with content empty(product;add-comments---add-comments-with-content-empty)
--------------------------------------------------------------------------------
20:32:36.949 [pool-2-thread-1] DEBUG net.thucydides.core.steps.StepInterceptor - STARTING STEP: ProductsSteps.userSetApiPostRequestAddCommentsDataAndTokenValid - User set api POST request login
20:32:36.949 [pool-2-thread-1] DEBUG net.thucydides.core.steps.StepInterceptor - STEP DONE: User set api POST request login
20:32:36.949 [pool-2-thread-1] DEBUG net.thucydides.core.steps.StepInterceptor - STARTING STEP: ProductsSteps.userSetApiPostRequestAddCommentsDataAndTokenValid - User send request body login
20:32:36.950 [pool-2-thread-1] DEBUG net.thucydides.core.steps.StepInterceptor - STARTING STEP: Login.sendPostLoginRequest - User set api POST request login
20:32:36.950 [pool-2-thread-1] DEBUG net.thucydides.core.steps.StepInterceptor - STEP DONE: User set api POST request login
20:32:37.042 [pool-2-thread-1] DEBUG net.thucydides.core.steps.StepInterceptor - STEP DONE: User send request body login
20:32:37.042 [pool-2-thread-1] DEBUG net.thucydides.core.steps.StepInterceptor - STARTING STEP: ProductsSteps.userSetApiPostRequestAddCommentsDataAndTokenValid - User set api post request add comments data and token valid
20:32:37.042 [pool-2-thread-1] DEBUG net.thucydides.core.steps.StepInterceptor - STEP DONE: User set api post request add comments data and token valid
  &amp#27;[32mGiven &amp#27;[0m&amp#27;[32mUser set api post request add comments data and token valid&amp#27;[0m &amp#27;[90m# starter.stepdefinitions.ProductsSteps.userSetApiPostRequestAddCommentsDataAndTokenValid()&amp#27;[0m
20:32:37.044 [pool-2-thread-1] DEBUG net.thucydides.core.steps.StepInterceptor - STARTING STEP: ProductsSteps.userSendPostApiRequestAddCommentsContentEmpty - User receive response body success
20:32:37.051 [pool-2-thread-1] DEBUG net.thucydides.core.steps.StepInterceptor - STEP DONE: User receive response body success
20:32:37.052 [pool-2-thread-1] DEBUG net.thucydides.core.steps.StepInterceptor - STARTING STEP: ProductsSteps.userSendPostApiRequestAddCommentsContentEmpty - User send post api request add Comments content empty
20:32:37.053 [pool-2-thread-1] DEBUG net.thucydides.core.steps.StepInterceptor - STARTING STEP: AddComments.sendRequestBodyAddCommentsContentEmpty - User set api post request add comments data and token valid
20:32:37.053 [pool-2-thread-1] DEBUG net.thucydides.core.steps.StepInterceptor - STEP DONE: User set api post request add comments data and token valid
20:32:37.148 [pool-2-thread-1] DEBUG net.thucydides.core.steps.StepInterceptor - STEP DONE: User send post api request add Comments content empty
  &amp#27;[32mWhen &amp#27;[0m&amp#27;[32mUser send post api request add Comments content empty&amp#27;[0m        &amp#27;[90m# starter.stepdefinitions.ProductsSteps.userSendPostApiRequestAddCommentsContentEmpty()&amp#27;[0m
20:32:37.150 [pool-2-thread-1] DEBUG net.thucydides.core.steps.StepInterceptor - STARTING STEP: ProductsSteps.userReceiveValidGetResponseCodeAddComments400 - User receive valid get response code 500 add comments
20:32:37.151 [pool-2-thread-1] DEBUG net.thucydides.core.steps.StepInterceptor - STEP DONE: User receive valid get response code 500 add comments
  &amp#27;[32mThen &amp#27;[0m&amp#27;[32mUser receive valid get response code 500 add comments&amp#27;[0m        &amp#27;[90m# starter.stepdefinitions.ProductsSteps.userReceiveValidGetResponseCodeAddComments400()&amp#27;[0m
20:32:37.152 [pool-2-thread-1] DEBUG net.thucydides.core.steps.StepInterceptor - STARTING STEP: ProductsSteps.userReceiveValidGetResponseBodyErrorContentEmpty - User receive valid get response body error content empty
20:32:37.158 [pool-2-thread-1] DEBUG net.thucydides.core.steps.StepInterceptor - STEP DONE: User receive valid get response body error content empty
  &amp#27;[32mAnd &amp#27;[0m&amp#27;[32mUser receive valid get response body error content empty&amp#27;[0m      &amp#27;[90m# starter.stepdefinitions.ProductsSteps.userReceiveValidGetResponseBodyErrorContentEmpty()&amp#27;[0m
20:32:37.159 [pool-2-thread-1] INFO  - 
  _____   ___   ___   _____     ___     _     ___   ___   ___   ___  
 |_   _| | __| / __| |_   _|   | _ \   /_\   / __| / __| | __| |   \ 
   | |   | _|  \__ \   | |     |  _/  / _ \  \__ \ \__ \ | _|  | |) |
   |_|   |___| |___/   |_|     |_|   /_/ \_\ |___/ |___/ |___| |___/ 

Add Comments - Add Comments with content empty
----------------------------------------------------------------------
]]></system-out>
  </testcase>
  <testcase name="Add Comments - Add Comments with input string url" classname="Product" time="0.242">
    <system-out><![CDATA[
Scenario: Add Comments - Add Comments with input string url               &amp#27;[90m# src/test/resources/api/Product.feature:137&amp#27;[0m
20:32:37.167 [pool-2-thread-1] INFO io.cucumber.core.plugin.SerenityReporter - Running feature from file:///Users/jasmine/Documents/alterra-mini-project/src/test/resources/api/Product.feature
20:32:37.167 [pool-2-thread-1] WARN io.cucumber.core.plugin.SerenityReporter - Feature from file:///Users/jasmine/Documents/alterra-mini-project/src/test/resources/api/Product.feature is not under the 'features' directory. Requirements report will not be correctly generated!
20:32:37.168 [pool-2-thread-1] INFO  - 
  _____   ___   ___   _____     ___   _____     _     ___   _____   ___   ___  
 |_   _| | __| / __| |_   _|   / __| |_   _|   /_\   | _ \ |_   _| | __| |   \ 
   | |   | _|  \__ \   | |     \__ \   | |    / _ \  |   /   | |   | _|  | |) |
   |_|   |___| |___/   |_|     |___/   |_|   /_/ \_\ |_|_\   |_|   |___| |___/ 

Add Comments - Add Comments with input string url(product;add-comments---add-comments-with-input-string-url)
--------------------------------------------------------------------------------
20:32:37.187 [pool-2-thread-1] DEBUG net.thucydides.core.steps.StepInterceptor - STARTING STEP: ProductsSteps.userSetApiPostRequestAddCommentsInputStringUrl - User set api POST request login
20:32:37.187 [pool-2-thread-1] DEBUG net.thucydides.core.steps.StepInterceptor - STEP DONE: User set api POST request login
20:32:37.187 [pool-2-thread-1] DEBUG net.thucydides.core.steps.StepInterceptor - STARTING STEP: ProductsSteps.userSetApiPostRequestAddCommentsInputStringUrl - User send request body login
20:32:37.188 [pool-2-thread-1] DEBUG net.thucydides.core.steps.StepInterceptor - STARTING STEP: Login.sendPostLoginRequest - User set api POST request login
20:32:37.188 [pool-2-thread-1] DEBUG net.thucydides.core.steps.StepInterceptor - STEP DONE: User set api POST request login
20:32:37.281 [pool-2-thread-1] DEBUG net.thucydides.core.steps.StepInterceptor - STEP DONE: User send request body login
20:32:37.282 [pool-2-thread-1] DEBUG net.thucydides.core.steps.StepInterceptor - STARTING STEP: ProductsSteps.userSetApiPostRequestAddCommentsInputStringUrl - User set api post request add comments input string url
20:32:37.282 [pool-2-thread-1] DEBUG net.thucydides.core.steps.StepInterceptor - STEP DONE: User set api post request add comments input string url
  &amp#27;[32mGiven &amp#27;[0m&amp#27;[32mUser set api post request add comments input string url&amp#27;[0m           &amp#27;[90m# starter.stepdefinitions.ProductsSteps.userSetApiPostRequestAddCommentsInputStringUrl()&amp#27;[0m
20:32:37.283 [pool-2-thread-1] DEBUG net.thucydides.core.steps.StepInterceptor - STARTING STEP: ProductsSteps.userSendPostApiRequestAddCommentsWithDataInputStringUrl - User receive response body success
20:32:37.289 [pool-2-thread-1] DEBUG net.thucydides.core.steps.StepInterceptor - STEP DONE: User receive response body success
20:32:37.289 [pool-2-thread-1] DEBUG net.thucydides.core.steps.StepInterceptor - STARTING STEP: ProductsSteps.userSendPostApiRequestAddCommentsWithDataInputStringUrl - User send post api request add comments with data input string url
20:32:37.290 [pool-2-thread-1] DEBUG net.thucydides.core.steps.StepInterceptor - STARTING STEP: AddComments.sendRequestBodyAddCommentsContentIdString - User set api post request add comments input string url
20:32:37.290 [pool-2-thread-1] DEBUG net.thucydides.core.steps.StepInterceptor - STEP DONE: User set api post request add comments input string url
20:32:37.391 [pool-2-thread-1] DEBUG net.thucydides.core.steps.StepInterceptor - STEP DONE: User send post api request add comments with data input string url
  &amp#27;[32mWhen &amp#27;[0m&amp#27;[32mUser send post api request add comments with data input string url&amp#27;[0m &amp#27;[90m# starter.stepdefinitions.ProductsSteps.userSendPostApiRequestAddCommentsWithDataInputStringUrl()&amp#27;[0m
20:32:37.393 [pool-2-thread-1] DEBUG net.thucydides.core.steps.StepInterceptor - STARTING STEP: ProductsSteps.userReceiveValidGetResponseCodeAddCommentsStringUrl - User receive valid get response code 400 add comments
20:32:37.393 [pool-2-thread-1] DEBUG net.thucydides.core.steps.StepInterceptor - STEP DONE: User receive valid get response code 400 add comments
  &amp#27;[32mThen &amp#27;[0m&amp#27;[32mUser receive valid get response code 400 add comments&amp#27;[0m              &amp#27;[90m# starter.stepdefinitions.ProductsSteps.userReceiveValidGetResponseCodeAddCommentsStringUrl()&amp#27;[0m
20:32:37.394 [pool-2-thread-1] DEBUG net.thucydides.core.steps.StepInterceptor - STARTING STEP: ProductsSteps.userReceiveValidGetResponseBodyErrorInputStringUrl - User receive valid get response body error input string url
20:32:37.399 [pool-2-thread-1] DEBUG net.thucydides.core.steps.StepInterceptor - STEP DONE: User receive valid get response body error input string url
  &amp#27;[32mAnd &amp#27;[0m&amp#27;[32mUser receive valid get response body error input string url&amp#27;[0m         &amp#27;[90m# starter.stepdefinitions.ProductsSteps.userReceiveValidGetResponseBodyErrorInputStringUrl()&amp#27;[0m
20:32:37.400 [pool-2-thread-1] INFO  - 
  _____   ___   ___   _____     ___     _     ___   ___   ___   ___  
 |_   _| | __| / __| |_   _|   | _ \   /_\   / __| / __| | __| |   \ 
   | |   | _|  \__ \   | |     |  _/  / _ \  \__ \ \__ \ | _|  | |) |
   |_|   |___| |___/   |_|     |_|   /_/ \_\ |___/ |___/ |___| |___/ 

Add Comments - Add Comments with input string url
----------------------------------------------------------------------
]]></system-out>
  </testcase>
  <testcase name="Get Comments - Get Comments with url valid" classname="Product" time="0.148">
    <system-out><![CDATA[
Scenario: Get Comments - Get Comments with url valid              &amp#27;[90m# src/test/resources/api/Product.feature:143&amp#27;[0m
20:32:37.407 [pool-2-thread-1] INFO io.cucumber.core.plugin.SerenityReporter - Running feature from file:///Users/jasmine/Documents/alterra-mini-project/src/test/resources/api/Product.feature
20:32:37.407 [pool-2-thread-1] WARN io.cucumber.core.plugin.SerenityReporter - Feature from file:///Users/jasmine/Documents/alterra-mini-project/src/test/resources/api/Product.feature is not under the 'features' directory. Requirements report will not be correctly generated!
20:32:37.408 [pool-2-thread-1] INFO  - 
  _____   ___   ___   _____     ___   _____     _     ___   _____   ___   ___  
 |_   _| | __| / __| |_   _|   / __| |_   _|   /_\   | _ \ |_   _| | __| |   \ 
   | |   | _|  \__ \   | |     \__ \   | |    / _ \  |   /   | |   | _|  | |) |
   |_|   |___| |___/   |_|     |___/   |_|   /_/ \_\ |_|_\   |_|   |___| |___/ 

Get Comments - Get Comments with url valid(product;get-comments---get-comments-with-url-valid)
--------------------------------------------------------------------------------
20:32:37.426 [pool-2-thread-1] DEBUG net.thucydides.core.steps.StepInterceptor - STARTING STEP: ProductsSteps.userSetApiGetRequestCommentsUrlValid - User set api get request comments url valid
20:32:37.426 [pool-2-thread-1] DEBUG net.thucydides.core.steps.StepInterceptor - STEP DONE: User set api get request comments url valid
  &amp#27;[32mGiven &amp#27;[0m&amp#27;[32mUser set api get request comments url valid&amp#27;[0m               &amp#27;[90m# starter.stepdefinitions.ProductsSteps.userSetApiGetRequestCommentsUrlValid()&amp#27;[0m
20:32:37.428 [pool-2-thread-1] DEBUG net.thucydides.core.steps.StepInterceptor - STARTING STEP: ProductsSteps.userSendGETApiRequestCommentsWithUrlValid - User send GET api request comments with url valid
20:32:37.429 [pool-2-thread-1] DEBUG net.thucydides.core.steps.StepInterceptor - STARTING STEP: GetComments.sendRequestUrlCommentsIdFound - User set api get request comments url valid
20:32:37.429 [pool-2-thread-1] DEBUG net.thucydides.core.steps.StepInterceptor - STEP DONE: User set api get request comments url valid
20:32:37.522 [pool-2-thread-1] DEBUG net.thucydides.core.steps.StepInterceptor - STEP DONE: User send GET api request comments with url valid
  &amp#27;[32mWhen &amp#27;[0m&amp#27;[32mUser send GET api request comments with url valid&amp#27;[0m          &amp#27;[90m# starter.stepdefinitions.ProductsSteps.userSendGETApiRequestCommentsWithUrlValid()&amp#27;[0m
20:32:37.524 [pool-2-thread-1] DEBUG net.thucydides.core.steps.StepInterceptor - STARTING STEP: ProductsSteps.userReceiveValidGetResponseCodeComments - User receive valid get response code 200 comments
20:32:37.524 [pool-2-thread-1] DEBUG net.thucydides.core.steps.StepInterceptor - STEP DONE: User receive valid get response code 200 comments
  &amp#27;[32mThen &amp#27;[0m&amp#27;[32mUser receive valid get response code 200 comments&amp#27;[0m          &amp#27;[90m# starter.stepdefinitions.ProductsSteps.userReceiveValidGetResponseCodeComments()&amp#27;[0m
20:32:37.526 [pool-2-thread-1] DEBUG net.thucydides.core.steps.StepInterceptor - STARTING STEP: ProductsSteps.userReceiveValidGetResponseBodyForCommentsUrlValid - User receive valid get response body for comments url valid
20:32:37.548 [pool-2-thread-1] DEBUG net.thucydides.core.steps.StepInterceptor - STEP DONE: User receive valid get response body for comments url valid
  &amp#27;[32mAnd &amp#27;[0m&amp#27;[32mUser receive valid get response body for comments url valid&amp#27;[0m &amp#27;[90m# starter.stepdefinitions.ProductsSteps.userReceiveValidGetResponseBodyForCommentsUrlValid()&amp#27;[0m
20:32:37.549 [pool-2-thread-1] INFO  - 
  _____   ___   ___   _____     ___     _     ___   ___   ___   ___  
 |_   _| | __| / __| |_   _|   | _ \   /_\   / __| / __| | __| |   \ 
   | |   | _|  \__ \   | |     |  _/  / _ \  \__ \ \__ \ | _|  | |) |
   |_|   |___| |___/   |_|     |_|   /_/ \_\ |___/ |___/ |___| |___/ 

Get Comments - Get Comments with url valid
----------------------------------------------------------------------
]]></system-out>
  </testcase>
  <testcase name="Get Comments - Get Comments with url invalid" classname="Product" time="0.143">
    <system-out><![CDATA[
Scenario: Get Comments - Get Comments with url invalid                      &amp#27;[90m# src/test/resources/api/Product.feature:149&amp#27;[0m
20:32:37.556 [pool-2-thread-1] INFO io.cucumber.core.plugin.SerenityReporter - Running feature from file:///Users/jasmine/Documents/alterra-mini-project/src/test/resources/api/Product.feature
20:32:37.556 [pool-2-thread-1] WARN io.cucumber.core.plugin.SerenityReporter - Feature from file:///Users/jasmine/Documents/alterra-mini-project/src/test/resources/api/Product.feature is not under the 'features' directory. Requirements report will not be correctly generated!
20:32:37.556 [pool-2-thread-1] INFO  - 
  _____   ___   ___   _____     ___   _____     _     ___   _____   ___   ___  
 |_   _| | __| / __| |_   _|   / __| |_   _|   /_\   | _ \ |_   _| | __| |   \ 
   | |   | _|  \__ \   | |     \__ \   | |    / _ \  |   /   | |   | _|  | |) |
   |_|   |___| |___/   |_|     |___/   |_|   /_/ \_\ |_|_\   |_|   |___| |___/ 

Get Comments - Get Comments with url invalid(product;get-comments---get-comments-with-url-invalid)
--------------------------------------------------------------------------------
20:32:37.579 [pool-2-thread-1] DEBUG net.thucydides.core.steps.StepInterceptor - STARTING STEP: ProductsSteps.userSetApiGetRequestCommentsUrlInvalid - User set api get request comments url valid
20:32:37.579 [pool-2-thread-1] DEBUG net.thucydides.core.steps.StepInterceptor - STEP DONE: User set api get request comments url valid
  &amp#27;[32mGiven &amp#27;[0m&amp#27;[32mUser set api get request comments url invalid&amp#27;[0m                       &amp#27;[90m# starter.stepdefinitions.ProductsSteps.userSetApiGetRequestCommentsUrlInvalid()&amp#27;[0m
20:32:37.581 [pool-2-thread-1] DEBUG net.thucydides.core.steps.StepInterceptor - STARTING STEP: ProductsSteps.userSendGETApiRequestCommentsWithUrlInvalid - User send GET api request comments with url invalid
20:32:37.581 [pool-2-thread-1] DEBUG net.thucydides.core.steps.StepInterceptor - STARTING STEP: GetComments.sendRequestUrlCommentsIdNotFound - User set api get request comments url valid
20:32:37.581 [pool-2-thread-1] DEBUG net.thucydides.core.steps.StepInterceptor - STEP DONE: User set api get request comments url valid
20:32:37.681 [pool-2-thread-1] DEBUG net.thucydides.core.steps.StepInterceptor - STEP DONE: User send GET api request comments with url invalid
  &amp#27;[32mWhen &amp#27;[0m&amp#27;[32mUser send GET api request comments with url invalid&amp#27;[0m                  &amp#27;[90m# starter.stepdefinitions.ProductsSteps.userSendGETApiRequestCommentsWithUrlInvalid()&amp#27;[0m
20:32:37.684 [pool-2-thread-1] DEBUG net.thucydides.core.steps.StepInterceptor - STARTING STEP: ProductsSteps.userReceiveValidGetResponseCodeComments - User receive valid get response code 200 comments
20:32:37.684 [pool-2-thread-1] DEBUG net.thucydides.core.steps.StepInterceptor - STEP DONE: User receive valid get response code 200 comments
  &amp#27;[32mThen &amp#27;[0m&amp#27;[32mUser receive valid get response code 200 comments&amp#27;[0m                    &amp#27;[90m# starter.stepdefinitions.ProductsSteps.userReceiveValidGetResponseCodeComments()&amp#27;[0m
20:32:37.685 [pool-2-thread-1] DEBUG net.thucydides.core.steps.StepInterceptor - STARTING STEP: ProductsSteps.userReceiveValidGetResponseBodyForCommentsIdOrUrlNotFound - User receive valid get response body for comments id or url not found
20:32:37.691 [pool-2-thread-1] DEBUG net.thucydides.core.steps.StepInterceptor - STEP DONE: User receive valid get response body for comments id or url not found
  &amp#27;[32mAnd &amp#27;[0m&amp#27;[32mUser receive valid get response body for comments id or url not found&amp#27;[0m &amp#27;[90m# starter.stepdefinitions.ProductsSteps.userReceiveValidGetResponseBodyForCommentsIdOrUrlNotFound()&amp#27;[0m
20:32:37.692 [pool-2-thread-1] INFO  - 
  _____   ___   ___   _____     ___     _     ___   ___   ___   ___  
 |_   _| | __| / __| |_   _|   | _ \   /_\   / __| / __| | __| |   \ 
   | |   | _|  \__ \   | |     |  _/  / _ \  \__ \ \__ \ | _|  | |) |
   |_|   |___| |___/   |_|     |_|   /_/ \_\ |___/ |___/ |___| |___/ 

Get Comments - Get Comments with url invalid
----------------------------------------------------------------------
]]></system-out>
  </testcase>
</testsuite>