<?xml version="1.0" encoding="UTF-8"?>
<testsuite xmlns:xsi="http://www.w3.org/2001/XMLSchema-instance" xsi:noNamespaceSchemaLocation="https://maven.apache.org/surefire/maven-failsafe-plugin/xsd/failsafe-test-report-3.0.xsd" version="3.0" name="Order" time="4.285" tests="11" errors="0" skipped="0" failures="0">
  <properties>
    <property name="java.specification.version" value="14"/>
    <property name="sun.jnu.encoding" value="UTF-8"/>
    <property name="java.class.path" value="/Users/jasmine/Documents/alterra-mini-project/target/test-classes:/Users/jasmine/.m2/repository/ch/qos/logback/logback-classic/1.2.3/logback-classic-1.2.3.jar:/Users/jasmine/.m2/repository/ch/qos/logback/logback-core/1.2.3/logback-core-1.2.3.jar:/Users/jasmine/.m2/repository/org/slf4j/slf4j-api/1.7.25/slf4j-api-1.7.25.jar:/Users/jasmine/.m2/repository/net/serenity-bdd/serenity-core/2.4.51/serenity-core-2.4.51.jar:/Users/jasmine/.m2/repository/net/serenity-bdd/serenity-model/2.4.51/serenity-model-2.4.51.jar:/Users/jasmine/.m2/repository/org/apache/commons/commons-text/1.9/commons-text-1.9.jar:/Users/jasmine/.m2/repository/commons-net/commons-net/3.6/commons-net-3.6.jar:/Users/jasmine/.m2/repository/com/google/guava/guava/30.1-jre/guava-30.1-jre.jar:/Users/jasmine/.m2/repository/com/google/guava/failureaccess/1.0.1/failureaccess-1.0.1.jar:/Users/jasmine/.m2/repository/com/google/guava/listenablefuture/9999.0-empty-to-avoid-conflict-with-guava/listenablefuture-9999.0-empty-to-avoid-conflict-with-guava.jar:/Users/jasmine/.m2/repository/com/google/code/findbugs/jsr305/3.0.2/jsr305-3.0.2.jar:/Users/jasmine/.m2/repository/org/checkerframework/checker-qual/3.5.0/checker-qual-3.5.0.jar:/Users/jasmine/.m2/repository/com/google/errorprone/error_prone_annotations/2.3.4/error_prone_annotations-2.3.4.jar:/Users/jasmine/.m2/repository/com/google/j2objc/j2objc-annotations/1.3/j2objc-annotations-1.3.jar:/Users/jasmine/.m2/repository/com/google/inject/guice/5.0.1/guice-5.0.1.jar:/Users/jasmine/.m2/repository/javax/inject/javax.inject/1/javax.inject-1.jar:/Users/jasmine/.m2/repository/aopalliance/aopalliance/1.0/aopalliance-1.0.jar:/Users/jasmine/.m2/repository/org/jsoup/jsoup/1.13.1/jsoup-1.13.1.jar:/Users/jasmine/.m2/repository/com/thoughtworks/xstream/xstream/1.4.17/xstream-1.4.17.jar:/Users/jasmine/.m2/repository/io/github/x-stream/mxparser/1.2.1/mxparser-1.2.1.jar:/Users/jasmine/.m2/repository/xmlpull/xmlpull/1.1.3.1/xmlpull-1.1.3.1.jar:/Users/jasmine/.m2/repository/io/cucumber/cucumber-core/6.10.2/cucumber-core-6.10.2.jar:/Users/jasmine/.m2/repository/io/cucumber/cucumber-gherkin/6.10.2/cucumber-gherkin-6.10.2.jar:/Users/jasmine/.m2/repository/io/cucumber/cucumber-gherkin-messages/6.10.2/cucumber-gherkin-messages-6.10.2.jar:/Users/jasmine/.m2/repository/io/cucumber/messages/14.0.1/messages-14.0.1.jar:/Users/jasmine/.m2/repository/io/cucumber/tag-expressions/3.0.0/tag-expressions-3.0.0.jar:/Users/jasmine/.m2/repository/io/cucumber/cucumber-expressions/10.3.0/cucumber-expressions-10.3.0.jar:/Users/jasmine/.m2/repository/io/cucumber/cucumber-plugin/6.10.2/cucumber-plugin-6.10.2.jar:/Users/jasmine/.m2/repository/io/cucumber/docstring/6.10.2/docstring-6.10.2.jar:/Users/jasmine/.m2/repository/io/cucumber/html-formatter/12.0.0/html-formatter-12.0.0.jar:/Users/jasmine/.m2/repository/io/cucumber/create-meta/3.0.0/create-meta-3.0.0.jar:/Users/jasmine/.m2/repository/com/typesafe/config/1.3.1/config-1.3.1.jar:/Users/jasmine/.m2/repository/org/imgscalr/imgscalr-lib/4.2/imgscalr-lib-4.2.jar:/Users/jasmine/.m2/repository/org/awaitility/awaitility/4.0.3/awaitility-4.0.3.jar:/Users/jasmine/.m2/repository/org/freemarker/freemarker/2.3.29/freemarker-2.3.29.jar:/Users/jasmine/.m2/repository/net/sourceforge/jexcelapi/jxl/2.6.12/jxl-2.6.12.jar:/Users/jasmine/.m2/repository/org/asciidoctor/asciidoctorj/2.5.1/asciidoctorj-2.5.1.jar:/Users/jasmine/.m2/repository/org/asciidoctor/asciidoctorj-api/2.5.1/asciidoctorj-api-2.5.1.jar:/Users/jasmine/.m2/repository/org/jruby/jruby/9.2.17.0/jruby-9.2.17.0.jar:/Users/jasmine/.m2/repository/org/jruby/jruby-core/9.2.17.0/jruby-core-9.2.17.0.jar:/Users/jasmine/.m2/repository/com/github/jnr/jnr-netdb/1.2.0/jnr-netdb-1.2.0.jar:/Users/jasmine/.m2/repository/com/github/jnr/jnr-enxio/0.32.3/jnr-enxio-0.32.3.jar:/Users/jasmine/.m2/repository/com/github/jnr/jnr-unixsocket/0.38.5/jnr-unixsocket-0.38.5.jar:/Users/jasmine/.m2/repository/com/github/jnr/jnr-posix/3.1.4/jnr-posix-3.1.4.jar:/Users/jasmine/.m2/repository/com/github/jnr/jnr-constants/0.10.1/jnr-constants-0.10.1.jar:/Users/jasmine/.m2/repository/com/github/jnr/jffi/1.3.1/jffi-1.3.1.jar:/Users/jasmine/.m2/repository/com/github/jnr/jffi/1.3.1/jffi-1.3.1-native.jar:/Users/jasmine/.m2/repository/org/jruby/joni/joni/2.1.31/joni-2.1.31.jar:/Users/jasmine/.m2/repository/org/jruby/jcodings/jcodings/1.0.46/jcodings-1.0.46.jar:/Users/jasmine/.m2/repository/org/jruby/dirgra/0.3/dirgra-0.3.jar:/Users/jasmine/.m2/repository/com/headius/invokebinder/1.11/invokebinder-1.11.jar:/Users/jasmine/.m2/repository/com/headius/options/1.4/options-1.4.jar:/Users/jasmine/.m2/repository/com/jcraft/jzlib/1.1.3/jzlib-1.1.3.jar:/Users/jasmine/.m2/repository/com/martiansoftware/nailgun-server/0.9.1/nailgun-server-0.9.1.jar:/Users/jasmine/.m2/repository/com/headius/backport9/1.8/backport9-1.8.jar:/Users/jasmine/.m2/repository/javax/annotation/javax.annotation-api/1.3.1/javax.annotation-api-1.3.1.jar:/Users/jasmine/.m2/repository/org/jruby/jruby-stdlib/9.2.17.0/jruby-stdlib-9.2.17.0.jar:/Users/jasmine/.m2/repository/net/bytebuddy/byte-buddy/1.11.1/byte-buddy-1.11.1.jar:/Users/jasmine/.m2/repository/net/bytebuddy/byte-buddy-agent/1.11.1/byte-buddy-agent-1.11.1.jar:/Users/jasmine/.m2/repository/org/objenesis/objenesis/3.1/objenesis-3.1.jar:/Users/jasmine/.m2/repository/net/serenity-bdd/serenity-reports/2.4.51/serenity-reports-2.4.51.jar:/Users/jasmine/.m2/repository/net/serenity-bdd/serenity-stats/2.4.51/serenity-stats-2.4.51.jar:/Users/jasmine/.m2/repository/org/jetbrains/kotlin/kotlin-stdlib/1.5.0/kotlin-stdlib-1.5.0.jar:/Users/jasmine/.m2/repository/org/jetbrains/annotations/13.0/annotations-13.0.jar:/Users/jasmine/.m2/repository/org/jetbrains/kotlin/kotlin-stdlib-common/1.5.0/kotlin-stdlib-common-1.5.0.jar:/Users/jasmine/.m2/repository/net/serenity-bdd/serenity-reports-configuration/2.4.51/serenity-reports-configuration-2.4.51.jar:/Users/jasmine/.m2/repository/com/vladsch/flexmark/flexmark-all/0.34.30/flexmark-all-0.34.30.jar:/Users/jasmine/.m2/repository/com/vladsch/flexmark/flexmark/0.34.30/flexmark-0.34.30.jar:/Users/jasmine/.m2/repository/com/vladsch/flexmark/flexmark-ext-abbreviation/0.34.30/flexmark-ext-abbreviation-0.34.30.jar:/Users/jasmine/.m2/repository/com/vladsch/flexmark/flexmark-ext-admonition/0.34.30/flexmark-ext-admonition-0.34.30.jar:/Users/jasmine/.m2/repository/com/vladsch/flexmark/flexmark-ext-anchorlink/0.34.30/flexmark-ext-anchorlink-0.34.30.jar:/Users/jasmine/.m2/repository/com/vladsch/flexmark/flexmark-ext-aside/0.34.30/flexmark-ext-aside-0.34.30.jar:/Users/jasmine/.m2/repository/com/vladsch/flexmark/flexmark-ext-attributes/0.34.30/flexmark-ext-attributes-0.34.30.jar:/Users/jasmine/.m2/repository/com/vladsch/flexmark/flexmark-ext-autolink/0.34.30/flexmark-ext-autolink-0.34.30.jar:/Users/jasmine/.m2/repository/org/nibor/autolink/autolink/0.6.0/autolink-0.6.0.jar:/Users/jasmine/.m2/repository/com/vladsch/flexmark/flexmark-ext-definition/0.34.30/flexmark-ext-definition-0.34.30.jar:/Users/jasmine/.m2/repository/com/vladsch/flexmark/flexmark-ext-emoji/0.34.30/flexmark-ext-emoji-0.34.30.jar:/Users/jasmine/.m2/repository/com/vladsch/flexmark/flexmark-ext-enumerated-reference/0.34.30/flexmark-ext-enumerated-reference-0.34.30.jar:/Users/jasmine/.m2/repository/com/vladsch/flexmark/flexmark-ext-escaped-character/0.34.30/flexmark-ext-escaped-character-0.34.30.jar:/Users/jasmine/.m2/repository/com/vladsch/flexmark/flexmark-ext-footnotes/0.34.30/flexmark-ext-footnotes-0.34.30.jar:/Users/jasmine/.m2/repository/com/vladsch/flexmark/flexmark-ext-gfm-issues/0.34.30/flexmark-ext-gfm-issues-0.34.30.jar:/Users/jasmine/.m2/repository/com/vladsch/flexmark/flexmark-ext-gfm-strikethrough/0.34.30/flexmark-ext-gfm-strikethrough-0.34.30.jar:/Users/jasmine/.m2/repository/com/vladsch/flexmark/flexmark-ext-gfm-tables/0.34.30/flexmark-ext-gfm-tables-0.34.30.jar:/Users/jasmine/.m2/repository/com/vladsch/flexmark/flexmark-ext-gfm-tasklist/0.34.30/flexmark-ext-gfm-tasklist-0.34.30.jar:/Users/jasmine/.m2/repository/com/vladsch/flexmark/flexmark-ext-gfm-users/0.34.30/flexmark-ext-gfm-users-0.34.30.jar:/Users/jasmine/.m2/repository/com/vladsch/flexmark/flexmark-ext-gitlab/0.34.30/flexmark-ext-gitlab-0.34.30.jar:/Users/jasmine/.m2/repository/com/vladsch/flexmark/flexmark-ext-jekyll-front-matter/0.34.30/flexmark-ext-jekyll-front-matter-0.34.30.jar:/Users/jasmine/.m2/repository/com/vladsch/flexmark/flexmark-ext-jekyll-tag/0.34.30/flexmark-ext-jekyll-tag-0.34.30.jar:/Users/jasmine/.m2/repository/com/vladsch/flexmark/flexmark-ext-media-tags/0.34.30/flexmark-ext-media-tags-0.34.30.jar:/Users/jasmine/.m2/repository/com/vladsch/flexmark/flexmark-test-util/0.34.30/flexmark-test-util-0.34.30.jar:/Users/jasmine/.m2/repository/com/vladsch/flexmark/flexmark-ext-ins/0.34.30/flexmark-ext-ins-0.34.30.jar:/Users/jasmine/.m2/repository/com/vladsch/flexmark/flexmark-ext-xwiki-macros/0.34.30/flexmark-ext-xwiki-macros-0.34.30.jar:/Users/jasmine/.m2/repository/com/vladsch/flexmark/flexmark-ext-superscript/0.34.30/flexmark-ext-superscript-0.34.30.jar:/Users/jasmine/.m2/repository/com/vladsch/flexmark/flexmark-ext-tables/0.34.30/flexmark-ext-tables-0.34.30.jar:/Users/jasmine/.m2/repository/com/vladsch/flexmark/flexmark-ext-toc/0.34.30/flexmark-ext-toc-0.34.30.jar:/Users/jasmine/.m2/repository/com/vladsch/flexmark/flexmark-ext-typographic/0.34.30/flexmark-ext-typographic-0.34.30.jar:/Users/jasmine/.m2/repository/com/vladsch/flexmark/flexmark-ext-wikilink/0.34.30/flexmark-ext-wikilink-0.34.30.jar:/Users/jasmine/.m2/repository/com/vladsch/flexmark/flexmark-ext-yaml-front-matter/0.34.30/flexmark-ext-yaml-front-matter-0.34.30.jar:/Users/jasmine/.m2/repository/com/vladsch/flexmark/flexmark-ext-youtube-embedded/0.34.30/flexmark-ext-youtube-embedded-0.34.30.jar:/Users/jasmine/.m2/repository/com/vladsch/flexmark/flexmark-formatter/0.34.30/flexmark-formatter-0.34.30.jar:/Users/jasmine/.m2/repository/com/vladsch/flexmark/flexmark-html-parser/0.34.30/flexmark-html-parser-0.34.30.jar:/Users/jasmine/.m2/repository/com/vladsch/flexmark/flexmark-jira-converter/0.34.30/flexmark-jira-converter-0.34.30.jar:/Users/jasmine/.m2/repository/com/vladsch/flexmark/flexmark-pdf-converter/0.34.30/flexmark-pdf-converter-0.34.30.jar:/Users/jasmine/.m2/repository/com/openhtmltopdf/openhtmltopdf-core/0.0.1-RC13/openhtmltopdf-core-0.0.1-RC13.jar:/Users/jasmine/.m2/repository/com/openhtmltopdf/openhtmltopdf-pdfbox/0.0.1-RC13/openhtmltopdf-pdfbox-0.0.1-RC13.jar:/Users/jasmine/.m2/repository/org/apache/pdfbox/pdfbox/2.0.8/pdfbox-2.0.8.jar:/Users/jasmine/.m2/repository/org/apache/pdfbox/fontbox/2.0.8/fontbox-2.0.8.jar:/Users/jasmine/.m2/repository/org/apache/pdfbox/xmpbox/2.0.8/xmpbox-2.0.8.jar:/Users/jasmine/.m2/repository/de/rototor/pdfbox/graphics2d/0.12/graphics2d-0.12.jar:/Users/jasmine/.m2/repository/com/openhtmltopdf/openhtmltopdf-rtl-support/0.0.1-RC13/openhtmltopdf-rtl-support-0.0.1-RC13.jar:/Users/jasmine/.m2/repository/com/ibm/icu/icu4j/59.1/icu4j-59.1.jar:/Users/jasmine/.m2/repository/com/openhtmltopdf/openhtmltopdf-jsoup-dom-converter/0.0.1-RC13/openhtmltopdf-jsoup-dom-converter-0.0.1-RC13.jar:/Users/jasmine/.m2/repository/com/vladsch/flexmark/flexmark-profile-pegdown/0.34.30/flexmark-profile-pegdown-0.34.30.jar:/Users/jasmine/.m2/repository/com/vladsch/flexmark/flexmark-util/0.34.30/flexmark-util-0.34.30.jar:/Users/jasmine/.m2/repository/com/vladsch/flexmark/flexmark-youtrack-converter/0.34.30/flexmark-youtrack-converter-0.34.30.jar:/Users/jasmine/.m2/repository/es/nitaur/markdown/txtmark/0.16/txtmark-0.16.jar:/Users/jasmine/.m2/repository/net/serenity-bdd/serenity-report-resources/2.4.51/serenity-report-resources-2.4.51.jar:/Users/jasmine/.m2/repository/com/google/code/gson/gson/2.8.7/gson-2.8.7.jar:/Users/jasmine/.m2/repository/com/fasterxml/jackson/core/jackson-core/2.12.4/jackson-core-2.12.4.jar:/Users/jasmine/.m2/repository/com/fasterxml/jackson/core/jackson-databind/2.12.4/jackson-databind-2.12.4.jar:/Users/jasmine/.m2/repository/com/fasterxml/jackson/core/jackson-annotations/2.12.4/jackson-annotations-2.12.4.jar:/Users/jasmine/.m2/repository/commons-codec/commons-codec/1.15/commons-codec-1.15.jar:/Users/jasmine/.m2/repository/commons-io/commons-io/2.8.0/commons-io-2.8.0.jar:/Users/jasmine/.m2/repository/org/seleniumhq/selenium/selenium-server/3.141.59/selenium-server-3.141.59.jar:/Users/jasmine/.m2/repository/org/seleniumhq/selenium/selenium-opera-driver/3.141.59/selenium-opera-driver-3.141.59.jar:/Users/jasmine/.m2/repository/org/seleniumhq/selenium/selenium-remote-driver/3.141.59/selenium-remote-driver-3.141.59.jar:/Users/jasmine/.m2/repository/org/seleniumhq/selenium/selenium-safari-driver/3.141.59/selenium-safari-driver-3.141.59.jar:/Users/jasmine/.m2/repository/com/beust/jcommander/1.72/jcommander-1.72.jar:/Users/jasmine/.m2/repository/org/apache/commons/commons-exec/1.3/commons-exec-1.3.jar:/Users/jasmine/.m2/repository/net/jcip/jcip-annotations/1.0/jcip-annotations-1.0.jar:/Users/jasmine/.m2/repository/org/seleniumhq/selenium/jetty-repacked/9.4.12.v20180830/jetty-repacked-9.4.12.v20180830.jar:/Users/jasmine/.m2/repository/com/squareup/okhttp3/okhttp/3.11.0/okhttp-3.11.0.jar:/Users/jasmine/.m2/repository/com/squareup/okio/okio/1.14.0/okio-1.14.0.jar:/Users/jasmine/.m2/repository/javax/servlet/javax.servlet-api/3.1.0/javax.servlet-api-3.1.0.jar:/Users/jasmine/.m2/repository/org/yaml/snakeyaml/1.19/snakeyaml-1.19.jar:/Users/jasmine/.m2/repository/org/seleniumhq/selenium/selenium-java/3.141.59/selenium-java-3.141.59.jar:/Users/jasmine/.m2/repository/org/seleniumhq/selenium/selenium-api/3.141.59/selenium-api-3.141.59.jar:/Users/jasmine/.m2/repository/org/seleniumhq/selenium/selenium-support/3.141.59/selenium-support-3.141.59.jar:/Users/jasmine/.m2/repository/org/seleniumhq/selenium/selenium-chrome-driver/3.141.59/selenium-chrome-driver-3.141.59.jar:/Users/jasmine/.m2/repository/org/seleniumhq/selenium/selenium-firefox-driver/3.141.59/selenium-firefox-driver-3.141.59.jar:/Users/jasmine/.m2/repository/org/seleniumhq/selenium/selenium-edge-driver/3.141.59/selenium-edge-driver-3.141.59.jar:/Users/jasmine/.m2/repository/org/seleniumhq/selenium/selenium-ie-driver/3.141.59/selenium-ie-driver-3.141.59.jar:/Users/jasmine/.m2/repository/net/sourceforge/htmlunit/htmlunit/2.47.1/htmlunit-2.47.1.jar:/Users/jasmine/.m2/repository/xalan/xalan/2.7.2/xalan-2.7.2.jar:/Users/jasmine/.m2/repository/xalan/serializer/2.7.2/serializer-2.7.2.jar:/Users/jasmine/.m2/repository/net/sourceforge/htmlunit/htmlunit-core-js/2.47.0/htmlunit-core-js-2.47.0.jar:/Users/jasmine/.m2/repository/net/sourceforge/htmlunit/neko-htmlunit/2.47.1/neko-htmlunit-2.47.1.jar:/Users/jasmine/.m2/repository/xerces/xercesImpl/2.12.0/xercesImpl-2.12.0.jar:/Users/jasmine/.m2/repository/xml-apis/xml-apis/1.4.01/xml-apis-1.4.01.jar:/Users/jasmine/.m2/repository/net/sourceforge/htmlunit/htmlunit-cssparser/1.7.0/htmlunit-cssparser-1.7.0.jar:/Users/jasmine/.m2/repository/org/brotli/dec/0.1.2/dec-0.1.2.jar:/Users/jasmine/.m2/repository/com/shapesecurity/salvation2/3.0.0/salvation2-3.0.0.jar:/Users/jasmine/.m2/repository/org/eclipse/jetty/websocket/websocket-client/9.4.36.v20210114/websocket-client-9.4.36.v20210114.jar:/Users/jasmine/.m2/repository/org/eclipse/jetty/jetty-client/9.4.36.v20210114/jetty-client-9.4.36.v20210114.jar:/Users/jasmine/.m2/repository/org/eclipse/jetty/jetty-http/9.4.36.v20210114/jetty-http-9.4.36.v20210114.jar:/Users/jasmine/.m2/repository/org/eclipse/jetty/jetty-util/9.4.36.v20210114/jetty-util-9.4.36.v20210114.jar:/Users/jasmine/.m2/repository/org/eclipse/jetty/jetty-io/9.4.36.v20210114/jetty-io-9.4.36.v20210114.jar:/Users/jasmine/.m2/repository/org/eclipse/jetty/websocket/websocket-common/9.4.36.v20210114/websocket-common-9.4.36.v20210114.jar:/Users/jasmine/.m2/repository/org/eclipse/jetty/websocket/websocket-api/9.4.36.v20210114/websocket-api-9.4.36.v20210114.jar:/Users/jasmine/.m2/repository/org/projectlombok/lombok/1.18.20/lombok-1.18.20.jar:/Users/jasmine/.m2/repository/org/seleniumhq/selenium/htmlunit-driver/2.47.1/htmlunit-driver-2.47.1.jar:/Users/jasmine/.m2/repository/com/codeborne/phantomjsdriver/1.4.4/phantomjsdriver-1.4.4.jar:/Users/jasmine/.m2/repository/io/appium/java-client/7.5.1/java-client-7.5.1.jar:/Users/jasmine/.m2/repository/commons-validator/commons-validator/1.7/commons-validator-1.7.jar:/Users/jasmine/.m2/repository/commons-digester/commons-digester/2.1/commons-digester-2.1.jar:/Users/jasmine/.m2/repository/org/aspectj/aspectjweaver/1.9.6/aspectjweaver-1.9.6.jar:/Users/jasmine/.m2/repository/net/sf/opencsv/opencsv/2.0/opencsv-2.0.jar:/Users/jasmine/.m2/repository/commons-beanutils/commons-beanutils/1.9.4/commons-beanutils-1.9.4.jar:/Users/jasmine/.m2/repository/org/apache/commons/commons-lang3/3.11/commons-lang3-3.11.jar:/Users/jasmine/.m2/repository/commons-collections/commons-collections/3.2.2/commons-collections-3.2.2.jar:/Users/jasmine/.m2/repository/org/fluentlenium/fluentlenium-core/0.10.2/fluentlenium-core-0.10.2.jar:/Users/jasmine/.m2/repository/io/github/bonigarcia/webdrivermanager/4.4.1/webdrivermanager-4.4.1.jar:/Users/jasmine/.m2/repository/org/apache/httpcomponents/client5/httpclient5/5.0.3/httpclient5-5.0.3.jar:/Users/jasmine/.m2/repository/org/apache/httpcomponents/core5/httpcore5/5.0.2/httpcore5-5.0.2.jar:/Users/jasmine/.m2/repository/org/apache/httpcomponents/core5/httpcore5-h2/5.0.2/httpcore5-h2-5.0.2.jar:/Users/jasmine/.m2/repository/org/rauschig/jarchivelib/1.1.0/jarchivelib-1.1.0.jar:/Users/jasmine/.m2/repository/org/apache/commons/commons-compress/1.20/commons-compress-1.20.jar:/Users/jasmine/.m2/repository/com/jhlabs/filters/2.0.235/filters-2.0.235.jar:/Users/jasmine/.m2/repository/com/paulhammant/ngwebdriver/1.1.5/ngwebdriver-1.1.5.jar:/Users/jasmine/.m2/repository/joda-time/joda-time/2.8.2/joda-time-2.8.2.jar:/Users/jasmine/.m2/repository/com/google/jimfs/jimfs/1.1/jimfs-1.1.jar:/Users/jasmine/.m2/repository/org/mockito/mockito-core/3.3.3/mockito-core-3.3.3.jar:/Users/jasmine/.m2/repository/javax/xml/bind/jaxb-api/2.3.1/jaxb-api-2.3.1.jar:/Users/jasmine/.m2/repository/javax/activation/javax.activation-api/1.2.0/javax.activation-api-1.2.0.jar:/Users/jasmine/.m2/repository/com/sun/xml/bind/jaxb-core/2.3.0.1/jaxb-core-2.3.0.1.jar:/Users/jasmine/.m2/repository/com/sun/xml/bind/jaxb-impl/2.3.3/jaxb-impl-2.3.3.jar:/Users/jasmine/.m2/repository/com/sun/activation/jakarta.activation/1.2.2/jakarta.activation-1.2.2.jar:/Users/jasmine/.m2/repository/javax/activation/activation/1.1.1/activation-1.1.1.jar:/Users/jasmine/.m2/repository/net/serenity-bdd/serenity-junit/2.4.51/serenity-junit-2.4.51.jar:/Users/jasmine/.m2/repository/com/googlecode/json-simple/json-simple/1.1.1/json-simple-1.1.1.jar:/Users/jasmine/.m2/repository/net/serenity-bdd/serenity-rest-assured/2.4.51/serenity-rest-assured-2.4.51.jar:/Users/jasmine/.m2/repository/org/codehaus/groovy/groovy-json/3.0.8/groovy-json-3.0.8.jar:/Users/jasmine/.m2/repository/org/opentest4j/opentest4j/1.2.0/opentest4j-1.2.0.jar:/Users/jasmine/.m2/repository/net/serenity-bdd/serenity-screenplay/2.4.51/serenity-screenplay-2.4.51.jar:/Users/jasmine/.m2/repository/net/serenity-bdd/serenity-screenplay-rest/2.4.51/serenity-screenplay-rest-2.4.51.jar:/Users/jasmine/.m2/repository/net/serenity-bdd/serenity-cucumber6/2.4.51/serenity-cucumber6-2.4.51.jar:/Users/jasmine/.m2/repository/net/serenity-bdd/serenity-screenplay-webdriver/2.4.51/serenity-screenplay-webdriver-2.4.51.jar:/Users/jasmine/.m2/repository/io/cucumber/cucumber-java/6.10.4/cucumber-java-6.10.4.jar:/Users/jasmine/.m2/repository/org/apiguardian/apiguardian-api/1.1.1/apiguardian-api-1.1.1.jar:/Users/jasmine/.m2/repository/io/cucumber/cucumber-junit/6.10.4/cucumber-junit-6.10.4.jar:/Users/jasmine/.m2/repository/io/cucumber/datatable-matchers/3.4.0/datatable-matchers-3.4.0.jar:/Users/jasmine/.m2/repository/io/cucumber/datatable/3.4.0/datatable-3.4.0.jar:/Users/jasmine/.m2/repository/commons-logging/commons-logging/1.2/commons-logging-1.2.jar:/Users/jasmine/.m2/repository/org/apache/commons/commons-csv/1.5/commons-csv-1.5.jar:/Users/jasmine/.m2/repository/com/github/javafaker/javafaker/1.0.2/javafaker-1.0.2.jar:/Users/jasmine/.m2/repository/org/yaml/snakeyaml/1.23/snakeyaml-1.23-android.jar:/Users/jasmine/.m2/repository/com/github/mifmif/generex/1.0.2/generex-1.0.2.jar:/Users/jasmine/.m2/repository/dk/brics/automaton/automaton/1.11-8/automaton-1.11-8.jar:/Users/jasmine/.m2/repository/io/rest-assured/rest-assured/4.3.2/rest-assured-4.3.2.jar:/Users/jasmine/.m2/repository/org/apache/httpcomponents/httpclient/4.5.3/httpclient-4.5.3.jar:/Users/jasmine/.m2/repository/org/apache/httpcomponents/httpcore/4.4.6/httpcore-4.4.6.jar:/Users/jasmine/.m2/repository/org/apache/httpcomponents/httpmime/4.5.3/httpmime-4.5.3.jar:/Users/jasmine/.m2/repository/org/ccil/cowan/tagsoup/tagsoup/1.2.1/tagsoup-1.2.1.jar:/Users/jasmine/.m2/repository/io/rest-assured/json-path/4.3.3/json-path-4.3.3.jar:/Users/jasmine/.m2/repository/io/rest-assured/rest-assured-common/4.3.3/rest-assured-common-4.3.3.jar:/Users/jasmine/.m2/repository/io/rest-assured/xml-path/4.3.3/xml-path-4.3.3.jar:/Users/jasmine/.m2/repository/jakarta/xml/bind/jakarta.xml.bind-api/2.3.3/jakarta.xml.bind-api-2.3.3.jar:/Users/jasmine/.m2/repository/jakarta/activation/jakarta.activation-api/1.2.2/jakarta.activation-api-1.2.2.jar:/Users/jasmine/.m2/repository/org/codehaus/groovy/groovy/3.0.6/groovy-3.0.6.jar:/Users/jasmine/.m2/repository/org/codehaus/groovy/groovy-xml/3.0.6/groovy-xml-3.0.6.jar:/Users/jasmine/.m2/repository/junit/junit/4.13.1/junit-4.13.1.jar:/Users/jasmine/.m2/repository/org/hamcrest/hamcrest-core/1.3/hamcrest-core-1.3.jar:/Users/jasmine/.m2/repository/org/assertj/assertj-core/3.6.2/assertj-core-3.6.2.jar:/Users/jasmine/.m2/repository/org/hamcrest/hamcrest/2.2/hamcrest-2.2.jar:/Users/jasmine/.m2/repository/org/json/json/20210307/json-20210307.jar:"/>
    <property name="java.vm.vendor" value="Oracle Corporation"/>
    <property name="sun.arch.data.model" value="64"/>
    <property name="java.vendor.url" value="https://openjdk.java.net/"/>
    <property name="user.timezone" value="Asia/Jakarta"/>
    <property name="os.name" value="Mac OS X"/>
    <property name="java.vm.specification.version" value="14"/>
    <property name="sun.java.launcher" value="SUN_STANDARD"/>
    <property name="user.country" value="ID"/>
    <property name="sun.boot.library.path" value="/usr/local/Cellar/openjdk/14.0.1/libexec/openjdk.jdk/Contents/Home/lib"/>
    <property name="sun.java.command" value="org.apache.maven.surefire.booter.ForkedBooter /Users/jasmine/Documents/alterra-mini-project/target/surefire 2023-05-10T20-32-12_187-jvmRun1 surefire6824271557621672016tmp surefire_08340428107149342152tmp"/>
    <property name="http.nonProxyHosts" value="local|*.local|169.254/16|*.169.254/16"/>
    <property name="jdk.debug" value="release"/>
    <property name="surefire.test.class.path" value="/Users/jasmine/Documents/alterra-mini-project/target/test-classes:/Users/jasmine/.m2/repository/ch/qos/logback/logback-classic/1.2.3/logback-classic-1.2.3.jar:/Users/jasmine/.m2/repository/ch/qos/logback/logback-core/1.2.3/logback-core-1.2.3.jar:/Users/jasmine/.m2/repository/org/slf4j/slf4j-api/1.7.25/slf4j-api-1.7.25.jar:/Users/jasmine/.m2/repository/net/serenity-bdd/serenity-core/2.4.51/serenity-core-2.4.51.jar:/Users/jasmine/.m2/repository/net/serenity-bdd/serenity-model/2.4.51/serenity-model-2.4.51.jar:/Users/jasmine/.m2/repository/org/apache/commons/commons-text/1.9/commons-text-1.9.jar:/Users/jasmine/.m2/repository/commons-net/commons-net/3.6/commons-net-3.6.jar:/Users/jasmine/.m2/repository/com/google/guava/guava/30.1-jre/guava-30.1-jre.jar:/Users/jasmine/.m2/repository/com/google/guava/failureaccess/1.0.1/failureaccess-1.0.1.jar:/Users/jasmine/.m2/repository/com/google/guava/listenablefuture/9999.0-empty-to-avoid-conflict-with-guava/listenablefuture-9999.0-empty-to-avoid-conflict-with-guava.jar:/Users/jasmine/.m2/repository/com/google/code/findbugs/jsr305/3.0.2/jsr305-3.0.2.jar:/Users/jasmine/.m2/repository/org/checkerframework/checker-qual/3.5.0/checker-qual-3.5.0.jar:/Users/jasmine/.m2/repository/com/google/errorprone/error_prone_annotations/2.3.4/error_prone_annotations-2.3.4.jar:/Users/jasmine/.m2/repository/com/google/j2objc/j2objc-annotations/1.3/j2objc-annotations-1.3.jar:/Users/jasmine/.m2/repository/com/google/inject/guice/5.0.1/guice-5.0.1.jar:/Users/jasmine/.m2/repository/javax/inject/javax.inject/1/javax.inject-1.jar:/Users/jasmine/.m2/repository/aopalliance/aopalliance/1.0/aopalliance-1.0.jar:/Users/jasmine/.m2/repository/org/jsoup/jsoup/1.13.1/jsoup-1.13.1.jar:/Users/jasmine/.m2/repository/com/thoughtworks/xstream/xstream/1.4.17/xstream-1.4.17.jar:/Users/jasmine/.m2/repository/io/github/x-stream/mxparser/1.2.1/mxparser-1.2.1.jar:/Users/jasmine/.m2/repository/xmlpull/xmlpull/1.1.3.1/xmlpull-1.1.3.1.jar:/Users/jasmine/.m2/repository/io/cucumber/cucumber-core/6.10.2/cucumber-core-6.10.2.jar:/Users/jasmine/.m2/repository/io/cucumber/cucumber-gherkin/6.10.2/cucumber-gherkin-6.10.2.jar:/Users/jasmine/.m2/repository/io/cucumber/cucumber-gherkin-messages/6.10.2/cucumber-gherkin-messages-6.10.2.jar:/Users/jasmine/.m2/repository/io/cucumber/messages/14.0.1/messages-14.0.1.jar:/Users/jasmine/.m2/repository/io/cucumber/tag-expressions/3.0.0/tag-expressions-3.0.0.jar:/Users/jasmine/.m2/repository/io/cucumber/cucumber-expressions/10.3.0/cucumber-expressions-10.3.0.jar:/Users/jasmine/.m2/repository/io/cucumber/cucumber-plugin/6.10.2/cucumber-plugin-6.10.2.jar:/Users/jasmine/.m2/repository/io/cucumber/docstring/6.10.2/docstring-6.10.2.jar:/Users/jasmine/.m2/repository/io/cucumber/html-formatter/12.0.0/html-formatter-12.0.0.jar:/Users/jasmine/.m2/repository/io/cucumber/create-meta/3.0.0/create-meta-3.0.0.jar:/Users/jasmine/.m2/repository/com/typesafe/config/1.3.1/config-1.3.1.jar:/Users/jasmine/.m2/repository/org/imgscalr/imgscalr-lib/4.2/imgscalr-lib-4.2.jar:/Users/jasmine/.m2/repository/org/awaitility/awaitility/4.0.3/awaitility-4.0.3.jar:/Users/jasmine/.m2/repository/org/freemarker/freemarker/2.3.29/freemarker-2.3.29.jar:/Users/jasmine/.m2/repository/net/sourceforge/jexcelapi/jxl/2.6.12/jxl-2.6.12.jar:/Users/jasmine/.m2/repository/org/asciidoctor/asciidoctorj/2.5.1/asciidoctorj-2.5.1.jar:/Users/jasmine/.m2/repository/org/asciidoctor/asciidoctorj-api/2.5.1/asciidoctorj-api-2.5.1.jar:/Users/jasmine/.m2/repository/org/jruby/jruby/9.2.17.0/jruby-9.2.17.0.jar:/Users/jasmine/.m2/repository/org/jruby/jruby-core/9.2.17.0/jruby-core-9.2.17.0.jar:/Users/jasmine/.m2/repository/com/github/jnr/jnr-netdb/1.2.0/jnr-netdb-1.2.0.jar:/Users/jasmine/.m2/repository/com/github/jnr/jnr-enxio/0.32.3/jnr-enxio-0.32.3.jar:/Users/jasmine/.m2/repository/com/github/jnr/jnr-unixsocket/0.38.5/jnr-unixsocket-0.38.5.jar:/Users/jasmine/.m2/repository/com/github/jnr/jnr-posix/3.1.4/jnr-posix-3.1.4.jar:/Users/jasmine/.m2/repository/com/github/jnr/jnr-constants/0.10.1/jnr-constants-0.10.1.jar:/Users/jasmine/.m2/repository/com/github/jnr/jffi/1.3.1/jffi-1.3.1.jar:/Users/jasmine/.m2/repository/com/github/jnr/jffi/1.3.1/jffi-1.3.1-native.jar:/Users/jasmine/.m2/repository/org/jruby/joni/joni/2.1.31/joni-2.1.31.jar:/Users/jasmine/.m2/repository/org/jruby/jcodings/jcodings/1.0.46/jcodings-1.0.46.jar:/Users/jasmine/.m2/repository/org/jruby/dirgra/0.3/dirgra-0.3.jar:/Users/jasmine/.m2/repository/com/headius/invokebinder/1.11/invokebinder-1.11.jar:/Users/jasmine/.m2/repository/com/headius/options/1.4/options-1.4.jar:/Users/jasmine/.m2/repository/com/jcraft/jzlib/1.1.3/jzlib-1.1.3.jar:/Users/jasmine/.m2/repository/com/martiansoftware/nailgun-server/0.9.1/nailgun-server-0.9.1.jar:/Users/jasmine/.m2/repository/com/headius/backport9/1.8/backport9-1.8.jar:/Users/jasmine/.m2/repository/javax/annotation/javax.annotation-api/1.3.1/javax.annotation-api-1.3.1.jar:/Users/jasmine/.m2/repository/org/jruby/jruby-stdlib/9.2.17.0/jruby-stdlib-9.2.17.0.jar:/Users/jasmine/.m2/repository/net/bytebuddy/byte-buddy/1.11.1/byte-buddy-1.11.1.jar:/Users/jasmine/.m2/repository/net/bytebuddy/byte-buddy-agent/1.11.1/byte-buddy-agent-1.11.1.jar:/Users/jasmine/.m2/repository/org/objenesis/objenesis/3.1/objenesis-3.1.jar:/Users/jasmine/.m2/repository/net/serenity-bdd/serenity-reports/2.4.51/serenity-reports-2.4.51.jar:/Users/jasmine/.m2/repository/net/serenity-bdd/serenity-stats/2.4.51/serenity-stats-2.4.51.jar:/Users/jasmine/.m2/repository/org/jetbrains/kotlin/kotlin-stdlib/1.5.0/kotlin-stdlib-1.5.0.jar:/Users/jasmine/.m2/repository/org/jetbrains/annotations/13.0/annotations-13.0.jar:/Users/jasmine/.m2/repository/org/jetbrains/kotlin/kotlin-stdlib-common/1.5.0/kotlin-stdlib-common-1.5.0.jar:/Users/jasmine/.m2/repository/net/serenity-bdd/serenity-reports-configuration/2.4.51/serenity-reports-configuration-2.4.51.jar:/Users/jasmine/.m2/repository/com/vladsch/flexmark/flexmark-all/0.34.30/flexmark-all-0.34.30.jar:/Users/jasmine/.m2/repository/com/vladsch/flexmark/flexmark/0.34.30/flexmark-0.34.30.jar:/Users/jasmine/.m2/repository/com/vladsch/flexmark/flexmark-ext-abbreviation/0.34.30/flexmark-ext-abbreviation-0.34.30.jar:/Users/jasmine/.m2/repository/com/vladsch/flexmark/flexmark-ext-admonition/0.34.30/flexmark-ext-admonition-0.34.30.jar:/Users/jasmine/.m2/repository/com/vladsch/flexmark/flexmark-ext-anchorlink/0.34.30/flexmark-ext-anchorlink-0.34.30.jar:/Users/jasmine/.m2/repository/com/vladsch/flexmark/flexmark-ext-aside/0.34.30/flexmark-ext-aside-0.34.30.jar:/Users/jasmine/.m2/repository/com/vladsch/flexmark/flexmark-ext-attributes/0.34.30/flexmark-ext-attributes-0.34.30.jar:/Users/jasmine/.m2/repository/com/vladsch/flexmark/flexmark-ext-autolink/0.34.30/flexmark-ext-autolink-0.34.30.jar:/Users/jasmine/.m2/repository/org/nibor/autolink/autolink/0.6.0/autolink-0.6.0.jar:/Users/jasmine/.m2/repository/com/vladsch/flexmark/flexmark-ext-definition/0.34.30/flexmark-ext-definition-0.34.30.jar:/Users/jasmine/.m2/repository/com/vladsch/flexmark/flexmark-ext-emoji/0.34.30/flexmark-ext-emoji-0.34.30.jar:/Users/jasmine/.m2/repository/com/vladsch/flexmark/flexmark-ext-enumerated-reference/0.34.30/flexmark-ext-enumerated-reference-0.34.30.jar:/Users/jasmine/.m2/repository/com/vladsch/flexmark/flexmark-ext-escaped-character/0.34.30/flexmark-ext-escaped-character-0.34.30.jar:/Users/jasmine/.m2/repository/com/vladsch/flexmark/flexmark-ext-footnotes/0.34.30/flexmark-ext-footnotes-0.34.30.jar:/Users/jasmine/.m2/repository/com/vladsch/flexmark/flexmark-ext-gfm-issues/0.34.30/flexmark-ext-gfm-issues-0.34.30.jar:/Users/jasmine/.m2/repository/com/vladsch/flexmark/flexmark-ext-gfm-strikethrough/0.34.30/flexmark-ext-gfm-strikethrough-0.34.30.jar:/Users/jasmine/.m2/repository/com/vladsch/flexmark/flexmark-ext-gfm-tables/0.34.30/flexmark-ext-gfm-tables-0.34.30.jar:/Users/jasmine/.m2/repository/com/vladsch/flexmark/flexmark-ext-gfm-tasklist/0.34.30/flexmark-ext-gfm-tasklist-0.34.30.jar:/Users/jasmine/.m2/repository/com/vladsch/flexmark/flexmark-ext-gfm-users/0.34.30/flexmark-ext-gfm-users-0.34.30.jar:/Users/jasmine/.m2/repository/com/vladsch/flexmark/flexmark-ext-gitlab/0.34.30/flexmark-ext-gitlab-0.34.30.jar:/Users/jasmine/.m2/repository/com/vladsch/flexmark/flexmark-ext-jekyll-front-matter/0.34.30/flexmark-ext-jekyll-front-matter-0.34.30.jar:/Users/jasmine/.m2/repository/com/vladsch/flexmark/flexmark-ext-jekyll-tag/0.34.30/flexmark-ext-jekyll-tag-0.34.30.jar:/Users/jasmine/.m2/repository/com/vladsch/flexmark/flexmark-ext-media-tags/0.34.30/flexmark-ext-media-tags-0.34.30.jar:/Users/jasmine/.m2/repository/com/vladsch/flexmark/flexmark-test-util/0.34.30/flexmark-test-util-0.34.30.jar:/Users/jasmine/.m2/repository/com/vladsch/flexmark/flexmark-ext-ins/0.34.30/flexmark-ext-ins-0.34.30.jar:/Users/jasmine/.m2/repository/com/vladsch/flexmark/flexmark-ext-xwiki-macros/0.34.30/flexmark-ext-xwiki-macros-0.34.30.jar:/Users/jasmine/.m2/repository/com/vladsch/flexmark/flexmark-ext-superscript/0.34.30/flexmark-ext-superscript-0.34.30.jar:/Users/jasmine/.m2/repository/com/vladsch/flexmark/flexmark-ext-tables/0.34.30/flexmark-ext-tables-0.34.30.jar:/Users/jasmine/.m2/repository/com/vladsch/flexmark/flexmark-ext-toc/0.34.30/flexmark-ext-toc-0.34.30.jar:/Users/jasmine/.m2/repository/com/vladsch/flexmark/flexmark-ext-typographic/0.34.30/flexmark-ext-typographic-0.34.30.jar:/Users/jasmine/.m2/repository/com/vladsch/flexmark/flexmark-ext-wikilink/0.34.30/flexmark-ext-wikilink-0.34.30.jar:/Users/jasmine/.m2/repository/com/vladsch/flexmark/flexmark-ext-yaml-front-matter/0.34.30/flexmark-ext-yaml-front-matter-0.34.30.jar:/Users/jasmine/.m2/repository/com/vladsch/flexmark/flexmark-ext-youtube-embedded/0.34.30/flexmark-ext-youtube-embedded-0.34.30.jar:/Users/jasmine/.m2/repository/com/vladsch/flexmark/flexmark-formatter/0.34.30/flexmark-formatter-0.34.30.jar:/Users/jasmine/.m2/repository/com/vladsch/flexmark/flexmark-html-parser/0.34.30/flexmark-html-parser-0.34.30.jar:/Users/jasmine/.m2/repository/com/vladsch/flexmark/flexmark-jira-converter/0.34.30/flexmark-jira-converter-0.34.30.jar:/Users/jasmine/.m2/repository/com/vladsch/flexmark/flexmark-pdf-converter/0.34.30/flexmark-pdf-converter-0.34.30.jar:/Users/jasmine/.m2/repository/com/openhtmltopdf/openhtmltopdf-core/0.0.1-RC13/openhtmltopdf-core-0.0.1-RC13.jar:/Users/jasmine/.m2/repository/com/openhtmltopdf/openhtmltopdf-pdfbox/0.0.1-RC13/openhtmltopdf-pdfbox-0.0.1-RC13.jar:/Users/jasmine/.m2/repository/org/apache/pdfbox/pdfbox/2.0.8/pdfbox-2.0.8.jar:/Users/jasmine/.m2/repository/org/apache/pdfbox/fontbox/2.0.8/fontbox-2.0.8.jar:/Users/jasmine/.m2/repository/org/apache/pdfbox/xmpbox/2.0.8/xmpbox-2.0.8.jar:/Users/jasmine/.m2/repository/de/rototor/pdfbox/graphics2d/0.12/graphics2d-0.12.jar:/Users/jasmine/.m2/repository/com/openhtmltopdf/openhtmltopdf-rtl-support/0.0.1-RC13/openhtmltopdf-rtl-support-0.0.1-RC13.jar:/Users/jasmine/.m2/repository/com/ibm/icu/icu4j/59.1/icu4j-59.1.jar:/Users/jasmine/.m2/repository/com/openhtmltopdf/openhtmltopdf-jsoup-dom-converter/0.0.1-RC13/openhtmltopdf-jsoup-dom-converter-0.0.1-RC13.jar:/Users/jasmine/.m2/repository/com/vladsch/flexmark/flexmark-profile-pegdown/0.34.30/flexmark-profile-pegdown-0.34.30.jar:/Users/jasmine/.m2/repository/com/vladsch/flexmark/flexmark-util/0.34.30/flexmark-util-0.34.30.jar:/Users/jasmine/.m2/repository/com/vladsch/flexmark/flexmark-youtrack-converter/0.34.30/flexmark-youtrack-converter-0.34.30.jar:/Users/jasmine/.m2/repository/es/nitaur/markdown/txtmark/0.16/txtmark-0.16.jar:/Users/jasmine/.m2/repository/net/serenity-bdd/serenity-report-resources/2.4.51/serenity-report-resources-2.4.51.jar:/Users/jasmine/.m2/repository/com/google/code/gson/gson/2.8.7/gson-2.8.7.jar:/Users/jasmine/.m2/repository/com/fasterxml/jackson/core/jackson-core/2.12.4/jackson-core-2.12.4.jar:/Users/jasmine/.m2/repository/com/fasterxml/jackson/core/jackson-databind/2.12.4/jackson-databind-2.12.4.jar:/Users/jasmine/.m2/repository/com/fasterxml/jackson/core/jackson-annotations/2.12.4/jackson-annotations-2.12.4.jar:/Users/jasmine/.m2/repository/commons-codec/commons-codec/1.15/commons-codec-1.15.jar:/Users/jasmine/.m2/repository/commons-io/commons-io/2.8.0/commons-io-2.8.0.jar:/Users/jasmine/.m2/repository/org/seleniumhq/selenium/selenium-server/3.141.59/selenium-server-3.141.59.jar:/Users/jasmine/.m2/repository/org/seleniumhq/selenium/selenium-opera-driver/3.141.59/selenium-opera-driver-3.141.59.jar:/Users/jasmine/.m2/repository/org/seleniumhq/selenium/selenium-remote-driver/3.141.59/selenium-remote-driver-3.141.59.jar:/Users/jasmine/.m2/repository/org/seleniumhq/selenium/selenium-safari-driver/3.141.59/selenium-safari-driver-3.141.59.jar:/Users/jasmine/.m2/repository/com/beust/jcommander/1.72/jcommander-1.72.jar:/Users/jasmine/.m2/repository/org/apache/commons/commons-exec/1.3/commons-exec-1.3.jar:/Users/jasmine/.m2/repository/net/jcip/jcip-annotations/1.0/jcip-annotations-1.0.jar:/Users/jasmine/.m2/repository/org/seleniumhq/selenium/jetty-repacked/9.4.12.v20180830/jetty-repacked-9.4.12.v20180830.jar:/Users/jasmine/.m2/repository/com/squareup/okhttp3/okhttp/3.11.0/okhttp-3.11.0.jar:/Users/jasmine/.m2/repository/com/squareup/okio/okio/1.14.0/okio-1.14.0.jar:/Users/jasmine/.m2/repository/javax/servlet/javax.servlet-api/3.1.0/javax.servlet-api-3.1.0.jar:/Users/jasmine/.m2/repository/org/yaml/snakeyaml/1.19/snakeyaml-1.19.jar:/Users/jasmine/.m2/repository/org/seleniumhq/selenium/selenium-java/3.141.59/selenium-java-3.141.59.jar:/Users/jasmine/.m2/repository/org/seleniumhq/selenium/selenium-api/3.141.59/selenium-api-3.141.59.jar:/Users/jasmine/.m2/repository/org/seleniumhq/selenium/selenium-support/3.141.59/selenium-support-3.141.59.jar:/Users/jasmine/.m2/repository/org/seleniumhq/selenium/selenium-chrome-driver/3.141.59/selenium-chrome-driver-3.141.59.jar:/Users/jasmine/.m2/repository/org/seleniumhq/selenium/selenium-firefox-driver/3.141.59/selenium-firefox-driver-3.141.59.jar:/Users/jasmine/.m2/repository/org/seleniumhq/selenium/selenium-edge-driver/3.141.59/selenium-edge-driver-3.141.59.jar:/Users/jasmine/.m2/repository/org/seleniumhq/selenium/selenium-ie-driver/3.141.59/selenium-ie-driver-3.141.59.jar:/Users/jasmine/.m2/repository/net/sourceforge/htmlunit/htmlunit/2.47.1/htmlunit-2.47.1.jar:/Users/jasmine/.m2/repository/xalan/xalan/2.7.2/xalan-2.7.2.jar:/Users/jasmine/.m2/repository/xalan/serializer/2.7.2/serializer-2.7.2.jar:/Users/jasmine/.m2/repository/net/sourceforge/htmlunit/htmlunit-core-js/2.47.0/htmlunit-core-js-2.47.0.jar:/Users/jasmine/.m2/repository/net/sourceforge/htmlunit/neko-htmlunit/2.47.1/neko-htmlunit-2.47.1.jar:/Users/jasmine/.m2/repository/xerces/xercesImpl/2.12.0/xercesImpl-2.12.0.jar:/Users/jasmine/.m2/repository/xml-apis/xml-apis/1.4.01/xml-apis-1.4.01.jar:/Users/jasmine/.m2/repository/net/sourceforge/htmlunit/htmlunit-cssparser/1.7.0/htmlunit-cssparser-1.7.0.jar:/Users/jasmine/.m2/repository/org/brotli/dec/0.1.2/dec-0.1.2.jar:/Users/jasmine/.m2/repository/com/shapesecurity/salvation2/3.0.0/salvation2-3.0.0.jar:/Users/jasmine/.m2/repository/org/eclipse/jetty/websocket/websocket-client/9.4.36.v20210114/websocket-client-9.4.36.v20210114.jar:/Users/jasmine/.m2/repository/org/eclipse/jetty/jetty-client/9.4.36.v20210114/jetty-client-9.4.36.v20210114.jar:/Users/jasmine/.m2/repository/org/eclipse/jetty/jetty-http/9.4.36.v20210114/jetty-http-9.4.36.v20210114.jar:/Users/jasmine/.m2/repository/org/eclipse/jetty/jetty-util/9.4.36.v20210114/jetty-util-9.4.36.v20210114.jar:/Users/jasmine/.m2/repository/org/eclipse/jetty/jetty-io/9.4.36.v20210114/jetty-io-9.4.36.v20210114.jar:/Users/jasmine/.m2/repository/org/eclipse/jetty/websocket/websocket-common/9.4.36.v20210114/websocket-common-9.4.36.v20210114.jar:/Users/jasmine/.m2/repository/org/eclipse/jetty/websocket/websocket-api/9.4.36.v20210114/websocket-api-9.4.36.v20210114.jar:/Users/jasmine/.m2/repository/org/projectlombok/lombok/1.18.20/lombok-1.18.20.jar:/Users/jasmine/.m2/repository/org/seleniumhq/selenium/htmlunit-driver/2.47.1/htmlunit-driver-2.47.1.jar:/Users/jasmine/.m2/repository/com/codeborne/phantomjsdriver/1.4.4/phantomjsdriver-1.4.4.jar:/Users/jasmine/.m2/repository/io/appium/java-client/7.5.1/java-client-7.5.1.jar:/Users/jasmine/.m2/repository/commons-validator/commons-validator/1.7/commons-validator-1.7.jar:/Users/jasmine/.m2/repository/commons-digester/commons-digester/2.1/commons-digester-2.1.jar:/Users/jasmine/.m2/repository/org/aspectj/aspectjweaver/1.9.6/aspectjweaver-1.9.6.jar:/Users/jasmine/.m2/repository/net/sf/opencsv/opencsv/2.0/opencsv-2.0.jar:/Users/jasmine/.m2/repository/commons-beanutils/commons-beanutils/1.9.4/commons-beanutils-1.9.4.jar:/Users/jasmine/.m2/repository/org/apache/commons/commons-lang3/3.11/commons-lang3-3.11.jar:/Users/jasmine/.m2/repository/commons-collections/commons-collections/3.2.2/commons-collections-3.2.2.jar:/Users/jasmine/.m2/repository/org/fluentlenium/fluentlenium-core/0.10.2/fluentlenium-core-0.10.2.jar:/Users/jasmine/.m2/repository/io/github/bonigarcia/webdrivermanager/4.4.1/webdrivermanager-4.4.1.jar:/Users/jasmine/.m2/repository/org/apache/httpcomponents/client5/httpclient5/5.0.3/httpclient5-5.0.3.jar:/Users/jasmine/.m2/repository/org/apache/httpcomponents/core5/httpcore5/5.0.2/httpcore5-5.0.2.jar:/Users/jasmine/.m2/repository/org/apache/httpcomponents/core5/httpcore5-h2/5.0.2/httpcore5-h2-5.0.2.jar:/Users/jasmine/.m2/repository/org/rauschig/jarchivelib/1.1.0/jarchivelib-1.1.0.jar:/Users/jasmine/.m2/repository/org/apache/commons/commons-compress/1.20/commons-compress-1.20.jar:/Users/jasmine/.m2/repository/com/jhlabs/filters/2.0.235/filters-2.0.235.jar:/Users/jasmine/.m2/repository/com/paulhammant/ngwebdriver/1.1.5/ngwebdriver-1.1.5.jar:/Users/jasmine/.m2/repository/joda-time/joda-time/2.8.2/joda-time-2.8.2.jar:/Users/jasmine/.m2/repository/com/google/jimfs/jimfs/1.1/jimfs-1.1.jar:/Users/jasmine/.m2/repository/org/mockito/mockito-core/3.3.3/mockito-core-3.3.3.jar:/Users/jasmine/.m2/repository/javax/xml/bind/jaxb-api/2.3.1/jaxb-api-2.3.1.jar:/Users/jasmine/.m2/repository/javax/activation/javax.activation-api/1.2.0/javax.activation-api-1.2.0.jar:/Users/jasmine/.m2/repository/com/sun/xml/bind/jaxb-core/2.3.0.1/jaxb-core-2.3.0.1.jar:/Users/jasmine/.m2/repository/com/sun/xml/bind/jaxb-impl/2.3.3/jaxb-impl-2.3.3.jar:/Users/jasmine/.m2/repository/com/sun/activation/jakarta.activation/1.2.2/jakarta.activation-1.2.2.jar:/Users/jasmine/.m2/repository/javax/activation/activation/1.1.1/activation-1.1.1.jar:/Users/jasmine/.m2/repository/net/serenity-bdd/serenity-junit/2.4.51/serenity-junit-2.4.51.jar:/Users/jasmine/.m2/repository/com/googlecode/json-simple/json-simple/1.1.1/json-simple-1.1.1.jar:/Users/jasmine/.m2/repository/net/serenity-bdd/serenity-rest-assured/2.4.51/serenity-rest-assured-2.4.51.jar:/Users/jasmine/.m2/repository/org/codehaus/groovy/groovy-json/3.0.8/groovy-json-3.0.8.jar:/Users/jasmine/.m2/repository/org/opentest4j/opentest4j/1.2.0/opentest4j-1.2.0.jar:/Users/jasmine/.m2/repository/net/serenity-bdd/serenity-screenplay/2.4.51/serenity-screenplay-2.4.51.jar:/Users/jasmine/.m2/repository/net/serenity-bdd/serenity-screenplay-rest/2.4.51/serenity-screenplay-rest-2.4.51.jar:/Users/jasmine/.m2/repository/net/serenity-bdd/serenity-cucumber6/2.4.51/serenity-cucumber6-2.4.51.jar:/Users/jasmine/.m2/repository/net/serenity-bdd/serenity-screenplay-webdriver/2.4.51/serenity-screenplay-webdriver-2.4.51.jar:/Users/jasmine/.m2/repository/io/cucumber/cucumber-java/6.10.4/cucumber-java-6.10.4.jar:/Users/jasmine/.m2/repository/org/apiguardian/apiguardian-api/1.1.1/apiguardian-api-1.1.1.jar:/Users/jasmine/.m2/repository/io/cucumber/cucumber-junit/6.10.4/cucumber-junit-6.10.4.jar:/Users/jasmine/.m2/repository/io/cucumber/datatable-matchers/3.4.0/datatable-matchers-3.4.0.jar:/Users/jasmine/.m2/repository/io/cucumber/datatable/3.4.0/datatable-3.4.0.jar:/Users/jasmine/.m2/repository/commons-logging/commons-logging/1.2/commons-logging-1.2.jar:/Users/jasmine/.m2/repository/org/apache/commons/commons-csv/1.5/commons-csv-1.5.jar:/Users/jasmine/.m2/repository/com/github/javafaker/javafaker/1.0.2/javafaker-1.0.2.jar:/Users/jasmine/.m2/repository/org/yaml/snakeyaml/1.23/snakeyaml-1.23-android.jar:/Users/jasmine/.m2/repository/com/github/mifmif/generex/1.0.2/generex-1.0.2.jar:/Users/jasmine/.m2/repository/dk/brics/automaton/automaton/1.11-8/automaton-1.11-8.jar:/Users/jasmine/.m2/repository/io/rest-assured/rest-assured/4.3.2/rest-assured-4.3.2.jar:/Users/jasmine/.m2/repository/org/apache/httpcomponents/httpclient/4.5.3/httpclient-4.5.3.jar:/Users/jasmine/.m2/repository/org/apache/httpcomponents/httpcore/4.4.6/httpcore-4.4.6.jar:/Users/jasmine/.m2/repository/org/apache/httpcomponents/httpmime/4.5.3/httpmime-4.5.3.jar:/Users/jasmine/.m2/repository/org/ccil/cowan/tagsoup/tagsoup/1.2.1/tagsoup-1.2.1.jar:/Users/jasmine/.m2/repository/io/rest-assured/json-path/4.3.3/json-path-4.3.3.jar:/Users/jasmine/.m2/repository/io/rest-assured/rest-assured-common/4.3.3/rest-assured-common-4.3.3.jar:/Users/jasmine/.m2/repository/io/rest-assured/xml-path/4.3.3/xml-path-4.3.3.jar:/Users/jasmine/.m2/repository/jakarta/xml/bind/jakarta.xml.bind-api/2.3.3/jakarta.xml.bind-api-2.3.3.jar:/Users/jasmine/.m2/repository/jakarta/activation/jakarta.activation-api/1.2.2/jakarta.activation-api-1.2.2.jar:/Users/jasmine/.m2/repository/org/codehaus/groovy/groovy/3.0.6/groovy-3.0.6.jar:/Users/jasmine/.m2/repository/org/codehaus/groovy/groovy-xml/3.0.6/groovy-xml-3.0.6.jar:/Users/jasmine/.m2/repository/junit/junit/4.13.1/junit-4.13.1.jar:/Users/jasmine/.m2/repository/org/hamcrest/hamcrest-core/1.3/hamcrest-core-1.3.jar:/Users/jasmine/.m2/repository/org/assertj/assertj-core/3.6.2/assertj-core-3.6.2.jar:/Users/jasmine/.m2/repository/org/hamcrest/hamcrest/2.2/hamcrest-2.2.jar:/Users/jasmine/.m2/repository/org/json/json/20210307/json-20210307.jar:"/>
    <property name="sun.cpu.endian" value="little"/>
    <property name="user.home" value="/Users/jasmine"/>
    <property name="user.language" value="en"/>
    <property name="java.specification.vendor" value="Oracle Corporation"/>
    <property name="jdk.module.path" value="/Users/jasmine/Documents/alterra-mini-project/target/mini-project-qa-1.0-SNAPSHOT.jar"/>
    <property name="java.version.date" value="2020-04-14"/>
    <property name="java.home" value="/usr/local/Cellar/openjdk/14.0.1/libexec/openjdk.jdk/Contents/Home"/>
    <property name="file.separator" value="/"/>
    <property name="basedir" value="/Users/jasmine/Documents/alterra-mini-project"/>
    <property name="java.vm.compressedOopsMode" value="Zero based"/>
    <property name="line.separator" value="&#10;"/>
    <property name="java.vm.specification.vendor" value="Oracle Corporation"/>
    <property name="java.specification.name" value="Java Platform API Specification"/>
    <property name="surefire.real.class.path" value="/Users/jasmine/.m2/repository/org/apache/maven/surefire/surefire-booter/3.0.0-M5/surefire-booter-3.0.0-M5.jar:/Users/jasmine/.m2/repository/org/apache/maven/surefire/surefire-api/3.0.0-M5/surefire-api-3.0.0-M5.jar:/Users/jasmine/.m2/repository/org/apache/maven/surefire/surefire-logger-api/3.0.0-M5/surefire-logger-api-3.0.0-M5.jar:/Users/jasmine/.m2/repository/org/apache/maven/surefire/surefire-shared-utils/3.0.0-M4/surefire-shared-utils-3.0.0-M4.jar:/Users/jasmine/.m2/repository/org/apache/maven/surefire/surefire-extensions-spi/3.0.0-M5/surefire-extensions-spi-3.0.0-M5.jar:/Users/jasmine/Documents/alterra-mini-project/target/test-classes:/Users/jasmine/.m2/repository/ch/qos/logback/logback-classic/1.2.3/logback-classic-1.2.3.jar:/Users/jasmine/.m2/repository/ch/qos/logback/logback-core/1.2.3/logback-core-1.2.3.jar:/Users/jasmine/.m2/repository/org/slf4j/slf4j-api/1.7.25/slf4j-api-1.7.25.jar:/Users/jasmine/.m2/repository/net/serenity-bdd/serenity-core/2.4.51/serenity-core-2.4.51.jar:/Users/jasmine/.m2/repository/net/serenity-bdd/serenity-model/2.4.51/serenity-model-2.4.51.jar:/Users/jasmine/.m2/repository/org/apache/commons/commons-text/1.9/commons-text-1.9.jar:/Users/jasmine/.m2/repository/commons-net/commons-net/3.6/commons-net-3.6.jar:/Users/jasmine/.m2/repository/com/google/guava/guava/30.1-jre/guava-30.1-jre.jar:/Users/jasmine/.m2/repository/com/google/guava/failureaccess/1.0.1/failureaccess-1.0.1.jar:/Users/jasmine/.m2/repository/com/google/guava/listenablefuture/9999.0-empty-to-avoid-conflict-with-guava/listenablefuture-9999.0-empty-to-avoid-conflict-with-guava.jar:/Users/jasmine/.m2/repository/com/google/code/findbugs/jsr305/3.0.2/jsr305-3.0.2.jar:/Users/jasmine/.m2/repository/org/checkerframework/checker-qual/3.5.0/checker-qual-3.5.0.jar:/Users/jasmine/.m2/repository/com/google/errorprone/error_prone_annotations/2.3.4/error_prone_annotations-2.3.4.jar:/Users/jasmine/.m2/repository/com/google/j2objc/j2objc-annotations/1.3/j2objc-annotations-1.3.jar:/Users/jasmine/.m2/repository/com/google/inject/guice/5.0.1/guice-5.0.1.jar:/Users/jasmine/.m2/repository/javax/inject/javax.inject/1/javax.inject-1.jar:/Users/jasmine/.m2/repository/aopalliance/aopalliance/1.0/aopalliance-1.0.jar:/Users/jasmine/.m2/repository/org/jsoup/jsoup/1.13.1/jsoup-1.13.1.jar:/Users/jasmine/.m2/repository/com/thoughtworks/xstream/xstream/1.4.17/xstream-1.4.17.jar:/Users/jasmine/.m2/repository/io/github/x-stream/mxparser/1.2.1/mxparser-1.2.1.jar:/Users/jasmine/.m2/repository/xmlpull/xmlpull/1.1.3.1/xmlpull-1.1.3.1.jar:/Users/jasmine/.m2/repository/io/cucumber/cucumber-core/6.10.2/cucumber-core-6.10.2.jar:/Users/jasmine/.m2/repository/io/cucumber/cucumber-gherkin/6.10.2/cucumber-gherkin-6.10.2.jar:/Users/jasmine/.m2/repository/io/cucumber/cucumber-gherkin-messages/6.10.2/cucumber-gherkin-messages-6.10.2.jar:/Users/jasmine/.m2/repository/io/cucumber/messages/14.0.1/messages-14.0.1.jar:/Users/jasmine/.m2/repository/io/cucumber/tag-expressions/3.0.0/tag-expressions-3.0.0.jar:/Users/jasmine/.m2/repository/io/cucumber/cucumber-expressions/10.3.0/cucumber-expressions-10.3.0.jar:/Users/jasmine/.m2/repository/io/cucumber/cucumber-plugin/6.10.2/cucumber-plugin-6.10.2.jar:/Users/jasmine/.m2/repository/io/cucumber/docstring/6.10.2/docstring-6.10.2.jar:/Users/jasmine/.m2/repository/io/cucumber/html-formatter/12.0.0/html-formatter-12.0.0.jar:/Users/jasmine/.m2/repository/io/cucumber/create-meta/3.0.0/create-meta-3.0.0.jar:/Users/jasmine/.m2/repository/com/typesafe/config/1.3.1/config-1.3.1.jar:/Users/jasmine/.m2/repository/org/imgscalr/imgscalr-lib/4.2/imgscalr-lib-4.2.jar:/Users/jasmine/.m2/repository/org/awaitility/awaitility/4.0.3/awaitility-4.0.3.jar:/Users/jasmine/.m2/repository/org/freemarker/freemarker/2.3.29/freemarker-2.3.29.jar:/Users/jasmine/.m2/repository/net/sourceforge/jexcelapi/jxl/2.6.12/jxl-2.6.12.jar:/Users/jasmine/.m2/repository/org/asciidoctor/asciidoctorj/2.5.1/asciidoctorj-2.5.1.jar:/Users/jasmine/.m2/repository/org/asciidoctor/asciidoctorj-api/2.5.1/asciidoctorj-api-2.5.1.jar:/Users/jasmine/.m2/repository/org/jruby/jruby/9.2.17.0/jruby-9.2.17.0.jar:/Users/jasmine/.m2/repository/org/jruby/jruby-core/9.2.17.0/jruby-core-9.2.17.0.jar:/Users/jasmine/.m2/repository/com/github/jnr/jnr-netdb/1.2.0/jnr-netdb-1.2.0.jar:/Users/jasmine/.m2/repository/com/github/jnr/jnr-enxio/0.32.3/jnr-enxio-0.32.3.jar:/Users/jasmine/.m2/repository/com/github/jnr/jnr-unixsocket/0.38.5/jnr-unixsocket-0.38.5.jar:/Users/jasmine/.m2/repository/com/github/jnr/jnr-posix/3.1.4/jnr-posix-3.1.4.jar:/Users/jasmine/.m2/repository/com/github/jnr/jnr-constants/0.10.1/jnr-constants-0.10.1.jar:/Users/jasmine/.m2/repository/com/github/jnr/jffi/1.3.1/jffi-1.3.1.jar:/Users/jasmine/.m2/repository/com/github/jnr/jffi/1.3.1/jffi-1.3.1-native.jar:/Users/jasmine/.m2/repository/org/jruby/joni/joni/2.1.31/joni-2.1.31.jar:/Users/jasmine/.m2/repository/org/jruby/jcodings/jcodings/1.0.46/jcodings-1.0.46.jar:/Users/jasmine/.m2/repository/org/jruby/dirgra/0.3/dirgra-0.3.jar:/Users/jasmine/.m2/repository/com/headius/invokebinder/1.11/invokebinder-1.11.jar:/Users/jasmine/.m2/repository/com/headius/options/1.4/options-1.4.jar:/Users/jasmine/.m2/repository/com/jcraft/jzlib/1.1.3/jzlib-1.1.3.jar:/Users/jasmine/.m2/repository/com/martiansoftware/nailgun-server/0.9.1/nailgun-server-0.9.1.jar:/Users/jasmine/.m2/repository/com/headius/backport9/1.8/backport9-1.8.jar:/Users/jasmine/.m2/repository/javax/annotation/javax.annotation-api/1.3.1/javax.annotation-api-1.3.1.jar:/Users/jasmine/.m2/repository/org/jruby/jruby-stdlib/9.2.17.0/jruby-stdlib-9.2.17.0.jar:/Users/jasmine/.m2/repository/net/bytebuddy/byte-buddy/1.11.1/byte-buddy-1.11.1.jar:/Users/jasmine/.m2/repository/net/bytebuddy/byte-buddy-agent/1.11.1/byte-buddy-agent-1.11.1.jar:/Users/jasmine/.m2/repository/org/objenesis/objenesis/3.1/objenesis-3.1.jar:/Users/jasmine/.m2/repository/net/serenity-bdd/serenity-reports/2.4.51/serenity-reports-2.4.51.jar:/Users/jasmine/.m2/repository/net/serenity-bdd/serenity-stats/2.4.51/serenity-stats-2.4.51.jar:/Users/jasmine/.m2/repository/org/jetbrains/kotlin/kotlin-stdlib/1.5.0/kotlin-stdlib-1.5.0.jar:/Users/jasmine/.m2/repository/org/jetbrains/annotations/13.0/annotations-13.0.jar:/Users/jasmine/.m2/repository/org/jetbrains/kotlin/kotlin-stdlib-common/1.5.0/kotlin-stdlib-common-1.5.0.jar:/Users/jasmine/.m2/repository/net/serenity-bdd/serenity-reports-configuration/2.4.51/serenity-reports-configuration-2.4.51.jar:/Users/jasmine/.m2/repository/com/vladsch/flexmark/flexmark-all/0.34.30/flexmark-all-0.34.30.jar:/Users/jasmine/.m2/repository/com/vladsch/flexmark/flexmark/0.34.30/flexmark-0.34.30.jar:/Users/jasmine/.m2/repository/com/vladsch/flexmark/flexmark-ext-abbreviation/0.34.30/flexmark-ext-abbreviation-0.34.30.jar:/Users/jasmine/.m2/repository/com/vladsch/flexmark/flexmark-ext-admonition/0.34.30/flexmark-ext-admonition-0.34.30.jar:/Users/jasmine/.m2/repository/com/vladsch/flexmark/flexmark-ext-anchorlink/0.34.30/flexmark-ext-anchorlink-0.34.30.jar:/Users/jasmine/.m2/repository/com/vladsch/flexmark/flexmark-ext-aside/0.34.30/flexmark-ext-aside-0.34.30.jar:/Users/jasmine/.m2/repository/com/vladsch/flexmark/flexmark-ext-attributes/0.34.30/flexmark-ext-attributes-0.34.30.jar:/Users/jasmine/.m2/repository/com/vladsch/flexmark/flexmark-ext-autolink/0.34.30/flexmark-ext-autolink-0.34.30.jar:/Users/jasmine/.m2/repository/org/nibor/autolink/autolink/0.6.0/autolink-0.6.0.jar:/Users/jasmine/.m2/repository/com/vladsch/flexmark/flexmark-ext-definition/0.34.30/flexmark-ext-definition-0.34.30.jar:/Users/jasmine/.m2/repository/com/vladsch/flexmark/flexmark-ext-emoji/0.34.30/flexmark-ext-emoji-0.34.30.jar:/Users/jasmine/.m2/repository/com/vladsch/flexmark/flexmark-ext-enumerated-reference/0.34.30/flexmark-ext-enumerated-reference-0.34.30.jar:/Users/jasmine/.m2/repository/com/vladsch/flexmark/flexmark-ext-escaped-character/0.34.30/flexmark-ext-escaped-character-0.34.30.jar:/Users/jasmine/.m2/repository/com/vladsch/flexmark/flexmark-ext-footnotes/0.34.30/flexmark-ext-footnotes-0.34.30.jar:/Users/jasmine/.m2/repository/com/vladsch/flexmark/flexmark-ext-gfm-issues/0.34.30/flexmark-ext-gfm-issues-0.34.30.jar:/Users/jasmine/.m2/repository/com/vladsch/flexmark/flexmark-ext-gfm-strikethrough/0.34.30/flexmark-ext-gfm-strikethrough-0.34.30.jar:/Users/jasmine/.m2/repository/com/vladsch/flexmark/flexmark-ext-gfm-tables/0.34.30/flexmark-ext-gfm-tables-0.34.30.jar:/Users/jasmine/.m2/repository/com/vladsch/flexmark/flexmark-ext-gfm-tasklist/0.34.30/flexmark-ext-gfm-tasklist-0.34.30.jar:/Users/jasmine/.m2/repository/com/vladsch/flexmark/flexmark-ext-gfm-users/0.34.30/flexmark-ext-gfm-users-0.34.30.jar:/Users/jasmine/.m2/repository/com/vladsch/flexmark/flexmark-ext-gitlab/0.34.30/flexmark-ext-gitlab-0.34.30.jar:/Users/jasmine/.m2/repository/com/vladsch/flexmark/flexmark-ext-jekyll-front-matter/0.34.30/flexmark-ext-jekyll-front-matter-0.34.30.jar:/Users/jasmine/.m2/repository/com/vladsch/flexmark/flexmark-ext-jekyll-tag/0.34.30/flexmark-ext-jekyll-tag-0.34.30.jar:/Users/jasmine/.m2/repository/com/vladsch/flexmark/flexmark-ext-media-tags/0.34.30/flexmark-ext-media-tags-0.34.30.jar:/Users/jasmine/.m2/repository/com/vladsch/flexmark/flexmark-test-util/0.34.30/flexmark-test-util-0.34.30.jar:/Users/jasmine/.m2/repository/com/vladsch/flexmark/flexmark-ext-ins/0.34.30/flexmark-ext-ins-0.34.30.jar:/Users/jasmine/.m2/repository/com/vladsch/flexmark/flexmark-ext-xwiki-macros/0.34.30/flexmark-ext-xwiki-macros-0.34.30.jar:/Users/jasmine/.m2/repository/com/vladsch/flexmark/flexmark-ext-superscript/0.34.30/flexmark-ext-superscript-0.34.30.jar:/Users/jasmine/.m2/repository/com/vladsch/flexmark/flexmark-ext-tables/0.34.30/flexmark-ext-tables-0.34.30.jar:/Users/jasmine/.m2/repository/com/vladsch/flexmark/flexmark-ext-toc/0.34.30/flexmark-ext-toc-0.34.30.jar:/Users/jasmine/.m2/repository/com/vladsch/flexmark/flexmark-ext-typographic/0.34.30/flexmark-ext-typographic-0.34.30.jar:/Users/jasmine/.m2/repository/com/vladsch/flexmark/flexmark-ext-wikilink/0.34.30/flexmark-ext-wikilink-0.34.30.jar:/Users/jasmine/.m2/repository/com/vladsch/flexmark/flexmark-ext-yaml-front-matter/0.34.30/flexmark-ext-yaml-front-matter-0.34.30.jar:/Users/jasmine/.m2/repository/com/vladsch/flexmark/flexmark-ext-youtube-embedded/0.34.30/flexmark-ext-youtube-embedded-0.34.30.jar:/Users/jasmine/.m2/repository/com/vladsch/flexmark/flexmark-formatter/0.34.30/flexmark-formatter-0.34.30.jar:/Users/jasmine/.m2/repository/com/vladsch/flexmark/flexmark-html-parser/0.34.30/flexmark-html-parser-0.34.30.jar:/Users/jasmine/.m2/repository/com/vladsch/flexmark/flexmark-jira-converter/0.34.30/flexmark-jira-converter-0.34.30.jar:/Users/jasmine/.m2/repository/com/vladsch/flexmark/flexmark-pdf-converter/0.34.30/flexmark-pdf-converter-0.34.30.jar:/Users/jasmine/.m2/repository/com/openhtmltopdf/openhtmltopdf-core/0.0.1-RC13/openhtmltopdf-core-0.0.1-RC13.jar:/Users/jasmine/.m2/repository/com/openhtmltopdf/openhtmltopdf-pdfbox/0.0.1-RC13/openhtmltopdf-pdfbox-0.0.1-RC13.jar:/Users/jasmine/.m2/repository/org/apache/pdfbox/pdfbox/2.0.8/pdfbox-2.0.8.jar:/Users/jasmine/.m2/repository/org/apache/pdfbox/fontbox/2.0.8/fontbox-2.0.8.jar:/Users/jasmine/.m2/repository/org/apache/pdfbox/xmpbox/2.0.8/xmpbox-2.0.8.jar:/Users/jasmine/.m2/repository/de/rototor/pdfbox/graphics2d/0.12/graphics2d-0.12.jar:/Users/jasmine/.m2/repository/com/openhtmltopdf/openhtmltopdf-rtl-support/0.0.1-RC13/openhtmltopdf-rtl-support-0.0.1-RC13.jar:/Users/jasmine/.m2/repository/com/ibm/icu/icu4j/59.1/icu4j-59.1.jar:/Users/jasmine/.m2/repository/com/openhtmltopdf/openhtmltopdf-jsoup-dom-converter/0.0.1-RC13/openhtmltopdf-jsoup-dom-converter-0.0.1-RC13.jar:/Users/jasmine/.m2/repository/com/vladsch/flexmark/flexmark-profile-pegdown/0.34.30/flexmark-profile-pegdown-0.34.30.jar:/Users/jasmine/.m2/repository/com/vladsch/flexmark/flexmark-util/0.34.30/flexmark-util-0.34.30.jar:/Users/jasmine/.m2/repository/com/vladsch/flexmark/flexmark-youtrack-converter/0.34.30/flexmark-youtrack-converter-0.34.30.jar:/Users/jasmine/.m2/repository/es/nitaur/markdown/txtmark/0.16/txtmark-0.16.jar:/Users/jasmine/.m2/repository/net/serenity-bdd/serenity-report-resources/2.4.51/serenity-report-resources-2.4.51.jar:/Users/jasmine/.m2/repository/com/google/code/gson/gson/2.8.7/gson-2.8.7.jar:/Users/jasmine/.m2/repository/com/fasterxml/jackson/core/jackson-core/2.12.4/jackson-core-2.12.4.jar:/Users/jasmine/.m2/repository/com/fasterxml/jackson/core/jackson-databind/2.12.4/jackson-databind-2.12.4.jar:/Users/jasmine/.m2/repository/com/fasterxml/jackson/core/jackson-annotations/2.12.4/jackson-annotations-2.12.4.jar:/Users/jasmine/.m2/repository/commons-codec/commons-codec/1.15/commons-codec-1.15.jar:/Users/jasmine/.m2/repository/commons-io/commons-io/2.8.0/commons-io-2.8.0.jar:/Users/jasmine/.m2/repository/org/seleniumhq/selenium/selenium-server/3.141.59/selenium-server-3.141.59.jar:/Users/jasmine/.m2/repository/org/seleniumhq/selenium/selenium-opera-driver/3.141.59/selenium-opera-driver-3.141.59.jar:/Users/jasmine/.m2/repository/org/seleniumhq/selenium/selenium-remote-driver/3.141.59/selenium-remote-driver-3.141.59.jar:/Users/jasmine/.m2/repository/org/seleniumhq/selenium/selenium-safari-driver/3.141.59/selenium-safari-driver-3.141.59.jar:/Users/jasmine/.m2/repository/com/beust/jcommander/1.72/jcommander-1.72.jar:/Users/jasmine/.m2/repository/org/apache/commons/commons-exec/1.3/commons-exec-1.3.jar:/Users/jasmine/.m2/repository/net/jcip/jcip-annotations/1.0/jcip-annotations-1.0.jar:/Users/jasmine/.m2/repository/org/seleniumhq/selenium/jetty-repacked/9.4.12.v20180830/jetty-repacked-9.4.12.v20180830.jar:/Users/jasmine/.m2/repository/com/squareup/okhttp3/okhttp/3.11.0/okhttp-3.11.0.jar:/Users/jasmine/.m2/repository/com/squareup/okio/okio/1.14.0/okio-1.14.0.jar:/Users/jasmine/.m2/repository/javax/servlet/javax.servlet-api/3.1.0/javax.servlet-api-3.1.0.jar:/Users/jasmine/.m2/repository/org/yaml/snakeyaml/1.19/snakeyaml-1.19.jar:/Users/jasmine/.m2/repository/org/seleniumhq/selenium/selenium-java/3.141.59/selenium-java-3.141.59.jar:/Users/jasmine/.m2/repository/org/seleniumhq/selenium/selenium-api/3.141.59/selenium-api-3.141.59.jar:/Users/jasmine/.m2/repository/org/seleniumhq/selenium/selenium-support/3.141.59/selenium-support-3.141.59.jar:/Users/jasmine/.m2/repository/org/seleniumhq/selenium/selenium-chrome-driver/3.141.59/selenium-chrome-driver-3.141.59.jar:/Users/jasmine/.m2/repository/org/seleniumhq/selenium/selenium-firefox-driver/3.141.59/selenium-firefox-driver-3.141.59.jar:/Users/jasmine/.m2/repository/org/seleniumhq/selenium/selenium-edge-driver/3.141.59/selenium-edge-driver-3.141.59.jar:/Users/jasmine/.m2/repository/org/seleniumhq/selenium/selenium-ie-driver/3.141.59/selenium-ie-driver-3.141.59.jar:/Users/jasmine/.m2/repository/net/sourceforge/htmlunit/htmlunit/2.47.1/htmlunit-2.47.1.jar:/Users/jasmine/.m2/repository/xalan/xalan/2.7.2/xalan-2.7.2.jar:/Users/jasmine/.m2/repository/xalan/serializer/2.7.2/serializer-2.7.2.jar:/Users/jasmine/.m2/repository/net/sourceforge/htmlunit/htmlunit-core-js/2.47.0/htmlunit-core-js-2.47.0.jar:/Users/jasmine/.m2/repository/net/sourceforge/htmlunit/neko-htmlunit/2.47.1/neko-htmlunit-2.47.1.jar:/Users/jasmine/.m2/repository/xerces/xercesImpl/2.12.0/xercesImpl-2.12.0.jar:/Users/jasmine/.m2/repository/xml-apis/xml-apis/1.4.01/xml-apis-1.4.01.jar:/Users/jasmine/.m2/repository/net/sourceforge/htmlunit/htmlunit-cssparser/1.7.0/htmlunit-cssparser-1.7.0.jar:/Users/jasmine/.m2/repository/org/brotli/dec/0.1.2/dec-0.1.2.jar:/Users/jasmine/.m2/repository/com/shapesecurity/salvation2/3.0.0/salvation2-3.0.0.jar:/Users/jasmine/.m2/repository/org/eclipse/jetty/websocket/websocket-client/9.4.36.v20210114/websocket-client-9.4.36.v20210114.jar:/Users/jasmine/.m2/repository/org/eclipse/jetty/jetty-client/9.4.36.v20210114/jetty-client-9.4.36.v20210114.jar:/Users/jasmine/.m2/repository/org/eclipse/jetty/jetty-http/9.4.36.v20210114/jetty-http-9.4.36.v20210114.jar:/Users/jasmine/.m2/repository/org/eclipse/jetty/jetty-util/9.4.36.v20210114/jetty-util-9.4.36.v20210114.jar:/Users/jasmine/.m2/repository/org/eclipse/jetty/jetty-io/9.4.36.v20210114/jetty-io-9.4.36.v20210114.jar:/Users/jasmine/.m2/repository/org/eclipse/jetty/websocket/websocket-common/9.4.36.v20210114/websocket-common-9.4.36.v20210114.jar:/Users/jasmine/.m2/repository/org/eclipse/jetty/websocket/websocket-api/9.4.36.v20210114/websocket-api-9.4.36.v20210114.jar:/Users/jasmine/.m2/repository/org/projectlombok/lombok/1.18.20/lombok-1.18.20.jar:/Users/jasmine/.m2/repository/org/seleniumhq/selenium/htmlunit-driver/2.47.1/htmlunit-driver-2.47.1.jar:/Users/jasmine/.m2/repository/com/codeborne/phantomjsdriver/1.4.4/phantomjsdriver-1.4.4.jar:/Users/jasmine/.m2/repository/io/appium/java-client/7.5.1/java-client-7.5.1.jar:/Users/jasmine/.m2/repository/commons-validator/commons-validator/1.7/commons-validator-1.7.jar:/Users/jasmine/.m2/repository/commons-digester/commons-digester/2.1/commons-digester-2.1.jar:/Users/jasmine/.m2/repository/org/aspectj/aspectjweaver/1.9.6/aspectjweaver-1.9.6.jar:/Users/jasmine/.m2/repository/net/sf/opencsv/opencsv/2.0/opencsv-2.0.jar:/Users/jasmine/.m2/repository/commons-beanutils/commons-beanutils/1.9.4/commons-beanutils-1.9.4.jar:/Users/jasmine/.m2/repository/org/apache/commons/commons-lang3/3.11/commons-lang3-3.11.jar:/Users/jasmine/.m2/repository/commons-collections/commons-collections/3.2.2/commons-collections-3.2.2.jar:/Users/jasmine/.m2/repository/org/fluentlenium/fluentlenium-core/0.10.2/fluentlenium-core-0.10.2.jar:/Users/jasmine/.m2/repository/io/github/bonigarcia/webdrivermanager/4.4.1/webdrivermanager-4.4.1.jar:/Users/jasmine/.m2/repository/org/apache/httpcomponents/client5/httpclient5/5.0.3/httpclient5-5.0.3.jar:/Users/jasmine/.m2/repository/org/apache/httpcomponents/core5/httpcore5/5.0.2/httpcore5-5.0.2.jar:/Users/jasmine/.m2/repository/org/apache/httpcomponents/core5/httpcore5-h2/5.0.2/httpcore5-h2-5.0.2.jar:/Users/jasmine/.m2/repository/org/rauschig/jarchivelib/1.1.0/jarchivelib-1.1.0.jar:/Users/jasmine/.m2/repository/org/apache/commons/commons-compress/1.20/commons-compress-1.20.jar:/Users/jasmine/.m2/repository/com/jhlabs/filters/2.0.235/filters-2.0.235.jar:/Users/jasmine/.m2/repository/com/paulhammant/ngwebdriver/1.1.5/ngwebdriver-1.1.5.jar:/Users/jasmine/.m2/repository/joda-time/joda-time/2.8.2/joda-time-2.8.2.jar:/Users/jasmine/.m2/repository/com/google/jimfs/jimfs/1.1/jimfs-1.1.jar:/Users/jasmine/.m2/repository/org/mockito/mockito-core/3.3.3/mockito-core-3.3.3.jar:/Users/jasmine/.m2/repository/javax/xml/bind/jaxb-api/2.3.1/jaxb-api-2.3.1.jar:/Users/jasmine/.m2/repository/javax/activation/javax.activation-api/1.2.0/javax.activation-api-1.2.0.jar:/Users/jasmine/.m2/repository/com/sun/xml/bind/jaxb-core/2.3.0.1/jaxb-core-2.3.0.1.jar:/Users/jasmine/.m2/repository/com/sun/xml/bind/jaxb-impl/2.3.3/jaxb-impl-2.3.3.jar:/Users/jasmine/.m2/repository/com/sun/activation/jakarta.activation/1.2.2/jakarta.activation-1.2.2.jar:/Users/jasmine/.m2/repository/javax/activation/activation/1.1.1/activation-1.1.1.jar:/Users/jasmine/.m2/repository/net/serenity-bdd/serenity-junit/2.4.51/serenity-junit-2.4.51.jar:/Users/jasmine/.m2/repository/com/googlecode/json-simple/json-simple/1.1.1/json-simple-1.1.1.jar:/Users/jasmine/.m2/repository/net/serenity-bdd/serenity-rest-assured/2.4.51/serenity-rest-assured-2.4.51.jar:/Users/jasmine/.m2/repository/org/codehaus/groovy/groovy-json/3.0.8/groovy-json-3.0.8.jar:/Users/jasmine/.m2/repository/org/opentest4j/opentest4j/1.2.0/opentest4j-1.2.0.jar:/Users/jasmine/.m2/repository/net/serenity-bdd/serenity-screenplay/2.4.51/serenity-screenplay-2.4.51.jar:/Users/jasmine/.m2/repository/net/serenity-bdd/serenity-screenplay-rest/2.4.51/serenity-screenplay-rest-2.4.51.jar:/Users/jasmine/.m2/repository/net/serenity-bdd/serenity-cucumber6/2.4.51/serenity-cucumber6-2.4.51.jar:/Users/jasmine/.m2/repository/net/serenity-bdd/serenity-screenplay-webdriver/2.4.51/serenity-screenplay-webdriver-2.4.51.jar:/Users/jasmine/.m2/repository/io/cucumber/cucumber-java/6.10.4/cucumber-java-6.10.4.jar:/Users/jasmine/.m2/repository/org/apiguardian/apiguardian-api/1.1.1/apiguardian-api-1.1.1.jar:/Users/jasmine/.m2/repository/io/cucumber/cucumber-junit/6.10.4/cucumber-junit-6.10.4.jar:/Users/jasmine/.m2/repository/io/cucumber/datatable-matchers/3.4.0/datatable-matchers-3.4.0.jar:/Users/jasmine/.m2/repository/io/cucumber/datatable/3.4.0/datatable-3.4.0.jar:/Users/jasmine/.m2/repository/commons-logging/commons-logging/1.2/commons-logging-1.2.jar:/Users/jasmine/.m2/repository/org/apache/commons/commons-csv/1.5/commons-csv-1.5.jar:/Users/jasmine/.m2/repository/com/github/javafaker/javafaker/1.0.2/javafaker-1.0.2.jar:/Users/jasmine/.m2/repository/org/yaml/snakeyaml/1.23/snakeyaml-1.23-android.jar:/Users/jasmine/.m2/repository/com/github/mifmif/generex/1.0.2/generex-1.0.2.jar:/Users/jasmine/.m2/repository/dk/brics/automaton/automaton/1.11-8/automaton-1.11-8.jar:/Users/jasmine/.m2/repository/io/rest-assured/rest-assured/4.3.2/rest-assured-4.3.2.jar:/Users/jasmine/.m2/repository/org/apache/httpcomponents/httpclient/4.5.3/httpclient-4.5.3.jar:/Users/jasmine/.m2/repository/org/apache/httpcomponents/httpcore/4.4.6/httpcore-4.4.6.jar:/Users/jasmine/.m2/repository/org/apache/httpcomponents/httpmime/4.5.3/httpmime-4.5.3.jar:/Users/jasmine/.m2/repository/org/ccil/cowan/tagsoup/tagsoup/1.2.1/tagsoup-1.2.1.jar:/Users/jasmine/.m2/repository/io/rest-assured/json-path/4.3.3/json-path-4.3.3.jar:/Users/jasmine/.m2/repository/io/rest-assured/rest-assured-common/4.3.3/rest-assured-common-4.3.3.jar:/Users/jasmine/.m2/repository/io/rest-assured/xml-path/4.3.3/xml-path-4.3.3.jar:/Users/jasmine/.m2/repository/jakarta/xml/bind/jakarta.xml.bind-api/2.3.3/jakarta.xml.bind-api-2.3.3.jar:/Users/jasmine/.m2/repository/jakarta/activation/jakarta.activation-api/1.2.2/jakarta.activation-api-1.2.2.jar:/Users/jasmine/.m2/repository/org/codehaus/groovy/groovy/3.0.6/groovy-3.0.6.jar:/Users/jasmine/.m2/repository/org/codehaus/groovy/groovy-xml/3.0.6/groovy-xml-3.0.6.jar:/Users/jasmine/.m2/repository/junit/junit/4.13.1/junit-4.13.1.jar:/Users/jasmine/.m2/repository/org/hamcrest/hamcrest-core/1.3/hamcrest-core-1.3.jar:/Users/jasmine/.m2/repository/org/assertj/assertj-core/3.6.2/assertj-core-3.6.2.jar:/Users/jasmine/.m2/repository/org/hamcrest/hamcrest/2.2/hamcrest-2.2.jar:/Users/jasmine/.m2/repository/org/json/json/20210307/json-20210307.jar:/Users/jasmine/.m2/repository/org/apache/maven/surefire/surefire-junit47/3.0.0-M5/surefire-junit47-3.0.0-M5.jar:/Users/jasmine/.m2/repository/org/apache/maven/surefire/common-java5/3.0.0-M5/common-java5-3.0.0-M5.jar:/Users/jasmine/.m2/repository/org/apache/maven/surefire/common-junit3/3.0.0-M5/common-junit3-3.0.0-M5.jar:/Users/jasmine/.m2/repository/org/apache/maven/surefire/common-junit4/3.0.0-M5/common-junit4-3.0.0-M5.jar:/Users/jasmine/.m2/repository/org/apache/maven/surefire/common-junit48/3.0.0-M5/common-junit48-3.0.0-M5.jar:/Users/jasmine/.m2/repository/org/apache/maven/surefire/surefire-grouper/3.0.0-M5/surefire-grouper-3.0.0-M5.jar"/>
    <property name="sun.management.compiler" value="HotSpot 64-Bit Tiered Compilers"/>
    <property name="ftp.nonProxyHosts" value="local|*.local|169.254/16|*.169.254/16"/>
    <property name="java.runtime.version" value="14.0.1+14"/>
    <property name="user.name" value="jasmine"/>
    <property name="path.separator" value=":"/>
    <property name="os.version" value="10.16"/>
    <property name="java.runtime.name" value="OpenJDK Runtime Environment"/>
    <property name="file.encoding" value="UTF-8"/>
    <property name="webdriver.base.url" value=""/>
    <property name="java.vm.name" value="OpenJDK 64-Bit Server VM"/>
    <property name="localRepository" value="/Users/jasmine/.m2/repository"/>
    <property name="java.vendor.url.bug" value="https://bugreport.java.com/bugreport/"/>
    <property name="java.io.tmpdir" value="/var/folders/5t/jwhkptc914l4cztc4t1r28zr0000gq/T/"/>
    <property name="java.version" value="14.0.1"/>
    <property name="user.dir" value="/Users/jasmine/Documents/alterra-mini-project"/>
    <property name="os.arch" value="x86_64"/>
    <property name="java.vm.specification.name" value="Java Virtual Machine Specification"/>
    <property name="java.library.path" value="/Users/jasmine/Library/Java/Extensions:/Library/Java/Extensions:/Network/Library/Java/Extensions:/System/Library/Java/Extensions:/usr/lib/java:."/>
    <property name="java.vm.info" value="mixed mode"/>
    <property name="java.vendor" value="N/A"/>
    <property name="java.vm.version" value="14.0.1+14"/>
    <property name="sun.io.unicode.encoding" value="UnicodeBig"/>
    <property name="socksNonProxyHosts" value="local|*.local|169.254/16|*.169.254/16"/>
    <property name="java.class.version" value="58.0"/>
  </properties>
  <testcase name="Add Order - Add Orders with data valid and token valid" classname="Order" time="0.454">
    <system-out><![CDATA[
Scenario: Add Order - Add Orders with data valid and token valid                  &amp#27;[90m# src/test/resources/api/Order.feature:6&amp#27;[0m
20:32:26.857 [pool-2-thread-1] INFO io.cucumber.core.plugin.SerenityReporter - Running feature from file:///Users/jasmine/Documents/alterra-mini-project/src/test/resources/api/Order.feature
20:32:26.857 [pool-2-thread-1] WARN io.cucumber.core.plugin.SerenityReporter - Feature from file:///Users/jasmine/Documents/alterra-mini-project/src/test/resources/api/Order.feature is not under the 'features' directory. Requirements report will not be correctly generated!
20:32:26.858 [pool-2-thread-1] INFO  - 
  _____   ___   ___   _____     ___   _____     _     ___   _____   ___   ___  
 |_   _| | __| / __| |_   _|   / __| |_   _|   /_\   | _ \ |_   _| | __| |   \ 
   | |   | _|  \__ \   | |     \__ \   | |    / _ \  |   /   | |   | _|  | |) |
   |_|   |___| |___/   |_|     |___/   |_|   /_/ \_\ |_|_\   |_|   |___| |___/ 

Add Order - Add Orders with data valid and token valid(order;add-order---add-orders-with-data-valid-and-token-valid)
--------------------------------------------------------------------------------
20:32:26.903 [pool-2-thread-1] DEBUG net.thucydides.core.steps.StepInterceptor - STARTING STEP: OrderSteps.userSetApiAddOrderValid - User set api POST request login
20:32:26.903 [pool-2-thread-1] DEBUG net.thucydides.core.steps.StepInterceptor - STEP DONE: User set api POST request login
20:32:26.904 [pool-2-thread-1] DEBUG net.thucydides.core.steps.StepInterceptor - STARTING STEP: OrderSteps.userSetApiAddOrderValid - User send request body login
20:32:26.905 [pool-2-thread-1] DEBUG net.thucydides.core.steps.StepInterceptor - STARTING STEP: Login.sendPostLoginRequest - User set api POST request login
20:32:26.905 [pool-2-thread-1] DEBUG net.thucydides.core.steps.StepInterceptor - STEP DONE: User set api POST request login
20:32:27.002 [pool-2-thread-1] DEBUG net.thucydides.core.steps.StepInterceptor - STEP DONE: User send request body login
20:32:27.002 [pool-2-thread-1] DEBUG net.thucydides.core.steps.StepInterceptor - STARTING STEP: OrderSteps.userSetApiAddOrderValid - User receive response body success
20:32:27.010 [pool-2-thread-1] DEBUG net.thucydides.core.steps.StepInterceptor - STEP DONE: User receive response body success
  &amp#27;[32mGiven &amp#27;[0m&amp#27;[32mUser create product and login before to get product id&amp#27;[0m                    &amp#27;[90m# starter.stepdefinitions.OrderSteps.userSetApiAddOrderValid()&amp#27;[0m
20:32:27.012 [pool-2-thread-1] DEBUG net.thucydides.core.steps.StepInterceptor - STARTING STEP: OrderSteps.userSendPOSTApiRequestOrdersDataValidAndTokenValid - User set api post request add products data valid
20:32:27.012 [pool-2-thread-1] DEBUG net.thucydides.core.steps.StepInterceptor - STEP DONE: User set api post request add products data valid
20:32:27.012 [pool-2-thread-1] DEBUG net.thucydides.core.steps.StepInterceptor - STARTING STEP: OrderSteps.userSendPOSTApiRequestOrdersDataValidAndTokenValid - User send post api request add products with url valid
20:32:27.013 [pool-2-thread-1] DEBUG net.thucydides.core.steps.StepInterceptor - STARTING STEP: AddProducts.sendRequestAddProductSuccess - User set api post request add products data valid
20:32:27.013 [pool-2-thread-1] DEBUG net.thucydides.core.steps.StepInterceptor - STEP DONE: User set api post request add products data valid
20:32:27.111 [pool-2-thread-1] DEBUG net.thucydides.core.steps.StepInterceptor - STEP DONE: User send post api request add products with url valid
20:32:27.112 [pool-2-thread-1] DEBUG net.thucydides.core.steps.StepInterceptor - STARTING STEP: OrderSteps.userSendPOSTApiRequestOrdersDataValidAndTokenValid - User receive valid get response code 200 add products data valid
20:32:27.112 [pool-2-thread-1] DEBUG net.thucydides.core.steps.StepInterceptor - STEP DONE: User receive valid get response code 200 add products data valid
20:32:27.112 [pool-2-thread-1] DEBUG net.thucydides.core.steps.StepInterceptor - STARTING STEP: OrderSteps.userSendPOSTApiRequestOrdersDataValidAndTokenValid - User receive valid get response body for add products url valid
20:32:27.166 [pool-2-thread-1] DEBUG net.thucydides.core.steps.StepInterceptor - STEP DONE: User receive valid get response body for add products url valid
20:32:27.167 [pool-2-thread-1] DEBUG net.thucydides.core.steps.StepInterceptor - STARTING STEP: OrderSteps.userSendPOSTApiRequestOrdersDataValidAndTokenValid - User create product and login before to get product id
20:32:27.167 [pool-2-thread-1] DEBUG net.thucydides.core.steps.StepInterceptor - STEP DONE: User create product and login before to get product id
20:32:27.168 [pool-2-thread-1] DEBUG net.thucydides.core.steps.StepInterceptor - STARTING STEP: OrderSteps.userSendPOSTApiRequestOrdersDataValidAndTokenValid - User send POST api request orders data valid and token valid
20:32:27.169 [pool-2-thread-1] DEBUG net.thucydides.core.steps.StepInterceptor - STARTING STEP: AddOrder.sendRequestBodyAddOrdersValid - User create product and login before to get product id
20:32:27.169 [pool-2-thread-1] DEBUG net.thucydides.core.steps.StepInterceptor - STEP DONE: User create product and login before to get product id
20:32:27.261 [pool-2-thread-1] DEBUG net.thucydides.core.steps.StepInterceptor - STEP DONE: User send POST api request orders data valid and token valid
  &amp#27;[32mWhen &amp#27;[0m&amp#27;[32mUser send POST api request orders data valid and token valid&amp#27;[0m               &amp#27;[90m# starter.stepdefinitions.OrderSteps.userSendPOSTApiRequestOrdersDataValidAndTokenValid()&amp#27;[0m
20:32:27.263 [pool-2-thread-1] DEBUG net.thucydides.core.steps.StepInterceptor - STARTING STEP: OrderSteps.userReceiveValidGetResponseCodeOrdersDataValidAndTokenValid - User receive valid get response code 200 orders data valid and token validd
20:32:27.264 [pool-2-thread-1] DEBUG net.thucydides.core.steps.StepInterceptor - STEP DONE: User receive valid get response code 200 orders data valid and token validd
  &amp#27;[32mThen &amp#27;[0m&amp#27;[32mUser receive valid get response code 200 orders data valid and token valid&amp#27;[0m &amp#27;[90m# starter.stepdefinitions.OrderSteps.userReceiveValidGetResponseCodeOrdersDataValidAndTokenValid()&amp#27;[0m
20:32:27.265 [pool-2-thread-1] DEBUG net.thucydides.core.steps.StepInterceptor - STARTING STEP: OrderSteps.userReceiveValidGetResponseBodyForOrdersDataValidAndTokenValid - User receive valid get response body for orders data valid and token valid
20:32:27.301 [pool-2-thread-1] DEBUG net.thucydides.core.steps.StepInterceptor - STEP DONE: User receive valid get response body for orders data valid and token valid
  &amp#27;[32mAnd &amp#27;[0m&amp#27;[32mUser receive valid get response body for orders data valid and token valid&amp#27;[0m  &amp#27;[90m# starter.stepdefinitions.OrderSteps.userReceiveValidGetResponseBodyForOrdersDataValidAndTokenValid()&amp#27;[0m
20:32:27.302 [pool-2-thread-1] INFO  - 
  _____   ___   ___   _____     ___     _     ___   ___   ___   ___  
 |_   _| | __| / __| |_   _|   | _ \   /_\   / __| / __| | __| |   \ 
   | |   | _|  \__ \   | |     |  _/  / _ \  \__ \ \__ \ | _|  | |) |
   |_|   |___| |___/   |_|     |_|   /_/ \_\ |___/ |___/ |___| |___/ 

Add Order - Add Orders with data valid and token valid
----------------------------------------------------------------------
]]></system-out>
  </testcase>
  <testcase name="Add Order - Add Orders with data valid and token empty" classname="Order" time="0.304">
    <system-out><![CDATA[
Scenario: Add Order - Add Orders with data valid and token empty     &amp#27;[90m# src/test/resources/api/Order.feature:12&amp#27;[0m
20:32:27.309 [pool-2-thread-1] INFO io.cucumber.core.plugin.SerenityReporter - Running feature from file:///Users/jasmine/Documents/alterra-mini-project/src/test/resources/api/Order.feature
20:32:27.309 [pool-2-thread-1] WARN io.cucumber.core.plugin.SerenityReporter - Feature from file:///Users/jasmine/Documents/alterra-mini-project/src/test/resources/api/Order.feature is not under the 'features' directory. Requirements report will not be correctly generated!
20:32:27.310 [pool-2-thread-1] INFO  - 
  _____   ___   ___   _____     ___   _____     _     ___   _____   ___   ___  
 |_   _| | __| / __| |_   _|   / __| |_   _|   /_\   | _ \ |_   _| | __| |   \ 
   | |   | _|  \__ \   | |     \__ \   | |    / _ \  |   /   | |   | _|  | |) |
   |_|   |___| |___/   |_|     |___/   |_|   /_/ \_\ |_|_\   |_|   |___| |___/ 

Add Order - Add Orders with data valid and token empty(order;add-order---add-orders-with-data-valid-and-token-empty)
--------------------------------------------------------------------------------
20:32:27.322 [pool-2-thread-1] DEBUG net.thucydides.core.steps.StepInterceptor - STARTING STEP: OrderSteps.userSendGETApiRequestOrdersDataValidAndTokenEmpty - User set api post request add products data valid
20:32:27.322 [pool-2-thread-1] DEBUG net.thucydides.core.steps.StepInterceptor - STEP DONE: User set api post request add products data valid
20:32:27.322 [pool-2-thread-1] DEBUG net.thucydides.core.steps.StepInterceptor - STARTING STEP: OrderSteps.userSendGETApiRequestOrdersDataValidAndTokenEmpty - User send post api request add products with url valid
20:32:27.323 [pool-2-thread-1] DEBUG net.thucydides.core.steps.StepInterceptor - STARTING STEP: AddProducts.sendRequestAddProductSuccess - User set api post request add products data valid
20:32:27.323 [pool-2-thread-1] DEBUG net.thucydides.core.steps.StepInterceptor - STEP DONE: User set api post request add products data valid
20:32:27.422 [pool-2-thread-1] DEBUG net.thucydides.core.steps.StepInterceptor - STEP DONE: User send post api request add products with url valid
20:32:27.422 [pool-2-thread-1] DEBUG net.thucydides.core.steps.StepInterceptor - STARTING STEP: OrderSteps.userSendGETApiRequestOrdersDataValidAndTokenEmpty - User receive valid get response code 200 add products data valid
20:32:27.422 [pool-2-thread-1] DEBUG net.thucydides.core.steps.StepInterceptor - STEP DONE: User receive valid get response code 200 add products data valid
20:32:27.423 [pool-2-thread-1] DEBUG net.thucydides.core.steps.StepInterceptor - STARTING STEP: OrderSteps.userSendGETApiRequestOrdersDataValidAndTokenEmpty - User receive valid get response body for add products url valid
20:32:27.483 [pool-2-thread-1] DEBUG net.thucydides.core.steps.StepInterceptor - STEP DONE: User receive valid get response body for add products url valid
20:32:27.484 [pool-2-thread-1] DEBUG net.thucydides.core.steps.StepInterceptor - STARTING STEP: OrderSteps.userSendGETApiRequestOrdersDataValidAndTokenEmpty - User create product and login before to get product id
20:32:27.484 [pool-2-thread-1] DEBUG net.thucydides.core.steps.StepInterceptor - STEP DONE: User create product and login before to get product id
20:32:27.484 [pool-2-thread-1] DEBUG net.thucydides.core.steps.StepInterceptor - STARTING STEP: OrderSteps.userSendGETApiRequestOrdersDataValidAndTokenEmpty - User send GET api request orders data valid and token empty
20:32:27.485 [pool-2-thread-1] DEBUG net.thucydides.core.steps.StepInterceptor - STARTING STEP: AddOrder.sendRequestBodyAddOrdersTokenEmpty - User create product and login before to get product id
20:32:27.485 [pool-2-thread-1] DEBUG net.thucydides.core.steps.StepInterceptor - STEP DONE: User create product and login before to get product id
20:32:27.592 [pool-2-thread-1] DEBUG net.thucydides.core.steps.StepInterceptor - STEP DONE: User send GET api request orders data valid and token empty
  &amp#27;[32mGiven &amp#27;[0m&amp#27;[32mUser send POST api request orders data valid and token empty&amp#27;[0m &amp#27;[90m# starter.stepdefinitions.OrderSteps.userSendGETApiRequestOrdersDataValidAndTokenEmpty()&amp#27;[0m
20:32:27.595 [pool-2-thread-1] DEBUG net.thucydides.core.steps.StepInterceptor - STARTING STEP: OrderSteps.userReceiveValidGetResponseCodeOrdersTokenEmpty - User receive valid get response code 200 orders data valid and token valid
20:32:27.595 [pool-2-thread-1] DEBUG net.thucydides.core.steps.StepInterceptor - STEP DONE: User receive valid get response code 200 orders data valid and token valid
  &amp#27;[32mWhen &amp#27;[0m&amp#27;[32mUser receive valid get response code 401 orders token empty&amp#27;[0m   &amp#27;[90m# starter.stepdefinitions.OrderSteps.userReceiveValidGetResponseCodeOrdersTokenEmpty()&amp#27;[0m
20:32:27.597 [pool-2-thread-1] DEBUG net.thucydides.core.steps.StepInterceptor - STARTING STEP: OrderSteps.userReceiveValidGetResponseBodyForOrdersTokenEmpty - User receive valid get response body for orders token empty
20:32:27.604 [pool-2-thread-1] DEBUG net.thucydides.core.steps.StepInterceptor - STEP DONE: User receive valid get response body for orders token empty
  &amp#27;[32mThen &amp#27;[0m&amp#27;[32mUser receive valid get response body for orders token empty&amp#27;[0m   &amp#27;[90m# starter.stepdefinitions.OrderSteps.userReceiveValidGetResponseBodyForOrdersTokenEmpty()&amp#27;[0m
20:32:27.605 [pool-2-thread-1] INFO  - 
  _____   ___   ___   _____     ___     _     ___   ___   ___   ___  
 |_   _| | __| / __| |_   _|   | _ \   /_\   / __| / __| | __| |   \ 
   | |   | _|  \__ \   | |     |  _/  / _ \  \__ \ \__ \ | _|  | |) |
   |_|   |___| |___/   |_|     |_|   /_/ \_\ |___/ |___/ |___| |___/ 

Add Order - Add Orders with data valid and token empty
----------------------------------------------------------------------
]]></system-out>
  </testcase>
  <testcase name="Add Order - Add Orders with product id input string" classname="Order" time="0.334">
    <system-out><![CDATA[
Scenario: Add Order - Add Orders with product id input string               &amp#27;[90m# src/test/resources/api/Order.feature:17&amp#27;[0m
20:32:27.613 [pool-2-thread-1] INFO io.cucumber.core.plugin.SerenityReporter - Running feature from file:///Users/jasmine/Documents/alterra-mini-project/src/test/resources/api/Order.feature
20:32:27.613 [pool-2-thread-1] WARN io.cucumber.core.plugin.SerenityReporter - Feature from file:///Users/jasmine/Documents/alterra-mini-project/src/test/resources/api/Order.feature is not under the 'features' directory. Requirements report will not be correctly generated!
20:32:27.614 [pool-2-thread-1] INFO  - 
  _____   ___   ___   _____     ___   _____     _     ___   _____   ___   ___  
 |_   _| | __| / __| |_   _|   / __| |_   _|   /_\   | _ \ |_   _| | __| |   \ 
   | |   | _|  \__ \   | |     \__ \   | |    / _ \  |   /   | |   | _|  | |) |
   |_|   |___| |___/   |_|     |___/   |_|   /_/ \_\ |_|_\   |_|   |___| |___/ 

Add Order - Add Orders with product id input string(order;add-order---add-orders-with-product-id-input-string)
--------------------------------------------------------------------------------
20:32:27.631 [pool-2-thread-1] DEBUG net.thucydides.core.steps.StepInterceptor - STARTING STEP: OrderSteps.userSetApiAddOrderValid - User set api POST request login
20:32:27.631 [pool-2-thread-1] DEBUG net.thucydides.core.steps.StepInterceptor - STEP DONE: User set api POST request login
20:32:27.631 [pool-2-thread-1] DEBUG net.thucydides.core.steps.StepInterceptor - STARTING STEP: OrderSteps.userSetApiAddOrderValid - User send request body login
20:32:27.632 [pool-2-thread-1] DEBUG net.thucydides.core.steps.StepInterceptor - STARTING STEP: Login.sendPostLoginRequest - User set api POST request login
20:32:27.632 [pool-2-thread-1] DEBUG net.thucydides.core.steps.StepInterceptor - STEP DONE: User set api POST request login
20:32:27.726 [pool-2-thread-1] DEBUG net.thucydides.core.steps.StepInterceptor - STEP DONE: User send request body login
20:32:27.726 [pool-2-thread-1] DEBUG net.thucydides.core.steps.StepInterceptor - STARTING STEP: OrderSteps.userSetApiAddOrderValid - User receive response body success
20:32:27.732 [pool-2-thread-1] DEBUG net.thucydides.core.steps.StepInterceptor - STEP DONE: User receive response body success
  &amp#27;[32mGiven &amp#27;[0m&amp#27;[32mUser create product and login before to get product id&amp#27;[0m              &amp#27;[90m# starter.stepdefinitions.OrderSteps.userSetApiAddOrderValid()&amp#27;[0m
20:32:27.734 [pool-2-thread-1] DEBUG net.thucydides.core.steps.StepInterceptor - STARTING STEP: OrderSteps.userSendGETApiRequestOrdersDataProductIdInputString - User set api post request add products data valid
20:32:27.734 [pool-2-thread-1] DEBUG net.thucydides.core.steps.StepInterceptor - STEP DONE: User set api post request add products data valid
20:32:27.734 [pool-2-thread-1] DEBUG net.thucydides.core.steps.StepInterceptor - STARTING STEP: OrderSteps.userSendGETApiRequestOrdersDataProductIdInputString - User send post api request add products with url valid
20:32:27.735 [pool-2-thread-1] DEBUG net.thucydides.core.steps.StepInterceptor - STARTING STEP: AddProducts.sendRequestAddProductSuccess - User set api post request add products data valid
20:32:27.735 [pool-2-thread-1] DEBUG net.thucydides.core.steps.StepInterceptor - STEP DONE: User set api post request add products data valid
20:32:27.831 [pool-2-thread-1] DEBUG net.thucydides.core.steps.StepInterceptor - STEP DONE: User send post api request add products with url valid
20:32:27.832 [pool-2-thread-1] DEBUG net.thucydides.core.steps.StepInterceptor - STARTING STEP: OrderSteps.userSendGETApiRequestOrdersDataProductIdInputString - User receive valid get response code 200 add products data valid
20:32:27.832 [pool-2-thread-1] DEBUG net.thucydides.core.steps.StepInterceptor - STEP DONE: User receive valid get response code 200 add products data valid
20:32:27.832 [pool-2-thread-1] DEBUG net.thucydides.core.steps.StepInterceptor - STARTING STEP: OrderSteps.userSendGETApiRequestOrdersDataProductIdInputString - User create product and login before to get product id
20:32:27.833 [pool-2-thread-1] DEBUG net.thucydides.core.steps.StepInterceptor - STEP DONE: User create product and login before to get product id
20:32:27.833 [pool-2-thread-1] DEBUG net.thucydides.core.steps.StepInterceptor - STARTING STEP: OrderSteps.userSendGETApiRequestOrdersDataProductIdInputString - User send GET api request orders data product id input string
20:32:27.834 [pool-2-thread-1] DEBUG net.thucydides.core.steps.StepInterceptor - STARTING STEP: AddOrder.sendRequestAddOrderInputString - User create product and login before to get product id
20:32:27.834 [pool-2-thread-1] DEBUG net.thucydides.core.steps.StepInterceptor - STEP DONE: User create product and login before to get product id
20:32:27.929 [pool-2-thread-1] DEBUG net.thucydides.core.steps.StepInterceptor - STEP DONE: User send GET api request orders data product id input string
  &amp#27;[32mWhen &amp#27;[0m&amp#27;[32mUser send POST api request orders data product id input string&amp#27;[0m       &amp#27;[90m# starter.stepdefinitions.OrderSteps.userSendGETApiRequestOrdersDataProductIdInputString()&amp#27;[0m
20:32:27.931 [pool-2-thread-1] DEBUG net.thucydides.core.steps.StepInterceptor - STARTING STEP: OrderSteps.userReceiveValidGetResponseCodeProductId - User receive valid get response code 400 product id
20:32:27.932 [pool-2-thread-1] DEBUG net.thucydides.core.steps.StepInterceptor - STEP DONE: User receive valid get response code 400 product id
  &amp#27;[32mThen &amp#27;[0m&amp#27;[32mUser receive valid get response code 400 product id&amp#27;[0m                  &amp#27;[90m# starter.stepdefinitions.OrderSteps.userReceiveValidGetResponseCodeProductId()&amp#27;[0m
20:32:27.933 [pool-2-thread-1] DEBUG net.thucydides.core.steps.StepInterceptor - STARTING STEP: OrderSteps.userReceiveValidGetResponseBodyErrorForOrdersDataProductId - User receive valid get response body error for orders data product id
20:32:27.939 [pool-2-thread-1] DEBUG net.thucydides.core.steps.StepInterceptor - STEP DONE: User receive valid get response body error for orders data product id
  &amp#27;[32mAnd &amp#27;[0m&amp#27;[32mUser receive valid get response body error for orders data product id&amp#27;[0m &amp#27;[90m# starter.stepdefinitions.OrderSteps.userReceiveValidGetResponseBodyErrorForOrdersDataProductId()&amp#27;[0m
20:32:27.940 [pool-2-thread-1] INFO  - 
  _____   ___   ___   _____     ___     _     ___   ___   ___   ___  
 |_   _| | __| / __| |_   _|   | _ \   /_\   / __| / __| | __| |   \ 
   | |   | _|  \__ \   | |     |  _/  / _ \  \__ \ \__ \ | _|  | |) |
   |_|   |___| |___/   |_|     |_|   /_/ \_\ |___/ |___/ |___| |___/ 

Add Order - Add Orders with product id input string
----------------------------------------------------------------------
]]></system-out>
  </testcase>
  <testcase name="Add Order - Add Orders with product id input empty" classname="Order" time="0.327">
    <system-out><![CDATA[
Scenario: Add Order - Add Orders with product id input empty                &amp#27;[90m# src/test/resources/api/Order.feature:23&amp#27;[0m
20:32:27.947 [pool-2-thread-1] INFO io.cucumber.core.plugin.SerenityReporter - Running feature from file:///Users/jasmine/Documents/alterra-mini-project/src/test/resources/api/Order.feature
20:32:27.947 [pool-2-thread-1] WARN io.cucumber.core.plugin.SerenityReporter - Feature from file:///Users/jasmine/Documents/alterra-mini-project/src/test/resources/api/Order.feature is not under the 'features' directory. Requirements report will not be correctly generated!
20:32:27.948 [pool-2-thread-1] INFO  - 
  _____   ___   ___   _____     ___   _____     _     ___   _____   ___   ___  
 |_   _| | __| / __| |_   _|   / __| |_   _|   /_\   | _ \ |_   _| | __| |   \ 
   | |   | _|  \__ \   | |     \__ \   | |    / _ \  |   /   | |   | _|  | |) |
   |_|   |___| |___/   |_|     |___/   |_|   /_/ \_\ |_|_\   |_|   |___| |___/ 

Add Order - Add Orders with product id input empty(order;add-order---add-orders-with-product-id-input-empty)
--------------------------------------------------------------------------------
20:32:27.963 [pool-2-thread-1] DEBUG net.thucydides.core.steps.StepInterceptor - STARTING STEP: OrderSteps.userSetApiAddOrderValid - User set api POST request login
20:32:27.963 [pool-2-thread-1] DEBUG net.thucydides.core.steps.StepInterceptor - STEP DONE: User set api POST request login
20:32:27.963 [pool-2-thread-1] DEBUG net.thucydides.core.steps.StepInterceptor - STARTING STEP: OrderSteps.userSetApiAddOrderValid - User send request body login
20:32:27.964 [pool-2-thread-1] DEBUG net.thucydides.core.steps.StepInterceptor - STARTING STEP: Login.sendPostLoginRequest - User set api POST request login
20:32:27.964 [pool-2-thread-1] DEBUG net.thucydides.core.steps.StepInterceptor - STEP DONE: User set api POST request login
20:32:28.061 [pool-2-thread-1] DEBUG net.thucydides.core.steps.StepInterceptor - STEP DONE: User send request body login
20:32:28.062 [pool-2-thread-1] DEBUG net.thucydides.core.steps.StepInterceptor - STARTING STEP: OrderSteps.userSetApiAddOrderValid - User receive response body success
20:32:28.068 [pool-2-thread-1] DEBUG net.thucydides.core.steps.StepInterceptor - STEP DONE: User receive response body success
  &amp#27;[32mGiven &amp#27;[0m&amp#27;[32mUser create product and login before to get product id&amp#27;[0m              &amp#27;[90m# starter.stepdefinitions.OrderSteps.userSetApiAddOrderValid()&amp#27;[0m
20:32:28.069 [pool-2-thread-1] DEBUG net.thucydides.core.steps.StepInterceptor - STARTING STEP: OrderSteps.userSendGETApiRequestOrdersDataProductIdInputEmpty - User set api post request add products data valid
20:32:28.069 [pool-2-thread-1] DEBUG net.thucydides.core.steps.StepInterceptor - STEP DONE: User set api post request add products data valid
20:32:28.070 [pool-2-thread-1] DEBUG net.thucydides.core.steps.StepInterceptor - STARTING STEP: OrderSteps.userSendGETApiRequestOrdersDataProductIdInputEmpty - User send post api request add products with url valid
20:32:28.071 [pool-2-thread-1] DEBUG net.thucydides.core.steps.StepInterceptor - STARTING STEP: AddProducts.sendRequestAddProductSuccess - User set api post request add products data valid
20:32:28.071 [pool-2-thread-1] DEBUG net.thucydides.core.steps.StepInterceptor - STEP DONE: User set api post request add products data valid
20:32:28.161 [pool-2-thread-1] DEBUG net.thucydides.core.steps.StepInterceptor - STEP DONE: User send post api request add products with url valid
20:32:28.162 [pool-2-thread-1] DEBUG net.thucydides.core.steps.StepInterceptor - STARTING STEP: OrderSteps.userSendGETApiRequestOrdersDataProductIdInputEmpty - User receive valid get response code 200 add products data valid
20:32:28.162 [pool-2-thread-1] DEBUG net.thucydides.core.steps.StepInterceptor - STEP DONE: User receive valid get response code 200 add products data valid
20:32:28.163 [pool-2-thread-1] DEBUG net.thucydides.core.steps.StepInterceptor - STARTING STEP: OrderSteps.userSendGETApiRequestOrdersDataProductIdInputEmpty - User create product and login before to get product id
20:32:28.163 [pool-2-thread-1] DEBUG net.thucydides.core.steps.StepInterceptor - STEP DONE: User create product and login before to get product id
20:32:28.163 [pool-2-thread-1] DEBUG net.thucydides.core.steps.StepInterceptor - STARTING STEP: OrderSteps.userSendGETApiRequestOrdersDataProductIdInputEmpty - User send GET api request orders data product id input empty
20:32:28.164 [pool-2-thread-1] DEBUG net.thucydides.core.steps.StepInterceptor - STARTING STEP: AddOrder.sendRequestAddOrderInputProductIdEmpty - User create product and login before to get product id
20:32:28.164 [pool-2-thread-1] DEBUG net.thucydides.core.steps.StepInterceptor - STEP DONE: User create product and login before to get product id
20:32:28.257 [pool-2-thread-1] DEBUG net.thucydides.core.steps.StepInterceptor - STEP DONE: User send GET api request orders data product id input empty
  &amp#27;[32mWhen &amp#27;[0m&amp#27;[32mUser send POST api request orders data product id input empty&amp#27;[0m        &amp#27;[90m# starter.stepdefinitions.OrderSteps.userSendGETApiRequestOrdersDataProductIdInputEmpty()&amp#27;[0m
20:32:28.259 [pool-2-thread-1] DEBUG net.thucydides.core.steps.StepInterceptor - STARTING STEP: OrderSteps.userReceiveValidGetResponseCodeProductId - User receive valid get response code 400 product id
20:32:28.259 [pool-2-thread-1] DEBUG net.thucydides.core.steps.StepInterceptor - STEP DONE: User receive valid get response code 400 product id
  &amp#27;[32mThen &amp#27;[0m&amp#27;[32mUser receive valid get response code 400 product id&amp#27;[0m                  &amp#27;[90m# starter.stepdefinitions.OrderSteps.userReceiveValidGetResponseCodeProductId()&amp#27;[0m
20:32:28.260 [pool-2-thread-1] DEBUG net.thucydides.core.steps.StepInterceptor - STARTING STEP: OrderSteps.userReceiveValidGetResponseBodyErrorForOrdersDataProductId - User receive valid get response body error for orders data product id
20:32:28.266 [pool-2-thread-1] DEBUG net.thucydides.core.steps.StepInterceptor - STEP DONE: User receive valid get response body error for orders data product id
  &amp#27;[32mAnd &amp#27;[0m&amp#27;[32mUser receive valid get response body error for orders data product id&amp#27;[0m &amp#27;[90m# starter.stepdefinitions.OrderSteps.userReceiveValidGetResponseBodyErrorForOrdersDataProductId()&amp#27;[0m
20:32:28.267 [pool-2-thread-1] INFO  - 
  _____   ___   ___   _____     ___     _     ___   ___   ___   ___  
 |_   _| | __| / __| |_   _|   | _ \   /_\   / __| / __| | __| |   \ 
   | |   | _|  \__ \   | |     |  _/  / _ \  \__ \ \__ \ | _|  | |) |
   |_|   |___| |___/   |_|     |_|   /_/ \_\ |___/ |___/ |___| |___/ 

Add Order - Add Orders with product id input empty
----------------------------------------------------------------------
]]></system-out>
  </testcase>
  <testcase name="Add Order - Add Orders with quantity input minus" classname="Order" time="0.414">
    <system-out><![CDATA[
Scenario: Add Order - Add Orders with quantity input minus         &amp#27;[90m# src/test/resources/api/Order.feature:29&amp#27;[0m
20:32:28.274 [pool-2-thread-1] INFO io.cucumber.core.plugin.SerenityReporter - Running feature from file:///Users/jasmine/Documents/alterra-mini-project/src/test/resources/api/Order.feature
20:32:28.274 [pool-2-thread-1] WARN io.cucumber.core.plugin.SerenityReporter - Feature from file:///Users/jasmine/Documents/alterra-mini-project/src/test/resources/api/Order.feature is not under the 'features' directory. Requirements report will not be correctly generated!
20:32:28.275 [pool-2-thread-1] INFO  - 
  _____   ___   ___   _____     ___   _____     _     ___   _____   ___   ___  
 |_   _| | __| / __| |_   _|   / __| |_   _|   /_\   | _ \ |_   _| | __| |   \ 
   | |   | _|  \__ \   | |     \__ \   | |    / _ \  |   /   | |   | _|  | |) |
   |_|   |___| |___/   |_|     |___/   |_|   /_/ \_\ |_|_\   |_|   |___| |___/ 

Add Order - Add Orders with quantity input minus(order;add-order---add-orders-with-quantity-input-minus)
--------------------------------------------------------------------------------
20:32:28.288 [pool-2-thread-1] DEBUG net.thucydides.core.steps.StepInterceptor - STARTING STEP: OrderSteps.userSetApiAddOrderValid - User set api POST request login
20:32:28.289 [pool-2-thread-1] DEBUG net.thucydides.core.steps.StepInterceptor - STEP DONE: User set api POST request login
20:32:28.289 [pool-2-thread-1] DEBUG net.thucydides.core.steps.StepInterceptor - STARTING STEP: OrderSteps.userSetApiAddOrderValid - User send request body login
20:32:28.290 [pool-2-thread-1] DEBUG net.thucydides.core.steps.StepInterceptor - STARTING STEP: Login.sendPostLoginRequest - User set api POST request login
20:32:28.290 [pool-2-thread-1] DEBUG net.thucydides.core.steps.StepInterceptor - STEP DONE: User set api POST request login
20:32:28.392 [pool-2-thread-1] DEBUG net.thucydides.core.steps.StepInterceptor - STEP DONE: User send request body login
20:32:28.392 [pool-2-thread-1] DEBUG net.thucydides.core.steps.StepInterceptor - STARTING STEP: OrderSteps.userSetApiAddOrderValid - User receive response body success
20:32:28.407 [pool-2-thread-1] DEBUG net.thucydides.core.steps.StepInterceptor - STEP DONE: User receive response body success
  &amp#27;[32mGiven &amp#27;[0m&amp#27;[32mUser create product and login before to get product id&amp#27;[0m     &amp#27;[90m# starter.stepdefinitions.OrderSteps.userSetApiAddOrderValid()&amp#27;[0m
20:32:28.409 [pool-2-thread-1] DEBUG net.thucydides.core.steps.StepInterceptor - STARTING STEP: OrderSteps.userSendGETApiRequestOrdersDataQuantityInputMinus - User set api post request add products data valid
20:32:28.409 [pool-2-thread-1] DEBUG net.thucydides.core.steps.StepInterceptor - STEP DONE: User set api post request add products data valid
20:32:28.409 [pool-2-thread-1] DEBUG net.thucydides.core.steps.StepInterceptor - STARTING STEP: OrderSteps.userSendGETApiRequestOrdersDataQuantityInputMinus - User send post api request add products with url valid
20:32:28.410 [pool-2-thread-1] DEBUG net.thucydides.core.steps.StepInterceptor - STARTING STEP: AddProducts.sendRequestAddProductSuccess - User set api post request add products data valid
20:32:28.410 [pool-2-thread-1] DEBUG net.thucydides.core.steps.StepInterceptor - STEP DONE: User set api post request add products data valid
20:32:28.512 [pool-2-thread-1] DEBUG net.thucydides.core.steps.StepInterceptor - STEP DONE: User send post api request add products with url valid
20:32:28.513 [pool-2-thread-1] DEBUG net.thucydides.core.steps.StepInterceptor - STARTING STEP: OrderSteps.userSendGETApiRequestOrdersDataQuantityInputMinus - User receive valid get response code 200 add products data valid
20:32:28.513 [pool-2-thread-1] DEBUG net.thucydides.core.steps.StepInterceptor - STEP DONE: User receive valid get response code 200 add products data valid
20:32:28.513 [pool-2-thread-1] DEBUG net.thucydides.core.steps.StepInterceptor - STARTING STEP: OrderSteps.userSendGETApiRequestOrdersDataQuantityInputMinus - User receive valid get response body for add products url valid
20:32:28.569 [pool-2-thread-1] DEBUG net.thucydides.core.steps.StepInterceptor - STEP DONE: User receive valid get response body for add products url valid
20:32:28.570 [pool-2-thread-1] DEBUG net.thucydides.core.steps.StepInterceptor - STARTING STEP: OrderSteps.userSendGETApiRequestOrdersDataQuantityInputMinus - User create product and login before to get product id
20:32:28.570 [pool-2-thread-1] DEBUG net.thucydides.core.steps.StepInterceptor - STEP DONE: User create product and login before to get product id
20:32:28.570 [pool-2-thread-1] DEBUG net.thucydides.core.steps.StepInterceptor - STARTING STEP: OrderSteps.userSendGETApiRequestOrdersDataQuantityInputMinus - User send GET api request orders data quantity input minus
20:32:28.571 [pool-2-thread-1] DEBUG net.thucydides.core.steps.StepInterceptor - STARTING STEP: AddOrder.sendRequestQuantityMinus - User create product and login before to get product id
20:32:28.571 [pool-2-thread-1] DEBUG net.thucydides.core.steps.StepInterceptor - STEP DONE: User create product and login before to get product id
20:32:28.672 [pool-2-thread-1] DEBUG net.thucydides.core.steps.StepInterceptor - STEP DONE: User send GET api request orders data quantity input minus
  &amp#27;[32mWhen &amp#27;[0m&amp#27;[32mUser send POST api request orders data quantity input minus&amp#27;[0m &amp#27;[90m# starter.stepdefinitions.OrderSteps.userSendGETApiRequestOrdersDataQuantityInputMinus()&amp#27;[0m
20:32:28.674 [pool-2-thread-1] DEBUG net.thucydides.core.steps.StepInterceptor - STARTING STEP: OrderSteps.userReceiveValidGetResponseCodeQuantity - User receive valid get response code 400 quantity id
20:32:28.674 [pool-2-thread-1] DEBUG net.thucydides.core.steps.StepInterceptor - STEP DONE: User receive valid get response code 400 quantity id
  &amp#27;[32mThen &amp#27;[0m&amp#27;[32mUser receive valid get response code 400 quantity&amp#27;[0m           &amp#27;[90m# starter.stepdefinitions.OrderSteps.userReceiveValidGetResponseCodeQuantity()&amp#27;[0m
20:32:28.676 [pool-2-thread-1] DEBUG net.thucydides.core.steps.StepInterceptor - STARTING STEP: OrderSteps.userReceiveValidGetResponseBodyErrorForQuantity - User receive valid get response body error for quantity
20:32:28.681 [pool-2-thread-1] DEBUG net.thucydides.core.steps.StepInterceptor - STEP DONE: User receive valid get response body error for quantity
  &amp#27;[32mAnd &amp#27;[0m&amp#27;[32mUser receive valid get response body error for quantity&amp#27;[0m      &amp#27;[90m# starter.stepdefinitions.OrderSteps.userReceiveValidGetResponseBodyErrorForQuantity()&amp#27;[0m
20:32:28.682 [pool-2-thread-1] INFO  - 
  _____   ___   ___   _____     ___     _     ___   ___   ___   ___  
 |_   _| | __| / __| |_   _|   | _ \   /_\   / __| / __| | __| |   \ 
   | |   | _|  \__ \   | |     |  _/  / _ \  \__ \ \__ \ | _|  | |) |
   |_|   |___| |___/   |_|     |_|   /_/ \_\ |___/ |___/ |___| |___/ 

Add Order - Add Orders with quantity input minus
----------------------------------------------------------------------
]]></system-out>
  </testcase>
  <testcase name="Add Order - Add Orders with quantity input empty" classname="Order" time="0.381">
    <system-out><![CDATA[
Scenario: Add Order - Add Orders with quantity input empty         &amp#27;[90m# src/test/resources/api/Order.feature:35&amp#27;[0m
20:32:28.689 [pool-2-thread-1] INFO io.cucumber.core.plugin.SerenityReporter - Running feature from file:///Users/jasmine/Documents/alterra-mini-project/src/test/resources/api/Order.feature
20:32:28.689 [pool-2-thread-1] WARN io.cucumber.core.plugin.SerenityReporter - Feature from file:///Users/jasmine/Documents/alterra-mini-project/src/test/resources/api/Order.feature is not under the 'features' directory. Requirements report will not be correctly generated!
20:32:28.690 [pool-2-thread-1] INFO  - 
  _____   ___   ___   _____     ___   _____     _     ___   _____   ___   ___  
 |_   _| | __| / __| |_   _|   / __| |_   _|   /_\   | _ \ |_   _| | __| |   \ 
   | |   | _|  \__ \   | |     \__ \   | |    / _ \  |   /   | |   | _|  | |) |
   |_|   |___| |___/   |_|     |___/   |_|   /_/ \_\ |_|_\   |_|   |___| |___/ 

Add Order - Add Orders with quantity input empty(order;add-order---add-orders-with-quantity-input-empty)
--------------------------------------------------------------------------------
20:32:28.703 [pool-2-thread-1] DEBUG net.thucydides.core.steps.StepInterceptor - STARTING STEP: OrderSteps.userSetApiAddOrderValid - User set api POST request login
20:32:28.704 [pool-2-thread-1] DEBUG net.thucydides.core.steps.StepInterceptor - STEP DONE: User set api POST request login
20:32:28.704 [pool-2-thread-1] DEBUG net.thucydides.core.steps.StepInterceptor - STARTING STEP: OrderSteps.userSetApiAddOrderValid - User send request body login
20:32:28.705 [pool-2-thread-1] DEBUG net.thucydides.core.steps.StepInterceptor - STARTING STEP: Login.sendPostLoginRequest - User set api POST request login
20:32:28.705 [pool-2-thread-1] DEBUG net.thucydides.core.steps.StepInterceptor - STEP DONE: User set api POST request login
20:32:28.802 [pool-2-thread-1] DEBUG net.thucydides.core.steps.StepInterceptor - STEP DONE: User send request body login
20:32:28.802 [pool-2-thread-1] DEBUG net.thucydides.core.steps.StepInterceptor - STARTING STEP: OrderSteps.userSetApiAddOrderValid - User receive response body success
20:32:28.807 [pool-2-thread-1] DEBUG net.thucydides.core.steps.StepInterceptor - STEP DONE: User receive response body success
  &amp#27;[32mGiven &amp#27;[0m&amp#27;[32mUser create product and login before to get product id&amp#27;[0m     &amp#27;[90m# starter.stepdefinitions.OrderSteps.userSetApiAddOrderValid()&amp#27;[0m
20:32:28.809 [pool-2-thread-1] DEBUG net.thucydides.core.steps.StepInterceptor - STARTING STEP: OrderSteps.userSendGETApiRequestOrdersDataQuantityInputEmpty - User set api post request add products data valid
20:32:28.809 [pool-2-thread-1] DEBUG net.thucydides.core.steps.StepInterceptor - STEP DONE: User set api post request add products data valid
20:32:28.809 [pool-2-thread-1] DEBUG net.thucydides.core.steps.StepInterceptor - STARTING STEP: OrderSteps.userSendGETApiRequestOrdersDataQuantityInputEmpty - User send post api request add products with url valid
20:32:28.810 [pool-2-thread-1] DEBUG net.thucydides.core.steps.StepInterceptor - STARTING STEP: AddProducts.sendRequestAddProductSuccess - User set api post request add products data valid
20:32:28.810 [pool-2-thread-1] DEBUG net.thucydides.core.steps.StepInterceptor - STEP DONE: User set api post request add products data valid
20:32:28.904 [pool-2-thread-1] DEBUG net.thucydides.core.steps.StepInterceptor - STEP DONE: User send post api request add products with url valid
20:32:28.904 [pool-2-thread-1] DEBUG net.thucydides.core.steps.StepInterceptor - STARTING STEP: OrderSteps.userSendGETApiRequestOrdersDataQuantityInputEmpty - User receive valid get response code 200 add products data valid
20:32:28.904 [pool-2-thread-1] DEBUG net.thucydides.core.steps.StepInterceptor - STEP DONE: User receive valid get response code 200 add products data valid
20:32:28.905 [pool-2-thread-1] DEBUG net.thucydides.core.steps.StepInterceptor - STARTING STEP: OrderSteps.userSendGETApiRequestOrdersDataQuantityInputEmpty - User receive valid get response body for add products url valid
20:32:28.958 [pool-2-thread-1] DEBUG net.thucydides.core.steps.StepInterceptor - STEP DONE: User receive valid get response body for add products url valid
20:32:28.958 [pool-2-thread-1] DEBUG net.thucydides.core.steps.StepInterceptor - STARTING STEP: OrderSteps.userSendGETApiRequestOrdersDataQuantityInputEmpty - User create product and login before to get product id
20:32:28.958 [pool-2-thread-1] DEBUG net.thucydides.core.steps.StepInterceptor - STEP DONE: User create product and login before to get product id
20:32:28.959 [pool-2-thread-1] DEBUG net.thucydides.core.steps.StepInterceptor - STARTING STEP: OrderSteps.userSendGETApiRequestOrdersDataQuantityInputEmpty - User send GET api request orders data quantity input empty
20:32:28.960 [pool-2-thread-1] DEBUG net.thucydides.core.steps.StepInterceptor - STARTING STEP: AddOrder.sendRequestAddOrderInputQuantitytIdEmpty - User create product and login before to get product id
20:32:28.960 [pool-2-thread-1] DEBUG net.thucydides.core.steps.StepInterceptor - STEP DONE: User create product and login before to get product id
20:32:29.052 [pool-2-thread-1] DEBUG net.thucydides.core.steps.StepInterceptor - STEP DONE: User send GET api request orders data quantity input empty
  &amp#27;[32mWhen &amp#27;[0m&amp#27;[32mUser send POST api request orders data quantity input empty&amp#27;[0m &amp#27;[90m# starter.stepdefinitions.OrderSteps.userSendGETApiRequestOrdersDataQuantityInputEmpty()&amp#27;[0m
20:32:29.054 [pool-2-thread-1] DEBUG net.thucydides.core.steps.StepInterceptor - STARTING STEP: OrderSteps.userReceiveValidGetResponseCodeQuantity - User receive valid get response code 400 quantity id
20:32:29.054 [pool-2-thread-1] DEBUG net.thucydides.core.steps.StepInterceptor - STEP DONE: User receive valid get response code 400 quantity id
  &amp#27;[32mThen &amp#27;[0m&amp#27;[32mUser receive valid get response code 400 quantity&amp#27;[0m           &amp#27;[90m# starter.stepdefinitions.OrderSteps.userReceiveValidGetResponseCodeQuantity()&amp#27;[0m
20:32:29.056 [pool-2-thread-1] DEBUG net.thucydides.core.steps.StepInterceptor - STARTING STEP: OrderSteps.userReceiveValidGetResponseBodyErrorForQuantity - User receive valid get response body error for quantity
20:32:29.062 [pool-2-thread-1] DEBUG net.thucydides.core.steps.StepInterceptor - STEP DONE: User receive valid get response body error for quantity
  &amp#27;[32mAnd &amp#27;[0m&amp#27;[32mUser receive valid get response body error for quantity&amp#27;[0m      &amp#27;[90m# starter.stepdefinitions.OrderSteps.userReceiveValidGetResponseBodyErrorForQuantity()&amp#27;[0m
20:32:29.063 [pool-2-thread-1] INFO  - 
  _____   ___   ___   _____     ___     _     ___   ___   ___   ___  
 |_   _| | __| / __| |_   _|   | _ \   /_\   / __| / __| | __| |   \ 
   | |   | _|  \__ \   | |     |  _/  / _ \  \__ \ \__ \ | _|  | |) |
   |_|   |___| |___/   |_|     |_|   /_/ \_\ |___/ |___/ |___| |___/ 

Add Order - Add Orders with quantity input empty
----------------------------------------------------------------------
]]></system-out>
  </testcase>
  <testcase name="Get Order - Get Orders with token valid" classname="Order" time="0.463">
    <system-out><![CDATA[
Scenario: Get Order - Get Orders with token valid                      &amp#27;[90m# src/test/resources/api/Order.feature:41&amp#27;[0m
20:32:29.070 [pool-2-thread-1] INFO io.cucumber.core.plugin.SerenityReporter - Running feature from file:///Users/jasmine/Documents/alterra-mini-project/src/test/resources/api/Order.feature
20:32:29.070 [pool-2-thread-1] WARN io.cucumber.core.plugin.SerenityReporter - Feature from file:///Users/jasmine/Documents/alterra-mini-project/src/test/resources/api/Order.feature is not under the 'features' directory. Requirements report will not be correctly generated!
20:32:29.071 [pool-2-thread-1] INFO  - 
  _____   ___   ___   _____     ___   _____     _     ___   _____   ___   ___  
 |_   _| | __| / __| |_   _|   / __| |_   _|   /_\   | _ \ |_   _| | __| |   \ 
   | |   | _|  \__ \   | |     \__ \   | |    / _ \  |   /   | |   | _|  | |) |
   |_|   |___| |___/   |_|     |___/   |_|   /_/ \_\ |_|_\   |_|   |___| |___/ 

Get Order - Get Orders with token valid(order;get-order---get-orders-with-token-valid)
--------------------------------------------------------------------------------
20:32:29.085 [pool-2-thread-1] DEBUG net.thucydides.core.steps.StepInterceptor - STARTING STEP: OrderSteps.userSetApiAddOrderValid - User set api POST request login
20:32:29.085 [pool-2-thread-1] DEBUG net.thucydides.core.steps.StepInterceptor - STEP DONE: User set api POST request login
20:32:29.085 [pool-2-thread-1] DEBUG net.thucydides.core.steps.StepInterceptor - STARTING STEP: OrderSteps.userSetApiAddOrderValid - User send request body login
20:32:29.086 [pool-2-thread-1] DEBUG net.thucydides.core.steps.StepInterceptor - STARTING STEP: Login.sendPostLoginRequest - User set api POST request login
20:32:29.086 [pool-2-thread-1] DEBUG net.thucydides.core.steps.StepInterceptor - STEP DONE: User set api POST request login
20:32:29.182 [pool-2-thread-1] DEBUG net.thucydides.core.steps.StepInterceptor - STEP DONE: User send request body login
20:32:29.183 [pool-2-thread-1] DEBUG net.thucydides.core.steps.StepInterceptor - STARTING STEP: OrderSteps.userSetApiAddOrderValid - User receive response body success
20:32:29.189 [pool-2-thread-1] DEBUG net.thucydides.core.steps.StepInterceptor - STEP DONE: User receive response body success
  &amp#27;[32mGiven &amp#27;[0m&amp#27;[32mUser create product and login before to get product id&amp#27;[0m         &amp#27;[90m# starter.stepdefinitions.OrderSteps.userSetApiAddOrderValid()&amp#27;[0m
20:32:29.190 [pool-2-thread-1] DEBUG net.thucydides.core.steps.StepInterceptor - STARTING STEP: OrderSteps.userSendGETApiRequestOrderTokenValid - User set api get order
20:32:29.190 [pool-2-thread-1] DEBUG net.thucydides.core.steps.StepInterceptor - STEP DONE: User set api get order
20:32:29.191 [pool-2-thread-1] DEBUG net.thucydides.core.steps.StepInterceptor - STARTING STEP: OrderSteps.userSendGETApiRequestOrderTokenValid - User send POST api request orders data valid and token valid
20:32:29.191 [pool-2-thread-1] DEBUG net.thucydides.core.steps.StepInterceptor - STARTING STEP: GetOrder.sendRequestBodyGetOrderValid - User set api get order
20:32:29.191 [pool-2-thread-1] DEBUG net.thucydides.core.steps.StepInterceptor - STEP DONE: User set api get order
20:32:29.492 [pool-2-thread-1] DEBUG net.thucydides.core.steps.StepInterceptor - STEP DONE: User send POST api request orders data valid and token valid
  &amp#27;[32mWhen &amp#27;[0m&amp#27;[32mUser send GET api request order token valid&amp#27;[0m                     &amp#27;[90m# starter.stepdefinitions.OrderSteps.userSendGETApiRequestOrderTokenValid()&amp#27;[0m
20:32:29.494 [pool-2-thread-1] DEBUG net.thucydides.core.steps.StepInterceptor - STARTING STEP: OrderSteps.userReceiveValidGetResponseCodeTokenValidGetOrders - User receive valid get response code 200 token valid get orders
20:32:29.495 [pool-2-thread-1] DEBUG net.thucydides.core.steps.StepInterceptor - STEP DONE: User receive valid get response code 200 token valid get orders
  &amp#27;[32mThen &amp#27;[0m&amp#27;[32mUser receive valid get response code 200 token valid get orders&amp#27;[0m &amp#27;[90m# starter.stepdefinitions.OrderSteps.userReceiveValidGetResponseCodeTokenValidGetOrders()&amp#27;[0m
20:32:29.496 [pool-2-thread-1] DEBUG net.thucydides.core.steps.StepInterceptor - STARTING STEP: OrderSteps.userReceiveValidGetResponseBodyForGetOrdersTokenValid - User receive valid get response body for get orders token valid
20:32:29.525 [pool-2-thread-1] DEBUG net.thucydides.core.steps.StepInterceptor - STEP DONE: User receive valid get response body for get orders token valid
  &amp#27;[32mAnd &amp#27;[0m&amp#27;[32mUser receive valid get response body for get orders token valid&amp#27;[0m  &amp#27;[90m# starter.stepdefinitions.OrderSteps.userReceiveValidGetResponseBodyForGetOrdersTokenValid()&amp#27;[0m
20:32:29.526 [pool-2-thread-1] INFO  - 
  _____   ___   ___   _____     ___     _     ___   ___   ___   ___  
 |_   _| | __| / __| |_   _|   | _ \   /_\   / __| / __| | __| |   \ 
   | |   | _|  \__ \   | |     |  _/  / _ \  \__ \ \__ \ | _|  | |) |
   |_|   |___| |___/   |_|     |_|   /_/ \_\ |___/ |___/ |___| |___/ 

Get Order - Get Orders with token valid
----------------------------------------------------------------------
]]></system-out>
  </testcase>
  <testcase name="Get Orders - Get Orders with token invalid" classname="Order" time="0.236">
    <system-out><![CDATA[
Scenario: Get Orders - Get Orders with token invalid                    &amp#27;[90m# src/test/resources/api/Order.feature:47&amp#27;[0m
20:32:29.533 [pool-2-thread-1] INFO io.cucumber.core.plugin.SerenityReporter - Running feature from file:///Users/jasmine/Documents/alterra-mini-project/src/test/resources/api/Order.feature
20:32:29.533 [pool-2-thread-1] WARN io.cucumber.core.plugin.SerenityReporter - Feature from file:///Users/jasmine/Documents/alterra-mini-project/src/test/resources/api/Order.feature is not under the 'features' directory. Requirements report will not be correctly generated!
20:32:29.534 [pool-2-thread-1] INFO  - 
  _____   ___   ___   _____     ___   _____     _     ___   _____   ___   ___  
 |_   _| | __| / __| |_   _|   / __| |_   _|   /_\   | _ \ |_   _| | __| |   \ 
   | |   | _|  \__ \   | |     \__ \   | |    / _ \  |   /   | |   | _|  | |) |
   |_|   |___| |___/   |_|     |___/   |_|   /_/ \_\ |_|_\   |_|   |___| |___/ 

Get Orders - Get Orders with token invalid(order;get-orders---get-orders-with-token-invalid)
--------------------------------------------------------------------------------
20:32:29.546 [pool-2-thread-1] DEBUG net.thucydides.core.steps.StepInterceptor - STARTING STEP: OrderSteps.userSetApiAddOrderValid - User set api POST request login
20:32:29.546 [pool-2-thread-1] DEBUG net.thucydides.core.steps.StepInterceptor - STEP DONE: User set api POST request login
20:32:29.546 [pool-2-thread-1] DEBUG net.thucydides.core.steps.StepInterceptor - STARTING STEP: OrderSteps.userSetApiAddOrderValid - User send request body login
20:32:29.547 [pool-2-thread-1] DEBUG net.thucydides.core.steps.StepInterceptor - STARTING STEP: Login.sendPostLoginRequest - User set api POST request login
20:32:29.547 [pool-2-thread-1] DEBUG net.thucydides.core.steps.StepInterceptor - STEP DONE: User set api POST request login
20:32:29.651 [pool-2-thread-1] DEBUG net.thucydides.core.steps.StepInterceptor - STEP DONE: User send request body login
20:32:29.652 [pool-2-thread-1] DEBUG net.thucydides.core.steps.StepInterceptor - STARTING STEP: OrderSteps.userSetApiAddOrderValid - User receive response body success
20:32:29.657 [pool-2-thread-1] DEBUG net.thucydides.core.steps.StepInterceptor - STEP DONE: User receive response body success
  &amp#27;[32mGiven &amp#27;[0m&amp#27;[32mUser create product and login before to get product id&amp#27;[0m          &amp#27;[90m# starter.stepdefinitions.OrderSteps.userSetApiAddOrderValid()&amp#27;[0m
20:32:29.659 [pool-2-thread-1] DEBUG net.thucydides.core.steps.StepInterceptor - STARTING STEP: OrderSteps.userSendGETApiRequestOrdersWithTokenInvalid - User send POST api request orders data valid and token valid
20:32:29.660 [pool-2-thread-1] DEBUG net.thucydides.core.steps.StepInterceptor - STARTING STEP: GetOrder.sendRequestBodyGetOrderTokenInvalid - User set api get order
20:32:29.660 [pool-2-thread-1] DEBUG net.thucydides.core.steps.StepInterceptor - STEP DONE: User set api get order
20:32:29.751 [pool-2-thread-1] DEBUG net.thucydides.core.steps.StepInterceptor - STEP DONE: User send POST api request orders data valid and token valid
  &amp#27;[32mWhen &amp#27;[0m&amp#27;[32mUser send GET api request orders with token invalid&amp#27;[0m              &amp#27;[90m# starter.stepdefinitions.OrderSteps.userSendGETApiRequestOrdersWithTokenInvalid()&amp#27;[0m
20:32:29.753 [pool-2-thread-1] DEBUG net.thucydides.core.steps.StepInterceptor - STARTING STEP: OrderSteps.userReceiveValidGetResponseCodeOrdersTokenInvalid - User receive valid get response code 404 orders token invalid
20:32:29.753 [pool-2-thread-1] DEBUG net.thucydides.core.steps.StepInterceptor - STEP DONE: User receive valid get response code 404 orders token invalid
  &amp#27;[32mThen &amp#27;[0m&amp#27;[32mUser receive valid get response code 401 orders token invalid&amp#27;[0m    &amp#27;[90m# starter.stepdefinitions.OrderSteps.userReceiveValidGetResponseCodeOrdersTokenInvalid()&amp#27;[0m
20:32:29.755 [pool-2-thread-1] DEBUG net.thucydides.core.steps.StepInterceptor - STARTING STEP: OrderSteps.userReceiveValidGetResponseBodyForGetOrdersTokenInvalid - User receive valid get response body for get orders token invalid
20:32:29.761 [pool-2-thread-1] DEBUG net.thucydides.core.steps.StepInterceptor - STEP DONE: User receive valid get response body for get orders token invalid
  &amp#27;[32mAnd &amp#27;[0m&amp#27;[32mUser receive valid get response body for get orders token invalid&amp#27;[0m &amp#27;[90m# starter.stepdefinitions.OrderSteps.userReceiveValidGetResponseBodyForGetOrdersTokenInvalid()&amp#27;[0m
20:32:29.762 [pool-2-thread-1] INFO  - 
  _____   ___   ___   _____     ___     _     ___   ___   ___   ___  
 |_   _| | __| / __| |_   _|   | _ \   /_\   / __| / __| | __| |   \ 
   | |   | _|  \__ \   | |     |  _/  / _ \  \__ \ \__ \ | _|  | |) |
   |_|   |___| |___/   |_|     |_|   /_/ \_\ |___/ |___/ |___| |___/ 

Get Orders - Get Orders with token invalid
----------------------------------------------------------------------
]]></system-out>
  </testcase>
  <testcase name="Get Orders By Id - Get Orders By Id with id found" classname="Order" time="0.641">
    <system-out><![CDATA[
Scenario: Get Orders By Id - Get Orders By Id with id found      &amp#27;[90m# src/test/resources/api/Order.feature:53&amp#27;[0m
20:32:29.769 [pool-2-thread-1] INFO io.cucumber.core.plugin.SerenityReporter - Running feature from file:///Users/jasmine/Documents/alterra-mini-project/src/test/resources/api/Order.feature
20:32:29.769 [pool-2-thread-1] WARN io.cucumber.core.plugin.SerenityReporter - Feature from file:///Users/jasmine/Documents/alterra-mini-project/src/test/resources/api/Order.feature is not under the 'features' directory. Requirements report will not be correctly generated!
20:32:29.770 [pool-2-thread-1] INFO  - 
  _____   ___   ___   _____     ___   _____     _     ___   _____   ___   ___  
 |_   _| | __| / __| |_   _|   / __| |_   _|   /_\   | _ \ |_   _| | __| |   \ 
   | |   | _|  \__ \   | |     \__ \   | |    / _ \  |   /   | |   | _|  | |) |
   |_|   |___| |___/   |_|     |___/   |_|   /_/ \_\ |_|_\   |_|   |___| |___/ 

Get Orders By Id - Get Orders By Id with id found(order;get-orders-by-id---get-orders-by-id-with-id-found)
--------------------------------------------------------------------------------
20:32:29.782 [pool-2-thread-1] DEBUG net.thucydides.core.steps.StepInterceptor - STARTING STEP: OrderSteps.userSetApiAddOrderValid - User set api POST request login
20:32:29.782 [pool-2-thread-1] DEBUG net.thucydides.core.steps.StepInterceptor - STEP DONE: User set api POST request login
20:32:29.782 [pool-2-thread-1] DEBUG net.thucydides.core.steps.StepInterceptor - STARTING STEP: OrderSteps.userSetApiAddOrderValid - User send request body login
20:32:29.783 [pool-2-thread-1] DEBUG net.thucydides.core.steps.StepInterceptor - STARTING STEP: Login.sendPostLoginRequest - User set api POST request login
20:32:29.783 [pool-2-thread-1] DEBUG net.thucydides.core.steps.StepInterceptor - STEP DONE: User set api POST request login
20:32:29.882 [pool-2-thread-1] DEBUG net.thucydides.core.steps.StepInterceptor - STEP DONE: User send request body login
20:32:29.882 [pool-2-thread-1] DEBUG net.thucydides.core.steps.StepInterceptor - STARTING STEP: OrderSteps.userSetApiAddOrderValid - User receive response body success
20:32:29.888 [pool-2-thread-1] DEBUG net.thucydides.core.steps.StepInterceptor - STEP DONE: User receive response body success
20:32:29.888 [pool-2-thread-1] DEBUG net.thucydides.core.steps.StepInterceptor - STARTING STEP: OrderSteps.userCreateOrdersAndLoginBeforeToGetOrderId - User set api post request add products data valid
20:32:29.888 [pool-2-thread-1] DEBUG net.thucydides.core.steps.StepInterceptor - STEP DONE: User set api post request add products data valid
20:32:29.888 [pool-2-thread-1] DEBUG net.thucydides.core.steps.StepInterceptor - STARTING STEP: OrderSteps.userCreateOrdersAndLoginBeforeToGetOrderId - User send post api request add products with url valid
20:32:29.889 [pool-2-thread-1] DEBUG net.thucydides.core.steps.StepInterceptor - STARTING STEP: AddProducts.sendRequestAddProductSuccess - User set api post request add products data valid
20:32:29.889 [pool-2-thread-1] DEBUG net.thucydides.core.steps.StepInterceptor - STEP DONE: User set api post request add products data valid
20:32:29.992 [pool-2-thread-1] DEBUG net.thucydides.core.steps.StepInterceptor - STEP DONE: User send post api request add products with url valid
20:32:29.992 [pool-2-thread-1] DEBUG net.thucydides.core.steps.StepInterceptor - STARTING STEP: OrderSteps.userCreateOrdersAndLoginBeforeToGetOrderId - User receive valid get response code 200 add products data valid
20:32:29.993 [pool-2-thread-1] DEBUG net.thucydides.core.steps.StepInterceptor - STEP DONE: User receive valid get response code 200 add products data valid
20:32:29.993 [pool-2-thread-1] DEBUG net.thucydides.core.steps.StepInterceptor - STARTING STEP: OrderSteps.userCreateOrdersAndLoginBeforeToGetOrderId - User receive valid get response body for add products url valid
20:32:30.042 [pool-2-thread-1] DEBUG net.thucydides.core.steps.StepInterceptor - STEP DONE: User receive valid get response body for add products url valid
20:32:30.042 [pool-2-thread-1] DEBUG net.thucydides.core.steps.StepInterceptor - STARTING STEP: OrderSteps.userCreateOrdersAndLoginBeforeToGetOrderId - User create product and login before to get product id
20:32:30.042 [pool-2-thread-1] DEBUG net.thucydides.core.steps.StepInterceptor - STEP DONE: User create product and login before to get product id
20:32:30.042 [pool-2-thread-1] DEBUG net.thucydides.core.steps.StepInterceptor - STARTING STEP: OrderSteps.userCreateOrdersAndLoginBeforeToGetOrderId - User send POST api request orders data valid and token valid
20:32:30.043 [pool-2-thread-1] DEBUG net.thucydides.core.steps.StepInterceptor - STARTING STEP: AddOrder.sendRequestBodyAddOrdersValid - User create product and login before to get product id
20:32:30.043 [pool-2-thread-1] DEBUG net.thucydides.core.steps.StepInterceptor - STEP DONE: User create product and login before to get product id
20:32:30.142 [pool-2-thread-1] DEBUG net.thucydides.core.steps.StepInterceptor - STEP DONE: User send POST api request orders data valid and token valid
20:32:30.142 [pool-2-thread-1] DEBUG net.thucydides.core.steps.StepInterceptor - STARTING STEP: OrderSteps.userCreateOrdersAndLoginBeforeToGetOrderId - User receive valid get response body for orders data valid and token valid
20:32:30.179 [pool-2-thread-1] DEBUG net.thucydides.core.steps.StepInterceptor - STEP DONE: User receive valid get response body for orders data valid and token valid
  &amp#27;[32mGiven &amp#27;[0m&amp#27;[32mUser create orders and login before to get order id&amp#27;[0m      &amp#27;[90m# starter.stepdefinitions.OrderSteps.userCreateOrdersAndLoginBeforeToGetOrderId()&amp#27;[0m
20:32:30.181 [pool-2-thread-1] DEBUG net.thucydides.core.steps.StepInterceptor - STARTING STEP: OrderSteps.userGetOrderByIdFoundWithTokenValid - User set api get order by id
20:32:30.181 [pool-2-thread-1] DEBUG net.thucydides.core.steps.StepInterceptor - STEP DONE: User set api get order by id
20:32:30.182 [pool-2-thread-1] DEBUG net.thucydides.core.steps.StepInterceptor - STARTING STEP: OrderSteps.userGetOrderByIdFoundWithTokenValid - User Get Order by id found with token valid
20:32:30.183 [pool-2-thread-1] DEBUG net.thucydides.core.steps.StepInterceptor - STARTING STEP: GetOrderById.sendRequestGetOrdersById - User set api get order by id
20:32:30.183 [pool-2-thread-1] DEBUG net.thucydides.core.steps.StepInterceptor - STEP DONE: User set api get order by id
20:32:30.282 [pool-2-thread-1] DEBUG net.thucydides.core.steps.StepInterceptor - STEP DONE: User Get Order by id found with token valid
  &amp#27;[32mWhen &amp#27;[0m&amp#27;[32mUser Get Order by id found with token valid&amp#27;[0m               &amp#27;[90m# starter.stepdefinitions.OrderSteps.userGetOrderByIdFoundWithTokenValid()&amp#27;[0m
20:32:30.284 [pool-2-thread-1] DEBUG net.thucydides.core.steps.StepInterceptor - STARTING STEP: OrderSteps.userReceiveValidGetResponseCodeGetOrdersById - User receive valid get response code 200 get orders by id
20:32:30.284 [pool-2-thread-1] DEBUG net.thucydides.core.steps.StepInterceptor - STEP DONE: User receive valid get response code 200 get orders by id
  &amp#27;[32mThen &amp#27;[0m&amp#27;[32mUser receive valid get response code 200 get orders by id&amp#27;[0m &amp#27;[90m# starter.stepdefinitions.OrderSteps.userReceiveValidGetResponseCodeGetOrdersById()&amp#27;[0m
20:32:30.285 [pool-2-thread-1] DEBUG net.thucydides.core.steps.StepInterceptor - STARTING STEP: OrderSteps.userReceiveValidGetResponseBodyForGetOrdersById - User receive valid get response body for get orders by id
20:32:30.401 [pool-2-thread-1] DEBUG net.thucydides.core.steps.StepInterceptor - STEP DONE: User receive valid get response body for get orders by id
  &amp#27;[32mAnd &amp#27;[0m&amp#27;[32mUser receive valid get response body for get orders by id&amp#27;[0m  &amp#27;[90m# starter.stepdefinitions.OrderSteps.userReceiveValidGetResponseBodyForGetOrdersById()&amp#27;[0m
20:32:30.403 [pool-2-thread-1] INFO  - 
  _____   ___   ___   _____     ___     _     ___   ___   ___   ___  
 |_   _| | __| / __| |_   _|   | _ \   /_\   / __| / __| | __| |   \ 
   | |   | _|  \__ \   | |     |  _/  / _ \  \__ \ \__ \ | _|  | |) |
   |_|   |___| |___/   |_|     |_|   /_/ \_\ |___/ |___/ |___| |___/ 

Get Orders By Id - Get Orders By Id with id found
----------------------------------------------------------------------
]]></system-out>
  </testcase>
  <testcase name="Get Orders by Id - Get Orders by Id with token empty" classname="Order" time="0.499">
    <system-out><![CDATA[
Scenario: Get Orders by Id - Get Orders by Id with token empty     &amp#27;[90m# src/test/resources/api/Order.feature:59&amp#27;[0m
20:32:30.409 [pool-2-thread-1] INFO io.cucumber.core.plugin.SerenityReporter - Running feature from file:///Users/jasmine/Documents/alterra-mini-project/src/test/resources/api/Order.feature
20:32:30.409 [pool-2-thread-1] WARN io.cucumber.core.plugin.SerenityReporter - Feature from file:///Users/jasmine/Documents/alterra-mini-project/src/test/resources/api/Order.feature is not under the 'features' directory. Requirements report will not be correctly generated!
20:32:30.410 [pool-2-thread-1] INFO  - 
  _____   ___   ___   _____     ___   _____     _     ___   _____   ___   ___  
 |_   _| | __| / __| |_   _|   / __| |_   _|   /_\   | _ \ |_   _| | __| |   \ 
   | |   | _|  \__ \   | |     \__ \   | |    / _ \  |   /   | |   | _|  | |) |
   |_|   |___| |___/   |_|     |___/   |_|   /_/ \_\ |_|_\   |_|   |___| |___/ 

Get Orders by Id - Get Orders by Id with token empty(order;get-orders-by-id---get-orders-by-id-with-token-empty)
--------------------------------------------------------------------------------
20:32:30.423 [pool-2-thread-1] DEBUG net.thucydides.core.steps.StepInterceptor - STARTING STEP: OrderSteps.userSetApiAddOrderValid - User set api POST request login
20:32:30.423 [pool-2-thread-1] DEBUG net.thucydides.core.steps.StepInterceptor - STEP DONE: User set api POST request login
20:32:30.424 [pool-2-thread-1] DEBUG net.thucydides.core.steps.StepInterceptor - STARTING STEP: OrderSteps.userSetApiAddOrderValid - User send request body login
20:32:30.424 [pool-2-thread-1] DEBUG net.thucydides.core.steps.StepInterceptor - STARTING STEP: Login.sendPostLoginRequest - User set api POST request login
20:32:30.424 [pool-2-thread-1] DEBUG net.thucydides.core.steps.StepInterceptor - STEP DONE: User set api POST request login
20:32:30.519 [pool-2-thread-1] DEBUG net.thucydides.core.steps.StepInterceptor - STEP DONE: User send request body login
20:32:30.520 [pool-2-thread-1] DEBUG net.thucydides.core.steps.StepInterceptor - STARTING STEP: OrderSteps.userSetApiAddOrderValid - User receive response body success
20:32:30.526 [pool-2-thread-1] DEBUG net.thucydides.core.steps.StepInterceptor - STEP DONE: User receive response body success
20:32:30.527 [pool-2-thread-1] DEBUG net.thucydides.core.steps.StepInterceptor - STARTING STEP: OrderSteps.userSendGETApiRequestOrdersByIdTokenEmpty - User set api post request add products data valid
20:32:30.527 [pool-2-thread-1] DEBUG net.thucydides.core.steps.StepInterceptor - STEP DONE: User set api post request add products data valid
20:32:30.527 [pool-2-thread-1] DEBUG net.thucydides.core.steps.StepInterceptor - STARTING STEP: OrderSteps.userSendGETApiRequestOrdersByIdTokenEmpty - User send post api request add products with url valid
20:32:30.528 [pool-2-thread-1] DEBUG net.thucydides.core.steps.StepInterceptor - STARTING STEP: AddProducts.sendRequestAddProductSuccess - User set api post request add products data valid
20:32:30.528 [pool-2-thread-1] DEBUG net.thucydides.core.steps.StepInterceptor - STEP DONE: User set api post request add products data valid
20:32:30.621 [pool-2-thread-1] DEBUG net.thucydides.core.steps.StepInterceptor - STEP DONE: User send post api request add products with url valid
20:32:30.621 [pool-2-thread-1] DEBUG net.thucydides.core.steps.StepInterceptor - STARTING STEP: OrderSteps.userSendGETApiRequestOrdersByIdTokenEmpty - User receive valid get response code 200 add products data valid
20:32:30.621 [pool-2-thread-1] DEBUG net.thucydides.core.steps.StepInterceptor - STEP DONE: User receive valid get response code 200 add products data valid
20:32:30.622 [pool-2-thread-1] DEBUG net.thucydides.core.steps.StepInterceptor - STARTING STEP: OrderSteps.userSendGETApiRequestOrdersByIdTokenEmpty - User receive valid get response body for add products url valid
20:32:30.668 [pool-2-thread-1] DEBUG net.thucydides.core.steps.StepInterceptor - STEP DONE: User receive valid get response body for add products url valid
20:32:30.668 [pool-2-thread-1] DEBUG net.thucydides.core.steps.StepInterceptor - STARTING STEP: OrderSteps.userSendGETApiRequestOrdersByIdTokenEmpty - User create product and login before to get product id
20:32:30.668 [pool-2-thread-1] DEBUG net.thucydides.core.steps.StepInterceptor - STEP DONE: User create product and login before to get product id
20:32:30.669 [pool-2-thread-1] DEBUG net.thucydides.core.steps.StepInterceptor - STARTING STEP: OrderSteps.userSendGETApiRequestOrdersByIdTokenEmpty - User send POST api request orders data valid and token valid
20:32:30.669 [pool-2-thread-1] DEBUG net.thucydides.core.steps.StepInterceptor - STARTING STEP: AddOrder.sendRequestBodyAddOrdersValid - User create product and login before to get product id
20:32:30.670 [pool-2-thread-1] DEBUG net.thucydides.core.steps.StepInterceptor - STEP DONE: User create product and login before to get product id
20:32:30.762 [pool-2-thread-1] DEBUG net.thucydides.core.steps.StepInterceptor - STEP DONE: User send POST api request orders data valid and token valid
20:32:30.763 [pool-2-thread-1] DEBUG net.thucydides.core.steps.StepInterceptor - STARTING STEP: OrderSteps.userSendGETApiRequestOrdersByIdTokenEmpty - User receive valid get response body for orders data valid and token valid
20:32:30.796 [pool-2-thread-1] DEBUG net.thucydides.core.steps.StepInterceptor - STEP DONE: User receive valid get response body for orders data valid and token valid
20:32:30.797 [pool-2-thread-1] DEBUG net.thucydides.core.steps.StepInterceptor - STARTING STEP: OrderSteps.userSendGETApiRequestOrdersByIdTokenEmpty - User send GET api request orders by id token empty
20:32:30.797 [pool-2-thread-1] DEBUG net.thucydides.core.steps.StepInterceptor - STARTING STEP: GetOrderById.sendRequestGetOrdersByIdTokenEmpty - User set api get order by id
20:32:30.797 [pool-2-thread-1] DEBUG net.thucydides.core.steps.StepInterceptor - STEP DONE: User set api get order by id
20:32:30.893 [pool-2-thread-1] DEBUG net.thucydides.core.steps.StepInterceptor - STEP DONE: User send GET api request orders by id token empty
  &amp#27;[32mGiven &amp#27;[0m&amp#27;[32mUser send GET api request orders by id token empty&amp#27;[0m         &amp#27;[90m# starter.stepdefinitions.OrderSteps.userSendGETApiRequestOrdersByIdTokenEmpty()&amp#27;[0m
20:32:30.895 [pool-2-thread-1] DEBUG net.thucydides.core.steps.StepInterceptor - STARTING STEP: OrderSteps.userReceiveValidGetResponseCodeOrdersTokenEmpty - User receive valid get response code 200 orders data valid and token valid
20:32:30.895 [pool-2-thread-1] DEBUG net.thucydides.core.steps.StepInterceptor - STEP DONE: User receive valid get response code 200 orders data valid and token valid
  &amp#27;[32mWhen &amp#27;[0m&amp#27;[32mUser receive valid get response code 401 orders token empty&amp#27;[0m &amp#27;[90m# starter.stepdefinitions.OrderSteps.userReceiveValidGetResponseCodeOrdersTokenEmpty()&amp#27;[0m
20:32:30.896 [pool-2-thread-1] DEBUG net.thucydides.core.steps.StepInterceptor - STARTING STEP: OrderSteps.userReceiveValidGetResponseBodyErrorForTokenEmpty - User receive valid get response body for get orders token invalid
20:32:30.901 [pool-2-thread-1] DEBUG net.thucydides.core.steps.StepInterceptor - STEP DONE: User receive valid get response body for get orders token invalid
  &amp#27;[32mThen &amp#27;[0m&amp#27;[32mUser receive valid get response body error for token empty&amp#27;[0m  &amp#27;[90m# starter.stepdefinitions.OrderSteps.userReceiveValidGetResponseBodyErrorForTokenEmpty()&amp#27;[0m
20:32:30.902 [pool-2-thread-1] INFO  - 
  _____   ___   ___   _____     ___     _     ___   ___   ___   ___  
 |_   _| | __| / __| |_   _|   | _ \   /_\   / __| / __| | __| |   \ 
   | |   | _|  \__ \   | |     |  _/  / _ \  \__ \ \__ \ | _|  | |) |
   |_|   |___| |___/   |_|     |_|   /_/ \_\ |___/ |___/ |___| |___/ 

Get Orders by Id - Get Orders by Id with token empty
----------------------------------------------------------------------
]]></system-out>
  </testcase>
  <testcase name="Get Orders by Id - Get Orders by Id with id not found" classname="Order" time="0.231">
    <system-out><![CDATA[
Scenario: Get Orders by Id - Get Orders by Id with id not found               &amp#27;[90m# src/test/resources/api/Order.feature:64&amp#27;[0m
20:32:30.909 [pool-2-thread-1] INFO io.cucumber.core.plugin.SerenityReporter - Running feature from file:///Users/jasmine/Documents/alterra-mini-project/src/test/resources/api/Order.feature
20:32:30.909 [pool-2-thread-1] WARN io.cucumber.core.plugin.SerenityReporter - Feature from file:///Users/jasmine/Documents/alterra-mini-project/src/test/resources/api/Order.feature is not under the 'features' directory. Requirements report will not be correctly generated!
20:32:30.909 [pool-2-thread-1] INFO  - 
  _____   ___   ___   _____     ___   _____     _     ___   _____   ___   ___  
 |_   _| | __| / __| |_   _|   / __| |_   _|   /_\   | _ \ |_   _| | __| |   \ 
   | |   | _|  \__ \   | |     \__ \   | |    / _ \  |   /   | |   | _|  | |) |
   |_|   |___| |___/   |_|     |___/   |_|   /_/ \_\ |_|_\   |_|   |___| |___/ 

Get Orders by Id - Get Orders by Id with id not found(order;get-orders-by-id---get-orders-by-id-with-id-not-found)
--------------------------------------------------------------------------------
20:32:30.920 [pool-2-thread-1] DEBUG net.thucydides.core.steps.StepInterceptor - STARTING STEP: OrderSteps.userSetApiAddOrderValid - User set api POST request login
20:32:30.920 [pool-2-thread-1] DEBUG net.thucydides.core.steps.StepInterceptor - STEP DONE: User set api POST request login
20:32:30.921 [pool-2-thread-1] DEBUG net.thucydides.core.steps.StepInterceptor - STARTING STEP: OrderSteps.userSetApiAddOrderValid - User send request body login
20:32:30.922 [pool-2-thread-1] DEBUG net.thucydides.core.steps.StepInterceptor - STARTING STEP: Login.sendPostLoginRequest - User set api POST request login
20:32:30.922 [pool-2-thread-1] DEBUG net.thucydides.core.steps.StepInterceptor - STEP DONE: User set api POST request login
20:32:31.022 [pool-2-thread-1] DEBUG net.thucydides.core.steps.StepInterceptor - STEP DONE: User send request body login
20:32:31.022 [pool-2-thread-1] DEBUG net.thucydides.core.steps.StepInterceptor - STARTING STEP: OrderSteps.userSetApiAddOrderValid - User receive response body success
20:32:31.028 [pool-2-thread-1] DEBUG net.thucydides.core.steps.StepInterceptor - STEP DONE: User receive response body success
20:32:31.028 [pool-2-thread-1] DEBUG net.thucydides.core.steps.StepInterceptor - STARTING STEP: OrderSteps.userSetApiUrlOrdersByIdNotFound - User set api get order by id
20:32:31.028 [pool-2-thread-1] DEBUG net.thucydides.core.steps.StepInterceptor - STEP DONE: User set api get order by id
  &amp#27;[32mGiven &amp#27;[0m&amp#27;[32mUser set api url orders by id not found&amp#27;[0m                               &amp#27;[90m# starter.stepdefinitions.OrderSteps.userSetApiUrlOrdersByIdNotFound()&amp#27;[0m
20:32:31.030 [pool-2-thread-1] DEBUG net.thucydides.core.steps.StepInterceptor - STARTING STEP: OrderSteps.userSendGETApiRequestOrdersByIdNotFound - User send GET api request orders by id not found
20:32:31.030 [pool-2-thread-1] DEBUG net.thucydides.core.steps.StepInterceptor - STARTING STEP: GetOrderById.sendRequestGetOrdersByIdNotFound - User set api get order by id
20:32:31.030 [pool-2-thread-1] DEBUG net.thucydides.core.steps.StepInterceptor - STEP DONE: User set api get order by id
20:32:31.122 [pool-2-thread-1] DEBUG net.thucydides.core.steps.StepInterceptor - STEP DONE: User send GET api request orders by id not found
  &amp#27;[32mWhen &amp#27;[0m&amp#27;[32mUser send GET api request orders by id not found&amp#27;[0m                       &amp#27;[90m# starter.stepdefinitions.OrderSteps.userSendGETApiRequestOrdersByIdNotFound()&amp#27;[0m
20:32:31.124 [pool-2-thread-1] DEBUG net.thucydides.core.steps.StepInterceptor - STARTING STEP: OrderSteps.userReceiveValidGetResponseCodeOrdersIdNotFound - User receive valid get response code 404 orders id not found
20:32:31.125 [pool-2-thread-1] DEBUG net.thucydides.core.steps.StepInterceptor - STEP DONE: User receive valid get response code 404 orders id not found
  &amp#27;[32mAnd &amp#27;[0m&amp#27;[32mUser receive valid get response code 404 orders id not found&amp#27;[0m            &amp#27;[90m# starter.stepdefinitions.OrderSteps.userReceiveValidGetResponseCodeOrdersIdNotFound()&amp#27;[0m
20:32:31.127 [pool-2-thread-1] DEBUG net.thucydides.core.steps.StepInterceptor - STARTING STEP: OrderSteps.userReceiveValidGetResponseBodyErrorForIdNotFoundGetOrders - User receive valid get response body error for id not found get orders
20:32:31.132 [pool-2-thread-1] DEBUG net.thucydides.core.steps.StepInterceptor - STEP DONE: User receive valid get response body error for id not found get orders
  &amp#27;[32mThen &amp#27;[0m&amp#27;[32mUser receive valid get response body error for id not found get orders&amp#27;[0m &amp#27;[90m# starter.stepdefinitions.OrderSteps.userReceiveValidGetResponseBodyErrorForIdNotFoundGetOrders()&amp#27;[0m
20:32:31.133 [pool-2-thread-1] INFO  - 
  _____   ___   ___   _____     ___     _     ___   ___   ___   ___  
 |_   _| | __| / __| |_   _|   | _ \   /_\   / __| / __| | __| |   \ 
   | |   | _|  \__ \   | |     |  _/  / _ \  \__ \ \__ \ | _|  | |) |
   |_|   |___| |___/   |_|     |_|   /_/ \_\ |___/ |___/ |___| |___/ 

Get Orders by Id - Get Orders by Id with id not found
----------------------------------------------------------------------
]]></system-out>
  </testcase>
</testsuite>